Analysis & Synthesis report for melody
Tue May 24 15:22:49 2016
Quartus II Version 11.0 Build 208 07/03/2011 Service Pack 1 SJ Web Edition


---------------------
; Table of Contents ;
---------------------
  1. Legal Notice
  2. Analysis & Synthesis Summary
  3. Analysis & Synthesis Settings
  4. Parallel Compilation
  5. Analysis & Synthesis Source Files Read
  6. Analysis & Synthesis Resource Usage Summary
  7. Analysis & Synthesis Resource Utilization by Entity
  8. General Register Statistics
  9. Multiplexer Restructuring Statistics (Restructuring Performed)
 10. Elapsed Time Per Partition
 11. Analysis & Synthesis Messages



----------------
; Legal Notice ;
----------------
Copyright (C) 1991-2011 Altera Corporation
Your use of Altera Corporation's design tools, logic functions 
and other software and tools, and its AMPP partner logic 
functions, and any output files from any of the foregoing 
(including device programming or simulation files), and any 
associated documentation or information are expressly subject 
to the terms and conditions of the Altera Program License 
Subscription Agreement, Altera MegaCore Function License 
Agreement, or other applicable license agreement, including, 
without limitation, that your use is for the sole purpose of 
programming logic devices manufactured by Altera and sold by 
Altera or its authorized distributors.  Please refer to the 
applicable agreement for further details.



+-----------------------------------------------------------------------------+
; Analysis & Synthesis Summary                                                ;
+-----------------------------+-----------------------------------------------+
; Analysis & Synthesis Status ; Successful - Tue May 24 15:22:49 2016         ;
; Quartus II Version          ; 11.0 Build 208 07/03/2011 SP 1 SJ Web Edition ;
; Revision Name               ; melody                                        ;
; Top-level Entity Name       ; melody                                        ;
; Family                      ; Cyclone                                       ;
; Total logic elements        ; 631                                           ;
; Total pins                  ; 7                                             ;
; Total virtual pins          ; 0                                             ;
; Total memory bits           ; 0                                             ;
; Total PLLs                  ; 0                                             ;
+-----------------------------+-----------------------------------------------+


+----------------------------------------------------------------------------------------------------------------------+
; Analysis & Synthesis Settings                                                                                        ;
+----------------------------------------------------------------------------+--------------------+--------------------+
; Option                                                                     ; Setting            ; Default Value      ;
+----------------------------------------------------------------------------+--------------------+--------------------+
; Device                                                                     ; EP1C6Q240C8        ;                    ;
; Top-level entity name                                                      ; melody             ; melody             ;
; Family name                                                                ; Cyclone            ; Cyclone IV GX      ;
; Use smart compilation                                                      ; Off                ; Off                ;
; Enable parallel Assembler and TimeQuest Timing Analyzer during compilation ; On                 ; On                 ;
; Enable compact report table                                                ; Off                ; Off                ;
; Restructure Multiplexers                                                   ; Auto               ; Auto               ;
; Create Debugging Nodes for IP Cores                                        ; Off                ; Off                ;
; Preserve fewer node names                                                  ; On                 ; On                 ;
; Disable OpenCore Plus hardware evaluation                                  ; Off                ; Off                ;
; Verilog Version                                                            ; Verilog_2001       ; Verilog_2001       ;
; VHDL Version                                                               ; VHDL_1993          ; VHDL_1993          ;
; State Machine Processing                                                   ; Auto               ; Auto               ;
; Safe State Machine                                                         ; Off                ; Off                ;
; Extract Verilog State Machines                                             ; On                 ; On                 ;
; Extract VHDL State Machines                                                ; On                 ; On                 ;
; Ignore Verilog initial constructs                                          ; Off                ; Off                ;
; Iteration limit for constant Verilog loops                                 ; 5000               ; 5000               ;
; Iteration limit for non-constant Verilog loops                             ; 250                ; 250                ;
; Add Pass-Through Logic to Inferred RAMs                                    ; On                 ; On                 ;
; Parallel Synthesis                                                         ; On                 ; On                 ;
; NOT Gate Push-Back                                                         ; On                 ; On                 ;
; Power-Up Don't Care                                                        ; On                 ; On                 ;
; Remove Redundant Logic Cells                                               ; Off                ; Off                ;
; Remove Duplicate Registers                                                 ; On                 ; On                 ;
; Ignore CARRY Buffers                                                       ; Off                ; Off                ;
; Ignore CASCADE Buffers                                                     ; Off                ; Off                ;
; Ignore GLOBAL Buffers                                                      ; Off                ; Off                ;
; Ignore ROW GLOBAL Buffers                                                  ; Off                ; Off                ;
; Ignore LCELL Buffers                                                       ; Off                ; Off                ;
; Ignore SOFT Buffers                                                        ; On                 ; On                 ;
; Limit AHDL Integers to 32 Bits                                             ; Off                ; Off                ;
; Optimization Technique                                                     ; Balanced           ; Balanced           ;
; Carry Chain Length                                                         ; 70                 ; 70                 ;
; Auto Carry Chains                                                          ; On                 ; On                 ;
; Auto Open-Drain Pins                                                       ; On                 ; On                 ;
; Perform WYSIWYG Primitive Resynthesis                                      ; Off                ; Off                ;
; Auto ROM Replacement                                                       ; On                 ; On                 ;
; Auto RAM Replacement                                                       ; On                 ; On                 ;
; Auto Shift Register Replacement                                            ; Auto               ; Auto               ;
; Allow Shift Register Merging across Hierarchies                            ; Auto               ; Auto               ;
; Auto Clock Enable Replacement                                              ; On                 ; On                 ;
; Strict RAM Replacement                                                     ; Off                ; Off                ;
; Allow Synchronous Control Signals                                          ; On                 ; On                 ;
; Force Use of Synchronous Clear Signals                                     ; Off                ; Off                ;
; Auto RAM Block Balancing                                                   ; On                 ; On                 ;
; Auto RAM to Logic Cell Conversion                                          ; Off                ; Off                ;
; Auto Resource Sharing                                                      ; Off                ; Off                ;
; Allow Any RAM Size For Recognition                                         ; Off                ; Off                ;
; Allow Any ROM Size For Recognition                                         ; Off                ; Off                ;
; Allow Any Shift Register Size For Recognition                              ; Off                ; Off                ;
; Use LogicLock Constraints during Resource Balancing                        ; On                 ; On                 ;
; Ignore translate_off and synthesis_off directives                          ; Off                ; Off                ;
; Report Parameter Settings                                                  ; On                 ; On                 ;
; Report Source Assignments                                                  ; On                 ; On                 ;
; Report Connectivity Checks                                                 ; On                 ; On                 ;
; Ignore Maximum Fan-Out Assignments                                         ; Off                ; Off                ;
; Synchronization Register Chain Length                                      ; 2                  ; 2                  ;
; PowerPlay Power Optimization                                               ; Normal compilation ; Normal compilation ;
; HDL message level                                                          ; Level2             ; Level2             ;
; Suppress Register Optimization Related Messages                            ; Off                ; Off                ;
; Number of Removed Registers Reported in Synthesis Report                   ; 5000               ; 5000               ;
; Number of Inverted Registers Reported in Synthesis Report                  ; 100                ; 100                ;
; Clock MUX Protection                                                       ; On                 ; On                 ;
; Block Design Naming                                                        ; Auto               ; Auto               ;
; Synthesis Effort                                                           ; Auto               ; Auto               ;
; Shift Register Replacement - Allow Asynchronous Clear Signal               ; On                 ; On                 ;
; Analysis & Synthesis Message Level                                         ; Medium             ; Medium             ;
; Disable Register Merging Across Hierarchies                                ; Auto               ; Auto               ;
; Resource Aware Inference For Block RAM                                     ; On                 ; On                 ;
; Synthesis Seed                                                             ; 1                  ; 1                  ;
+----------------------------------------------------------------------------+--------------------+--------------------+


Parallel compilation was disabled, but you have multiple processors available. Enable parallel compilation to reduce compilation time.
+-------------------------------------+
; Parallel Compilation                ;
+----------------------------+--------+
; Processors                 ; Number ;
+----------------------------+--------+
; Number detected on machine ; 4      ;
; Maximum allowed            ; 1      ;
+----------------------------+--------+


+---------------------------------------------------------------------------------------------------------------------------------+
; Analysis & Synthesis Source Files Read                                                                                          ;
+----------------------------------+-----------------+------------------------------+---------------------------------------------+
; File Name with User-Entered Path ; Used in Netlist ; File Type                    ; File Name with Absolute Path                ;
+----------------------------------+-----------------+------------------------------+---------------------------------------------+
; melody.v                         ; yes             ; Auto-Found Verilog HDL File  ; C:/Users/user/Desktop/melody/melody.v       ;
; music_define.v                   ; yes             ; Auto-Found Verilog HDL File  ; C:/Users/user/Desktop/melody/music_define.v ;
+----------------------------------+-----------------+------------------------------+---------------------------------------------+


+-------------------------------------------------------+
; Analysis & Synthesis Resource Usage Summary           ;
+---------------------------------------------+---------+
; Resource                                    ; Usage   ;
+---------------------------------------------+---------+
; Total logic elements                        ; 631     ;
;     -- Combinational with no register       ; 533     ;
;     -- Register only                        ; 8       ;
;     -- Combinational with a register        ; 90      ;
;                                             ;         ;
; Logic element usage by number of LUT inputs ;         ;
;     -- 4 input functions                    ; 452     ;
;     -- 3 input functions                    ; 62      ;
;     -- 2 input functions                    ; 106     ;
;     -- 1 input functions                    ; 3       ;
;     -- 0 input functions                    ; 0       ;
;                                             ;         ;
; Logic elements by mode                      ;         ;
;     -- normal mode                          ; 530     ;
;     -- arithmetic mode                      ; 101     ;
;     -- qfbk mode                            ; 0       ;
;     -- register cascade mode                ; 0       ;
;     -- synchronous clear/load mode          ; 88      ;
;     -- asynchronous clear/load mode         ; 98      ;
;                                             ;         ;
; Total registers                             ; 98      ;
; Total logic cells in carry chains           ; 105     ;
; I/O pins                                    ; 7       ;
; Maximum fan-out node                        ; addr[1] ;
; Maximum fan-out                             ; 203     ;
; Total fan-out                               ; 2535    ;
; Average fan-out                             ; 3.97    ;
+---------------------------------------------+---------+


+-----------------------------------------------------------------------------------------------------------------------------------------------------------------------------------------------------------------------+
; Analysis & Synthesis Resource Utilization by Entity                                                                                                                                                                   ;
+----------------------------+-------------+--------------+-------------+------+--------------+--------------+-------------------+------------------+-----------------+------------+---------------------+--------------+
; Compilation Hierarchy Node ; Logic Cells ; LC Registers ; Memory Bits ; Pins ; Virtual Pins ; LUT-Only LCs ; Register-Only LCs ; LUT/Register LCs ; Carry Chain LCs ; Packed LCs ; Full Hierarchy Name ; Library Name ;
+----------------------------+-------------+--------------+-------------+------+--------------+--------------+-------------------+------------------+-----------------+------------+---------------------+--------------+
; |melody                    ; 631 (631)   ; 98           ; 0           ; 7    ; 0            ; 533 (533)    ; 8 (8)             ; 90 (90)          ; 105 (105)       ; 0 (0)      ; |melody             ;              ;
+----------------------------+-------------+--------------+-------------+------+--------------+--------------+-------------------+------------------+-----------------+------------+---------------------+--------------+
Note: For table entries with two numbers listed, the numbers in parentheses indicate the number of resources of the given type used by the specific entity alone. The numbers listed outside of parentheses indicate the total resources of the given type used by the specific entity and all of its sub-entities in the hierarchy.


+------------------------------------------------------+
; General Register Statistics                          ;
+----------------------------------------------+-------+
; Statistic                                    ; Value ;
+----------------------------------------------+-------+
; Total registers                              ; 98    ;
; Number of registers using Synchronous Clear  ; 88    ;
; Number of registers using Synchronous Load   ; 0     ;
; Number of registers using Asynchronous Clear ; 98    ;
; Number of registers using Asynchronous Load  ; 0     ;
; Number of registers using Clock Enable       ; 32    ;
; Number of registers using Preset             ; 0     ;
+----------------------------------------------+-------+


+----------------------------------------------------------------------------------------------------------------------------------------------------+
; Multiplexer Restructuring Statistics (Restructuring Performed)                                                                                     ;
+--------------------+-----------+---------------+----------------------+------------------------+----------------------+----------------------------+
; Multiplexer Inputs ; Bus Width ; Baseline Area ; Area if Restructured ; Saving if Restructured ; Registered           ; Example Multiplexer Output ;
+--------------------+-----------+---------------+----------------------+------------------------+----------------------+----------------------------+
; 5:1                ; 28 bits   ; 84 LEs        ; 28 LEs               ; 56 LEs                 ; |melody|tone_cnt[27] ;                            ;
; 5:1                ; 28 bits   ; 84 LEs        ; 28 LEs               ; 56 LEs                 ; |melody|time_cnt[15] ;                            ;
; 7:1                ; 32 bits   ; 128 LEs       ; 32 LEs               ; 96 LEs                 ; |melody|addr[0]      ;                            ;
+--------------------+-----------+---------------+----------------------+------------------------+----------------------+----------------------------+


+-------------------------------+
; Elapsed Time Per Partition    ;
+----------------+--------------+
; Partition Name ; Elapsed Time ;
+----------------+--------------+
; Top            ; 00:00:04     ;
+----------------+--------------+


+-------------------------------+
; Analysis & Synthesis Messages ;
+-------------------------------+
Info: *******************************************************************
Info: Running Quartus II Analysis & Synthesis
    Info: Version 11.0 Build 208 07/03/2011 Service Pack 1 SJ Web Edition
    Info: Processing started: Tue May 24 15:22:44 2016
Info: Command: quartus_map --read_settings_files=on --write_settings_files=off melody -c melody
Warning: Parallel compilation is not licensed and has been disabled
Warning: Can't analyze file -- file scale.v is missing
Warning: Can't analyze file -- file note.v is missing
Warning: Using design file melody.v, which is not specified as a design file for the current project, but contains definitions for 1 design units and 1 entities in project
    Info: Found entity 1: melody
Info: Elaborating entity "melody" for the top level hierarchy
Warning (10230): Verilog HDL assignment warning at melody.v(265): truncated value with size 32 to match size of target (28)
Warning (10230): Verilog HDL assignment warning at melody.v(266): truncated value with size 32 to match size of target (28)
Warning (10230): Verilog HDL assignment warning at melody.v(267): truncated value with size 32 to match size of target (28)
Warning (10230): Verilog HDL assignment warning at melody.v(268): truncated value with size 32 to match size of target (28)
Warning (10230): Verilog HDL assignment warning at melody.v(269): truncated value with size 32 to match size of target (28)
Warning (10230): Verilog HDL assignment warning at melody.v(270): truncated value with size 32 to match size of target (28)
Warning (10230): Verilog HDL assignment warning at melody.v(271): truncated value with size 32 to match size of target (28)
Warning (10230): Verilog HDL assignment warning at melody.v(272): truncated value with size 32 to match size of target (28)
Warning (10230): Verilog HDL assignment warning at melody.v(273): truncated value with size 32 to match size of target (28)
Warning (10230): Verilog HDL assignment warning at melody.v(274): truncated value with size 32 to match size of target (28)
Warning (10230): Verilog HDL assignment warning at melody.v(275): truncated value with size 32 to match size of target (28)
Warning (10230): Verilog HDL assignment warning at melody.v(276): truncated value with size 32 to match size of target (28)
Warning (10230): Verilog HDL assignment warning at melody.v(277): truncated value with size 32 to match size of target (28)
Warning (10230): Verilog HDL assignment warning at melody.v(278): truncated value with size 32 to match size of target (28)
Warning (10230): Verilog HDL assignment warning at melody.v(279): truncated value with size 32 to match size of target (28)
Warning (10230): Verilog HDL assignment warning at melody.v(280): truncated value with size 32 to match size of target (28)
Warning (10230): Verilog HDL assignment warning at melody.v(281): truncated value with size 32 to match size of target (28)
Warning (10230): Verilog HDL assignment warning at melody.v(282): truncated value with size 32 to match size of target (28)
Warning (10230): Verilog HDL assignment warning at melody.v(283): truncated value with size 32 to match size of target (28)
Warning (10230): Verilog HDL assignment warning at melody.v(284): truncated value with size 32 to match size of target (28)
Warning (10230): Verilog HDL assignment warning at melody.v(285): truncated value with size 32 to match size of target (28)
Warning (10230): Verilog HDL assignment warning at melody.v(286): truncated value with size 32 to match size of target (28)
Warning (10230): Verilog HDL assignment warning at melody.v(287): truncated value with size 32 to match size of target (28)
Warning (10230): Verilog HDL assignment warning at melody.v(288): truncated value with size 32 to match size of target (28)
Warning (10230): Verilog HDL assignment warning at melody.v(289): truncated value with size 32 to match size of target (28)
Warning (10230): Verilog HDL assignment warning at melody.v(290): truncated value with size 32 to match size of target (28)
Warning (10230): Verilog HDL assignment warning at melody.v(291): truncated value with size 32 to match size of target (28)
Warning (10230): Verilog HDL assignment warning at melody.v(292): truncated value with size 32 to match size of target (28)
Warning (10230): Verilog HDL assignment warning at melody.v(293): truncated value with size 32 to match size of target (28)
Warning (10230): Verilog HDL assignment warning at melody.v(294): truncated value with size 32 to match size of target (28)
Warning (10230): Verilog HDL assignment warning at melody.v(295): truncated value with size 32 to match size of target (28)
Warning (10230): Verilog HDL assignment warning at melody.v(296): truncated value with size 32 to match size of target (28)
Warning (10230): Verilog HDL assignment warning at melody.v(297): truncated value with size 32 to match size of target (28)
Warning (10230): Verilog HDL assignment warning at melody.v(298): truncated value with size 32 to match size of target (28)
Warning (10230): Verilog HDL assignment warning at melody.v(314): truncated value with size 32 to match size of target (28)
Warning (10230): Verilog HDL assignment warning at melody.v(315): truncated value with size 32 to match size of target (28)
Warning (10230): Verilog HDL assignment warning at melody.v(316): truncated value with size 32 to match size of target (28)
Warning (10230): Verilog HDL assignment warning at melody.v(317): truncated value with size 32 to match size of target (28)
Warning (10230): Verilog HDL assignment warning at melody.v(318): truncated value with size 32 to match size of target (28)
Warning (10230): Verilog HDL assignment warning at melody.v(319): truncated value with size 32 to match size of target (28)
Warning (10230): Verilog HDL assignment warning at melody.v(320): truncated value with size 32 to match size of target (28)
Warning (10230): Verilog HDL assignment warning at melody.v(321): truncated value with size 32 to match size of target (28)
Warning (10230): Verilog HDL assignment warning at melody.v(348): truncated value with size 32 to match size of target (28)
Warning (10230): Verilog HDL assignment warning at melody.v(355): truncated value with size 32 to match size of target (28)
Warning (10230): Verilog HDL assignment warning at melody.v(378): truncated value with size 32 to match size of target (28)
Warning (10230): Verilog HDL assignment warning at melody.v(386): truncated value with size 32 to match size of target (28)
Warning (10030): Net "scale0.data_a" at melody.v(226) has no driver or initial value, using a default initial value '0'
Warning (10030): Net "scale0.waddr_a" at melody.v(226) has no driver or initial value, using a default initial value '0'
Warning (10030): Net "note0.data_a" at melody.v(263) has no driver or initial value, using a default initial value '0'
Warning (10030): Net "note0.waddr_a" at melody.v(263) has no driver or initial value, using a default initial value '0'
Warning (10030): Net "scale1.data_a" at melody.v(301) has no driver or initial value, using a default initial value '0'
Warning (10030): Net "scale1.waddr_a" at melody.v(301) has no driver or initial value, using a default initial value '0'
Warning (10030): Net "note1.data_a" at melody.v(312) has no driver or initial value, using a default initial value '0'
Warning (10030): Net "note1.waddr_a" at melody.v(312) has no driver or initial value, using a default initial value '0'
Warning (10030): Net "scale0.we_a" at melody.v(226) has no driver or initial value, using a default initial value '0'
Warning (10030): Net "note0.we_a" at melody.v(263) has no driver or initial value, using a default initial value '0'
Warning (10030): Net "scale1.we_a" at melody.v(301) has no driver or initial value, using a default initial value '0'
Warning (10030): Net "note1.we_a" at melody.v(312) has no driver or initial value, using a default initial value '0'
Info: Found 2 instances of uninferred RAM logic
    Info: RAM logic "scale1" is uninferred due to inappropriate RAM size
    Info: RAM logic "note1" is uninferred due to inappropriate RAM size
Critical Warning: Memory depth (256) in the design file differs from memory depth (135) in the Memory Initialization File "C:/Users/user/Desktop/melody/db/melody.ram0_melody_e41ac61c.hdl.mif" -- setting initial value for remaining addresses to 0
Critical Warning: Memory depth (256) in the design file differs from memory depth (135) in the Memory Initialization File "C:/Users/user/Desktop/melody/db/melody.ram1_melody_e41ac61c.hdl.mif" -- setting initial value for remaining addresses to 0
Warning: Output pins are stuck at VCC or GND
    Warning (13410): Pin "portA[1]" is stuck at GND
Info: Generating hard_block partition "hard_block:auto_generated_inst"
Info: Implemented 638 device resources after synthesis - the final resource count might be different
    Info: Implemented 4 input pins
    Info: Implemented 3 output pins
    Info: Implemented 631 logic cells
Info: Quartus II Analysis & Synthesis was successful. 0 errors, 66 warnings
    Info: Peak virtual memory: 247 megabytes
    Info: Processing ended: Tue May 24 15:22:49 2016
    Info: Elapsed time: 00:00:05
    Info: Total CPU time (on all processors): 00:00:05


