Flow report for Self_Memory
Fri May 20 09:46:20 2016
Quartus II Version 11.0 Build 208 07/03/2011 Service Pack 1 SJ Web Edition


---------------------
; Table of Contents ;
---------------------
  1. Legal Notice
  2. Flow Summary
  3. Flow Settings
  4. Flow Non-Default Global Settings
  5. Flow Elapsed Time
  6. Flow OS Summary
  7. Flow Log



----------------
; Legal Notice ;
----------------
Copyright (C) 1991-2011 Altera Corporation
Your use of Altera Corporation's design tools, logic functions 
and other software and tools, and its AMPP partner logic 
functions, and any output files from any of the foregoing 
(including device programming or simulation files), and any 
associated documentation or information are expressly subject 
to the terms and conditions of the Altera Program License 
Subscription Agreement, Altera MegaCore Function License 
Agreement, or other applicable license agreement, including, 
without limitation, that your use is for the sole purpose of 
programming logic devices manufactured by Altera and sold by 
Altera or its authorized distributors.  Please refer to the 
applicable agreement for further details.



+-----------------------------------------------------------------------+
; Flow Summary                                                          ;
+-----------------------+-----------------------------------------------+
; Flow Status           ; Successful - Fri May 20 09:46:20 2016         ;
; Quartus II Version    ; 11.0 Build 208 07/03/2011 SP 1 SJ Web Edition ;
; Revision Name         ; Self_Memory                                   ;
; Top-level Entity Name ; Self_Memory                                   ;
; Family                ; Cyclone                                       ;
; Device                ; EP1C6Q240C8                                   ;
; Timing Models         ; Final                                         ;
; Total logic elements  ; 10 / 5,980 ( < 1 % )                          ;
; Total pins            ; 28 / 185 ( 15 % )                             ;
; Total virtual pins    ; 0                                             ;
; Total memory bits     ; 0 / 92,160 ( 0 % )                            ;
; Total PLLs            ; 0 / 2 ( 0 % )                                 ;
+-----------------------+-----------------------------------------------+


+-----------------------------------------+
; Flow Settings                           ;
+-------------------+---------------------+
; Option            ; Setting             ;
+-------------------+---------------------+
; Start date & time ; 05/20/2016 09:46:13 ;
; Main task         ; Compilation         ;
; Revision Name     ; Self_Memory         ;
+-------------------+---------------------+


+------------------------------------------------------------------------------------------------------------------+
; Flow Non-Default Global Settings                                                                                 ;
+--------------------------------------+----------------------------+---------------+-------------+----------------+
; Assignment Name                      ; Value                      ; Default Value ; Entity Name ; Section Id     ;
+--------------------------------------+----------------------------+---------------+-------------+----------------+
; COMPILER_SIGNATURE_ID                ; 5072318359.146370517304616 ; --            ; --          ; --             ;
; EDA_DESIGN_INSTANCE_NAME             ; NA                         ; --            ; --          ; tb_Self_Memory ;
; EDA_NATIVELINK_SIMULATION_TEST_BENCH ; tb_Self_Memory             ; --            ; --          ; eda_simulation ;
; EDA_OUTPUT_DATA_FORMAT               ; Verilog Hdl                ; --            ; --          ; eda_simulation ;
; EDA_SIMULATION_TOOL                  ; ModelSim-Altera (Verilog)  ; <None>        ; --          ; --             ;
; EDA_TEST_BENCH_ENABLE_STATUS         ; TEST_BENCH_MODE            ; --            ; --          ; eda_simulation ;
; EDA_TEST_BENCH_FILE                  ; tb_Self_Memory.v           ; --            ; --          ; tb_Self_Memory ;
; EDA_TEST_BENCH_MODULE_NAME           ; tb_Self_Memory             ; --            ; --          ; tb_Self_Memory ;
; EDA_TEST_BENCH_NAME                  ; tb_Self_Memory             ; --            ; --          ; eda_simulation ;
; EDA_TIME_SCALE                       ; 1 ns                       ; --            ; --          ; eda_simulation ;
; IP_TOOL_NAME                         ; LPM_ADD_SUB                ; --            ; --          ; --             ;
; IP_TOOL_VERSION                      ; 11.0                       ; --            ; --          ; --             ;
; MAX_CORE_JUNCTION_TEMP               ; 85                         ; --            ; --          ; --             ;
; MIN_CORE_JUNCTION_TEMP               ; 0                          ; --            ; --          ; --             ;
; MISC_FILE                            ; ADD_SUB.bsf                ; --            ; --          ; --             ;
; MISC_FILE                            ; ADD_SUB_bb.v               ; --            ; --          ; --             ;
; PARTITION_COLOR                      ; 16764057                   ; --            ; --          ; Top            ;
; PARTITION_FITTER_PRESERVATION_LEVEL  ; PLACEMENT_AND_ROUTING      ; --            ; --          ; Top            ;
; PARTITION_NETLIST_TYPE               ; SOURCE                     ; --            ; --          ; Top            ;
+--------------------------------------+----------------------------+---------------+-------------+----------------+


+-------------------------------------------------------------------------------------------------------------------------------+
; Flow Elapsed Time                                                                                                             ;
+---------------------------+--------------+-------------------------+---------------------+------------------------------------+
; Module Name               ; Elapsed Time ; Average Processors Used ; Peak Virtual Memory ; Total CPU Time (on all processors) ;
+---------------------------+--------------+-------------------------+---------------------+------------------------------------+
; Analysis & Synthesis      ; 00:00:02     ; 1.0                     ; 271 MB              ; 00:00:01                           ;
; Fitter                    ; 00:00:02     ; 1.0                     ; 314 MB              ; 00:00:01                           ;
; Assembler                 ; 00:00:01     ; 1.0                     ; 255 MB              ; 00:00:01                           ;
; TimeQuest Timing Analyzer ; 00:00:01     ; 1.0                     ; 239 MB              ; 00:00:01                           ;
; EDA Netlist Writer        ; 00:00:00     ; 1.0                     ; 229 MB              ; 00:00:00                           ;
; Total                     ; 00:00:06     ; --                      ; --                  ; 00:00:04                           ;
+---------------------------+--------------+-------------------------+---------------------+------------------------------------+


+----------------------------------------------------------------------------------------+
; Flow OS Summary                                                                        ;
+---------------------------+------------------+-----------+------------+----------------+
; Module Name               ; Machine Hostname ; OS Name   ; OS Version ; Processor type ;
+---------------------------+------------------+-----------+------------+----------------+
; Analysis & Synthesis      ; pc05             ; Windows 7 ; 6.1        ; i686           ;
; Fitter                    ; pc05             ; Windows 7 ; 6.1        ; i686           ;
; Assembler                 ; pc05             ; Windows 7 ; 6.1        ; i686           ;
; TimeQuest Timing Analyzer ; pc05             ; Windows 7 ; 6.1        ; i686           ;
; EDA Netlist Writer        ; pc05             ; Windows 7 ; 6.1        ; i686           ;
+---------------------------+------------------+-----------+------------+----------------+


------------
; Flow Log ;
------------
quartus_map --read_settings_files=on --write_settings_files=off Self_Memory -c Self_Memory
quartus_fit --read_settings_files=off --write_settings_files=off Self_Memory -c Self_Memory
quartus_asm --read_settings_files=off --write_settings_files=off Self_Memory -c Self_Memory
quartus_sta Self_Memory -c Self_Memory
quartus_eda --read_settings_files=off --write_settings_files=off Self_Memory -c Self_Memory



