Analysis & Synthesis report for line_tracer
Mon Oct 17 18:21:39 2016
Quartus II Version 11.0 Build 208 07/03/2011 Service Pack 1 SJ Web Edition


---------------------
; Table of Contents ;
---------------------
  1. Legal Notice
  2. Analysis & Synthesis Summary
  3. Analysis & Synthesis Settings
  4. Parallel Compilation
  5. Analysis & Synthesis Source Files Read
  6. Analysis & Synthesis Resource Usage Summary
  7. Analysis & Synthesis Resource Utilization by Entity
  8. State Machine - |line_tracer|stop_flag
  9. State Machine - |line_tracer|state
 10. Registers Removed During Synthesis
 11. General Register Statistics
 12. Inverted Register Statistics
 13. Multiplexer Restructuring Statistics (Restructuring Performed)
 14. Parameter Settings for User Entity Instance: Top-level Entity: |line_tracer
 15. Elapsed Time Per Partition
 16. Analysis & Synthesis Messages



----------------
; Legal Notice ;
----------------
Copyright (C) 1991-2011 Altera Corporation
Your use of Altera Corporation's design tools, logic functions 
and other software and tools, and its AMPP partner logic 
functions, and any output files from any of the foregoing 
(including device programming or simulation files), and any 
associated documentation or information are expressly subject 
to the terms and conditions of the Altera Program License 
Subscription Agreement, Altera MegaCore Function License 
Agreement, or other applicable license agreement, including, 
without limitation, that your use is for the sole purpose of 
programming logic devices manufactured by Altera and sold by 
Altera or its authorized distributors.  Please refer to the 
applicable agreement for further details.



+------------------------------------------------------------------------------------+
; Analysis & Synthesis Summary                                                       ;
+------------------------------------+-----------------------------------------------+
; Analysis & Synthesis Status        ; Successful - Mon Oct 17 18:21:39 2016         ;
; Quartus II Version                 ; 11.0 Build 208 07/03/2011 SP 1 SJ Web Edition ;
; Revision Name                      ; line_tracer                                   ;
; Top-level Entity Name              ; line_tracer                                   ;
; Family                             ; Cyclone IV E                                  ;
; Total logic elements               ; 320                                           ;
;     Total combinational functions  ; 307                                           ;
;     Dedicated logic registers      ; 145                                           ;
; Total registers                    ; 145                                           ;
; Total pins                         ; 23                                            ;
; Total virtual pins                 ; 0                                             ;
; Total memory bits                  ; 0                                             ;
; Embedded Multiplier 9-bit elements ; 0                                             ;
; Total PLLs                         ; 0                                             ;
+------------------------------------+-----------------------------------------------+


+----------------------------------------------------------------------------------------------------------------------+
; Analysis & Synthesis Settings                                                                                        ;
+----------------------------------------------------------------------------+--------------------+--------------------+
; Option                                                                     ; Setting            ; Default Value      ;
+----------------------------------------------------------------------------+--------------------+--------------------+
; Device                                                                     ; EP4CE6E22C8        ;                    ;
; Top-level entity name                                                      ; line_tracer        ; line_tracer        ;
; Family name                                                                ; Cyclone IV E       ; Cyclone IV GX      ;
; Use smart compilation                                                      ; Off                ; Off                ;
; Enable parallel Assembler and TimeQuest Timing Analyzer during compilation ; On                 ; On                 ;
; Enable compact report table                                                ; Off                ; Off                ;
; Restructure Multiplexers                                                   ; Auto               ; Auto               ;
; Create Debugging Nodes for IP Cores                                        ; Off                ; Off                ;
; Preserve fewer node names                                                  ; On                 ; On                 ;
; Disable OpenCore Plus hardware evaluation                                  ; Off                ; Off                ;
; Verilog Version                                                            ; Verilog_2001       ; Verilog_2001       ;
; VHDL Version                                                               ; VHDL_1993          ; VHDL_1993          ;
; State Machine Processing                                                   ; Auto               ; Auto               ;
; Safe State Machine                                                         ; Off                ; Off                ;
; Extract Verilog State Machines                                             ; On                 ; On                 ;
; Extract VHDL State Machines                                                ; On                 ; On                 ;
; Ignore Verilog initial constructs                                          ; Off                ; Off                ;
; Iteration limit for constant Verilog loops                                 ; 5000               ; 5000               ;
; Iteration limit for non-constant Verilog loops                             ; 250                ; 250                ;
; Add Pass-Through Logic to Inferred RAMs                                    ; On                 ; On                 ;
; Parallel Synthesis                                                         ; On                 ; On                 ;
; DSP Block Balancing                                                        ; Auto               ; Auto               ;
; NOT Gate Push-Back                                                         ; On                 ; On                 ;
; Power-Up Don't Care                                                        ; On                 ; On                 ;
; Remove Redundant Logic Cells                                               ; Off                ; Off                ;
; Remove Duplicate Registers                                                 ; On                 ; On                 ;
; Ignore CARRY Buffers                                                       ; Off                ; Off                ;
; Ignore CASCADE Buffers                                                     ; Off                ; Off                ;
; Ignore GLOBAL Buffers                                                      ; Off                ; Off                ;
; Ignore ROW GLOBAL Buffers                                                  ; Off                ; Off                ;
; Ignore LCELL Buffers                                                       ; Off                ; Off                ;
; Ignore SOFT Buffers                                                        ; On                 ; On                 ;
; Limit AHDL Integers to 32 Bits                                             ; Off                ; Off                ;
; Optimization Technique                                                     ; Balanced           ; Balanced           ;
; Carry Chain Length                                                         ; 70                 ; 70                 ;
; Auto Carry Chains                                                          ; On                 ; On                 ;
; Auto Open-Drain Pins                                                       ; On                 ; On                 ;
; Perform WYSIWYG Primitive Resynthesis                                      ; Off                ; Off                ;
; Auto ROM Replacement                                                       ; On                 ; On                 ;
; Auto RAM Replacement                                                       ; On                 ; On                 ;
; Auto DSP Block Replacement                                                 ; On                 ; On                 ;
; Auto Shift Register Replacement                                            ; Auto               ; Auto               ;
; Allow Shift Register Merging across Hierarchies                            ; Auto               ; Auto               ;
; Auto Clock Enable Replacement                                              ; On                 ; On                 ;
; Strict RAM Replacement                                                     ; Off                ; Off                ;
; Allow Synchronous Control Signals                                          ; On                 ; On                 ;
; Force Use of Synchronous Clear Signals                                     ; Off                ; Off                ;
; Auto RAM Block Balancing                                                   ; On                 ; On                 ;
; Auto RAM to Logic Cell Conversion                                          ; Off                ; Off                ;
; Auto Resource Sharing                                                      ; Off                ; Off                ;
; Allow Any RAM Size For Recognition                                         ; Off                ; Off                ;
; Allow Any ROM Size For Recognition                                         ; Off                ; Off                ;
; Allow Any Shift Register Size For Recognition                              ; Off                ; Off                ;
; Use LogicLock Constraints during Resource Balancing                        ; On                 ; On                 ;
; Ignore translate_off and synthesis_off directives                          ; Off                ; Off                ;
; Timing-Driven Synthesis                                                    ; On                 ; On                 ;
; Report Parameter Settings                                                  ; On                 ; On                 ;
; Report Source Assignments                                                  ; On                 ; On                 ;
; Report Connectivity Checks                                                 ; On                 ; On                 ;
; Ignore Maximum Fan-Out Assignments                                         ; Off                ; Off                ;
; Synchronization Register Chain Length                                      ; 2                  ; 2                  ;
; PowerPlay Power Optimization                                               ; Normal compilation ; Normal compilation ;
; HDL message level                                                          ; Level2             ; Level2             ;
; Suppress Register Optimization Related Messages                            ; Off                ; Off                ;
; Number of Removed Registers Reported in Synthesis Report                   ; 5000               ; 5000               ;
; Number of Inverted Registers Reported in Synthesis Report                  ; 100                ; 100                ;
; Clock MUX Protection                                                       ; On                 ; On                 ;
; Auto Gated Clock Conversion                                                ; Off                ; Off                ;
; Block Design Naming                                                        ; Auto               ; Auto               ;
; SDC constraint protection                                                  ; Off                ; Off                ;
; Synthesis Effort                                                           ; Auto               ; Auto               ;
; Shift Register Replacement - Allow Asynchronous Clear Signal               ; On                 ; On                 ;
; Analysis & Synthesis Message Level                                         ; Medium             ; Medium             ;
; Disable Register Merging Across Hierarchies                                ; Auto               ; Auto               ;
; Resource Aware Inference For Block RAM                                     ; On                 ; On                 ;
; Synthesis Seed                                                             ; 1                  ; 1                  ;
+----------------------------------------------------------------------------+--------------------+--------------------+


Parallel compilation was disabled, but you have multiple processors available. Enable parallel compilation to reduce compilation time.
+-------------------------------------+
; Parallel Compilation                ;
+----------------------------+--------+
; Processors                 ; Number ;
+----------------------------+--------+
; Number detected on machine ; 2      ;
; Maximum allowed            ; 1      ;
+----------------------------+--------+


+------------------------------------------------------------------------------------------------------------------------------------+
; Analysis & Synthesis Source Files Read                                                                                             ;
+----------------------------------+-----------------+------------------------+------------------------------------------------------+
; File Name with User-Entered Path ; Used in Netlist ; File Type              ; File Name with Absolute Path                         ;
+----------------------------------+-----------------+------------------------+------------------------------------------------------+
; line_tracer.v                    ; yes             ; User Verilog HDL File  ; H:/Class/MDP/2016_MDP/Code/line_tracer/line_tracer.v ;
+----------------------------------+-----------------+------------------------+------------------------------------------------------+


+---------------------------------------------------------+
; Analysis & Synthesis Resource Usage Summary             ;
+---------------------------------------------+-----------+
; Resource                                    ; Usage     ;
+---------------------------------------------+-----------+
; Estimated Total logic elements              ; 320       ;
;                                             ;           ;
; Total combinational functions               ; 307       ;
; Logic element usage by number of LUT inputs ;           ;
;     -- 4 input functions                    ; 129       ;
;     -- 3 input functions                    ; 40        ;
;     -- <=2 input functions                  ; 138       ;
;                                             ;           ;
; Logic elements by mode                      ;           ;
;     -- normal mode                          ; 207       ;
;     -- arithmetic mode                      ; 100       ;
;                                             ;           ;
; Total registers                             ; 145       ;
;     -- Dedicated logic registers            ; 145       ;
;     -- I/O registers                        ; 0         ;
;                                             ;           ;
; I/O pins                                    ; 23        ;
; Maximum fan-out node                        ; clk~input ;
; Maximum fan-out                             ; 145       ;
; Total fan-out                               ; 1515      ;
; Average fan-out                             ; 3.04      ;
+---------------------------------------------+-----------+


+-----------------------------------------------------------------------------------------------------------------------------------------------------------------------------+
; Analysis & Synthesis Resource Utilization by Entity                                                                                                                         ;
+----------------------------+-------------------+--------------+-------------+--------------+---------+-----------+------+--------------+---------------------+--------------+
; Compilation Hierarchy Node ; LC Combinationals ; LC Registers ; Memory Bits ; DSP Elements ; DSP 9x9 ; DSP 18x18 ; Pins ; Virtual Pins ; Full Hierarchy Name ; Library Name ;
+----------------------------+-------------------+--------------+-------------+--------------+---------+-----------+------+--------------+---------------------+--------------+
; |line_tracer               ; 307 (307)         ; 145 (145)    ; 0           ; 0            ; 0       ; 0         ; 23   ; 0            ; |line_tracer        ;              ;
+----------------------------+-------------------+--------------+-------------+--------------+---------+-----------+------+--------------+---------------------+--------------+
Note: For table entries with two numbers listed, the numbers in parentheses indicate the number of resources of the given type used by the specific entity alone. The numbers listed outside of parentheses indicate the total resources of the given type used by the specific entity and all of its sub-entities in the hierarchy.


Encoding Type:  One-Hot
+-----------------------------------------------------------+
; State Machine - |line_tracer|stop_flag                    ;
+--------------+--------------+--------------+--------------+
; Name         ; stop_flag.00 ; stop_flag.10 ; stop_flag.01 ;
+--------------+--------------+--------------+--------------+
; stop_flag.00 ; 0            ; 0            ; 0            ;
; stop_flag.01 ; 1            ; 0            ; 1            ;
; stop_flag.10 ; 1            ; 1            ; 0            ;
+--------------+--------------+--------------+--------------+


Encoding Type:  One-Hot
+------------------------------------------------------------------------------------------------------------------------------------------------------------------+
; State Machine - |line_tracer|state                                                                                                                               ;
+---------------------+------------------+--------------------+------------------+------------------+---------------------+--------------------+-------------------+
; Name                ; state.delay_50ms ; state.display_data ; state.entry_mode ; state.display_on ; state.clear_display ; state.function_set ; state.delay_100ms ;
+---------------------+------------------+--------------------+------------------+------------------+---------------------+--------------------+-------------------+
; state.delay_100ms   ; 0                ; 0                  ; 0                ; 0                ; 0                   ; 0                  ; 0                 ;
; state.function_set  ; 0                ; 0                  ; 0                ; 0                ; 0                   ; 1                  ; 1                 ;
; state.clear_display ; 0                ; 0                  ; 0                ; 0                ; 1                   ; 0                  ; 1                 ;
; state.display_on    ; 0                ; 0                  ; 0                ; 1                ; 0                   ; 0                  ; 1                 ;
; state.entry_mode    ; 0                ; 0                  ; 1                ; 0                ; 0                   ; 0                  ; 1                 ;
; state.display_data  ; 0                ; 1                  ; 0                ; 0                ; 0                   ; 0                  ; 1                 ;
; state.delay_50ms    ; 1                ; 0                  ; 0                ; 0                ; 0                   ; 0                  ; 1                 ;
+---------------------+------------------+--------------------+------------------+------------------+---------------------+--------------------+-------------------+


+---------------------------------------------------------------------------------+
; Registers Removed During Synthesis                                              ;
+----------------------------------------+----------------------------------------+
; Register name                          ; Reason for Removal                     ;
+----------------------------------------+----------------------------------------+
; motor1[1]~reg0                         ; Stuck at GND due to stuck port data_in ;
; motor2[1]~reg0                         ; Stuck at GND due to stuck port data_in ;
; flag1[5]                               ; Merged with flag1[7]                   ;
; flag1[3]                               ; Merged with flag1[6]                   ;
; flag1[0,1]                             ; Merged with flag1[2]                   ;
; flag2[5]                               ; Merged with flag2[7]                   ;
; flag2[3]                               ; Merged with flag2[6]                   ;
; flag2[0,1]                             ; Merged with flag2[2]                   ;
; flag1[7]                               ; Stuck at GND due to stuck port data_in ;
; flag2[7]                               ; Stuck at GND due to stuck port data_in ;
; flag1[6]                               ; Stuck at VCC due to stuck port data_in ;
; flag2[6]                               ; Stuck at VCC due to stuck port data_in ;
; stop_flag.01                           ; Lost fanout                            ;
; stop_flag.10                           ; Lost fanout                            ;
; state~8                                ; Lost fanout                            ;
; state~9                                ; Lost fanout                            ;
; state~10                               ; Lost fanout                            ;
; Total Number of Removed Registers = 19 ;                                        ;
+----------------------------------------+----------------------------------------+


+------------------------------------------------------+
; General Register Statistics                          ;
+----------------------------------------------+-------+
; Statistic                                    ; Value ;
+----------------------------------------------+-------+
; Total registers                              ; 145   ;
; Number of registers using Synchronous Clear  ; 89    ;
; Number of registers using Synchronous Load   ; 8     ;
; Number of registers using Asynchronous Clear ; 137   ;
; Number of registers using Asynchronous Load  ; 0     ;
; Number of registers using Clock Enable       ; 43    ;
; Number of registers using Preset             ; 0     ;
+----------------------------------------------+-------+


+--------------------------------------------------+
; Inverted Register Statistics                     ;
+----------------------------------------+---------+
; Inverted Register                      ; Fan out ;
+----------------------------------------+---------+
; flag1[4]                               ; 4       ;
; flag2[4]                               ; 4       ;
; Total number of inverted registers = 2 ;         ;
+----------------------------------------+---------+


+-------------------------------------------------------------------------------------------------------------------------------------------------------------+
; Multiplexer Restructuring Statistics (Restructuring Performed)                                                                                              ;
+--------------------+-----------+---------------+----------------------+------------------------+-------------------------------+----------------------------+
; Multiplexer Inputs ; Bus Width ; Baseline Area ; Area if Restructured ; Saving if Restructured ; Registered                    ; Example Multiplexer Output ;
+--------------------+-----------+---------------+----------------------+------------------------+-------------------------------+----------------------------+
; 3:1                ; 32 bits   ; 64 LEs        ; 32 LEs               ; 32 LEs                 ; |line_tracer|stop_cnt[17]     ;                            ;
; 4:1                ; 5 bits    ; 10 LEs        ; 5 LEs                ; 5 LEs                  ; |line_tracer|cnt_100ms[0]     ;                            ;
; 4:1                ; 9 bits    ; 18 LEs        ; 9 LEs                ; 9 LEs                  ; |line_tracer|cnt_50ms[1]      ;                            ;
; 4:1                ; 16 bits   ; 32 LEs        ; 32 LEs               ; 0 LEs                  ; |line_tracer|rx_clk_count[14] ;                            ;
; 4:1                ; 4 bits    ; 8 LEs         ; 8 LEs                ; 0 LEs                  ; |line_tracer|rx_bit_count[2]  ;                            ;
; 4:1                ; 6 bits    ; 12 LEs        ; 6 LEs                ; 6 LEs                  ; |line_tracer|line[4]          ;                            ;
; 4:1                ; 2 bits    ; 4 LEs         ; 2 LEs                ; 2 LEs                  ; |line_tracer|flag1[4]         ;                            ;
; 4:1                ; 2 bits    ; 4 LEs         ; 2 LEs                ; 2 LEs                  ; |line_tracer|flag2[4]         ;                            ;
; 6:1                ; 2 bits    ; 8 LEs         ; 4 LEs                ; 4 LEs                  ; |line_tracer|Selector14       ;                            ;
; 8:1                ; 3 bits    ; 15 LEs        ; 9 LEs                ; 6 LEs                  ; |line_tracer|state            ;                            ;
+--------------------+-----------+---------------+----------------------+------------------------+-------------------------------+----------------------------+


+-----------------------------------------------------------------------------+
; Parameter Settings for User Entity Instance: Top-level Entity: |line_tracer ;
+-------------------------+--------+------------------------------------------+
; Parameter Name          ; Value  ; Type                                     ;
+-------------------------+--------+------------------------------------------+
; CLOCKS_PER_BIT          ; 5208   ; Signed Integer                           ;
; CLOCKS_WAIT_FOR_RECEIVE ; 2604   ; Signed Integer                           ;
; delay_100ms             ; 0      ; Signed Integer                           ;
; function_set            ; 1      ; Signed Integer                           ;
; clear_display           ; 2      ; Signed Integer                           ;
; display_on              ; 3      ; Signed Integer                           ;
; entry_mode              ; 4      ; Signed Integer                           ;
; display_data            ; 5      ; Signed Integer                           ;
; delay_50ms              ; 6      ; Signed Integer                           ;
; speed1                  ; 130000 ; Signed Integer                           ;
+-------------------------+--------+------------------------------------------+
Note: In order to hide this table in the UI and the text report file, please set the "Show Parameter Settings in Synthesis Report" option in "Analysis and Synthesis Settings -> More Settings" to "Off".


+-------------------------------+
; Elapsed Time Per Partition    ;
+----------------+--------------+
; Partition Name ; Elapsed Time ;
+----------------+--------------+
; Top            ; 00:00:05     ;
+----------------+--------------+


+-------------------------------+
; Analysis & Synthesis Messages ;
+-------------------------------+
Info: *******************************************************************
Info: Running Quartus II Analysis & Synthesis
    Info: Version 11.0 Build 208 07/03/2011 Service Pack 1 SJ Web Edition
    Info: Processing started: Mon Oct 17 18:21:26 2016
Info: Command: quartus_map --read_settings_files=on --write_settings_files=off line_tracer -c line_tracer
Warning: Parallel compilation is not licensed and has been disabled
Info: Found 1 design units, including 1 entities, in source file line_tracer.v
    Info: Found entity 1: line_tracer
Info: Elaborating entity "line_tracer" for the top level hierarchy
Info: Registers with preset signals will power-up high
Info: DEV_CLRn pin will set, and not reset, register with preset signal due to NOT Gate Push-Back
Warning: Output pins are stuck at VCC or GND
    Warning (13410): Pin "motor1[1]" is stuck at GND
    Warning (13410): Pin "motor2[1]" is stuck at GND
    Warning (13410): Pin "lcd_rw" is stuck at GND
Info: Timing-Driven Synthesis is running
Info: 5 registers lost all their fanouts during netlist optimizations. The first 5 are displayed below.
    Info: Register "stop_flag.01" lost all its fanouts during netlist optimizations.
    Info: Register "stop_flag.10" lost all its fanouts during netlist optimizations.
    Info: Register "state~8" lost all its fanouts during netlist optimizations.
    Info: Register "state~9" lost all its fanouts during netlist optimizations.
    Info: Register "state~10" lost all its fanouts during netlist optimizations.
Info: Generating hard_block partition "hard_block:auto_generated_inst"
Info: Implemented 343 device resources after synthesis - the final resource count might be different
    Info: Implemented 5 input pins
    Info: Implemented 18 output pins
    Info: Implemented 320 logic cells
Info: Quartus II Analysis & Synthesis was successful. 0 errors, 5 warnings
    Info: Peak virtual memory: 253 megabytes
    Info: Processing ended: Mon Oct 17 18:21:40 2016
    Info: Elapsed time: 00:00:14
    Info: Total CPU time (on all processors): 00:00:06


