Flow report for Motor_PWM
Tue Jul 05 09:42:50 2016
Quartus II Version 11.0 Build 208 07/03/2011 Service Pack 1 SJ Web Edition


---------------------
; Table of Contents ;
---------------------
  1. Legal Notice
  2. Flow Summary
  3. Flow Settings
  4. Flow Non-Default Global Settings
  5. Flow Elapsed Time
  6. Flow OS Summary
  7. Flow Log



----------------
; Legal Notice ;
----------------
Copyright (C) 1991-2011 Altera Corporation
Your use of Altera Corporation's design tools, logic functions 
and other software and tools, and its AMPP partner logic 
functions, and any output files from any of the foregoing 
(including device programming or simulation files), and any 
associated documentation or information are expressly subject 
to the terms and conditions of the Altera Program License 
Subscription Agreement, Altera MegaCore Function License 
Agreement, or other applicable license agreement, including, 
without limitation, that your use is for the sole purpose of 
programming logic devices manufactured by Altera and sold by 
Altera or its authorized distributors.  Please refer to the 
applicable agreement for further details.



+-----------------------------------------------------------------------+
; Flow Summary                                                          ;
+-----------------------+-----------------------------------------------+
; Flow Status           ; Successful - Tue Jul 05 09:42:50 2016         ;
; Quartus II Version    ; 11.0 Build 208 07/03/2011 SP 1 SJ Web Edition ;
; Revision Name         ; Motor_PWM                                     ;
; Top-level Entity Name ; Motor_PWM                                     ;
; Family                ; Cyclone                                       ;
; Device                ; EP1C6Q240C8                                   ;
; Timing Models         ; Final                                         ;
; Total logic elements  ; 166 / 5,980 ( 3 % )                           ;
; Total pins            ; 24 / 185 ( 13 % )                             ;
; Total virtual pins    ; 0                                             ;
; Total memory bits     ; 0 / 92,160 ( 0 % )                            ;
; Total PLLs            ; 0 / 2 ( 0 % )                                 ;
+-----------------------+-----------------------------------------------+


+-----------------------------------------+
; Flow Settings                           ;
+-------------------+---------------------+
; Option            ; Setting             ;
+-------------------+---------------------+
; Start date & time ; 07/05/2016 09:42:41 ;
; Main task         ; Compilation         ;
; Revision Name     ; Motor_PWM           ;
+-------------------+---------------------+


+-------------------------------------------------------------------------------------------------------------+
; Flow Non-Default Global Settings                                                                            ;
+-------------------------------------+----------------------------+---------------+-------------+------------+
; Assignment Name                     ; Value                      ; Default Value ; Entity Name ; Section Id ;
+-------------------------------------+----------------------------+---------------+-------------+------------+
; COMPILER_SIGNATURE_ID               ; 5072318359.146767936102100 ; --            ; --          ; --         ;
; MAX_CORE_JUNCTION_TEMP              ; 85                         ; --            ; --          ; --         ;
; MIN_CORE_JUNCTION_TEMP              ; 0                          ; --            ; --          ; --         ;
; PARTITION_COLOR                     ; 16764057                   ; --            ; --          ; Top        ;
; PARTITION_FITTER_PRESERVATION_LEVEL ; PLACEMENT_AND_ROUTING      ; --            ; --          ; Top        ;
; PARTITION_NETLIST_TYPE              ; SOURCE                     ; --            ; --          ; Top        ;
+-------------------------------------+----------------------------+---------------+-------------+------------+


+-------------------------------------------------------------------------------------------------------------------------------+
; Flow Elapsed Time                                                                                                             ;
+---------------------------+--------------+-------------------------+---------------------+------------------------------------+
; Module Name               ; Elapsed Time ; Average Processors Used ; Peak Virtual Memory ; Total CPU Time (on all processors) ;
+---------------------------+--------------+-------------------------+---------------------+------------------------------------+
; Analysis & Synthesis      ; 00:00:03     ; 1.0                     ; 256 MB              ; 00:00:02                           ;
; Fitter                    ; 00:00:03     ; 1.0                     ; 293 MB              ; 00:00:02                           ;
; TimeQuest Timing Analyzer ; 00:00:01     ; 1.0                     ; 223 MB              ; 00:00:01                           ;
; Assembler                 ; 00:00:00     ; 1.0                     ; 233 MB              ; 00:00:01                           ;
; Total                     ; 00:00:07     ; --                      ; --                  ; 00:00:06                           ;
+---------------------------+--------------+-------------------------+---------------------+------------------------------------+


+----------------------------------------------------------------------------------------+
; Flow OS Summary                                                                        ;
+---------------------------+------------------+-----------+------------+----------------+
; Module Name               ; Machine Hostname ; OS Name   ; OS Version ; Processor type ;
+---------------------------+------------------+-----------+------------+----------------+
; Analysis & Synthesis      ; pc05             ; Windows 7 ; 6.1        ; i686           ;
; Fitter                    ; pc05             ; Windows 7 ; 6.1        ; i686           ;
; TimeQuest Timing Analyzer ; pc05             ; Windows 7 ; 6.1        ; i686           ;
; Assembler                 ; pc05             ; Windows 7 ; 6.1        ; i686           ;
+---------------------------+------------------+-----------+------------+----------------+


------------
; Flow Log ;
------------
quartus_map --read_settings_files=on --write_settings_files=off Motor_PWM -c Motor_PWM
quartus_fit --read_settings_files=off --write_settings_files=off Motor_PWM -c Motor_PWM
quartus_sta Motor_PWM -c Motor_PWM
quartus_asm --read_settings_files=off --write_settings_files=off Motor_PWM -c Motor_PWM



