Analysis & Synthesis report for FAN
Tue Mar 22 14:26:53 2016
Quartus II Version 11.0 Build 208 07/03/2011 Service Pack 1 SJ Web Edition


---------------------
; Table of Contents ;
---------------------
  1. Legal Notice
  2. Analysis & Synthesis Summary
  3. Analysis & Synthesis Settings
  4. Parallel Compilation
  5. Analysis & Synthesis Source Files Read
  6. Analysis & Synthesis Resource Usage Summary
  7. Analysis & Synthesis Resource Utilization by Entity
  8. Registers Removed During Synthesis
  9. General Register Statistics
 10. Inverted Register Statistics
 11. Multiplexer Restructuring Statistics (Restructuring Performed)
 12. Parameter Settings for Inferred Entity Instance: lpm_divide:Mod3
 13. Parameter Settings for Inferred Entity Instance: lpm_divide:Div0
 14. Parameter Settings for Inferred Entity Instance: lpm_divide:Mod2
 15. Parameter Settings for Inferred Entity Instance: lpm_divide:Mod1
 16. Parameter Settings for Inferred Entity Instance: lpm_divide:Div1
 17. Parameter Settings for Inferred Entity Instance: lpm_divide:Mod4
 18. Parameter Settings for Inferred Entity Instance: lpm_divide:Mod0
 19. Elapsed Time Per Partition
 20. Analysis & Synthesis Messages
 21. Analysis & Synthesis Suppressed Messages



----------------
; Legal Notice ;
----------------
Copyright (C) 1991-2011 Altera Corporation
Your use of Altera Corporation's design tools, logic functions 
and other software and tools, and its AMPP partner logic 
functions, and any output files from any of the foregoing 
(including device programming or simulation files), and any 
associated documentation or information are expressly subject 
to the terms and conditions of the Altera Program License 
Subscription Agreement, Altera MegaCore Function License 
Agreement, or other applicable license agreement, including, 
without limitation, that your use is for the sole purpose of 
programming logic devices manufactured by Altera and sold by 
Altera or its authorized distributors.  Please refer to the 
applicable agreement for further details.



+-----------------------------------------------------------------------------+
; Analysis & Synthesis Summary                                                ;
+-----------------------------+-----------------------------------------------+
; Analysis & Synthesis Status ; Successful - Tue Mar 22 14:26:53 2016         ;
; Quartus II Version          ; 11.0 Build 208 07/03/2011 SP 1 SJ Web Edition ;
; Revision Name               ; FAN                                           ;
; Top-level Entity Name       ; FAN                                           ;
; Family                      ; Cyclone                                       ;
; Total logic elements        ; 597                                           ;
; Total pins                  ; 29                                            ;
; Total virtual pins          ; 0                                             ;
; Total memory bits           ; 0                                             ;
; Total PLLs                  ; 0                                             ;
+-----------------------------+-----------------------------------------------+


+----------------------------------------------------------------------------------------------------------------------+
; Analysis & Synthesis Settings                                                                                        ;
+----------------------------------------------------------------------------+--------------------+--------------------+
; Option                                                                     ; Setting            ; Default Value      ;
+----------------------------------------------------------------------------+--------------------+--------------------+
; Device                                                                     ; EP1C6Q240C8        ;                    ;
; Top-level entity name                                                      ; FAN                ; FAN                ;
; Family name                                                                ; Cyclone            ; Cyclone IV GX      ;
; Use smart compilation                                                      ; Off                ; Off                ;
; Enable parallel Assembler and TimeQuest Timing Analyzer during compilation ; On                 ; On                 ;
; Enable compact report table                                                ; Off                ; Off                ;
; Restructure Multiplexers                                                   ; Auto               ; Auto               ;
; Create Debugging Nodes for IP Cores                                        ; Off                ; Off                ;
; Preserve fewer node names                                                  ; On                 ; On                 ;
; Disable OpenCore Plus hardware evaluation                                  ; Off                ; Off                ;
; Verilog Version                                                            ; Verilog_2001       ; Verilog_2001       ;
; VHDL Version                                                               ; VHDL_1993          ; VHDL_1993          ;
; State Machine Processing                                                   ; Auto               ; Auto               ;
; Safe State Machine                                                         ; Off                ; Off                ;
; Extract Verilog State Machines                                             ; On                 ; On                 ;
; Extract VHDL State Machines                                                ; On                 ; On                 ;
; Ignore Verilog initial constructs                                          ; Off                ; Off                ;
; Iteration limit for constant Verilog loops                                 ; 5000               ; 5000               ;
; Iteration limit for non-constant Verilog loops                             ; 250                ; 250                ;
; Add Pass-Through Logic to Inferred RAMs                                    ; On                 ; On                 ;
; Parallel Synthesis                                                         ; On                 ; On                 ;
; NOT Gate Push-Back                                                         ; On                 ; On                 ;
; Power-Up Don't Care                                                        ; On                 ; On                 ;
; Remove Redundant Logic Cells                                               ; Off                ; Off                ;
; Remove Duplicate Registers                                                 ; On                 ; On                 ;
; Ignore CARRY Buffers                                                       ; Off                ; Off                ;
; Ignore CASCADE Buffers                                                     ; Off                ; Off                ;
; Ignore GLOBAL Buffers                                                      ; Off                ; Off                ;
; Ignore ROW GLOBAL Buffers                                                  ; Off                ; Off                ;
; Ignore LCELL Buffers                                                       ; Off                ; Off                ;
; Ignore SOFT Buffers                                                        ; On                 ; On                 ;
; Limit AHDL Integers to 32 Bits                                             ; Off                ; Off                ;
; Optimization Technique                                                     ; Balanced           ; Balanced           ;
; Carry Chain Length                                                         ; 70                 ; 70                 ;
; Auto Carry Chains                                                          ; On                 ; On                 ;
; Auto Open-Drain Pins                                                       ; On                 ; On                 ;
; Perform WYSIWYG Primitive Resynthesis                                      ; Off                ; Off                ;
; Auto ROM Replacement                                                       ; On                 ; On                 ;
; Auto RAM Replacement                                                       ; On                 ; On                 ;
; Auto Shift Register Replacement                                            ; Auto               ; Auto               ;
; Allow Shift Register Merging across Hierarchies                            ; Auto               ; Auto               ;
; Auto Clock Enable Replacement                                              ; On                 ; On                 ;
; Strict RAM Replacement                                                     ; Off                ; Off                ;
; Allow Synchronous Control Signals                                          ; On                 ; On                 ;
; Force Use of Synchronous Clear Signals                                     ; Off                ; Off                ;
; Auto RAM Block Balancing                                                   ; On                 ; On                 ;
; Auto RAM to Logic Cell Conversion                                          ; Off                ; Off                ;
; Auto Resource Sharing                                                      ; Off                ; Off                ;
; Allow Any RAM Size For Recognition                                         ; Off                ; Off                ;
; Allow Any ROM Size For Recognition                                         ; Off                ; Off                ;
; Allow Any Shift Register Size For Recognition                              ; Off                ; Off                ;
; Use LogicLock Constraints during Resource Balancing                        ; On                 ; On                 ;
; Ignore translate_off and synthesis_off directives                          ; Off                ; Off                ;
; Report Parameter Settings                                                  ; On                 ; On                 ;
; Report Source Assignments                                                  ; On                 ; On                 ;
; Report Connectivity Checks                                                 ; On                 ; On                 ;
; Ignore Maximum Fan-Out Assignments                                         ; Off                ; Off                ;
; Synchronization Register Chain Length                                      ; 2                  ; 2                  ;
; PowerPlay Power Optimization                                               ; Normal compilation ; Normal compilation ;
; HDL message level                                                          ; Level2             ; Level2             ;
; Suppress Register Optimization Related Messages                            ; Off                ; Off                ;
; Number of Removed Registers Reported in Synthesis Report                   ; 5000               ; 5000               ;
; Number of Inverted Registers Reported in Synthesis Report                  ; 100                ; 100                ;
; Clock MUX Protection                                                       ; On                 ; On                 ;
; Block Design Naming                                                        ; Auto               ; Auto               ;
; Synthesis Effort                                                           ; Auto               ; Auto               ;
; Shift Register Replacement - Allow Asynchronous Clear Signal               ; On                 ; On                 ;
; Analysis & Synthesis Message Level                                         ; Medium             ; Medium             ;
; Disable Register Merging Across Hierarchies                                ; Auto               ; Auto               ;
; Resource Aware Inference For Block RAM                                     ; On                 ; On                 ;
; Synthesis Seed                                                             ; 1                  ; 1                  ;
+----------------------------------------------------------------------------+--------------------+--------------------+


Parallel compilation was disabled, but you have multiple processors available. Enable parallel compilation to reduce compilation time.
+-------------------------------------+
; Parallel Compilation                ;
+----------------------------+--------+
; Processors                 ; Number ;
+----------------------------+--------+
; Number detected on machine ; 4      ;
; Maximum allowed            ; 1      ;
+----------------------------+--------+


+-----------------------------------------------------------------------------------------------------------------------------------------------------------+
; Analysis & Synthesis Source Files Read                                                                                                                    ;
+----------------------------------+-----------------+------------------------------+-----------------------------------------------------------------------+
; File Name with User-Entered Path ; Used in Netlist ; File Type                    ; File Name with Absolute Path                                          ;
+----------------------------------+-----------------+------------------------------+-----------------------------------------------------------------------+
; FAN.v                            ; yes             ; User Verilog HDL File        ; C:/Users/user/Desktop/FAN/FAN.v                                       ;
; lpm_divide.tdf                   ; yes             ; Megafunction                 ; c:/altera/11.0sp1/quartus/libraries/megafunctions/lpm_divide.tdf      ;
; abs_divider.inc                  ; yes             ; Megafunction                 ; c:/altera/11.0sp1/quartus/libraries/megafunctions/abs_divider.inc     ;
; sign_div_unsign.inc              ; yes             ; Megafunction                 ; c:/altera/11.0sp1/quartus/libraries/megafunctions/sign_div_unsign.inc ;
; aglobal110.inc                   ; yes             ; Megafunction                 ; c:/altera/11.0sp1/quartus/libraries/megafunctions/aglobal110.inc      ;
; db/lpm_divide_itl.tdf            ; yes             ; Auto-Generated Megafunction  ; C:/Users/user/Desktop/FAN/db/lpm_divide_itl.tdf                       ;
; db/sign_div_unsign_bkh.tdf       ; yes             ; Auto-Generated Megafunction  ; C:/Users/user/Desktop/FAN/db/sign_div_unsign_bkh.tdf                  ;
; db/alt_u_div_6oe.tdf             ; yes             ; Auto-Generated Megafunction  ; C:/Users/user/Desktop/FAN/db/alt_u_div_6oe.tdf                        ;
; db/add_sub_3dc.tdf               ; yes             ; Auto-Generated Megafunction  ; C:/Users/user/Desktop/FAN/db/add_sub_3dc.tdf                          ;
; db/add_sub_4dc.tdf               ; yes             ; Auto-Generated Megafunction  ; C:/Users/user/Desktop/FAN/db/add_sub_4dc.tdf                          ;
; db/add_sub_5dc.tdf               ; yes             ; Auto-Generated Megafunction  ; C:/Users/user/Desktop/FAN/db/add_sub_5dc.tdf                          ;
; db/add_sub_6dc.tdf               ; yes             ; Auto-Generated Megafunction  ; C:/Users/user/Desktop/FAN/db/add_sub_6dc.tdf                          ;
; db/add_sub_7dc.tdf               ; yes             ; Auto-Generated Megafunction  ; C:/Users/user/Desktop/FAN/db/add_sub_7dc.tdf                          ;
; db/lpm_divide_f5m.tdf            ; yes             ; Auto-Generated Megafunction  ; C:/Users/user/Desktop/FAN/db/lpm_divide_f5m.tdf                       ;
; db/lpm_divide_mtl.tdf            ; yes             ; Auto-Generated Megafunction  ; C:/Users/user/Desktop/FAN/db/lpm_divide_mtl.tdf                       ;
; db/sign_div_unsign_fkh.tdf       ; yes             ; Auto-Generated Megafunction  ; C:/Users/user/Desktop/FAN/db/sign_div_unsign_fkh.tdf                  ;
; db/alt_u_div_eoe.tdf             ; yes             ; Auto-Generated Megafunction  ; C:/Users/user/Desktop/FAN/db/alt_u_div_eoe.tdf                        ;
; db/add_sub_8dc.tdf               ; yes             ; Auto-Generated Megafunction  ; C:/Users/user/Desktop/FAN/db/add_sub_8dc.tdf                          ;
; db/add_sub_9dc.tdf               ; yes             ; Auto-Generated Megafunction  ; C:/Users/user/Desktop/FAN/db/add_sub_9dc.tdf                          ;
; db/add_sub_adc.tdf               ; yes             ; Auto-Generated Megafunction  ; C:/Users/user/Desktop/FAN/db/add_sub_adc.tdf                          ;
+----------------------------------+-----------------+------------------------------+-----------------------------------------------------------------------+


+-----------------------------------------------------+
; Analysis & Synthesis Resource Usage Summary         ;
+---------------------------------------------+-------+
; Resource                                    ; Usage ;
+---------------------------------------------+-------+
; Total logic elements                        ; 597   ;
;     -- Combinational with no register       ; 447   ;
;     -- Register only                        ; 41    ;
;     -- Combinational with a register        ; 109   ;
;                                             ;       ;
; Logic element usage by number of LUT inputs ;       ;
;     -- 4 input functions                    ; 126   ;
;     -- 3 input functions                    ; 89    ;
;     -- 2 input functions                    ; 238   ;
;     -- 1 input functions                    ; 102   ;
;     -- 0 input functions                    ; 1     ;
;                                             ;       ;
; Logic elements by mode                      ;       ;
;     -- normal mode                          ; 371   ;
;     -- arithmetic mode                      ; 226   ;
;     -- qfbk mode                            ; 0     ;
;     -- register cascade mode                ; 0     ;
;     -- synchronous clear/load mode          ; 93    ;
;     -- asynchronous clear/load mode         ; 142   ;
;                                             ;       ;
; Total registers                             ; 150   ;
; Total logic cells in carry chains           ; 284   ;
; I/O pins                                    ; 29    ;
; Maximum fan-out node                        ; reset ;
; Maximum fan-out                             ; 152   ;
; Total fan-out                               ; 1832  ;
; Average fan-out                             ; 2.93  ;
+---------------------------------------------+-------+


+------------------------------------------------------------------------------------------------------------------------------------------------------------------------------------------------------------------------------------------------------------------------------------------------------------------------------------------+
; Analysis & Synthesis Resource Utilization by Entity                                                                                                                                                                                                                                                                                      ;
+----------------------------------------+-------------+--------------+-------------+------+--------------+--------------+-------------------+------------------+-----------------+------------+----------------------------------------------------------------------------------------------------------------------------+--------------+
; Compilation Hierarchy Node             ; Logic Cells ; LC Registers ; Memory Bits ; Pins ; Virtual Pins ; LUT-Only LCs ; Register-Only LCs ; LUT/Register LCs ; Carry Chain LCs ; Packed LCs ; Full Hierarchy Name                                                                                                        ; Library Name ;
+----------------------------------------+-------------+--------------+-------------+------+--------------+--------------+-------------------+------------------+-----------------+------------+----------------------------------------------------------------------------------------------------------------------------+--------------+
; |FAN                                   ; 597 (260)   ; 150          ; 0           ; 29   ; 0            ; 447 (110)    ; 41 (41)           ; 109 (109)        ; 284 (104)       ; 0 (0)      ; |FAN                                                                                                                       ;              ;
;    |lpm_divide:Div0|                   ; 58 (0)      ; 0            ; 0           ; 0    ; 0            ; 58 (0)       ; 0 (0)             ; 0 (0)            ; 32 (0)          ; 0 (0)      ; |FAN|lpm_divide:Div0                                                                                                       ;              ;
;       |lpm_divide_f5m:auto_generated|  ; 58 (0)      ; 0            ; 0           ; 0    ; 0            ; 58 (0)       ; 0 (0)             ; 0 (0)            ; 32 (0)          ; 0 (0)      ; |FAN|lpm_divide:Div0|lpm_divide_f5m:auto_generated                                                                         ;              ;
;          |sign_div_unsign_bkh:divider| ; 58 (0)      ; 0            ; 0           ; 0    ; 0            ; 58 (0)       ; 0 (0)             ; 0 (0)            ; 32 (0)          ; 0 (0)      ; |FAN|lpm_divide:Div0|lpm_divide_f5m:auto_generated|sign_div_unsign_bkh:divider                                             ;              ;
;             |alt_u_div_6oe:divider|    ; 58 (26)     ; 0            ; 0           ; 0    ; 0            ; 58 (26)      ; 0 (0)             ; 0 (0)            ; 32 (0)          ; 0 (0)      ; |FAN|lpm_divide:Div0|lpm_divide_f5m:auto_generated|sign_div_unsign_bkh:divider|alt_u_div_6oe:divider                       ;              ;
;                |add_sub_6dc:add_sub_3| ; 6 (6)       ; 0            ; 0           ; 0    ; 0            ; 6 (6)        ; 0 (0)             ; 0 (0)            ; 6 (6)           ; 0 (0)      ; |FAN|lpm_divide:Div0|lpm_divide_f5m:auto_generated|sign_div_unsign_bkh:divider|alt_u_div_6oe:divider|add_sub_6dc:add_sub_3 ;              ;
;                |add_sub_7dc:add_sub_4| ; 7 (7)       ; 0            ; 0           ; 0    ; 0            ; 7 (7)        ; 0 (0)             ; 0 (0)            ; 7 (7)           ; 0 (0)      ; |FAN|lpm_divide:Div0|lpm_divide_f5m:auto_generated|sign_div_unsign_bkh:divider|alt_u_div_6oe:divider|add_sub_7dc:add_sub_4 ;              ;
;                |add_sub_7dc:add_sub_5| ; 7 (7)       ; 0            ; 0           ; 0    ; 0            ; 7 (7)        ; 0 (0)             ; 0 (0)            ; 7 (7)           ; 0 (0)      ; |FAN|lpm_divide:Div0|lpm_divide_f5m:auto_generated|sign_div_unsign_bkh:divider|alt_u_div_6oe:divider|add_sub_7dc:add_sub_5 ;              ;
;                |add_sub_7dc:add_sub_6| ; 7 (7)       ; 0            ; 0           ; 0    ; 0            ; 7 (7)        ; 0 (0)             ; 0 (0)            ; 7 (7)           ; 0 (0)      ; |FAN|lpm_divide:Div0|lpm_divide_f5m:auto_generated|sign_div_unsign_bkh:divider|alt_u_div_6oe:divider|add_sub_7dc:add_sub_6 ;              ;
;                |add_sub_7dc:add_sub_7| ; 5 (5)       ; 0            ; 0           ; 0    ; 0            ; 5 (5)        ; 0 (0)             ; 0 (0)            ; 5 (5)           ; 0 (0)      ; |FAN|lpm_divide:Div0|lpm_divide_f5m:auto_generated|sign_div_unsign_bkh:divider|alt_u_div_6oe:divider|add_sub_7dc:add_sub_7 ;              ;
;    |lpm_divide:Div1|                   ; 56 (0)      ; 0            ; 0           ; 0    ; 0            ; 56 (0)       ; 0 (0)             ; 0 (0)            ; 30 (0)          ; 0 (0)      ; |FAN|lpm_divide:Div1                                                                                                       ;              ;
;       |lpm_divide_f5m:auto_generated|  ; 56 (0)      ; 0            ; 0           ; 0    ; 0            ; 56 (0)       ; 0 (0)             ; 0 (0)            ; 30 (0)          ; 0 (0)      ; |FAN|lpm_divide:Div1|lpm_divide_f5m:auto_generated                                                                         ;              ;
;          |sign_div_unsign_bkh:divider| ; 56 (0)      ; 0            ; 0           ; 0    ; 0            ; 56 (0)       ; 0 (0)             ; 0 (0)            ; 30 (0)          ; 0 (0)      ; |FAN|lpm_divide:Div1|lpm_divide_f5m:auto_generated|sign_div_unsign_bkh:divider                                             ;              ;
;             |alt_u_div_6oe:divider|    ; 56 (26)     ; 0            ; 0           ; 0    ; 0            ; 56 (26)      ; 0 (0)             ; 0 (0)            ; 30 (0)          ; 0 (0)      ; |FAN|lpm_divide:Div1|lpm_divide_f5m:auto_generated|sign_div_unsign_bkh:divider|alt_u_div_6oe:divider                       ;              ;
;                |add_sub_6dc:add_sub_3| ; 5 (5)       ; 0            ; 0           ; 0    ; 0            ; 5 (5)        ; 0 (0)             ; 0 (0)            ; 5 (5)           ; 0 (0)      ; |FAN|lpm_divide:Div1|lpm_divide_f5m:auto_generated|sign_div_unsign_bkh:divider|alt_u_div_6oe:divider|add_sub_6dc:add_sub_3 ;              ;
;                |add_sub_7dc:add_sub_4| ; 6 (6)       ; 0            ; 0           ; 0    ; 0            ; 6 (6)        ; 0 (0)             ; 0 (0)            ; 6 (6)           ; 0 (0)      ; |FAN|lpm_divide:Div1|lpm_divide_f5m:auto_generated|sign_div_unsign_bkh:divider|alt_u_div_6oe:divider|add_sub_7dc:add_sub_4 ;              ;
;                |add_sub_7dc:add_sub_5| ; 7 (7)       ; 0            ; 0           ; 0    ; 0            ; 7 (7)        ; 0 (0)             ; 0 (0)            ; 7 (7)           ; 0 (0)      ; |FAN|lpm_divide:Div1|lpm_divide_f5m:auto_generated|sign_div_unsign_bkh:divider|alt_u_div_6oe:divider|add_sub_7dc:add_sub_5 ;              ;
;                |add_sub_7dc:add_sub_6| ; 7 (7)       ; 0            ; 0           ; 0    ; 0            ; 7 (7)        ; 0 (0)             ; 0 (0)            ; 7 (7)           ; 0 (0)      ; |FAN|lpm_divide:Div1|lpm_divide_f5m:auto_generated|sign_div_unsign_bkh:divider|alt_u_div_6oe:divider|add_sub_7dc:add_sub_6 ;              ;
;                |add_sub_7dc:add_sub_7| ; 5 (5)       ; 0            ; 0           ; 0    ; 0            ; 5 (5)        ; 0 (0)             ; 0 (0)            ; 5 (5)           ; 0 (0)      ; |FAN|lpm_divide:Div1|lpm_divide_f5m:auto_generated|sign_div_unsign_bkh:divider|alt_u_div_6oe:divider|add_sub_7dc:add_sub_7 ;              ;
;    |lpm_divide:Mod0|                   ; 62 (0)      ; 0            ; 0           ; 0    ; 0            ; 62 (0)       ; 0 (0)             ; 0 (0)            ; 29 (0)          ; 0 (0)      ; |FAN|lpm_divide:Mod0                                                                                                       ;              ;
;       |lpm_divide_mtl:auto_generated|  ; 62 (0)      ; 0            ; 0           ; 0    ; 0            ; 62 (0)       ; 0 (0)             ; 0 (0)            ; 29 (0)          ; 0 (0)      ; |FAN|lpm_divide:Mod0|lpm_divide_mtl:auto_generated                                                                         ;              ;
;          |sign_div_unsign_fkh:divider| ; 62 (0)      ; 0            ; 0           ; 0    ; 0            ; 62 (0)       ; 0 (0)             ; 0 (0)            ; 29 (0)          ; 0 (0)      ; |FAN|lpm_divide:Mod0|lpm_divide_mtl:auto_generated|sign_div_unsign_fkh:divider                                             ;              ;
;             |alt_u_div_eoe:divider|    ; 62 (33)     ; 0            ; 0           ; 0    ; 0            ; 62 (33)      ; 0 (0)             ; 0 (0)            ; 29 (0)          ; 0 (0)      ; |FAN|lpm_divide:Mod0|lpm_divide_mtl:auto_generated|sign_div_unsign_fkh:divider|alt_u_div_eoe:divider                       ;              ;
;                |add_sub_9dc:add_sub_6| ; 9 (9)       ; 0            ; 0           ; 0    ; 0            ; 9 (9)        ; 0 (0)             ; 0 (0)            ; 9 (9)           ; 0 (0)      ; |FAN|lpm_divide:Mod0|lpm_divide_mtl:auto_generated|sign_div_unsign_fkh:divider|alt_u_div_eoe:divider|add_sub_9dc:add_sub_6 ;              ;
;                |add_sub_adc:add_sub_7| ; 10 (10)     ; 0            ; 0           ; 0    ; 0            ; 10 (10)      ; 0 (0)             ; 0 (0)            ; 10 (10)         ; 0 (0)      ; |FAN|lpm_divide:Mod0|lpm_divide_mtl:auto_generated|sign_div_unsign_fkh:divider|alt_u_div_eoe:divider|add_sub_adc:add_sub_7 ;              ;
;                |add_sub_adc:add_sub_8| ; 10 (10)     ; 0            ; 0           ; 0    ; 0            ; 10 (10)      ; 0 (0)             ; 0 (0)            ; 10 (10)         ; 0 (0)      ; |FAN|lpm_divide:Mod0|lpm_divide_mtl:auto_generated|sign_div_unsign_fkh:divider|alt_u_div_eoe:divider|add_sub_adc:add_sub_8 ;              ;
;    |lpm_divide:Mod1|                   ; 61 (0)      ; 0            ; 0           ; 0    ; 0            ; 61 (0)       ; 0 (0)             ; 0 (0)            ; 34 (0)          ; 0 (0)      ; |FAN|lpm_divide:Mod1                                                                                                       ;              ;
;       |lpm_divide_itl:auto_generated|  ; 61 (0)      ; 0            ; 0           ; 0    ; 0            ; 61 (0)       ; 0 (0)             ; 0 (0)            ; 34 (0)          ; 0 (0)      ; |FAN|lpm_divide:Mod1|lpm_divide_itl:auto_generated                                                                         ;              ;
;          |sign_div_unsign_bkh:divider| ; 61 (0)      ; 0            ; 0           ; 0    ; 0            ; 61 (0)       ; 0 (0)             ; 0 (0)            ; 34 (0)          ; 0 (0)      ; |FAN|lpm_divide:Mod1|lpm_divide_itl:auto_generated|sign_div_unsign_bkh:divider                                             ;              ;
;             |alt_u_div_6oe:divider|    ; 61 (27)     ; 0            ; 0           ; 0    ; 0            ; 61 (27)      ; 0 (0)             ; 0 (0)            ; 34 (0)          ; 0 (0)      ; |FAN|lpm_divide:Mod1|lpm_divide_itl:auto_generated|sign_div_unsign_bkh:divider|alt_u_div_6oe:divider                       ;              ;
;                |add_sub_6dc:add_sub_3| ; 6 (6)       ; 0            ; 0           ; 0    ; 0            ; 6 (6)        ; 0 (0)             ; 0 (0)            ; 6 (6)           ; 0 (0)      ; |FAN|lpm_divide:Mod1|lpm_divide_itl:auto_generated|sign_div_unsign_bkh:divider|alt_u_div_6oe:divider|add_sub_6dc:add_sub_3 ;              ;
;                |add_sub_7dc:add_sub_4| ; 7 (7)       ; 0            ; 0           ; 0    ; 0            ; 7 (7)        ; 0 (0)             ; 0 (0)            ; 7 (7)           ; 0 (0)      ; |FAN|lpm_divide:Mod1|lpm_divide_itl:auto_generated|sign_div_unsign_bkh:divider|alt_u_div_6oe:divider|add_sub_7dc:add_sub_4 ;              ;
;                |add_sub_7dc:add_sub_5| ; 7 (7)       ; 0            ; 0           ; 0    ; 0            ; 7 (7)        ; 0 (0)             ; 0 (0)            ; 7 (7)           ; 0 (0)      ; |FAN|lpm_divide:Mod1|lpm_divide_itl:auto_generated|sign_div_unsign_bkh:divider|alt_u_div_6oe:divider|add_sub_7dc:add_sub_5 ;              ;
;                |add_sub_7dc:add_sub_6| ; 7 (7)       ; 0            ; 0           ; 0    ; 0            ; 7 (7)        ; 0 (0)             ; 0 (0)            ; 7 (7)           ; 0 (0)      ; |FAN|lpm_divide:Mod1|lpm_divide_itl:auto_generated|sign_div_unsign_bkh:divider|alt_u_div_6oe:divider|add_sub_7dc:add_sub_6 ;              ;
;                |add_sub_7dc:add_sub_7| ; 7 (7)       ; 0            ; 0           ; 0    ; 0            ; 7 (7)        ; 0 (0)             ; 0 (0)            ; 7 (7)           ; 0 (0)      ; |FAN|lpm_divide:Mod1|lpm_divide_itl:auto_generated|sign_div_unsign_bkh:divider|alt_u_div_6oe:divider|add_sub_7dc:add_sub_7 ;              ;
;    |lpm_divide:Mod2|                   ; 21 (0)      ; 0            ; 0           ; 0    ; 0            ; 21 (0)       ; 0 (0)             ; 0 (0)            ; 12 (0)          ; 0 (0)      ; |FAN|lpm_divide:Mod2                                                                                                       ;              ;
;       |lpm_divide_itl:auto_generated|  ; 21 (0)      ; 0            ; 0           ; 0    ; 0            ; 21 (0)       ; 0 (0)             ; 0 (0)            ; 12 (0)          ; 0 (0)      ; |FAN|lpm_divide:Mod2|lpm_divide_itl:auto_generated                                                                         ;              ;
;          |sign_div_unsign_bkh:divider| ; 21 (0)      ; 0            ; 0           ; 0    ; 0            ; 21 (0)       ; 0 (0)             ; 0 (0)            ; 12 (0)          ; 0 (0)      ; |FAN|lpm_divide:Mod2|lpm_divide_itl:auto_generated|sign_div_unsign_bkh:divider                                             ;              ;
;             |alt_u_div_6oe:divider|    ; 21 (9)      ; 0            ; 0           ; 0    ; 0            ; 21 (9)       ; 0 (0)             ; 0 (0)            ; 12 (0)          ; 0 (0)      ; |FAN|lpm_divide:Mod2|lpm_divide_itl:auto_generated|sign_div_unsign_bkh:divider|alt_u_div_6oe:divider                       ;              ;
;                |add_sub_7dc:add_sub_6| ; 5 (5)       ; 0            ; 0           ; 0    ; 0            ; 5 (5)        ; 0 (0)             ; 0 (0)            ; 5 (5)           ; 0 (0)      ; |FAN|lpm_divide:Mod2|lpm_divide_itl:auto_generated|sign_div_unsign_bkh:divider|alt_u_div_6oe:divider|add_sub_7dc:add_sub_6 ;              ;
;                |add_sub_7dc:add_sub_7| ; 7 (7)       ; 0            ; 0           ; 0    ; 0            ; 7 (7)        ; 0 (0)             ; 0 (0)            ; 7 (7)           ; 0 (0)      ; |FAN|lpm_divide:Mod2|lpm_divide_itl:auto_generated|sign_div_unsign_bkh:divider|alt_u_div_6oe:divider|add_sub_7dc:add_sub_7 ;              ;
;    |lpm_divide:Mod3|                   ; 58 (0)      ; 0            ; 0           ; 0    ; 0            ; 58 (0)       ; 0 (0)             ; 0 (0)            ; 31 (0)          ; 0 (0)      ; |FAN|lpm_divide:Mod3                                                                                                       ;              ;
;       |lpm_divide_itl:auto_generated|  ; 58 (0)      ; 0            ; 0           ; 0    ; 0            ; 58 (0)       ; 0 (0)             ; 0 (0)            ; 31 (0)          ; 0 (0)      ; |FAN|lpm_divide:Mod3|lpm_divide_itl:auto_generated                                                                         ;              ;
;          |sign_div_unsign_bkh:divider| ; 58 (0)      ; 0            ; 0           ; 0    ; 0            ; 58 (0)       ; 0 (0)             ; 0 (0)            ; 31 (0)          ; 0 (0)      ; |FAN|lpm_divide:Mod3|lpm_divide_itl:auto_generated|sign_div_unsign_bkh:divider                                             ;              ;
;             |alt_u_div_6oe:divider|    ; 58 (27)     ; 0            ; 0           ; 0    ; 0            ; 58 (27)      ; 0 (0)             ; 0 (0)            ; 31 (0)          ; 0 (0)      ; |FAN|lpm_divide:Mod3|lpm_divide_itl:auto_generated|sign_div_unsign_bkh:divider|alt_u_div_6oe:divider                       ;              ;
;                |add_sub_6dc:add_sub_3| ; 6 (6)       ; 0            ; 0           ; 0    ; 0            ; 6 (6)        ; 0 (0)             ; 0 (0)            ; 6 (6)           ; 0 (0)      ; |FAN|lpm_divide:Mod3|lpm_divide_itl:auto_generated|sign_div_unsign_bkh:divider|alt_u_div_6oe:divider|add_sub_6dc:add_sub_3 ;              ;
;                |add_sub_7dc:add_sub_4| ; 7 (7)       ; 0            ; 0           ; 0    ; 0            ; 7 (7)        ; 0 (0)             ; 0 (0)            ; 7 (7)           ; 0 (0)      ; |FAN|lpm_divide:Mod3|lpm_divide_itl:auto_generated|sign_div_unsign_bkh:divider|alt_u_div_6oe:divider|add_sub_7dc:add_sub_4 ;              ;
;                |add_sub_7dc:add_sub_5| ; 6 (6)       ; 0            ; 0           ; 0    ; 0            ; 6 (6)        ; 0 (0)             ; 0 (0)            ; 6 (6)           ; 0 (0)      ; |FAN|lpm_divide:Mod3|lpm_divide_itl:auto_generated|sign_div_unsign_bkh:divider|alt_u_div_6oe:divider|add_sub_7dc:add_sub_5 ;              ;
;                |add_sub_7dc:add_sub_6| ; 6 (6)       ; 0            ; 0           ; 0    ; 0            ; 6 (6)        ; 0 (0)             ; 0 (0)            ; 6 (6)           ; 0 (0)      ; |FAN|lpm_divide:Mod3|lpm_divide_itl:auto_generated|sign_div_unsign_bkh:divider|alt_u_div_6oe:divider|add_sub_7dc:add_sub_6 ;              ;
;                |add_sub_7dc:add_sub_7| ; 6 (6)       ; 0            ; 0           ; 0    ; 0            ; 6 (6)        ; 0 (0)             ; 0 (0)            ; 6 (6)           ; 0 (0)      ; |FAN|lpm_divide:Mod3|lpm_divide_itl:auto_generated|sign_div_unsign_bkh:divider|alt_u_div_6oe:divider|add_sub_7dc:add_sub_7 ;              ;
;    |lpm_divide:Mod4|                   ; 21 (0)      ; 0            ; 0           ; 0    ; 0            ; 21 (0)       ; 0 (0)             ; 0 (0)            ; 12 (0)          ; 0 (0)      ; |FAN|lpm_divide:Mod4                                                                                                       ;              ;
;       |lpm_divide_itl:auto_generated|  ; 21 (0)      ; 0            ; 0           ; 0    ; 0            ; 21 (0)       ; 0 (0)             ; 0 (0)            ; 12 (0)          ; 0 (0)      ; |FAN|lpm_divide:Mod4|lpm_divide_itl:auto_generated                                                                         ;              ;
;          |sign_div_unsign_bkh:divider| ; 21 (0)      ; 0            ; 0           ; 0    ; 0            ; 21 (0)       ; 0 (0)             ; 0 (0)            ; 12 (0)          ; 0 (0)      ; |FAN|lpm_divide:Mod4|lpm_divide_itl:auto_generated|sign_div_unsign_bkh:divider                                             ;              ;
;             |alt_u_div_6oe:divider|    ; 21 (9)      ; 0            ; 0           ; 0    ; 0            ; 21 (9)       ; 0 (0)             ; 0 (0)            ; 12 (0)          ; 0 (0)      ; |FAN|lpm_divide:Mod4|lpm_divide_itl:auto_generated|sign_div_unsign_bkh:divider|alt_u_div_6oe:divider                       ;              ;
;                |add_sub_7dc:add_sub_6| ; 5 (5)       ; 0            ; 0           ; 0    ; 0            ; 5 (5)        ; 0 (0)             ; 0 (0)            ; 5 (5)           ; 0 (0)      ; |FAN|lpm_divide:Mod4|lpm_divide_itl:auto_generated|sign_div_unsign_bkh:divider|alt_u_div_6oe:divider|add_sub_7dc:add_sub_6 ;              ;
;                |add_sub_7dc:add_sub_7| ; 7 (7)       ; 0            ; 0           ; 0    ; 0            ; 7 (7)        ; 0 (0)             ; 0 (0)            ; 7 (7)           ; 0 (0)      ; |FAN|lpm_divide:Mod4|lpm_divide_itl:auto_generated|sign_div_unsign_bkh:divider|alt_u_div_6oe:divider|add_sub_7dc:add_sub_7 ;              ;
+----------------------------------------+-------------+--------------+-------------+------+--------------+--------------+-------------------+------------------+-----------------+------------+----------------------------------------------------------------------------------------------------------------------------+--------------+
Note: For table entries with two numbers listed, the numbers in parentheses indicate the number of resources of the given type used by the specific entity alone. The numbers listed outside of parentheses indicate the total resources of the given type used by the specific entity and all of its sub-entities in the hierarchy.


+---------------------------------------------------------------------------------+
; Registers Removed During Synthesis                                              ;
+----------------------------------------+----------------------------------------+
; Register name                          ; Reason for Removal                     ;
+----------------------------------------+----------------------------------------+
; pwm[0..3,9,10,13,18]                   ; Merged with pwm[19]                    ;
; pwm[7,14]                              ; Merged with pwm[17]                    ;
; pwm[12]                                ; Merged with pwm[16]                    ;
; led[0]~reg0                            ; Merged with pwm[15]                    ;
; led[1]~reg0                            ; Merged with pwm[11]                    ;
; pwm[5,6]                               ; Merged with pwm[8]                     ;
; pwm[19]                                ; Stuck at GND due to stuck port data_in ;
; digit[2]                               ; Stuck at GND due to stuck port data_in ;
; Total Number of Removed Registers = 17 ;                                        ;
+----------------------------------------+----------------------------------------+


+------------------------------------------------------+
; General Register Statistics                          ;
+----------------------------------------------+-------+
; Statistic                                    ; Value ;
+----------------------------------------------+-------+
; Total registers                              ; 150   ;
; Number of registers using Synchronous Clear  ; 85    ;
; Number of registers using Synchronous Load   ; 8     ;
; Number of registers using Asynchronous Clear ; 142   ;
; Number of registers using Asynchronous Load  ; 0     ;
; Number of registers using Clock Enable       ; 30    ;
; Number of registers using Preset             ; 0     ;
+----------------------------------------------+-------+


+--------------------------------------------------+
; Inverted Register Statistics                     ;
+----------------------------------------+---------+
; Inverted Register                      ; Fan out ;
+----------------------------------------+---------+
; fnd_sel[0]~reg0                        ; 1       ;
; fnd_sel[1]~reg0                        ; 1       ;
; fnd_sel[2]~reg0                        ; 1       ;
; fnd_sel[3]~reg0                        ; 1       ;
; Total number of inverted registers = 4 ;         ;
+----------------------------------------+---------+


+--------------------------------------------------------------------------------------------------------------------------------------------------+
; Multiplexer Restructuring Statistics (Restructuring Performed)                                                                                   ;
+--------------------+-----------+---------------+----------------------+------------------------+--------------------+----------------------------+
; Multiplexer Inputs ; Bus Width ; Baseline Area ; Area if Restructured ; Saving if Restructured ; Registered         ; Example Multiplexer Output ;
+--------------------+-----------+---------------+----------------------+------------------------+--------------------+----------------------------+
; 4:1                ; 4 bits    ; 8 LEs         ; 8 LEs                ; 0 LEs                  ; |FAN|fnd_num[3]    ;                            ;
; 3:1                ; 28 bits   ; 56 LEs        ; 28 LEs               ; 28 LEs                 ; |FAN|scan_cnt[23]  ;                            ;
; 3:1                ; 28 bits   ; 56 LEs        ; 28 LEs               ; 28 LEs                 ; |FAN|timer_cnt[23] ;                            ;
; 5:1                ; 7 bits    ; 21 LEs        ; 14 LEs               ; 7 LEs                  ; |FAN|pwm[17]       ;                            ;
; 5:1                ; 8 bits    ; 24 LEs        ; 16 LEs               ; 8 LEs                  ; |FAN|sec[7]        ;                            ;
; 5:1                ; 7 bits    ; 21 LEs        ; 14 LEs               ; 7 LEs                  ; |FAN|min[6]        ;                            ;
+--------------------+-----------+---------------+----------------------+------------------------+--------------------+----------------------------+


+------------------------------------------------------------------+
; Parameter Settings for Inferred Entity Instance: lpm_divide:Mod3 ;
+------------------------+----------------+------------------------+
; Parameter Name         ; Value          ; Type                   ;
+------------------------+----------------+------------------------+
; LPM_WIDTHN             ; 8              ; Untyped                ;
; LPM_WIDTHD             ; 4              ; Untyped                ;
; LPM_NREPRESENTATION    ; UNSIGNED       ; Untyped                ;
; LPM_DREPRESENTATION    ; UNSIGNED       ; Untyped                ;
; LPM_PIPELINE           ; 0              ; Untyped                ;
; LPM_REMAINDERPOSITIVE  ; TRUE           ; Untyped                ;
; MAXIMIZE_SPEED         ; 5              ; Untyped                ;
; CBXI_PARAMETER         ; lpm_divide_itl ; Untyped                ;
; CARRY_CHAIN            ; MANUAL         ; Untyped                ;
; OPTIMIZE_FOR_SPEED     ; 5              ; Untyped                ;
; AUTO_CARRY_CHAINS      ; ON             ; AUTO_CARRY             ;
; IGNORE_CARRY_BUFFERS   ; OFF            ; IGNORE_CARRY           ;
; AUTO_CASCADE_CHAINS    ; ON             ; AUTO_CASCADE           ;
; IGNORE_CASCADE_BUFFERS ; OFF            ; IGNORE_CASCADE         ;
+------------------------+----------------+------------------------+
Note: In order to hide this table in the UI and the text report file, please set the "Show Parameter Settings in Synthesis Report" option in "Analysis and Synthesis Settings -> More Settings" to "Off".


+------------------------------------------------------------------+
; Parameter Settings for Inferred Entity Instance: lpm_divide:Div0 ;
+------------------------+----------------+------------------------+
; Parameter Name         ; Value          ; Type                   ;
+------------------------+----------------+------------------------+
; LPM_WIDTHN             ; 8              ; Untyped                ;
; LPM_WIDTHD             ; 4              ; Untyped                ;
; LPM_NREPRESENTATION    ; UNSIGNED       ; Untyped                ;
; LPM_DREPRESENTATION    ; UNSIGNED       ; Untyped                ;
; LPM_PIPELINE           ; 0              ; Untyped                ;
; LPM_REMAINDERPOSITIVE  ; TRUE           ; Untyped                ;
; MAXIMIZE_SPEED         ; 5              ; Untyped                ;
; CBXI_PARAMETER         ; lpm_divide_f5m ; Untyped                ;
; CARRY_CHAIN            ; MANUAL         ; Untyped                ;
; OPTIMIZE_FOR_SPEED     ; 5              ; Untyped                ;
; AUTO_CARRY_CHAINS      ; ON             ; AUTO_CARRY             ;
; IGNORE_CARRY_BUFFERS   ; OFF            ; IGNORE_CARRY           ;
; AUTO_CASCADE_CHAINS    ; ON             ; AUTO_CASCADE           ;
; IGNORE_CASCADE_BUFFERS ; OFF            ; IGNORE_CASCADE         ;
+------------------------+----------------+------------------------+
Note: In order to hide this table in the UI and the text report file, please set the "Show Parameter Settings in Synthesis Report" option in "Analysis and Synthesis Settings -> More Settings" to "Off".


+------------------------------------------------------------------+
; Parameter Settings for Inferred Entity Instance: lpm_divide:Mod2 ;
+------------------------+----------------+------------------------+
; Parameter Name         ; Value          ; Type                   ;
+------------------------+----------------+------------------------+
; LPM_WIDTHN             ; 8              ; Untyped                ;
; LPM_WIDTHD             ; 4              ; Untyped                ;
; LPM_NREPRESENTATION    ; UNSIGNED       ; Untyped                ;
; LPM_DREPRESENTATION    ; UNSIGNED       ; Untyped                ;
; LPM_PIPELINE           ; 0              ; Untyped                ;
; LPM_REMAINDERPOSITIVE  ; TRUE           ; Untyped                ;
; MAXIMIZE_SPEED         ; 5              ; Untyped                ;
; CBXI_PARAMETER         ; lpm_divide_itl ; Untyped                ;
; CARRY_CHAIN            ; MANUAL         ; Untyped                ;
; OPTIMIZE_FOR_SPEED     ; 5              ; Untyped                ;
; AUTO_CARRY_CHAINS      ; ON             ; AUTO_CARRY             ;
; IGNORE_CARRY_BUFFERS   ; OFF            ; IGNORE_CARRY           ;
; AUTO_CASCADE_CHAINS    ; ON             ; AUTO_CASCADE           ;
; IGNORE_CASCADE_BUFFERS ; OFF            ; IGNORE_CASCADE         ;
+------------------------+----------------+------------------------+
Note: In order to hide this table in the UI and the text report file, please set the "Show Parameter Settings in Synthesis Report" option in "Analysis and Synthesis Settings -> More Settings" to "Off".


+------------------------------------------------------------------+
; Parameter Settings for Inferred Entity Instance: lpm_divide:Mod1 ;
+------------------------+----------------+------------------------+
; Parameter Name         ; Value          ; Type                   ;
+------------------------+----------------+------------------------+
; LPM_WIDTHN             ; 8              ; Untyped                ;
; LPM_WIDTHD             ; 4              ; Untyped                ;
; LPM_NREPRESENTATION    ; UNSIGNED       ; Untyped                ;
; LPM_DREPRESENTATION    ; UNSIGNED       ; Untyped                ;
; LPM_PIPELINE           ; 0              ; Untyped                ;
; LPM_REMAINDERPOSITIVE  ; TRUE           ; Untyped                ;
; MAXIMIZE_SPEED         ; 5              ; Untyped                ;
; CBXI_PARAMETER         ; lpm_divide_itl ; Untyped                ;
; CARRY_CHAIN            ; MANUAL         ; Untyped                ;
; OPTIMIZE_FOR_SPEED     ; 5              ; Untyped                ;
; AUTO_CARRY_CHAINS      ; ON             ; AUTO_CARRY             ;
; IGNORE_CARRY_BUFFERS   ; OFF            ; IGNORE_CARRY           ;
; AUTO_CASCADE_CHAINS    ; ON             ; AUTO_CASCADE           ;
; IGNORE_CASCADE_BUFFERS ; OFF            ; IGNORE_CASCADE         ;
+------------------------+----------------+------------------------+
Note: In order to hide this table in the UI and the text report file, please set the "Show Parameter Settings in Synthesis Report" option in "Analysis and Synthesis Settings -> More Settings" to "Off".


+------------------------------------------------------------------+
; Parameter Settings for Inferred Entity Instance: lpm_divide:Div1 ;
+------------------------+----------------+------------------------+
; Parameter Name         ; Value          ; Type                   ;
+------------------------+----------------+------------------------+
; LPM_WIDTHN             ; 8              ; Untyped                ;
; LPM_WIDTHD             ; 4              ; Untyped                ;
; LPM_NREPRESENTATION    ; UNSIGNED       ; Untyped                ;
; LPM_DREPRESENTATION    ; UNSIGNED       ; Untyped                ;
; LPM_PIPELINE           ; 0              ; Untyped                ;
; LPM_REMAINDERPOSITIVE  ; TRUE           ; Untyped                ;
; MAXIMIZE_SPEED         ; 5              ; Untyped                ;
; CBXI_PARAMETER         ; lpm_divide_f5m ; Untyped                ;
; CARRY_CHAIN            ; MANUAL         ; Untyped                ;
; OPTIMIZE_FOR_SPEED     ; 5              ; Untyped                ;
; AUTO_CARRY_CHAINS      ; ON             ; AUTO_CARRY             ;
; IGNORE_CARRY_BUFFERS   ; OFF            ; IGNORE_CARRY           ;
; AUTO_CASCADE_CHAINS    ; ON             ; AUTO_CASCADE           ;
; IGNORE_CASCADE_BUFFERS ; OFF            ; IGNORE_CASCADE         ;
+------------------------+----------------+------------------------+
Note: In order to hide this table in the UI and the text report file, please set the "Show Parameter Settings in Synthesis Report" option in "Analysis and Synthesis Settings -> More Settings" to "Off".


+------------------------------------------------------------------+
; Parameter Settings for Inferred Entity Instance: lpm_divide:Mod4 ;
+------------------------+----------------+------------------------+
; Parameter Name         ; Value          ; Type                   ;
+------------------------+----------------+------------------------+
; LPM_WIDTHN             ; 8              ; Untyped                ;
; LPM_WIDTHD             ; 4              ; Untyped                ;
; LPM_NREPRESENTATION    ; UNSIGNED       ; Untyped                ;
; LPM_DREPRESENTATION    ; UNSIGNED       ; Untyped                ;
; LPM_PIPELINE           ; 0              ; Untyped                ;
; LPM_REMAINDERPOSITIVE  ; TRUE           ; Untyped                ;
; MAXIMIZE_SPEED         ; 5              ; Untyped                ;
; CBXI_PARAMETER         ; lpm_divide_itl ; Untyped                ;
; CARRY_CHAIN            ; MANUAL         ; Untyped                ;
; OPTIMIZE_FOR_SPEED     ; 5              ; Untyped                ;
; AUTO_CARRY_CHAINS      ; ON             ; AUTO_CARRY             ;
; IGNORE_CARRY_BUFFERS   ; OFF            ; IGNORE_CARRY           ;
; AUTO_CASCADE_CHAINS    ; ON             ; AUTO_CASCADE           ;
; IGNORE_CASCADE_BUFFERS ; OFF            ; IGNORE_CASCADE         ;
+------------------------+----------------+------------------------+
Note: In order to hide this table in the UI and the text report file, please set the "Show Parameter Settings in Synthesis Report" option in "Analysis and Synthesis Settings -> More Settings" to "Off".


+------------------------------------------------------------------+
; Parameter Settings for Inferred Entity Instance: lpm_divide:Mod0 ;
+------------------------+----------------+------------------------+
; Parameter Name         ; Value          ; Type                   ;
+------------------------+----------------+------------------------+
; LPM_WIDTHN             ; 9              ; Untyped                ;
; LPM_WIDTHD             ; 7              ; Untyped                ;
; LPM_NREPRESENTATION    ; UNSIGNED       ; Untyped                ;
; LPM_DREPRESENTATION    ; UNSIGNED       ; Untyped                ;
; LPM_PIPELINE           ; 0              ; Untyped                ;
; LPM_REMAINDERPOSITIVE  ; TRUE           ; Untyped                ;
; MAXIMIZE_SPEED         ; 5              ; Untyped                ;
; CBXI_PARAMETER         ; lpm_divide_mtl ; Untyped                ;
; CARRY_CHAIN            ; MANUAL         ; Untyped                ;
; OPTIMIZE_FOR_SPEED     ; 5              ; Untyped                ;
; AUTO_CARRY_CHAINS      ; ON             ; AUTO_CARRY             ;
; IGNORE_CARRY_BUFFERS   ; OFF            ; IGNORE_CARRY           ;
; AUTO_CASCADE_CHAINS    ; ON             ; AUTO_CASCADE           ;
; IGNORE_CASCADE_BUFFERS ; OFF            ; IGNORE_CASCADE         ;
+------------------------+----------------+------------------------+
Note: In order to hide this table in the UI and the text report file, please set the "Show Parameter Settings in Synthesis Report" option in "Analysis and Synthesis Settings -> More Settings" to "Off".


+-------------------------------+
; Elapsed Time Per Partition    ;
+----------------+--------------+
; Partition Name ; Elapsed Time ;
+----------------+--------------+
; Top            ; 00:00:02     ;
+----------------+--------------+


+-------------------------------+
; Analysis & Synthesis Messages ;
+-------------------------------+
Info: *******************************************************************
Info: Running Quartus II Analysis & Synthesis
    Info: Version 11.0 Build 208 07/03/2011 Service Pack 1 SJ Web Edition
    Info: Processing started: Tue Mar 22 14:26:50 2016
Info: Command: quartus_map --read_settings_files=on --write_settings_files=off FAN -c FAN
Warning: Parallel compilation is not licensed and has been disabled
Info: Found 1 design units, including 1 entities, in source file fan.v
    Info: Found entity 1: FAN
Info: Elaborating entity "FAN" for the top level hierarchy
Warning (10230): Verilog HDL assignment warning at FAN.v(110): truncated value with size 32 to match size of target (20)
Warning (10230): Verilog HDL assignment warning at FAN.v(138): truncated value with size 32 to match size of target (8)
Warning (10230): Verilog HDL assignment warning at FAN.v(148): truncated value with size 32 to match size of target (8)
Warning (10230): Verilog HDL assignment warning at FAN.v(152): truncated value with size 32 to match size of target (8)
Warning (10230): Verilog HDL assignment warning at FAN.v(155): truncated value with size 32 to match size of target (28)
Warning (10230): Verilog HDL assignment warning at FAN.v(166): truncated value with size 32 to match size of target (3)
Warning (10230): Verilog HDL assignment warning at FAN.v(168): truncated value with size 32 to match size of target (28)
Warning (10230): Verilog HDL assignment warning at FAN.v(180): truncated value with size 32 to match size of target (4)
Warning (10230): Verilog HDL assignment warning at FAN.v(181): truncated value with size 32 to match size of target (4)
Warning (10230): Verilog HDL assignment warning at FAN.v(182): truncated value with size 32 to match size of target (4)
Warning (10230): Verilog HDL assignment warning at FAN.v(183): truncated value with size 32 to match size of target (4)
Warning (10235): Verilog HDL Always Construct warning at FAN.v(188): variable "digit" is read inside the Always Construct but isn't in the Always Construct's Event Control
Info: Inferred 7 megafunctions from design logic
    Info: Inferred divider/modulo megafunction ("lpm_divide") from the following logic: "Mod3"
    Info: Inferred divider/modulo megafunction ("lpm_divide") from the following logic: "Div0"
    Info: Inferred divider/modulo megafunction ("lpm_divide") from the following logic: "Mod2"
    Info: Inferred divider/modulo megafunction ("lpm_divide") from the following logic: "Mod1"
    Info: Inferred divider/modulo megafunction ("lpm_divide") from the following logic: "Div1"
    Info: Inferred divider/modulo megafunction ("lpm_divide") from the following logic: "Mod4"
    Info: Inferred divider/modulo megafunction ("lpm_divide") from the following logic: "Mod0"
Info: Elaborated megafunction instantiation "lpm_divide:Mod3"
Info: Instantiated megafunction "lpm_divide:Mod3" with the following parameter:
    Info: Parameter "LPM_WIDTHN" = "8"
    Info: Parameter "LPM_WIDTHD" = "4"
    Info: Parameter "LPM_NREPRESENTATION" = "UNSIGNED"
    Info: Parameter "LPM_DREPRESENTATION" = "UNSIGNED"
Info: Found 1 design units, including 1 entities, in source file db/lpm_divide_itl.tdf
    Info: Found entity 1: lpm_divide_itl
Info: Found 1 design units, including 1 entities, in source file db/sign_div_unsign_bkh.tdf
    Info: Found entity 1: sign_div_unsign_bkh
Info: Found 1 design units, including 1 entities, in source file db/alt_u_div_6oe.tdf
    Info: Found entity 1: alt_u_div_6oe
Info: Found 1 design units, including 1 entities, in source file db/add_sub_3dc.tdf
    Info: Found entity 1: add_sub_3dc
Info: Found 1 design units, including 1 entities, in source file db/add_sub_4dc.tdf
    Info: Found entity 1: add_sub_4dc
Info: Found 1 design units, including 1 entities, in source file db/add_sub_5dc.tdf
    Info: Found entity 1: add_sub_5dc
Info: Found 1 design units, including 1 entities, in source file db/add_sub_6dc.tdf
    Info: Found entity 1: add_sub_6dc
Info: Found 1 design units, including 1 entities, in source file db/add_sub_7dc.tdf
    Info: Found entity 1: add_sub_7dc
Info: Elaborated megafunction instantiation "lpm_divide:Div0"
Info: Instantiated megafunction "lpm_divide:Div0" with the following parameter:
    Info: Parameter "LPM_WIDTHN" = "8"
    Info: Parameter "LPM_WIDTHD" = "4"
    Info: Parameter "LPM_NREPRESENTATION" = "UNSIGNED"
    Info: Parameter "LPM_DREPRESENTATION" = "UNSIGNED"
Info: Found 1 design units, including 1 entities, in source file db/lpm_divide_f5m.tdf
    Info: Found entity 1: lpm_divide_f5m
Info: Elaborated megafunction instantiation "lpm_divide:Mod0"
Info: Instantiated megafunction "lpm_divide:Mod0" with the following parameter:
    Info: Parameter "LPM_WIDTHN" = "9"
    Info: Parameter "LPM_WIDTHD" = "7"
    Info: Parameter "LPM_NREPRESENTATION" = "UNSIGNED"
    Info: Parameter "LPM_DREPRESENTATION" = "UNSIGNED"
Info: Found 1 design units, including 1 entities, in source file db/lpm_divide_mtl.tdf
    Info: Found entity 1: lpm_divide_mtl
Info: Found 1 design units, including 1 entities, in source file db/sign_div_unsign_fkh.tdf
    Info: Found entity 1: sign_div_unsign_fkh
Info: Found 1 design units, including 1 entities, in source file db/alt_u_div_eoe.tdf
    Info: Found entity 1: alt_u_div_eoe
Info: Found 1 design units, including 1 entities, in source file db/add_sub_8dc.tdf
    Info: Found entity 1: add_sub_8dc
Info: Found 1 design units, including 1 entities, in source file db/add_sub_9dc.tdf
    Info: Found entity 1: add_sub_9dc
Info: Found 1 design units, including 1 entities, in source file db/add_sub_adc.tdf
    Info: Found entity 1: add_sub_adc
Warning: Output pins are stuck at VCC or GND
    Warning (13410): Pin "portc[1]" is stuck at GND
    Warning (13410): Pin "motor[1]" is stuck at GND
Info: Registers with preset signals will power-up high
Info: Generated suppressed messages file C:/Users/user/Desktop/FAN/FAN.map.smsg
Info: Generating hard_block partition "hard_block:auto_generated_inst"
Info: Implemented 626 device resources after synthesis - the final resource count might be different
    Info: Implemented 8 input pins
    Info: Implemented 21 output pins
    Info: Implemented 597 logic cells
Info: Quartus II Analysis & Synthesis was successful. 0 errors, 16 warnings
    Info: Peak virtual memory: 256 megabytes
    Info: Processing ended: Tue Mar 22 14:26:53 2016
    Info: Elapsed time: 00:00:03
    Info: Total CPU time (on all processors): 00:00:03


+------------------------------------------+
; Analysis & Synthesis Suppressed Messages ;
+------------------------------------------+
The suppressed messages can be found in C:/Users/user/Desktop/FAN/FAN.map.smsg.


