Analysis & Synthesis report for RS232_project
Tue Oct 11 11:24:13 2016
Quartus II Version 11.0 Build 208 07/03/2011 Service Pack 1 SJ Web Edition


---------------------
; Table of Contents ;
---------------------
  1. Legal Notice
  2. Analysis & Synthesis Summary
  3. Analysis & Synthesis Settings
  4. Parallel Compilation
  5. Analysis & Synthesis Source Files Read
  6. Analysis & Synthesis Resource Usage Summary
  7. Analysis & Synthesis Resource Utilization by Entity
  8. State Machine - |RS232_project|LCD:u0|state
  9. Registers Removed During Synthesis
 10. General Register Statistics
 11. Inverted Register Statistics
 12. Multiplexer Restructuring Statistics (Restructuring Performed)
 13. Parameter Settings for User Entity Instance: LCD:u0
 14. Parameter Settings for User Entity Instance: RXD:u1
 15. Elapsed Time Per Partition
 16. Analysis & Synthesis Messages
 17. Analysis & Synthesis Suppressed Messages



----------------
; Legal Notice ;
----------------
Copyright (C) 1991-2011 Altera Corporation
Your use of Altera Corporation's design tools, logic functions 
and other software and tools, and its AMPP partner logic 
functions, and any output files from any of the foregoing 
(including device programming or simulation files), and any 
associated documentation or information are expressly subject 
to the terms and conditions of the Altera Program License 
Subscription Agreement, Altera MegaCore Function License 
Agreement, or other applicable license agreement, including, 
without limitation, that your use is for the sole purpose of 
programming logic devices manufactured by Altera and sold by 
Altera or its authorized distributors.  Please refer to the 
applicable agreement for further details.



+-----------------------------------------------------------------------------+
; Analysis & Synthesis Summary                                                ;
+-----------------------------+-----------------------------------------------+
; Analysis & Synthesis Status ; Successful - Tue Oct 11 11:24:13 2016         ;
; Quartus II Version          ; 11.0 Build 208 07/03/2011 SP 1 SJ Web Edition ;
; Revision Name               ; RS232_project                                 ;
; Top-level Entity Name       ; RS232_project                                 ;
; Family                      ; Cyclone                                       ;
; Total logic elements        ; 559                                           ;
; Total pins                  ; 22                                            ;
; Total virtual pins          ; 0                                             ;
; Total memory bits           ; 0                                             ;
; Total PLLs                  ; 0                                             ;
+-----------------------------+-----------------------------------------------+


+----------------------------------------------------------------------------------------------------------------------+
; Analysis & Synthesis Settings                                                                                        ;
+----------------------------------------------------------------------------+--------------------+--------------------+
; Option                                                                     ; Setting            ; Default Value      ;
+----------------------------------------------------------------------------+--------------------+--------------------+
; Device                                                                     ; EP1C6Q240C8        ;                    ;
; Top-level entity name                                                      ; RS232_project      ; RS232_project      ;
; Family name                                                                ; Cyclone            ; Cyclone IV GX      ;
; Use smart compilation                                                      ; Off                ; Off                ;
; Enable parallel Assembler and TimeQuest Timing Analyzer during compilation ; On                 ; On                 ;
; Enable compact report table                                                ; Off                ; Off                ;
; Restructure Multiplexers                                                   ; Auto               ; Auto               ;
; Create Debugging Nodes for IP Cores                                        ; Off                ; Off                ;
; Preserve fewer node names                                                  ; On                 ; On                 ;
; Disable OpenCore Plus hardware evaluation                                  ; Off                ; Off                ;
; Verilog Version                                                            ; Verilog_2001       ; Verilog_2001       ;
; VHDL Version                                                               ; VHDL_1993          ; VHDL_1993          ;
; State Machine Processing                                                   ; Auto               ; Auto               ;
; Safe State Machine                                                         ; Off                ; Off                ;
; Extract Verilog State Machines                                             ; On                 ; On                 ;
; Extract VHDL State Machines                                                ; On                 ; On                 ;
; Ignore Verilog initial constructs                                          ; Off                ; Off                ;
; Iteration limit for constant Verilog loops                                 ; 5000               ; 5000               ;
; Iteration limit for non-constant Verilog loops                             ; 250                ; 250                ;
; Add Pass-Through Logic to Inferred RAMs                                    ; On                 ; On                 ;
; Parallel Synthesis                                                         ; On                 ; On                 ;
; NOT Gate Push-Back                                                         ; On                 ; On                 ;
; Power-Up Don't Care                                                        ; On                 ; On                 ;
; Remove Redundant Logic Cells                                               ; Off                ; Off                ;
; Remove Duplicate Registers                                                 ; On                 ; On                 ;
; Ignore CARRY Buffers                                                       ; Off                ; Off                ;
; Ignore CASCADE Buffers                                                     ; Off                ; Off                ;
; Ignore GLOBAL Buffers                                                      ; Off                ; Off                ;
; Ignore ROW GLOBAL Buffers                                                  ; Off                ; Off                ;
; Ignore LCELL Buffers                                                       ; Off                ; Off                ;
; Ignore SOFT Buffers                                                        ; On                 ; On                 ;
; Limit AHDL Integers to 32 Bits                                             ; Off                ; Off                ;
; Optimization Technique                                                     ; Balanced           ; Balanced           ;
; Carry Chain Length                                                         ; 70                 ; 70                 ;
; Auto Carry Chains                                                          ; On                 ; On                 ;
; Auto Open-Drain Pins                                                       ; On                 ; On                 ;
; Perform WYSIWYG Primitive Resynthesis                                      ; Off                ; Off                ;
; Auto ROM Replacement                                                       ; On                 ; On                 ;
; Auto RAM Replacement                                                       ; On                 ; On                 ;
; Auto Shift Register Replacement                                            ; Auto               ; Auto               ;
; Allow Shift Register Merging across Hierarchies                            ; Auto               ; Auto               ;
; Auto Clock Enable Replacement                                              ; On                 ; On                 ;
; Strict RAM Replacement                                                     ; Off                ; Off                ;
; Allow Synchronous Control Signals                                          ; On                 ; On                 ;
; Force Use of Synchronous Clear Signals                                     ; Off                ; Off                ;
; Auto RAM Block Balancing                                                   ; On                 ; On                 ;
; Auto RAM to Logic Cell Conversion                                          ; Off                ; Off                ;
; Auto Resource Sharing                                                      ; Off                ; Off                ;
; Allow Any RAM Size For Recognition                                         ; Off                ; Off                ;
; Allow Any ROM Size For Recognition                                         ; Off                ; Off                ;
; Allow Any Shift Register Size For Recognition                              ; Off                ; Off                ;
; Use LogicLock Constraints during Resource Balancing                        ; On                 ; On                 ;
; Ignore translate_off and synthesis_off directives                          ; Off                ; Off                ;
; Report Parameter Settings                                                  ; On                 ; On                 ;
; Report Source Assignments                                                  ; On                 ; On                 ;
; Report Connectivity Checks                                                 ; On                 ; On                 ;
; Ignore Maximum Fan-Out Assignments                                         ; Off                ; Off                ;
; Synchronization Register Chain Length                                      ; 2                  ; 2                  ;
; PowerPlay Power Optimization                                               ; Normal compilation ; Normal compilation ;
; HDL message level                                                          ; Level2             ; Level2             ;
; Suppress Register Optimization Related Messages                            ; Off                ; Off                ;
; Number of Removed Registers Reported in Synthesis Report                   ; 5000               ; 5000               ;
; Number of Inverted Registers Reported in Synthesis Report                  ; 100                ; 100                ;
; Clock MUX Protection                                                       ; On                 ; On                 ;
; Block Design Naming                                                        ; Auto               ; Auto               ;
; Synthesis Effort                                                           ; Auto               ; Auto               ;
; Shift Register Replacement - Allow Asynchronous Clear Signal               ; On                 ; On                 ;
; Analysis & Synthesis Message Level                                         ; Medium             ; Medium             ;
; Disable Register Merging Across Hierarchies                                ; Auto               ; Auto               ;
; Resource Aware Inference For Block RAM                                     ; On                 ; On                 ;
; Synthesis Seed                                                             ; 1                  ; 1                  ;
+----------------------------------------------------------------------------+--------------------+--------------------+


Parallel compilation was disabled, but you have multiple processors available. Enable parallel compilation to reduce compilation time.
+-------------------------------------+
; Parallel Compilation                ;
+----------------------------+--------+
; Processors                 ; Number ;
+----------------------------+--------+
; Number detected on machine ; 4      ;
; Maximum allowed            ; 1      ;
+----------------------------+--------+


+-----------------------------------------------------------------------------------------------------------------------------------+
; Analysis & Synthesis Source Files Read                                                                                            ;
+----------------------------------+-----------------+------------------------+-----------------------------------------------------+
; File Name with User-Entered Path ; Used in Netlist ; File Type              ; File Name with Absolute Path                        ;
+----------------------------------+-----------------+------------------------+-----------------------------------------------------+
; RXD.v                            ; yes             ; User Verilog HDL File  ; C:/Users/user/Desktop/RS232_project/RXD.v           ;
; LCD.v                            ; yes             ; User Verilog HDL File  ; C:/Users/user/Desktop/RS232_project/LCD.v           ;
; Data_Storage.v                   ; yes             ; User Verilog HDL File  ; C:/Users/user/Desktop/RS232_project/Data_Storage.v  ;
; RS232_project.v                  ; yes             ; User Verilog HDL File  ; C:/Users/user/Desktop/RS232_project/RS232_project.v ;
+----------------------------------+-----------------+------------------------+-----------------------------------------------------+


+-----------------------------------------------------+
; Analysis & Synthesis Resource Usage Summary         ;
+---------------------------------------------+-------+
; Resource                                    ; Usage ;
+---------------------------------------------+-------+
; Total logic elements                        ; 559   ;
;     -- Combinational with no register       ; 300   ;
;     -- Register only                        ; 10    ;
;     -- Combinational with a register        ; 249   ;
;                                             ;       ;
; Logic element usage by number of LUT inputs ;       ;
;     -- 4 input functions                    ; 349   ;
;     -- 3 input functions                    ; 99    ;
;     -- 2 input functions                    ; 96    ;
;     -- 1 input functions                    ; 5     ;
;     -- 0 input functions                    ; 0     ;
;                                             ;       ;
; Logic elements by mode                      ;       ;
;     -- normal mode                          ; 447   ;
;     -- arithmetic mode                      ; 112   ;
;     -- qfbk mode                            ; 0     ;
;     -- register cascade mode                ; 0     ;
;     -- synchronous clear/load mode          ; 129   ;
;     -- asynchronous clear/load mode         ; 197   ;
;                                             ;       ;
; Total registers                             ; 259   ;
; Total logic cells in carry chains           ; 119   ;
; I/O pins                                    ; 22    ;
; Maximum fan-out node                        ; clk   ;
; Maximum fan-out                             ; 259   ;
; Total fan-out                               ; 2673  ;
; Average fan-out                             ; 4.60  ;
+---------------------------------------------+-------+


+----------------------------------------------------------------------------------------------------------------------------------------------------------------------------------------------------------------------------------+
; Analysis & Synthesis Resource Utilization by Entity                                                                                                                                                                              ;
+----------------------------+-------------+--------------+-------------+------+--------------+--------------+-------------------+------------------+-----------------+------------+--------------------------------+--------------+
; Compilation Hierarchy Node ; Logic Cells ; LC Registers ; Memory Bits ; Pins ; Virtual Pins ; LUT-Only LCs ; Register-Only LCs ; LUT/Register LCs ; Carry Chain LCs ; Packed LCs ; Full Hierarchy Name            ; Library Name ;
+----------------------------+-------------+--------------+-------------+------+--------------+--------------+-------------------+------------------+-----------------+------------+--------------------------------+--------------+
; |RS232_project             ; 559 (0)     ; 259          ; 0           ; 22   ; 0            ; 300 (0)      ; 10 (0)            ; 249 (0)          ; 119 (0)         ; 0 (0)      ; |RS232_project                 ;              ;
;    |Data_Storage:u2|       ; 263 (263)   ; 146          ; 0           ; 0    ; 0            ; 117 (117)    ; 5 (5)             ; 141 (141)        ; 32 (32)         ; 0 (0)      ; |RS232_project|Data_Storage:u2 ;              ;
;    |LCD:u0|                ; 190 (190)   ; 51           ; 0           ; 0    ; 0            ; 139 (139)    ; 4 (4)             ; 47 (47)          ; 43 (43)         ; 0 (0)      ; |RS232_project|LCD:u0          ;              ;
;    |RXD:u1|                ; 106 (106)   ; 62           ; 0           ; 0    ; 0            ; 44 (44)      ; 1 (1)             ; 61 (61)          ; 44 (44)         ; 0 (0)      ; |RS232_project|RXD:u1          ;              ;
+----------------------------+-------------+--------------+-------------+------+--------------+--------------+-------------------+------------------+-----------------+------------+--------------------------------+--------------+
Note: For table entries with two numbers listed, the numbers in parentheses indicate the number of resources of the given type used by the specific entity alone. The numbers listed outside of parentheses indicate the total resources of the given type used by the specific entity and all of its sub-entities in the hierarchy.


Encoding Type:  One-Hot
+-------------------------------------------------------------------------------------------------------------------------------------------------------+
; State Machine - |RS232_project|LCD:u0|state                                                                                                           ;
+--------------------+-----------------+-----------------+------------------+---------------+------------------+--------------------+-------------------+
; Name               ; state.delay_5ms ; state.disp_data ; state.entry_mode ; state.disp_on ; state.disp_clear ; state.function_set ; state.delay_100ms ;
+--------------------+-----------------+-----------------+------------------+---------------+------------------+--------------------+-------------------+
; state.delay_100ms  ; 0               ; 0               ; 0                ; 0             ; 0                ; 0                  ; 0                 ;
; state.function_set ; 0               ; 0               ; 0                ; 0             ; 0                ; 1                  ; 1                 ;
; state.disp_clear   ; 0               ; 0               ; 0                ; 0             ; 1                ; 0                  ; 1                 ;
; state.disp_on      ; 0               ; 0               ; 0                ; 1             ; 0                ; 0                  ; 1                 ;
; state.entry_mode   ; 0               ; 0               ; 1                ; 0             ; 0                ; 0                  ; 1                 ;
; state.disp_data    ; 0               ; 1               ; 0                ; 0             ; 0                ; 0                  ; 1                 ;
; state.delay_5ms    ; 1               ; 0               ; 0                ; 0             ; 0                ; 0                  ; 1                 ;
+--------------------+-----------------+-----------------+------------------+---------------+------------------+--------------------+-------------------+


+------------------------------------------------------------+
; Registers Removed During Synthesis                         ;
+---------------------------------------+--------------------+
; Register name                         ; Reason for Removal ;
+---------------------------------------+--------------------+
; LCD:u0|state~4                        ; Lost fanout        ;
; LCD:u0|state~5                        ; Lost fanout        ;
; LCD:u0|state~6                        ; Lost fanout        ;
; Total Number of Removed Registers = 3 ;                    ;
+---------------------------------------+--------------------+


+------------------------------------------------------+
; General Register Statistics                          ;
+----------------------------------------------+-------+
; Statistic                                    ; Value ;
+----------------------------------------------+-------+
; Total registers                              ; 259   ;
; Number of registers using Synchronous Clear  ; 129   ;
; Number of registers using Synchronous Load   ; 0     ;
; Number of registers using Asynchronous Clear ; 197   ;
; Number of registers using Asynchronous Load  ; 0     ;
; Number of registers using Clock Enable       ; 170   ;
; Number of registers using Preset             ; 0     ;
+----------------------------------------------+-------+


+---------------------------------------------------+
; Inverted Register Statistics                      ;
+-----------------------------------------+---------+
; Inverted Register                       ; Fan out ;
+-----------------------------------------+---------+
; Data_Storage:u2|dataC[5]                ; 4       ;
; Data_Storage:u2|dataB[5]                ; 4       ;
; Data_Storage:u2|dataA[5]                ; 4       ;
; Data_Storage:u2|dataD[5]                ; 4       ;
; Data_Storage:u2|dataE[5]                ; 4       ;
; Data_Storage:u2|data4[5]                ; 4       ;
; Data_Storage:u2|data3[5]                ; 4       ;
; Data_Storage:u2|data2[5]                ; 4       ;
; Data_Storage:u2|data5[5]                ; 4       ;
; Data_Storage:u2|data1[5]                ; 4       ;
; Data_Storage:u2|data0[5]                ; 3       ;
; Data_Storage:u2|data7[5]                ; 4       ;
; Data_Storage:u2|data8[5]                ; 4       ;
; Data_Storage:u2|data6[5]                ; 4       ;
; Data_Storage:u2|data9[5]                ; 4       ;
; Data_Storage:u2|dataF[5]                ; 4       ;
; Total number of inverted registers = 16 ;         ;
+-----------------------------------------+---------+


+-----------------------------------------------------------------------------------------------------------------------------------------------------------------------+
; Multiplexer Restructuring Statistics (Restructuring Performed)                                                                                                        ;
+--------------------+-----------+---------------+----------------------+------------------------+-----------------------------------------+----------------------------+
; Multiplexer Inputs ; Bus Width ; Baseline Area ; Area if Restructured ; Saving if Restructured ; Registered                              ; Example Multiplexer Output ;
+--------------------+-----------+---------------+----------------------+------------------------+-----------------------------------------+----------------------------+
; 4:1                ; 4 bits    ; 8 LEs         ; 4 LEs                ; 4 LEs                  ; |RS232_project|RXD:u1|rx_bit_cnt[3]     ;                            ;
; 4:1                ; 32 bits   ; 64 LEs        ; 32 LEs               ; 32 LEs                 ; |RS232_project|Data_Storage:u2|addr[1]  ;                            ;
; 4:1                ; 20 bits   ; 40 LEs        ; 20 LEs               ; 20 LEs                 ; |RS232_project|RXD:u1|rx_clk_cnt[3]     ;                            ;
; 4:1                ; 5 bits    ; 10 LEs        ; 5 LEs                ; 5 LEs                  ; |RS232_project|LCD:u0|cnt_100ms[2]      ;                            ;
; 4:1                ; 6 bits    ; 12 LEs        ; 6 LEs                ; 6 LEs                  ; |RS232_project|LCD:u0|line[4]           ;                            ;
; 4:1                ; 20 bits   ; 40 LEs        ; 20 LEs               ; 20 LEs                 ; |RS232_project|RXD:u1|check_cnt[6]      ;                            ;
; 6:1                ; 6 bits    ; 24 LEs        ; 12 LEs               ; 12 LEs                 ; |RS232_project|Data_Storage:u2|data0[6] ;                            ;
; 6:1                ; 6 bits    ; 24 LEs        ; 12 LEs               ; 12 LEs                 ; |RS232_project|Data_Storage:u2|data1[3] ;                            ;
; 6:1                ; 6 bits    ; 24 LEs        ; 12 LEs               ; 12 LEs                 ; |RS232_project|Data_Storage:u2|data2[1] ;                            ;
; 6:1                ; 6 bits    ; 24 LEs        ; 12 LEs               ; 12 LEs                 ; |RS232_project|Data_Storage:u2|data3[3] ;                            ;
; 6:1                ; 6 bits    ; 24 LEs        ; 12 LEs               ; 12 LEs                 ; |RS232_project|Data_Storage:u2|data4[4] ;                            ;
; 6:1                ; 6 bits    ; 24 LEs        ; 12 LEs               ; 12 LEs                 ; |RS232_project|Data_Storage:u2|data5[4] ;                            ;
; 6:1                ; 6 bits    ; 24 LEs        ; 12 LEs               ; 12 LEs                 ; |RS232_project|Data_Storage:u2|data6[4] ;                            ;
; 6:1                ; 6 bits    ; 24 LEs        ; 12 LEs               ; 12 LEs                 ; |RS232_project|Data_Storage:u2|data7[4] ;                            ;
; 6:1                ; 6 bits    ; 24 LEs        ; 12 LEs               ; 12 LEs                 ; |RS232_project|Data_Storage:u2|data8[1] ;                            ;
; 6:1                ; 6 bits    ; 24 LEs        ; 12 LEs               ; 12 LEs                 ; |RS232_project|Data_Storage:u2|data9[2] ;                            ;
; 6:1                ; 6 bits    ; 24 LEs        ; 12 LEs               ; 12 LEs                 ; |RS232_project|Data_Storage:u2|dataA[1] ;                            ;
; 6:1                ; 6 bits    ; 24 LEs        ; 12 LEs               ; 12 LEs                 ; |RS232_project|Data_Storage:u2|dataB[1] ;                            ;
; 6:1                ; 6 bits    ; 24 LEs        ; 12 LEs               ; 12 LEs                 ; |RS232_project|Data_Storage:u2|dataC[2] ;                            ;
; 6:1                ; 6 bits    ; 24 LEs        ; 12 LEs               ; 12 LEs                 ; |RS232_project|Data_Storage:u2|dataD[2] ;                            ;
; 6:1                ; 6 bits    ; 24 LEs        ; 12 LEs               ; 12 LEs                 ; |RS232_project|Data_Storage:u2|dataE[2] ;                            ;
; 6:1                ; 6 bits    ; 24 LEs        ; 6 LEs                ; 18 LEs                 ; |RS232_project|Data_Storage:u2|dataF[4] ;                            ;
; 6:1                ; 8 bits    ; 32 LEs        ; 16 LEs               ; 16 LEs                 ; |RS232_project|RXD:u1|rx_data[6]        ;                            ;
; 3:1                ; 2 bits    ; 4 LEs         ; 4 LEs                ; 0 LEs                  ; |RS232_project|LCD:u0|state             ;                            ;
; 64:1               ; 6 bits    ; 252 LEs       ; 138 LEs              ; 114 LEs                ; |RS232_project|LCD:u0|Mux2              ;                            ;
+--------------------+-----------+---------------+----------------------+------------------------+-----------------------------------------+----------------------------+


+-----------------------------------------------------+
; Parameter Settings for User Entity Instance: LCD:u0 ;
+----------------+-------+----------------------------+
; Parameter Name ; Value ; Type                       ;
+----------------+-------+----------------------------+
; delay_100ms    ; 0     ; Signed Integer             ;
; function_set   ; 1     ; Signed Integer             ;
; disp_clear     ; 2     ; Signed Integer             ;
; disp_on        ; 3     ; Signed Integer             ;
; entry_mode     ; 4     ; Signed Integer             ;
; disp_data      ; 5     ; Signed Integer             ;
; delay_5ms      ; 6     ; Signed Integer             ;
+----------------+-------+----------------------------+
Note: In order to hide this table in the UI and the text report file, please set the "Show Parameter Settings in Synthesis Report" option in "Analysis and Synthesis Settings -> More Settings" to "Off".


+-----------------------------------------------------+
; Parameter Settings for User Entity Instance: RXD:u1 ;
+----------------+-------+----------------------------+
; Parameter Name ; Value ; Type                       ;
+----------------+-------+----------------------------+
; baud_rate      ; 5624  ; Signed Integer             ;
; cnt_half       ; 2812  ; Signed Integer             ;
+----------------+-------+----------------------------+
Note: In order to hide this table in the UI and the text report file, please set the "Show Parameter Settings in Synthesis Report" option in "Analysis and Synthesis Settings -> More Settings" to "Off".


+-------------------------------+
; Elapsed Time Per Partition    ;
+----------------+--------------+
; Partition Name ; Elapsed Time ;
+----------------+--------------+
; Top            ; 00:00:01     ;
+----------------+--------------+


+-------------------------------+
; Analysis & Synthesis Messages ;
+-------------------------------+
Info: *******************************************************************
Info: Running Quartus II Analysis & Synthesis
    Info: Version 11.0 Build 208 07/03/2011 Service Pack 1 SJ Web Edition
    Info: Processing started: Tue Oct 11 11:24:11 2016
Info: Command: quartus_map --read_settings_files=on --write_settings_files=off RS232_project -c RS232_project
Warning: Parallel compilation is not licensed and has been disabled
Info: Found 1 design units, including 1 entities, in source file rxd.v
    Info: Found entity 1: RXD
Info: Found 1 design units, including 1 entities, in source file lcd.v
    Info: Found entity 1: LCD
Info: Found 1 design units, including 1 entities, in source file data_storage.v
    Info: Found entity 1: Data_Storage
Info: Found 1 design units, including 1 entities, in source file rs232_project.v
    Info: Found entity 1: RS232_project
Info: Elaborating entity "RS232_project" for the top level hierarchy
Info: Elaborating entity "LCD" for hierarchy "LCD:u0"
Warning (10230): Verilog HDL assignment warning at LCD.v(48): truncated value with size 32 to match size of target (5)
Warning (10230): Verilog HDL assignment warning at LCD.v(60): truncated value with size 32 to match size of target (6)
Warning (10235): Verilog HDL Always Construct warning at LCD.v(144): variable "L0" is read inside the Always Construct but isn't in the Always Construct's Event Control
Warning (10235): Verilog HDL Always Construct warning at LCD.v(145): variable "L1" is read inside the Always Construct but isn't in the Always Construct's Event Control
Warning (10235): Verilog HDL Always Construct warning at LCD.v(146): variable "L2" is read inside the Always Construct but isn't in the Always Construct's Event Control
Warning (10235): Verilog HDL Always Construct warning at LCD.v(147): variable "L3" is read inside the Always Construct but isn't in the Always Construct's Event Control
Warning (10235): Verilog HDL Always Construct warning at LCD.v(148): variable "L4" is read inside the Always Construct but isn't in the Always Construct's Event Control
Warning (10235): Verilog HDL Always Construct warning at LCD.v(149): variable "L5" is read inside the Always Construct but isn't in the Always Construct's Event Control
Warning (10235): Verilog HDL Always Construct warning at LCD.v(150): variable "L6" is read inside the Always Construct but isn't in the Always Construct's Event Control
Warning (10235): Verilog HDL Always Construct warning at LCD.v(151): variable "L7" is read inside the Always Construct but isn't in the Always Construct's Event Control
Warning (10235): Verilog HDL Always Construct warning at LCD.v(152): variable "L8" is read inside the Always Construct but isn't in the Always Construct's Event Control
Warning (10235): Verilog HDL Always Construct warning at LCD.v(153): variable "L9" is read inside the Always Construct but isn't in the Always Construct's Event Control
Warning (10235): Verilog HDL Always Construct warning at LCD.v(154): variable "L_A" is read inside the Always Construct but isn't in the Always Construct's Event Control
Warning (10235): Verilog HDL Always Construct warning at LCD.v(155): variable "L_B" is read inside the Always Construct but isn't in the Always Construct's Event Control
Warning (10235): Verilog HDL Always Construct warning at LCD.v(156): variable "L_C" is read inside the Always Construct but isn't in the Always Construct's Event Control
Warning (10235): Verilog HDL Always Construct warning at LCD.v(157): variable "L_D" is read inside the Always Construct but isn't in the Always Construct's Event Control
Warning (10235): Verilog HDL Always Construct warning at LCD.v(158): variable "L_E" is read inside the Always Construct but isn't in the Always Construct's Event Control
Warning (10235): Verilog HDL Always Construct warning at LCD.v(159): variable "L_F" is read inside the Always Construct but isn't in the Always Construct's Event Control
Info: Elaborating entity "RXD" for hierarchy "RXD:u1"
Warning (10230): Verilog HDL assignment warning at RXD.v(118): truncated value with size 32 to match size of target (20)
Warning (10230): Verilog HDL assignment warning at RXD.v(141): truncated value with size 32 to match size of target (20)
Warning (10230): Verilog HDL assignment warning at RXD.v(153): truncated value with size 32 to match size of target (4)
Info: Elaborating entity "Data_Storage" for hierarchy "Data_Storage:u2"
Warning (10762): Verilog HDL Case Statement warning at Data_Storage.v(78): can't check case statement for completeness because the case expression has too many possible states
Warning (10762): Verilog HDL Case Statement warning at Data_Storage.v(117): can't check case statement for completeness because the case expression has too many possible states
Warning: Output pins are stuck at VCC or GND
    Warning (13410): Pin "lcd_rw" is stuck at GND
Info: Registers with preset signals will power-up high
Info: 3 registers lost all their fanouts during netlist optimizations. The first 3 are displayed below.
    Info: Register "LCD:u0|state~4" lost all its fanouts during netlist optimizations.
    Info: Register "LCD:u0|state~5" lost all its fanouts during netlist optimizations.
    Info: Register "LCD:u0|state~6" lost all its fanouts during netlist optimizations.
Info: Generated suppressed messages file C:/Users/user/Desktop/RS232_project/RS232_project.map.smsg
Info: Generating hard_block partition "hard_block:auto_generated_inst"
Info: Implemented 581 device resources after synthesis - the final resource count might be different
    Info: Implemented 3 input pins
    Info: Implemented 19 output pins
    Info: Implemented 559 logic cells
Info: Quartus II Analysis & Synthesis was successful. 0 errors, 26 warnings
    Info: Peak virtual memory: 249 megabytes
    Info: Processing ended: Tue Oct 11 11:24:13 2016
    Info: Elapsed time: 00:00:02
    Info: Total CPU time (on all processors): 00:00:02


+------------------------------------------+
; Analysis & Synthesis Suppressed Messages ;
+------------------------------------------+
The suppressed messages can be found in C:/Users/user/Desktop/RS232_project/RS232_project.map.smsg.


