Analysis & Synthesis report for ROM_8bitx16
Tue Apr 12 15:21:10 2016
Quartus II Version 11.0 Build 208 07/03/2011 Service Pack 1 SJ Web Edition


---------------------
; Table of Contents ;
---------------------
  1. Legal Notice
  2. Analysis & Synthesis Summary
  3. Analysis & Synthesis Settings
  4. Parallel Compilation
  5. Analysis & Synthesis Source Files Read
  6. Analysis & Synthesis Resource Usage Summary
  7. Analysis & Synthesis Resource Utilization by Entity
  8. Analysis & Synthesis RAM Summary
  9. Analysis & Synthesis IP Cores Summary
 10. General Register Statistics
 11. Source assignments for ROM1:u0|altsyncram:altsyncram_component|altsyncram_ve41:auto_generated
 12. Parameter Settings for User Entity Instance: ROM1:u0|altsyncram:altsyncram_component
 13. altsyncram Parameter Settings by Entity Instance
 14. Elapsed Time Per Partition
 15. Analysis & Synthesis Messages



----------------
; Legal Notice ;
----------------
Copyright (C) 1991-2011 Altera Corporation
Your use of Altera Corporation's design tools, logic functions 
and other software and tools, and its AMPP partner logic 
functions, and any output files from any of the foregoing 
(including device programming or simulation files), and any 
associated documentation or information are expressly subject 
to the terms and conditions of the Altera Program License 
Subscription Agreement, Altera MegaCore Function License 
Agreement, or other applicable license agreement, including, 
without limitation, that your use is for the sole purpose of 
programming logic devices manufactured by Altera and sold by 
Altera or its authorized distributors.  Please refer to the 
applicable agreement for further details.



+-----------------------------------------------------------------------------+
; Analysis & Synthesis Summary                                                ;
+-----------------------------+-----------------------------------------------+
; Analysis & Synthesis Status ; Successful - Tue Apr 12 15:21:10 2016         ;
; Quartus II Version          ; 11.0 Build 208 07/03/2011 SP 1 SJ Web Edition ;
; Revision Name               ; ROM_8bitx16                                   ;
; Top-level Entity Name       ; ROM_8bitx16                                   ;
; Family                      ; Cyclone                                       ;
; Total logic elements        ; 51                                            ;
; Total pins                  ; 15                                            ;
; Total virtual pins          ; 0                                             ;
; Total memory bits           ; 128                                           ;
; Total PLLs                  ; 0                                             ;
+-----------------------------+-----------------------------------------------+


+----------------------------------------------------------------------------------------------------------------------+
; Analysis & Synthesis Settings                                                                                        ;
+----------------------------------------------------------------------------+--------------------+--------------------+
; Option                                                                     ; Setting            ; Default Value      ;
+----------------------------------------------------------------------------+--------------------+--------------------+
; Device                                                                     ; EP1C6Q240C8        ;                    ;
; Top-level entity name                                                      ; ROM_8bitx16        ; ROM_8bitx16        ;
; Family name                                                                ; Cyclone            ; Cyclone IV GX      ;
; Use smart compilation                                                      ; Off                ; Off                ;
; Enable parallel Assembler and TimeQuest Timing Analyzer during compilation ; On                 ; On                 ;
; Enable compact report table                                                ; Off                ; Off                ;
; Restructure Multiplexers                                                   ; Auto               ; Auto               ;
; Create Debugging Nodes for IP Cores                                        ; Off                ; Off                ;
; Preserve fewer node names                                                  ; On                 ; On                 ;
; Disable OpenCore Plus hardware evaluation                                  ; Off                ; Off                ;
; Verilog Version                                                            ; Verilog_2001       ; Verilog_2001       ;
; VHDL Version                                                               ; VHDL_1993          ; VHDL_1993          ;
; State Machine Processing                                                   ; Auto               ; Auto               ;
; Safe State Machine                                                         ; Off                ; Off                ;
; Extract Verilog State Machines                                             ; On                 ; On                 ;
; Extract VHDL State Machines                                                ; On                 ; On                 ;
; Ignore Verilog initial constructs                                          ; Off                ; Off                ;
; Iteration limit for constant Verilog loops                                 ; 5000               ; 5000               ;
; Iteration limit for non-constant Verilog loops                             ; 250                ; 250                ;
; Add Pass-Through Logic to Inferred RAMs                                    ; On                 ; On                 ;
; Parallel Synthesis                                                         ; On                 ; On                 ;
; NOT Gate Push-Back                                                         ; On                 ; On                 ;
; Power-Up Don't Care                                                        ; On                 ; On                 ;
; Remove Redundant Logic Cells                                               ; Off                ; Off                ;
; Remove Duplicate Registers                                                 ; On                 ; On                 ;
; Ignore CARRY Buffers                                                       ; Off                ; Off                ;
; Ignore CASCADE Buffers                                                     ; Off                ; Off                ;
; Ignore GLOBAL Buffers                                                      ; Off                ; Off                ;
; Ignore ROW GLOBAL Buffers                                                  ; Off                ; Off                ;
; Ignore LCELL Buffers                                                       ; Off                ; Off                ;
; Ignore SOFT Buffers                                                        ; On                 ; On                 ;
; Limit AHDL Integers to 32 Bits                                             ; Off                ; Off                ;
; Optimization Technique                                                     ; Balanced           ; Balanced           ;
; Carry Chain Length                                                         ; 70                 ; 70                 ;
; Auto Carry Chains                                                          ; On                 ; On                 ;
; Auto Open-Drain Pins                                                       ; On                 ; On                 ;
; Perform WYSIWYG Primitive Resynthesis                                      ; Off                ; Off                ;
; Auto ROM Replacement                                                       ; On                 ; On                 ;
; Auto RAM Replacement                                                       ; On                 ; On                 ;
; Auto Shift Register Replacement                                            ; Auto               ; Auto               ;
; Allow Shift Register Merging across Hierarchies                            ; Auto               ; Auto               ;
; Auto Clock Enable Replacement                                              ; On                 ; On                 ;
; Strict RAM Replacement                                                     ; Off                ; Off                ;
; Allow Synchronous Control Signals                                          ; On                 ; On                 ;
; Force Use of Synchronous Clear Signals                                     ; Off                ; Off                ;
; Auto RAM Block Balancing                                                   ; On                 ; On                 ;
; Auto RAM to Logic Cell Conversion                                          ; Off                ; Off                ;
; Auto Resource Sharing                                                      ; Off                ; Off                ;
; Allow Any RAM Size For Recognition                                         ; Off                ; Off                ;
; Allow Any ROM Size For Recognition                                         ; Off                ; Off                ;
; Allow Any Shift Register Size For Recognition                              ; Off                ; Off                ;
; Use LogicLock Constraints during Resource Balancing                        ; On                 ; On                 ;
; Ignore translate_off and synthesis_off directives                          ; Off                ; Off                ;
; Report Parameter Settings                                                  ; On                 ; On                 ;
; Report Source Assignments                                                  ; On                 ; On                 ;
; Report Connectivity Checks                                                 ; On                 ; On                 ;
; Ignore Maximum Fan-Out Assignments                                         ; Off                ; Off                ;
; Synchronization Register Chain Length                                      ; 2                  ; 2                  ;
; PowerPlay Power Optimization                                               ; Normal compilation ; Normal compilation ;
; HDL message level                                                          ; Level2             ; Level2             ;
; Suppress Register Optimization Related Messages                            ; Off                ; Off                ;
; Number of Removed Registers Reported in Synthesis Report                   ; 5000               ; 5000               ;
; Number of Inverted Registers Reported in Synthesis Report                  ; 100                ; 100                ;
; Clock MUX Protection                                                       ; On                 ; On                 ;
; Block Design Naming                                                        ; Auto               ; Auto               ;
; Synthesis Effort                                                           ; Auto               ; Auto               ;
; Shift Register Replacement - Allow Asynchronous Clear Signal               ; On                 ; On                 ;
; Analysis & Synthesis Message Level                                         ; Medium             ; Medium             ;
; Disable Register Merging Across Hierarchies                                ; Auto               ; Auto               ;
; Resource Aware Inference For Block RAM                                     ; On                 ; On                 ;
; Synthesis Seed                                                             ; 1                  ; 1                  ;
+----------------------------------------------------------------------------+--------------------+--------------------+


Parallel compilation was disabled, but you have multiple processors available. Enable parallel compilation to reduce compilation time.
+-------------------------------------+
; Parallel Compilation                ;
+----------------------------+--------+
; Processors                 ; Number ;
+----------------------------+--------+
; Number detected on machine ; 4      ;
; Maximum allowed            ; 1      ;
+----------------------------+--------+


+-----------------------------------------------------------------------------------------------------------------------------------------------------------------------+
; Analysis & Synthesis Source Files Read                                                                                                                                ;
+----------------------------------+-----------------+----------------------------------------+-------------------------------------------------------------------------+
; File Name with User-Entered Path ; Used in Netlist ; File Type                              ; File Name with Absolute Path                                            ;
+----------------------------------+-----------------+----------------------------------------+-------------------------------------------------------------------------+
; ROM_8bitx16.v                    ; yes             ; User Verilog HDL File                  ; D:/ROM_8bitx16/ROM_8bitx16.v                                            ;
; ROM1.v                           ; yes             ; User Wizard-Generated File             ; D:/ROM_8bitx16/ROM1.v                                                   ;
; altsyncram.tdf                   ; yes             ; Megafunction                           ; c:/altera/11.0sp1/quartus/libraries/megafunctions/altsyncram.tdf        ;
; stratix_ram_block.inc            ; yes             ; Megafunction                           ; c:/altera/11.0sp1/quartus/libraries/megafunctions/stratix_ram_block.inc ;
; lpm_mux.inc                      ; yes             ; Megafunction                           ; c:/altera/11.0sp1/quartus/libraries/megafunctions/lpm_mux.inc           ;
; lpm_decode.inc                   ; yes             ; Megafunction                           ; c:/altera/11.0sp1/quartus/libraries/megafunctions/lpm_decode.inc        ;
; aglobal110.inc                   ; yes             ; Megafunction                           ; c:/altera/11.0sp1/quartus/libraries/megafunctions/aglobal110.inc        ;
; a_rdenreg.inc                    ; yes             ; Megafunction                           ; c:/altera/11.0sp1/quartus/libraries/megafunctions/a_rdenreg.inc         ;
; altrom.inc                       ; yes             ; Megafunction                           ; c:/altera/11.0sp1/quartus/libraries/megafunctions/altrom.inc            ;
; altram.inc                       ; yes             ; Megafunction                           ; c:/altera/11.0sp1/quartus/libraries/megafunctions/altram.inc            ;
; altdpram.inc                     ; yes             ; Megafunction                           ; c:/altera/11.0sp1/quartus/libraries/megafunctions/altdpram.inc          ;
; db/altsyncram_ve41.tdf           ; yes             ; Auto-Generated Megafunction            ; D:/ROM_8bitx16/db/altsyncram_ve41.tdf                                   ;
; rom_data.mif                     ; yes             ; Auto-Found Memory Initialization File  ; D:/ROM_8bitx16/rom_data.mif                                             ;
+----------------------------------+-----------------+----------------------------------------+-------------------------------------------------------------------------+


+-----------------------------------------------------+
; Analysis & Synthesis Resource Usage Summary         ;
+---------------------------------------------+-------+
; Resource                                    ; Usage ;
+---------------------------------------------+-------+
; Total logic elements                        ; 51    ;
;     -- Combinational with no register       ; 15    ;
;     -- Register only                        ; 0     ;
;     -- Combinational with a register        ; 36    ;
;                                             ;       ;
; Logic element usage by number of LUT inputs ;       ;
;     -- 4 input functions                    ; 14    ;
;     -- 3 input functions                    ; 4     ;
;     -- 2 input functions                    ; 32    ;
;     -- 1 input functions                    ; 1     ;
;     -- 0 input functions                    ; 0     ;
;                                             ;       ;
; Logic elements by mode                      ;       ;
;     -- normal mode                          ; 20    ;
;     -- arithmetic mode                      ; 31    ;
;     -- qfbk mode                            ; 0     ;
;     -- register cascade mode                ; 0     ;
;     -- synchronous clear/load mode          ; 32    ;
;     -- asynchronous clear/load mode         ; 36    ;
;                                             ;       ;
; Total registers                             ; 36    ;
; Total logic cells in carry chains           ; 32    ;
; I/O pins                                    ; 15    ;
; Total memory bits                           ; 128   ;
; Maximum fan-out node                        ; clk   ;
; Maximum fan-out                             ; 44    ;
; Total fan-out                               ; 286   ;
; Average fan-out                             ; 3.86  ;
+---------------------------------------------+-------+


+------------------------------------------------------------------------------------------------------------------------------------------------------------------------------------------------------------------------------------------------------------------------------------------------------+
; Analysis & Synthesis Resource Utilization by Entity                                                                                                                                                                                                                                                  ;
+-------------------------------------------+-------------+--------------+-------------+------+--------------+--------------+-------------------+------------------+-----------------+------------+-------------------------------------------------------------------------------------+--------------+
; Compilation Hierarchy Node                ; Logic Cells ; LC Registers ; Memory Bits ; Pins ; Virtual Pins ; LUT-Only LCs ; Register-Only LCs ; LUT/Register LCs ; Carry Chain LCs ; Packed LCs ; Full Hierarchy Name                                                                 ; Library Name ;
+-------------------------------------------+-------------+--------------+-------------+------+--------------+--------------+-------------------+------------------+-----------------+------------+-------------------------------------------------------------------------------------+--------------+
; |ROM_8bitx16                              ; 51 (51)     ; 36           ; 128         ; 15   ; 0            ; 15 (15)      ; 0 (0)             ; 36 (36)          ; 32 (32)         ; 0 (0)      ; |ROM_8bitx16                                                                        ;              ;
;    |ROM1:u0|                              ; 0 (0)       ; 0            ; 128         ; 0    ; 0            ; 0 (0)        ; 0 (0)             ; 0 (0)            ; 0 (0)           ; 0 (0)      ; |ROM_8bitx16|ROM1:u0                                                                ;              ;
;       |altsyncram:altsyncram_component|   ; 0 (0)       ; 0            ; 128         ; 0    ; 0            ; 0 (0)        ; 0 (0)             ; 0 (0)            ; 0 (0)           ; 0 (0)      ; |ROM_8bitx16|ROM1:u0|altsyncram:altsyncram_component                                ;              ;
;          |altsyncram_ve41:auto_generated| ; 0 (0)       ; 0            ; 128         ; 0    ; 0            ; 0 (0)        ; 0 (0)             ; 0 (0)            ; 0 (0)           ; 0 (0)      ; |ROM_8bitx16|ROM1:u0|altsyncram:altsyncram_component|altsyncram_ve41:auto_generated ;              ;
+-------------------------------------------+-------------+--------------+-------------+------+--------------+--------------+-------------------+------------------+-----------------+------------+-------------------------------------------------------------------------------------+--------------+
Note: For table entries with two numbers listed, the numbers in parentheses indicate the number of resources of the given type used by the specific entity alone. The numbers listed outside of parentheses indicate the total resources of the given type used by the specific entity and all of its sub-entities in the hierarchy.


+--------------------------------------------------------------------------------------------------------------------------------------------------------------------------------------------------+
; Analysis & Synthesis RAM Summary                                                                                                                                                                 ;
+-----------------------------------------------------------------------------------+------+------+--------------+--------------+--------------+--------------+------+-----------------------------+
; Name                                                                              ; Type ; Mode ; Port A Depth ; Port A Width ; Port B Depth ; Port B Width ; Size ; MIF                         ;
+-----------------------------------------------------------------------------------+------+------+--------------+--------------+--------------+--------------+------+-----------------------------+
; ROM1:u0|altsyncram:altsyncram_component|altsyncram_ve41:auto_generated|ALTSYNCRAM ; AUTO ; ROM  ; 16           ; 8            ; --           ; --           ; 128  ; D:/ROM_8bitx16/rom_data.mif ;
+-----------------------------------------------------------------------------------+------+------+--------------+--------------+--------------+--------------+------+-----------------------------+


+--------------------------------------------------------------------------------------------------------------+
; Analysis & Synthesis IP Cores Summary                                                                        ;
+--------+--------------+---------+--------------+--------------+----------------------+-----------------------+
; Vendor ; IP Core Name ; Version ; Release Date ; License Type ; Entity Instance      ; IP Include File       ;
+--------+--------------+---------+--------------+--------------+----------------------+-----------------------+
; Altera ; ROM: 1-PORT  ; 11.0    ; N/A          ; N/A          ; |ROM_8bitx16|ROM1:u0 ; D:/ROM_8bitx16/ROM1.v ;
+--------+--------------+---------+--------------+--------------+----------------------+-----------------------+


+------------------------------------------------------+
; General Register Statistics                          ;
+----------------------------------------------+-------+
; Statistic                                    ; Value ;
+----------------------------------------------+-------+
; Total registers                              ; 36    ;
; Number of registers using Synchronous Clear  ; 32    ;
; Number of registers using Synchronous Load   ; 0     ;
; Number of registers using Asynchronous Clear ; 36    ;
; Number of registers using Asynchronous Load  ; 0     ;
; Number of registers using Clock Enable       ; 0     ;
; Number of registers using Preset             ; 0     ;
+----------------------------------------------+-------+


+-----------------------------------------------------------------------------------------------+
; Source assignments for ROM1:u0|altsyncram:altsyncram_component|altsyncram_ve41:auto_generated ;
+---------------------------------+--------------------+------+---------------------------------+
; Assignment                      ; Value              ; From ; To                              ;
+---------------------------------+--------------------+------+---------------------------------+
; OPTIMIZE_POWER_DURING_SYNTHESIS ; NORMAL_COMPILATION ; -    ; -                               ;
+---------------------------------+--------------------+------+---------------------------------+


+--------------------------------------------------------------------------------------+
; Parameter Settings for User Entity Instance: ROM1:u0|altsyncram:altsyncram_component ;
+------------------------------------+-----------------------------+-------------------+
; Parameter Name                     ; Value                       ; Type              ;
+------------------------------------+-----------------------------+-------------------+
; BYTE_SIZE_BLOCK                    ; 8                           ; Untyped           ;
; AUTO_CARRY_CHAINS                  ; ON                          ; AUTO_CARRY        ;
; IGNORE_CARRY_BUFFERS               ; OFF                         ; IGNORE_CARRY      ;
; AUTO_CASCADE_CHAINS                ; ON                          ; AUTO_CASCADE      ;
; IGNORE_CASCADE_BUFFERS             ; OFF                         ; IGNORE_CASCADE    ;
; WIDTH_BYTEENA                      ; 1                           ; Untyped           ;
; OPERATION_MODE                     ; ROM                         ; Untyped           ;
; WIDTH_A                            ; 8                           ; Signed Integer    ;
; WIDTHAD_A                          ; 4                           ; Signed Integer    ;
; NUMWORDS_A                         ; 16                          ; Signed Integer    ;
; OUTDATA_REG_A                      ; CLOCK0                      ; Untyped           ;
; ADDRESS_ACLR_A                     ; NONE                        ; Untyped           ;
; OUTDATA_ACLR_A                     ; NONE                        ; Untyped           ;
; WRCONTROL_ACLR_A                   ; NONE                        ; Untyped           ;
; INDATA_ACLR_A                      ; NONE                        ; Untyped           ;
; BYTEENA_ACLR_A                     ; NONE                        ; Untyped           ;
; WIDTH_B                            ; 1                           ; Untyped           ;
; WIDTHAD_B                          ; 1                           ; Untyped           ;
; NUMWORDS_B                         ; 1                           ; Untyped           ;
; INDATA_REG_B                       ; CLOCK1                      ; Untyped           ;
; WRCONTROL_WRADDRESS_REG_B          ; CLOCK1                      ; Untyped           ;
; RDCONTROL_REG_B                    ; CLOCK1                      ; Untyped           ;
; ADDRESS_REG_B                      ; CLOCK1                      ; Untyped           ;
; OUTDATA_REG_B                      ; UNREGISTERED                ; Untyped           ;
; BYTEENA_REG_B                      ; CLOCK1                      ; Untyped           ;
; INDATA_ACLR_B                      ; NONE                        ; Untyped           ;
; WRCONTROL_ACLR_B                   ; NONE                        ; Untyped           ;
; ADDRESS_ACLR_B                     ; NONE                        ; Untyped           ;
; OUTDATA_ACLR_B                     ; NONE                        ; Untyped           ;
; RDCONTROL_ACLR_B                   ; NONE                        ; Untyped           ;
; BYTEENA_ACLR_B                     ; NONE                        ; Untyped           ;
; WIDTH_BYTEENA_A                    ; 1                           ; Signed Integer    ;
; WIDTH_BYTEENA_B                    ; 1                           ; Untyped           ;
; RAM_BLOCK_TYPE                     ; AUTO                        ; Untyped           ;
; BYTE_SIZE                          ; 8                           ; Untyped           ;
; READ_DURING_WRITE_MODE_MIXED_PORTS ; DONT_CARE                   ; Untyped           ;
; READ_DURING_WRITE_MODE_PORT_A      ; NEW_DATA_NO_NBE_READ        ; Untyped           ;
; READ_DURING_WRITE_MODE_PORT_B      ; NEW_DATA_NO_NBE_READ        ; Untyped           ;
; INIT_FILE                          ; D:/ROM_8bitx16/rom_data.mif ; Untyped           ;
; INIT_FILE_LAYOUT                   ; PORT_A                      ; Untyped           ;
; MAXIMUM_DEPTH                      ; 0                           ; Untyped           ;
; CLOCK_ENABLE_INPUT_A               ; NORMAL                      ; Untyped           ;
; CLOCK_ENABLE_INPUT_B               ; NORMAL                      ; Untyped           ;
; CLOCK_ENABLE_OUTPUT_A              ; NORMAL                      ; Untyped           ;
; CLOCK_ENABLE_OUTPUT_B              ; NORMAL                      ; Untyped           ;
; CLOCK_ENABLE_CORE_A                ; USE_INPUT_CLKEN             ; Untyped           ;
; CLOCK_ENABLE_CORE_B                ; USE_INPUT_CLKEN             ; Untyped           ;
; ENABLE_ECC                         ; FALSE                       ; Untyped           ;
; WIDTH_ECCSTATUS                    ; 3                           ; Untyped           ;
; DEVICE_FAMILY                      ; Cyclone                     ; Untyped           ;
; CBXI_PARAMETER                     ; altsyncram_ve41             ; Untyped           ;
+------------------------------------+-----------------------------+-------------------+
Note: In order to hide this table in the UI and the text report file, please set the "Show Parameter Settings in Synthesis Report" option in "Analysis and Synthesis Settings -> More Settings" to "Off".


+-------------------------------------------------------------------------------------+
; altsyncram Parameter Settings by Entity Instance                                    ;
+-------------------------------------------+-----------------------------------------+
; Name                                      ; Value                                   ;
+-------------------------------------------+-----------------------------------------+
; Number of entity instances                ; 1                                       ;
; Entity Instance                           ; ROM1:u0|altsyncram:altsyncram_component ;
;     -- OPERATION_MODE                     ; ROM                                     ;
;     -- WIDTH_A                            ; 8                                       ;
;     -- NUMWORDS_A                         ; 16                                      ;
;     -- OUTDATA_REG_A                      ; CLOCK0                                  ;
;     -- WIDTH_B                            ; 1                                       ;
;     -- NUMWORDS_B                         ; 1                                       ;
;     -- ADDRESS_REG_B                      ; CLOCK1                                  ;
;     -- OUTDATA_REG_B                      ; UNREGISTERED                            ;
;     -- RAM_BLOCK_TYPE                     ; AUTO                                    ;
;     -- READ_DURING_WRITE_MODE_MIXED_PORTS ; DONT_CARE                               ;
+-------------------------------------------+-----------------------------------------+


+-------------------------------+
; Elapsed Time Per Partition    ;
+----------------+--------------+
; Partition Name ; Elapsed Time ;
+----------------+--------------+
; Top            ; 00:00:00     ;
+----------------+--------------+


+-------------------------------+
; Analysis & Synthesis Messages ;
+-------------------------------+
Info: *******************************************************************
Info: Running Quartus II Analysis & Synthesis
    Info: Version 11.0 Build 208 07/03/2011 Service Pack 1 SJ Web Edition
    Info: Processing started: Tue Apr 12 15:21:08 2016
Info: Command: quartus_map --read_settings_files=on --write_settings_files=off ROM_8bitx16 -c ROM_8bitx16
Warning: Parallel compilation is not licensed and has been disabled
Info: Found 1 design units, including 1 entities, in source file rom_8bitx16.v
    Info: Found entity 1: ROM_8bitx16
Info: Found 1 design units, including 1 entities, in source file rom1.v
    Info: Found entity 1: ROM1
Info: Elaborating entity "ROM_8bitx16" for the top level hierarchy
Warning (10230): Verilog HDL assignment warning at ROM_8bitx16.v(55): truncated value with size 32 to match size of target (4)
Info: Elaborating entity "ROM1" for hierarchy "ROM1:u0"
Info: Elaborating entity "altsyncram" for hierarchy "ROM1:u0|altsyncram:altsyncram_component"
Info: Elaborated megafunction instantiation "ROM1:u0|altsyncram:altsyncram_component"
Info: Instantiated megafunction "ROM1:u0|altsyncram:altsyncram_component" with the following parameter:
    Info: Parameter "address_aclr_a" = "NONE"
    Info: Parameter "init_file" = "D:/ROM_8bitx16/rom_data.mif"
    Info: Parameter "intended_device_family" = "Cyclone"
    Info: Parameter "lpm_hint" = "ENABLE_RUNTIME_MOD=NO"
    Info: Parameter "lpm_type" = "altsyncram"
    Info: Parameter "numwords_a" = "16"
    Info: Parameter "operation_mode" = "ROM"
    Info: Parameter "outdata_aclr_a" = "NONE"
    Info: Parameter "outdata_reg_a" = "CLOCK0"
    Info: Parameter "widthad_a" = "4"
    Info: Parameter "width_a" = "8"
    Info: Parameter "width_byteena_a" = "1"
Info: Found 1 design units, including 1 entities, in source file db/altsyncram_ve41.tdf
    Info: Found entity 1: altsyncram_ve41
Info: Elaborating entity "altsyncram_ve41" for hierarchy "ROM1:u0|altsyncram:altsyncram_component|altsyncram_ve41:auto_generated"
Warning: Output pins are stuck at VCC or GND
    Warning (13410): Pin "fnd_sel[0]" is stuck at GND
    Warning (13410): Pin "fnd_sel[1]" is stuck at VCC
    Warning (13410): Pin "fnd_sel[2]" is stuck at VCC
    Warning (13410): Pin "fnd_sel[3]" is stuck at VCC
Info: Generating hard_block partition "hard_block:auto_generated_inst"
Info: Implemented 74 device resources after synthesis - the final resource count might be different
    Info: Implemented 2 input pins
    Info: Implemented 13 output pins
    Info: Implemented 51 logic cells
    Info: Implemented 8 RAM segments
Info: Quartus II Analysis & Synthesis was successful. 0 errors, 7 warnings
    Info: Peak virtual memory: 257 megabytes
    Info: Processing ended: Tue Apr 12 15:21:10 2016
    Info: Elapsed time: 00:00:02
    Info: Total CPU time (on all processors): 00:00:01


