Analysis & Synthesis report for Serial_TX_ADC
Tue Sep 27 11:33:25 2016
Quartus II Version 11.0 Build 208 07/03/2011 Service Pack 1 SJ Web Edition


---------------------
; Table of Contents ;
---------------------
  1. Legal Notice
  2. Analysis & Synthesis Summary
  3. Analysis & Synthesis Settings
  4. Parallel Compilation
  5. Analysis & Synthesis Source Files Read
  6. Analysis & Synthesis Resource Usage Summary
  7. Analysis & Synthesis Resource Utilization by Entity
  8. State Machine - |Serial_TX_ADC|ADC1:u1|state
  9. User-Specified and Inferred Latches
 10. Registers Removed During Synthesis
 11. General Register Statistics
 12. Inverted Register Statistics
 13. Multiplexer Restructuring Statistics (Restructuring Performed)
 14. Parameter Settings for User Entity Instance: Serial_TX3:u0
 15. Parameter Settings for User Entity Instance: ADC1:u1
 16. Parameter Settings for Inferred Entity Instance: Serial_TX3:u0|lpm_divide:Div0
 17. Parameter Settings for Inferred Entity Instance: Serial_TX3:u0|lpm_divide:Mod0
 18. Parameter Settings for Inferred Entity Instance: Serial_TX3:u0|lpm_divide:Div1
 19. Parameter Settings for Inferred Entity Instance: Serial_TX3:u0|lpm_divide:Mod1
 20. Parameter Settings for Inferred Entity Instance: Serial_TX3:u0|lpm_divide:Mod2
 21. Elapsed Time Per Partition
 22. Analysis & Synthesis Messages



----------------
; Legal Notice ;
----------------
Copyright (C) 1991-2011 Altera Corporation
Your use of Altera Corporation's design tools, logic functions 
and other software and tools, and its AMPP partner logic 
functions, and any output files from any of the foregoing 
(including device programming or simulation files), and any 
associated documentation or information are expressly subject 
to the terms and conditions of the Altera Program License 
Subscription Agreement, Altera MegaCore Function License 
Agreement, or other applicable license agreement, including, 
without limitation, that your use is for the sole purpose of 
programming logic devices manufactured by Altera and sold by 
Altera or its authorized distributors.  Please refer to the 
applicable agreement for further details.



+-----------------------------------------------------------------------------+
; Analysis & Synthesis Summary                                                ;
+-----------------------------+-----------------------------------------------+
; Analysis & Synthesis Status ; Successful - Tue Sep 27 11:33:25 2016         ;
; Quartus II Version          ; 11.0 Build 208 07/03/2011 SP 1 SJ Web Edition ;
; Revision Name               ; Serial_TX_ADC                                 ;
; Top-level Entity Name       ; Serial_TX_ADC                                 ;
; Family                      ; Cyclone                                       ;
; Total logic elements        ; 288                                           ;
; Total pins                  ; 28                                            ;
; Total virtual pins          ; 0                                             ;
; Total memory bits           ; 0                                             ;
; Total PLLs                  ; 0                                             ;
+-----------------------------+-----------------------------------------------+


+----------------------------------------------------------------------------------------------------------------------+
; Analysis & Synthesis Settings                                                                                        ;
+----------------------------------------------------------------------------+--------------------+--------------------+
; Option                                                                     ; Setting            ; Default Value      ;
+----------------------------------------------------------------------------+--------------------+--------------------+
; Device                                                                     ; EP1C6Q240C8        ;                    ;
; Top-level entity name                                                      ; Serial_TX_ADC      ; Serial_TX_ADC      ;
; Family name                                                                ; Cyclone            ; Cyclone IV GX      ;
; Use smart compilation                                                      ; Off                ; Off                ;
; Enable parallel Assembler and TimeQuest Timing Analyzer during compilation ; On                 ; On                 ;
; Enable compact report table                                                ; Off                ; Off                ;
; Restructure Multiplexers                                                   ; Auto               ; Auto               ;
; Create Debugging Nodes for IP Cores                                        ; Off                ; Off                ;
; Preserve fewer node names                                                  ; On                 ; On                 ;
; Disable OpenCore Plus hardware evaluation                                  ; Off                ; Off                ;
; Verilog Version                                                            ; Verilog_2001       ; Verilog_2001       ;
; VHDL Version                                                               ; VHDL_1993          ; VHDL_1993          ;
; State Machine Processing                                                   ; Auto               ; Auto               ;
; Safe State Machine                                                         ; Off                ; Off                ;
; Extract Verilog State Machines                                             ; On                 ; On                 ;
; Extract VHDL State Machines                                                ; On                 ; On                 ;
; Ignore Verilog initial constructs                                          ; Off                ; Off                ;
; Iteration limit for constant Verilog loops                                 ; 5000               ; 5000               ;
; Iteration limit for non-constant Verilog loops                             ; 250                ; 250                ;
; Add Pass-Through Logic to Inferred RAMs                                    ; On                 ; On                 ;
; Parallel Synthesis                                                         ; On                 ; On                 ;
; NOT Gate Push-Back                                                         ; On                 ; On                 ;
; Power-Up Don't Care                                                        ; On                 ; On                 ;
; Remove Redundant Logic Cells                                               ; Off                ; Off                ;
; Remove Duplicate Registers                                                 ; On                 ; On                 ;
; Ignore CARRY Buffers                                                       ; Off                ; Off                ;
; Ignore CASCADE Buffers                                                     ; Off                ; Off                ;
; Ignore GLOBAL Buffers                                                      ; Off                ; Off                ;
; Ignore ROW GLOBAL Buffers                                                  ; Off                ; Off                ;
; Ignore LCELL Buffers                                                       ; Off                ; Off                ;
; Ignore SOFT Buffers                                                        ; On                 ; On                 ;
; Limit AHDL Integers to 32 Bits                                             ; Off                ; Off                ;
; Optimization Technique                                                     ; Balanced           ; Balanced           ;
; Carry Chain Length                                                         ; 70                 ; 70                 ;
; Auto Carry Chains                                                          ; On                 ; On                 ;
; Auto Open-Drain Pins                                                       ; On                 ; On                 ;
; Perform WYSIWYG Primitive Resynthesis                                      ; Off                ; Off                ;
; Auto ROM Replacement                                                       ; On                 ; On                 ;
; Auto RAM Replacement                                                       ; On                 ; On                 ;
; Auto Shift Register Replacement                                            ; Auto               ; Auto               ;
; Allow Shift Register Merging across Hierarchies                            ; Auto               ; Auto               ;
; Auto Clock Enable Replacement                                              ; On                 ; On                 ;
; Strict RAM Replacement                                                     ; Off                ; Off                ;
; Allow Synchronous Control Signals                                          ; On                 ; On                 ;
; Force Use of Synchronous Clear Signals                                     ; Off                ; Off                ;
; Auto RAM Block Balancing                                                   ; On                 ; On                 ;
; Auto RAM to Logic Cell Conversion                                          ; Off                ; Off                ;
; Auto Resource Sharing                                                      ; Off                ; Off                ;
; Allow Any RAM Size For Recognition                                         ; Off                ; Off                ;
; Allow Any ROM Size For Recognition                                         ; Off                ; Off                ;
; Allow Any Shift Register Size For Recognition                              ; Off                ; Off                ;
; Use LogicLock Constraints during Resource Balancing                        ; On                 ; On                 ;
; Ignore translate_off and synthesis_off directives                          ; Off                ; Off                ;
; Report Parameter Settings                                                  ; On                 ; On                 ;
; Report Source Assignments                                                  ; On                 ; On                 ;
; Report Connectivity Checks                                                 ; On                 ; On                 ;
; Ignore Maximum Fan-Out Assignments                                         ; Off                ; Off                ;
; Synchronization Register Chain Length                                      ; 2                  ; 2                  ;
; PowerPlay Power Optimization                                               ; Normal compilation ; Normal compilation ;
; HDL message level                                                          ; Level2             ; Level2             ;
; Suppress Register Optimization Related Messages                            ; Off                ; Off                ;
; Number of Removed Registers Reported in Synthesis Report                   ; 5000               ; 5000               ;
; Number of Inverted Registers Reported in Synthesis Report                  ; 100                ; 100                ;
; Clock MUX Protection                                                       ; On                 ; On                 ;
; Block Design Naming                                                        ; Auto               ; Auto               ;
; Synthesis Effort                                                           ; Auto               ; Auto               ;
; Shift Register Replacement - Allow Asynchronous Clear Signal               ; On                 ; On                 ;
; Analysis & Synthesis Message Level                                         ; Medium             ; Medium             ;
; Disable Register Merging Across Hierarchies                                ; Auto               ; Auto               ;
; Resource Aware Inference For Block RAM                                     ; On                 ; On                 ;
; Synthesis Seed                                                             ; 1                  ; 1                  ;
+----------------------------------------------------------------------------+--------------------+--------------------+


Parallel compilation was disabled, but you have multiple processors available. Enable parallel compilation to reduce compilation time.
+-------------------------------------+
; Parallel Compilation                ;
+----------------------------+--------+
; Processors                 ; Number ;
+----------------------------+--------+
; Number detected on machine ; 4      ;
; Maximum allowed            ; 1      ;
+----------------------------+--------+


+-----------------------------------------------------------------------------------------------------------------------------------------------------------+
; Analysis & Synthesis Source Files Read                                                                                                                    ;
+----------------------------------+-----------------+------------------------------+-----------------------------------------------------------------------+
; File Name with User-Entered Path ; Used in Netlist ; File Type                    ; File Name with Absolute Path                                          ;
+----------------------------------+-----------------+------------------------------+-----------------------------------------------------------------------+
; ADC1.v                           ; yes             ; User Verilog HDL File        ; C:/Users/user/Desktop/Serial_TX_ADC/ADC1.v                            ;
; Serial_TX3.v                     ; yes             ; User Verilog HDL File        ; C:/Users/user/Desktop/Serial_TX_ADC/Serial_TX3.v                      ;
; Serial_TX_ADC.v                  ; yes             ; User Verilog HDL File        ; C:/Users/user/Desktop/Serial_TX_ADC/Serial_TX_ADC.v                   ;
; lpm_divide.tdf                   ; yes             ; Megafunction                 ; c:/altera/11.0sp1/quartus/libraries/megafunctions/lpm_divide.tdf      ;
; abs_divider.inc                  ; yes             ; Megafunction                 ; c:/altera/11.0sp1/quartus/libraries/megafunctions/abs_divider.inc     ;
; sign_div_unsign.inc              ; yes             ; Megafunction                 ; c:/altera/11.0sp1/quartus/libraries/megafunctions/sign_div_unsign.inc ;
; aglobal110.inc                   ; yes             ; Megafunction                 ; c:/altera/11.0sp1/quartus/libraries/megafunctions/aglobal110.inc      ;
; db/lpm_divide_i5m.tdf            ; yes             ; Auto-Generated Megafunction  ; C:/Users/user/Desktop/Serial_TX_ADC/db/lpm_divide_i5m.tdf             ;
; db/sign_div_unsign_ekh.tdf       ; yes             ; Auto-Generated Megafunction  ; C:/Users/user/Desktop/Serial_TX_ADC/db/sign_div_unsign_ekh.tdf        ;
; db/alt_u_div_coe.tdf             ; yes             ; Auto-Generated Megafunction  ; C:/Users/user/Desktop/Serial_TX_ADC/db/alt_u_div_coe.tdf              ;
; db/add_sub_3dc.tdf               ; yes             ; Auto-Generated Megafunction  ; C:/Users/user/Desktop/Serial_TX_ADC/db/add_sub_3dc.tdf                ;
; db/add_sub_4dc.tdf               ; yes             ; Auto-Generated Megafunction  ; C:/Users/user/Desktop/Serial_TX_ADC/db/add_sub_4dc.tdf                ;
; db/add_sub_5dc.tdf               ; yes             ; Auto-Generated Megafunction  ; C:/Users/user/Desktop/Serial_TX_ADC/db/add_sub_5dc.tdf                ;
; db/add_sub_6dc.tdf               ; yes             ; Auto-Generated Megafunction  ; C:/Users/user/Desktop/Serial_TX_ADC/db/add_sub_6dc.tdf                ;
; db/add_sub_7dc.tdf               ; yes             ; Auto-Generated Megafunction  ; C:/Users/user/Desktop/Serial_TX_ADC/db/add_sub_7dc.tdf                ;
; db/add_sub_8dc.tdf               ; yes             ; Auto-Generated Megafunction  ; C:/Users/user/Desktop/Serial_TX_ADC/db/add_sub_8dc.tdf                ;
; db/add_sub_9dc.tdf               ; yes             ; Auto-Generated Megafunction  ; C:/Users/user/Desktop/Serial_TX_ADC/db/add_sub_9dc.tdf                ;
; db/add_sub_adc.tdf               ; yes             ; Auto-Generated Megafunction  ; C:/Users/user/Desktop/Serial_TX_ADC/db/add_sub_adc.tdf                ;
; db/lpm_divide_itl.tdf            ; yes             ; Auto-Generated Megafunction  ; C:/Users/user/Desktop/Serial_TX_ADC/db/lpm_divide_itl.tdf             ;
; db/sign_div_unsign_bkh.tdf       ; yes             ; Auto-Generated Megafunction  ; C:/Users/user/Desktop/Serial_TX_ADC/db/sign_div_unsign_bkh.tdf        ;
; db/alt_u_div_6oe.tdf             ; yes             ; Auto-Generated Megafunction  ; C:/Users/user/Desktop/Serial_TX_ADC/db/alt_u_div_6oe.tdf              ;
; db/lpm_divide_f5m.tdf            ; yes             ; Auto-Generated Megafunction  ; C:/Users/user/Desktop/Serial_TX_ADC/db/lpm_divide_f5m.tdf             ;
+----------------------------------+-----------------+------------------------------+-----------------------------------------------------------------------+


+-----------------------------------------------------+
; Analysis & Synthesis Resource Usage Summary         ;
+---------------------------------------------+-------+
; Resource                                    ; Usage ;
+---------------------------------------------+-------+
; Total logic elements                        ; 288   ;
;     -- Combinational with no register       ; 214   ;
;     -- Register only                        ; 8     ;
;     -- Combinational with a register        ; 66    ;
;                                             ;       ;
; Logic element usage by number of LUT inputs ;       ;
;     -- 4 input functions                    ; 52    ;
;     -- 3 input functions                    ; 58    ;
;     -- 2 input functions                    ; 121   ;
;     -- 1 input functions                    ; 49    ;
;     -- 0 input functions                    ; 0     ;
;                                             ;       ;
; Logic elements by mode                      ;       ;
;     -- normal mode                          ; 188   ;
;     -- arithmetic mode                      ; 100   ;
;     -- qfbk mode                            ; 0     ;
;     -- register cascade mode                ; 0     ;
;     -- synchronous clear/load mode          ; 46    ;
;     -- asynchronous clear/load mode         ; 36    ;
;                                             ;       ;
; Total registers                             ; 74    ;
; Total logic cells in carry chains           ; 130   ;
; I/O pins                                    ; 28    ;
; Maximum fan-out node                        ; clk   ;
; Maximum fan-out                             ; 74    ;
; Total fan-out                               ; 872   ;
; Average fan-out                             ; 2.76  ;
+---------------------------------------------+-------+


+---------------------------------------------------------------------------------------------------------------------------------------------------------------------------------------------------------------------------------------------------------------------------------------------------------------------------------------------------------------------+
; Analysis & Synthesis Resource Utilization by Entity                                                                                                                                                                                                                                                                                                                 ;
+-------------------------------------------+-------------+--------------+-------------+------+--------------+--------------+-------------------+------------------+-----------------+------------+----------------------------------------------------------------------------------------------------------------------------------------------------+--------------+
; Compilation Hierarchy Node                ; Logic Cells ; LC Registers ; Memory Bits ; Pins ; Virtual Pins ; LUT-Only LCs ; Register-Only LCs ; LUT/Register LCs ; Carry Chain LCs ; Packed LCs ; Full Hierarchy Name                                                                                                                                ; Library Name ;
+-------------------------------------------+-------------+--------------+-------------+------+--------------+--------------+-------------------+------------------+-----------------+------------+----------------------------------------------------------------------------------------------------------------------------------------------------+--------------+
; |Serial_TX_ADC                            ; 288 (0)     ; 74           ; 0           ; 28   ; 0            ; 214 (0)      ; 8 (0)             ; 66 (0)           ; 130 (0)         ; 0 (0)      ; |Serial_TX_ADC                                                                                                                                     ;              ;
;    |ADC1:u1|                              ; 49 (49)     ; 33           ; 0           ; 0    ; 0            ; 16 (16)      ; 0 (0)             ; 33 (33)          ; 21 (21)         ; 0 (0)      ; |Serial_TX_ADC|ADC1:u1                                                                                                                             ;              ;
;    |Serial_TX3:u0|                        ; 239 (77)    ; 41           ; 0           ; 0    ; 0            ; 198 (36)     ; 8 (8)             ; 33 (33)          ; 109 (21)        ; 0 (0)      ; |Serial_TX_ADC|Serial_TX3:u0                                                                                                                       ;              ;
;       |lpm_divide:Div0|                   ; 27 (0)      ; 0            ; 0           ; 0    ; 0            ; 27 (0)       ; 0 (0)             ; 0 (0)            ; 15 (0)          ; 0 (0)      ; |Serial_TX_ADC|Serial_TX3:u0|lpm_divide:Div0                                                                                                       ;              ;
;          |lpm_divide_i5m:auto_generated|  ; 27 (0)      ; 0            ; 0           ; 0    ; 0            ; 27 (0)       ; 0 (0)             ; 0 (0)            ; 15 (0)          ; 0 (0)      ; |Serial_TX_ADC|Serial_TX3:u0|lpm_divide:Div0|lpm_divide_i5m:auto_generated                                                                         ;              ;
;             |sign_div_unsign_ekh:divider| ; 27 (0)      ; 0            ; 0           ; 0    ; 0            ; 27 (0)       ; 0 (0)             ; 0 (0)            ; 15 (0)          ; 0 (0)      ; |Serial_TX_ADC|Serial_TX3:u0|lpm_divide:Div0|lpm_divide_i5m:auto_generated|sign_div_unsign_ekh:divider                                             ;              ;
;                |alt_u_div_coe:divider|    ; 27 (12)     ; 0            ; 0           ; 0    ; 0            ; 27 (12)      ; 0 (0)             ; 0 (0)            ; 15 (0)          ; 0 (0)      ; |Serial_TX_ADC|Serial_TX3:u0|lpm_divide:Div0|lpm_divide_i5m:auto_generated|sign_div_unsign_ekh:divider|alt_u_div_coe:divider                       ;              ;
;                   |add_sub_9dc:add_sub_6| ; 8 (8)       ; 0            ; 0           ; 0    ; 0            ; 8 (8)        ; 0 (0)             ; 0 (0)            ; 8 (8)           ; 0 (0)      ; |Serial_TX_ADC|Serial_TX3:u0|lpm_divide:Div0|lpm_divide_i5m:auto_generated|sign_div_unsign_ekh:divider|alt_u_div_coe:divider|add_sub_9dc:add_sub_6 ;              ;
;                   |add_sub_adc:add_sub_7| ; 7 (7)       ; 0            ; 0           ; 0    ; 0            ; 7 (7)        ; 0 (0)             ; 0 (0)            ; 7 (7)           ; 0 (0)      ; |Serial_TX_ADC|Serial_TX3:u0|lpm_divide:Div0|lpm_divide_i5m:auto_generated|sign_div_unsign_ekh:divider|alt_u_div_coe:divider|add_sub_adc:add_sub_7 ;              ;
;       |lpm_divide:Div1|                   ; 57 (0)      ; 0            ; 0           ; 0    ; 0            ; 57 (0)       ; 0 (0)             ; 0 (0)            ; 31 (0)          ; 0 (0)      ; |Serial_TX_ADC|Serial_TX3:u0|lpm_divide:Div1                                                                                                       ;              ;
;          |lpm_divide_f5m:auto_generated|  ; 57 (0)      ; 0            ; 0           ; 0    ; 0            ; 57 (0)       ; 0 (0)             ; 0 (0)            ; 31 (0)          ; 0 (0)      ; |Serial_TX_ADC|Serial_TX3:u0|lpm_divide:Div1|lpm_divide_f5m:auto_generated                                                                         ;              ;
;             |sign_div_unsign_bkh:divider| ; 57 (0)      ; 0            ; 0           ; 0    ; 0            ; 57 (0)       ; 0 (0)             ; 0 (0)            ; 31 (0)          ; 0 (0)      ; |Serial_TX_ADC|Serial_TX3:u0|lpm_divide:Div1|lpm_divide_f5m:auto_generated|sign_div_unsign_bkh:divider                                             ;              ;
;                |alt_u_div_6oe:divider|    ; 57 (26)     ; 0            ; 0           ; 0    ; 0            ; 57 (26)      ; 0 (0)             ; 0 (0)            ; 31 (0)          ; 0 (0)      ; |Serial_TX_ADC|Serial_TX3:u0|lpm_divide:Div1|lpm_divide_f5m:auto_generated|sign_div_unsign_bkh:divider|alt_u_div_6oe:divider                       ;              ;
;                   |add_sub_6dc:add_sub_3| ; 5 (5)       ; 0            ; 0           ; 0    ; 0            ; 5 (5)        ; 0 (0)             ; 0 (0)            ; 5 (5)           ; 0 (0)      ; |Serial_TX_ADC|Serial_TX3:u0|lpm_divide:Div1|lpm_divide_f5m:auto_generated|sign_div_unsign_bkh:divider|alt_u_div_6oe:divider|add_sub_6dc:add_sub_3 ;              ;
;                   |add_sub_7dc:add_sub_4| ; 7 (7)       ; 0            ; 0           ; 0    ; 0            ; 7 (7)        ; 0 (0)             ; 0 (0)            ; 7 (7)           ; 0 (0)      ; |Serial_TX_ADC|Serial_TX3:u0|lpm_divide:Div1|lpm_divide_f5m:auto_generated|sign_div_unsign_bkh:divider|alt_u_div_6oe:divider|add_sub_7dc:add_sub_4 ;              ;
;                   |add_sub_7dc:add_sub_5| ; 7 (7)       ; 0            ; 0           ; 0    ; 0            ; 7 (7)        ; 0 (0)             ; 0 (0)            ; 7 (7)           ; 0 (0)      ; |Serial_TX_ADC|Serial_TX3:u0|lpm_divide:Div1|lpm_divide_f5m:auto_generated|sign_div_unsign_bkh:divider|alt_u_div_6oe:divider|add_sub_7dc:add_sub_5 ;              ;
;                   |add_sub_7dc:add_sub_6| ; 7 (7)       ; 0            ; 0           ; 0    ; 0            ; 7 (7)        ; 0 (0)             ; 0 (0)            ; 7 (7)           ; 0 (0)      ; |Serial_TX_ADC|Serial_TX3:u0|lpm_divide:Div1|lpm_divide_f5m:auto_generated|sign_div_unsign_bkh:divider|alt_u_div_6oe:divider|add_sub_7dc:add_sub_6 ;              ;
;                   |add_sub_7dc:add_sub_7| ; 5 (5)       ; 0            ; 0           ; 0    ; 0            ; 5 (5)        ; 0 (0)             ; 0 (0)            ; 5 (5)           ; 0 (0)      ; |Serial_TX_ADC|Serial_TX3:u0|lpm_divide:Div1|lpm_divide_f5m:auto_generated|sign_div_unsign_bkh:divider|alt_u_div_6oe:divider|add_sub_7dc:add_sub_7 ;              ;
;       |lpm_divide:Mod1|                   ; 21 (0)      ; 0            ; 0           ; 0    ; 0            ; 21 (0)       ; 0 (0)             ; 0 (0)            ; 12 (0)          ; 0 (0)      ; |Serial_TX_ADC|Serial_TX3:u0|lpm_divide:Mod1                                                                                                       ;              ;
;          |lpm_divide_itl:auto_generated|  ; 21 (0)      ; 0            ; 0           ; 0    ; 0            ; 21 (0)       ; 0 (0)             ; 0 (0)            ; 12 (0)          ; 0 (0)      ; |Serial_TX_ADC|Serial_TX3:u0|lpm_divide:Mod1|lpm_divide_itl:auto_generated                                                                         ;              ;
;             |sign_div_unsign_bkh:divider| ; 21 (0)      ; 0            ; 0           ; 0    ; 0            ; 21 (0)       ; 0 (0)             ; 0 (0)            ; 12 (0)          ; 0 (0)      ; |Serial_TX_ADC|Serial_TX3:u0|lpm_divide:Mod1|lpm_divide_itl:auto_generated|sign_div_unsign_bkh:divider                                             ;              ;
;                |alt_u_div_6oe:divider|    ; 21 (9)      ; 0            ; 0           ; 0    ; 0            ; 21 (9)       ; 0 (0)             ; 0 (0)            ; 12 (0)          ; 0 (0)      ; |Serial_TX_ADC|Serial_TX3:u0|lpm_divide:Mod1|lpm_divide_itl:auto_generated|sign_div_unsign_bkh:divider|alt_u_div_6oe:divider                       ;              ;
;                   |add_sub_7dc:add_sub_6| ; 5 (5)       ; 0            ; 0           ; 0    ; 0            ; 5 (5)        ; 0 (0)             ; 0 (0)            ; 5 (5)           ; 0 (0)      ; |Serial_TX_ADC|Serial_TX3:u0|lpm_divide:Mod1|lpm_divide_itl:auto_generated|sign_div_unsign_bkh:divider|alt_u_div_6oe:divider|add_sub_7dc:add_sub_6 ;              ;
;                   |add_sub_7dc:add_sub_7| ; 7 (7)       ; 0            ; 0           ; 0    ; 0            ; 7 (7)        ; 0 (0)             ; 0 (0)            ; 7 (7)           ; 0 (0)      ; |Serial_TX_ADC|Serial_TX3:u0|lpm_divide:Mod1|lpm_divide_itl:auto_generated|sign_div_unsign_bkh:divider|alt_u_div_6oe:divider|add_sub_7dc:add_sub_7 ;              ;
;       |lpm_divide:Mod2|                   ; 57 (0)      ; 0            ; 0           ; 0    ; 0            ; 57 (0)       ; 0 (0)             ; 0 (0)            ; 30 (0)          ; 0 (0)      ; |Serial_TX_ADC|Serial_TX3:u0|lpm_divide:Mod2                                                                                                       ;              ;
;          |lpm_divide_itl:auto_generated|  ; 57 (0)      ; 0            ; 0           ; 0    ; 0            ; 57 (0)       ; 0 (0)             ; 0 (0)            ; 30 (0)          ; 0 (0)      ; |Serial_TX_ADC|Serial_TX3:u0|lpm_divide:Mod2|lpm_divide_itl:auto_generated                                                                         ;              ;
;             |sign_div_unsign_bkh:divider| ; 57 (0)      ; 0            ; 0           ; 0    ; 0            ; 57 (0)       ; 0 (0)             ; 0 (0)            ; 30 (0)          ; 0 (0)      ; |Serial_TX_ADC|Serial_TX3:u0|lpm_divide:Mod2|lpm_divide_itl:auto_generated|sign_div_unsign_bkh:divider                                             ;              ;
;                |alt_u_div_6oe:divider|    ; 57 (27)     ; 0            ; 0           ; 0    ; 0            ; 57 (27)      ; 0 (0)             ; 0 (0)            ; 30 (0)          ; 0 (0)      ; |Serial_TX_ADC|Serial_TX3:u0|lpm_divide:Mod2|lpm_divide_itl:auto_generated|sign_div_unsign_bkh:divider|alt_u_div_6oe:divider                       ;              ;
;                   |add_sub_6dc:add_sub_3| ; 6 (6)       ; 0            ; 0           ; 0    ; 0            ; 6 (6)        ; 0 (0)             ; 0 (0)            ; 6 (6)           ; 0 (0)      ; |Serial_TX_ADC|Serial_TX3:u0|lpm_divide:Mod2|lpm_divide_itl:auto_generated|sign_div_unsign_bkh:divider|alt_u_div_6oe:divider|add_sub_6dc:add_sub_3 ;              ;
;                   |add_sub_7dc:add_sub_4| ; 6 (6)       ; 0            ; 0           ; 0    ; 0            ; 6 (6)        ; 0 (0)             ; 0 (0)            ; 6 (6)           ; 0 (0)      ; |Serial_TX_ADC|Serial_TX3:u0|lpm_divide:Mod2|lpm_divide_itl:auto_generated|sign_div_unsign_bkh:divider|alt_u_div_6oe:divider|add_sub_7dc:add_sub_4 ;              ;
;                   |add_sub_7dc:add_sub_5| ; 6 (6)       ; 0            ; 0           ; 0    ; 0            ; 6 (6)        ; 0 (0)             ; 0 (0)            ; 6 (6)           ; 0 (0)      ; |Serial_TX_ADC|Serial_TX3:u0|lpm_divide:Mod2|lpm_divide_itl:auto_generated|sign_div_unsign_bkh:divider|alt_u_div_6oe:divider|add_sub_7dc:add_sub_5 ;              ;
;                   |add_sub_7dc:add_sub_6| ; 6 (6)       ; 0            ; 0           ; 0    ; 0            ; 6 (6)        ; 0 (0)             ; 0 (0)            ; 6 (6)           ; 0 (0)      ; |Serial_TX_ADC|Serial_TX3:u0|lpm_divide:Mod2|lpm_divide_itl:auto_generated|sign_div_unsign_bkh:divider|alt_u_div_6oe:divider|add_sub_7dc:add_sub_6 ;              ;
;                   |add_sub_7dc:add_sub_7| ; 6 (6)       ; 0            ; 0           ; 0    ; 0            ; 6 (6)        ; 0 (0)             ; 0 (0)            ; 6 (6)           ; 0 (0)      ; |Serial_TX_ADC|Serial_TX3:u0|lpm_divide:Mod2|lpm_divide_itl:auto_generated|sign_div_unsign_bkh:divider|alt_u_div_6oe:divider|add_sub_7dc:add_sub_7 ;              ;
+-------------------------------------------+-------------+--------------+-------------+------+--------------+--------------+-------------------+------------------+-----------------+------------+----------------------------------------------------------------------------------------------------------------------------------------------------+--------------+
Note: For table entries with two numbers listed, the numbers in parentheses indicate the number of resources of the given type used by the specific entity alone. The numbers listed outside of parentheses indicate the total resources of the given type used by the specific entity and all of its sub-entities in the hierarchy.


Encoding Type:  One-Hot
+----------------------------------------------------------------------------------------------+
; State Machine - |Serial_TX_ADC|ADC1:u1|state                                                 ;
+-----------------+------------+--------------+---------------+--------------+-----------------+
; Name            ; state.S_OE ; state.S_WAIT ; state.S_START ; state.S_IDLE ; state.S_CAPTURE ;
+-----------------+------------+--------------+---------------+--------------+-----------------+
; state.S_IDLE    ; 0          ; 0            ; 0             ; 0            ; 0               ;
; state.S_START   ; 0          ; 0            ; 1             ; 1            ; 0               ;
; state.S_WAIT    ; 0          ; 1            ; 0             ; 1            ; 0               ;
; state.S_OE      ; 1          ; 0            ; 0             ; 1            ; 0               ;
; state.S_CAPTURE ; 0          ; 0            ; 0             ; 1            ; 1               ;
+-----------------+------------+--------------+---------------+--------------+-----------------+


+-------------------------------------------------------------------------------------------------------+
; User-Specified and Inferred Latches                                                                   ;
+-----------------------------------------------------+------------------------+------------------------+
; Latch Name                                          ; Latch Enable Signal    ; Free of Timing Hazards ;
+-----------------------------------------------------+------------------------+------------------------+
; Serial_TX3:u0|tx_temp[1][1]                         ; Serial_TX3:u0|Decoder0 ; yes                    ;
; Serial_TX3:u0|tx_temp[2][1]                         ; Serial_TX3:u0|Decoder0 ; yes                    ;
; Serial_TX3:u0|tx_temp[3][1]                         ; Serial_TX3:u0|Decoder0 ; yes                    ;
; Serial_TX3:u0|tx_temp[2][3]                         ; Serial_TX3:u0|Decoder0 ; yes                    ;
; Serial_TX3:u0|tx_temp[3][3]                         ; Serial_TX3:u0|Decoder0 ; yes                    ;
; Serial_TX3:u0|tx_temp[2][2]                         ; Serial_TX3:u0|Decoder0 ; yes                    ;
; Serial_TX3:u0|tx_temp[3][2]                         ; Serial_TX3:u0|Decoder0 ; yes                    ;
; Serial_TX3:u0|tx_temp[1][0]                         ; Serial_TX3:u0|Decoder0 ; yes                    ;
; Serial_TX3:u0|tx_temp[2][0]                         ; Serial_TX3:u0|Decoder0 ; yes                    ;
; Serial_TX3:u0|tx_temp[3][0]                         ; Serial_TX3:u0|Decoder0 ; yes                    ;
; Number of user-specified and inferred latches = 10  ;                        ;                        ;
+-----------------------------------------------------+------------------------+------------------------+
Note: All latches listed above may not be present at the end of synthesis due to various synthesis optimizations.


+--------------------------------------------------------------------------------+
; Registers Removed During Synthesis                                             ;
+---------------------------------------+----------------------------------------+
; Register name                         ; Reason for Removal                     ;
+---------------------------------------+----------------------------------------+
; ADC1:u1|addr[0..2]                    ; Stuck at GND due to stuck port data_in ;
; Serial_TX3:u0|tx_data[6,7]            ; Stuck at GND due to stuck port data_in ;
; Serial_TX3:u0|tx_data[4]              ; Merged with Serial_TX3:u0|tx_data[5]   ;
; ADC1:u1|state~7                       ; Lost fanout                            ;
; ADC1:u1|state~8                       ; Lost fanout                            ;
; Total Number of Removed Registers = 8 ;                                        ;
+---------------------------------------+----------------------------------------+


+------------------------------------------------------+
; General Register Statistics                          ;
+----------------------------------------------+-------+
; Statistic                                    ; Value ;
+----------------------------------------------+-------+
; Total registers                              ; 74    ;
; Number of registers using Synchronous Clear  ; 46    ;
; Number of registers using Synchronous Load   ; 0     ;
; Number of registers using Asynchronous Clear ; 36    ;
; Number of registers using Asynchronous Load  ; 0     ;
; Number of registers using Clock Enable       ; 22    ;
; Number of registers using Preset             ; 0     ;
+----------------------------------------------+-------+


+--------------------------------------------------+
; Inverted Register Statistics                     ;
+----------------------------------------+---------+
; Inverted Register                      ; Fan out ;
+----------------------------------------+---------+
; Serial_TX3:u0|tx_out                   ; 2       ;
; Serial_TX3:u0|tx_ready                 ; 2       ;
; Total number of inverted registers = 2 ;         ;
+----------------------------------------+---------+


+-----------------------------------------------------------------------------------------------------------------------------------------------------------------------+
; Multiplexer Restructuring Statistics (Restructuring Performed)                                                                                                        ;
+--------------------+-----------+---------------+----------------------+------------------------+-----------------------------------------+----------------------------+
; Multiplexer Inputs ; Bus Width ; Baseline Area ; Area if Restructured ; Saving if Restructured ; Registered                              ; Example Multiplexer Output ;
+--------------------+-----------+---------------+----------------------+------------------------+-----------------------------------------+----------------------------+
; 3:1                ; 8 bits    ; 16 LEs        ; 8 LEs                ; 8 LEs                  ; |Serial_TX_ADC|ADC1:u1|adc_data[3]      ;                            ;
; 3:1                ; 8 bits    ; 16 LEs        ; 8 LEs                ; 8 LEs                  ; |Serial_TX_ADC|ADC1:u1|adc_time[4]      ;                            ;
; 3:1                ; 8 bits    ; 16 LEs        ; 8 LEs                ; 8 LEs                  ; |Serial_TX_ADC|ADC1:u1|clk_count[3]     ;                            ;
; 5:1                ; 4 bits    ; 12 LEs        ; 12 LEs               ; 0 LEs                  ; |Serial_TX_ADC|Serial_TX3:u0|tx_data[1] ;                            ;
+--------------------+-----------+---------------+----------------------+------------------------+-----------------------------------------+----------------------------+


+------------------------------------------------------------+
; Parameter Settings for User Entity Instance: Serial_TX3:u0 ;
+----------------+-------+-----------------------------------+
; Parameter Name ; Value ; Type                              ;
+----------------+-------+-----------------------------------+
; bps            ; 5625  ; Signed Integer                    ;
+----------------+-------+-----------------------------------+
Note: In order to hide this table in the UI and the text report file, please set the "Show Parameter Settings in Synthesis Report" option in "Analysis and Synthesis Settings -> More Settings" to "Off".


+------------------------------------------------------+
; Parameter Settings for User Entity Instance: ADC1:u1 ;
+----------------+-------+-----------------------------+
; Parameter Name ; Value ; Type                        ;
+----------------+-------+-----------------------------+
; S_IDLE         ; 000   ; Unsigned Binary             ;
; S_START        ; 001   ; Unsigned Binary             ;
; S_WAIT         ; 010   ; Unsigned Binary             ;
; S_OE           ; 011   ; Unsigned Binary             ;
; S_CAPTURE      ; 100   ; Unsigned Binary             ;
+----------------+-------+-----------------------------+
Note: In order to hide this table in the UI and the text report file, please set the "Show Parameter Settings in Synthesis Report" option in "Analysis and Synthesis Settings -> More Settings" to "Off".


+--------------------------------------------------------------------------------+
; Parameter Settings for Inferred Entity Instance: Serial_TX3:u0|lpm_divide:Div0 ;
+------------------------+----------------+--------------------------------------+
; Parameter Name         ; Value          ; Type                                 ;
+------------------------+----------------+--------------------------------------+
; LPM_WIDTHN             ; 8              ; Untyped                              ;
; LPM_WIDTHD             ; 7              ; Untyped                              ;
; LPM_NREPRESENTATION    ; UNSIGNED       ; Untyped                              ;
; LPM_DREPRESENTATION    ; UNSIGNED       ; Untyped                              ;
; LPM_PIPELINE           ; 0              ; Untyped                              ;
; LPM_REMAINDERPOSITIVE  ; TRUE           ; Untyped                              ;
; MAXIMIZE_SPEED         ; 5              ; Untyped                              ;
; CBXI_PARAMETER         ; lpm_divide_i5m ; Untyped                              ;
; CARRY_CHAIN            ; MANUAL         ; Untyped                              ;
; OPTIMIZE_FOR_SPEED     ; 5              ; Untyped                              ;
; AUTO_CARRY_CHAINS      ; ON             ; AUTO_CARRY                           ;
; IGNORE_CARRY_BUFFERS   ; OFF            ; IGNORE_CARRY                         ;
; AUTO_CASCADE_CHAINS    ; ON             ; AUTO_CASCADE                         ;
; IGNORE_CASCADE_BUFFERS ; OFF            ; IGNORE_CASCADE                       ;
+------------------------+----------------+--------------------------------------+
Note: In order to hide this table in the UI and the text report file, please set the "Show Parameter Settings in Synthesis Report" option in "Analysis and Synthesis Settings -> More Settings" to "Off".


+--------------------------------------------------------------------------------+
; Parameter Settings for Inferred Entity Instance: Serial_TX3:u0|lpm_divide:Mod0 ;
+------------------------+----------------+--------------------------------------+
; Parameter Name         ; Value          ; Type                                 ;
+------------------------+----------------+--------------------------------------+
; LPM_WIDTHN             ; 8              ; Untyped                              ;
; LPM_WIDTHD             ; 4              ; Untyped                              ;
; LPM_NREPRESENTATION    ; UNSIGNED       ; Untyped                              ;
; LPM_DREPRESENTATION    ; UNSIGNED       ; Untyped                              ;
; LPM_PIPELINE           ; 0              ; Untyped                              ;
; LPM_REMAINDERPOSITIVE  ; TRUE           ; Untyped                              ;
; MAXIMIZE_SPEED         ; 5              ; Untyped                              ;
; CBXI_PARAMETER         ; lpm_divide_itl ; Untyped                              ;
; CARRY_CHAIN            ; MANUAL         ; Untyped                              ;
; OPTIMIZE_FOR_SPEED     ; 5              ; Untyped                              ;
; AUTO_CARRY_CHAINS      ; ON             ; AUTO_CARRY                           ;
; IGNORE_CARRY_BUFFERS   ; OFF            ; IGNORE_CARRY                         ;
; AUTO_CASCADE_CHAINS    ; ON             ; AUTO_CASCADE                         ;
; IGNORE_CASCADE_BUFFERS ; OFF            ; IGNORE_CASCADE                       ;
+------------------------+----------------+--------------------------------------+
Note: In order to hide this table in the UI and the text report file, please set the "Show Parameter Settings in Synthesis Report" option in "Analysis and Synthesis Settings -> More Settings" to "Off".


+--------------------------------------------------------------------------------+
; Parameter Settings for Inferred Entity Instance: Serial_TX3:u0|lpm_divide:Div1 ;
+------------------------+----------------+--------------------------------------+
; Parameter Name         ; Value          ; Type                                 ;
+------------------------+----------------+--------------------------------------+
; LPM_WIDTHN             ; 8              ; Untyped                              ;
; LPM_WIDTHD             ; 4              ; Untyped                              ;
; LPM_NREPRESENTATION    ; UNSIGNED       ; Untyped                              ;
; LPM_DREPRESENTATION    ; UNSIGNED       ; Untyped                              ;
; LPM_PIPELINE           ; 0              ; Untyped                              ;
; LPM_REMAINDERPOSITIVE  ; TRUE           ; Untyped                              ;
; MAXIMIZE_SPEED         ; 5              ; Untyped                              ;
; CBXI_PARAMETER         ; lpm_divide_f5m ; Untyped                              ;
; CARRY_CHAIN            ; MANUAL         ; Untyped                              ;
; OPTIMIZE_FOR_SPEED     ; 5              ; Untyped                              ;
; AUTO_CARRY_CHAINS      ; ON             ; AUTO_CARRY                           ;
; IGNORE_CARRY_BUFFERS   ; OFF            ; IGNORE_CARRY                         ;
; AUTO_CASCADE_CHAINS    ; ON             ; AUTO_CASCADE                         ;
; IGNORE_CASCADE_BUFFERS ; OFF            ; IGNORE_CASCADE                       ;
+------------------------+----------------+--------------------------------------+
Note: In order to hide this table in the UI and the text report file, please set the "Show Parameter Settings in Synthesis Report" option in "Analysis and Synthesis Settings -> More Settings" to "Off".


+--------------------------------------------------------------------------------+
; Parameter Settings for Inferred Entity Instance: Serial_TX3:u0|lpm_divide:Mod1 ;
+------------------------+----------------+--------------------------------------+
; Parameter Name         ; Value          ; Type                                 ;
+------------------------+----------------+--------------------------------------+
; LPM_WIDTHN             ; 8              ; Untyped                              ;
; LPM_WIDTHD             ; 4              ; Untyped                              ;
; LPM_NREPRESENTATION    ; UNSIGNED       ; Untyped                              ;
; LPM_DREPRESENTATION    ; UNSIGNED       ; Untyped                              ;
; LPM_PIPELINE           ; 0              ; Untyped                              ;
; LPM_REMAINDERPOSITIVE  ; TRUE           ; Untyped                              ;
; MAXIMIZE_SPEED         ; 5              ; Untyped                              ;
; CBXI_PARAMETER         ; lpm_divide_itl ; Untyped                              ;
; CARRY_CHAIN            ; MANUAL         ; Untyped                              ;
; OPTIMIZE_FOR_SPEED     ; 5              ; Untyped                              ;
; AUTO_CARRY_CHAINS      ; ON             ; AUTO_CARRY                           ;
; IGNORE_CARRY_BUFFERS   ; OFF            ; IGNORE_CARRY                         ;
; AUTO_CASCADE_CHAINS    ; ON             ; AUTO_CASCADE                         ;
; IGNORE_CASCADE_BUFFERS ; OFF            ; IGNORE_CASCADE                       ;
+------------------------+----------------+--------------------------------------+
Note: In order to hide this table in the UI and the text report file, please set the "Show Parameter Settings in Synthesis Report" option in "Analysis and Synthesis Settings -> More Settings" to "Off".


+--------------------------------------------------------------------------------+
; Parameter Settings for Inferred Entity Instance: Serial_TX3:u0|lpm_divide:Mod2 ;
+------------------------+----------------+--------------------------------------+
; Parameter Name         ; Value          ; Type                                 ;
+------------------------+----------------+--------------------------------------+
; LPM_WIDTHN             ; 8              ; Untyped                              ;
; LPM_WIDTHD             ; 4              ; Untyped                              ;
; LPM_NREPRESENTATION    ; UNSIGNED       ; Untyped                              ;
; LPM_DREPRESENTATION    ; UNSIGNED       ; Untyped                              ;
; LPM_PIPELINE           ; 0              ; Untyped                              ;
; LPM_REMAINDERPOSITIVE  ; TRUE           ; Untyped                              ;
; MAXIMIZE_SPEED         ; 5              ; Untyped                              ;
; CBXI_PARAMETER         ; lpm_divide_itl ; Untyped                              ;
; CARRY_CHAIN            ; MANUAL         ; Untyped                              ;
; OPTIMIZE_FOR_SPEED     ; 5              ; Untyped                              ;
; AUTO_CARRY_CHAINS      ; ON             ; AUTO_CARRY                           ;
; IGNORE_CARRY_BUFFERS   ; OFF            ; IGNORE_CARRY                         ;
; AUTO_CASCADE_CHAINS    ; ON             ; AUTO_CASCADE                         ;
; IGNORE_CASCADE_BUFFERS ; OFF            ; IGNORE_CASCADE                       ;
+------------------------+----------------+--------------------------------------+
Note: In order to hide this table in the UI and the text report file, please set the "Show Parameter Settings in Synthesis Report" option in "Analysis and Synthesis Settings -> More Settings" to "Off".


+-------------------------------+
; Elapsed Time Per Partition    ;
+----------------+--------------+
; Partition Name ; Elapsed Time ;
+----------------+--------------+
; Top            ; 00:00:01     ;
+----------------+--------------+


+-------------------------------+
; Analysis & Synthesis Messages ;
+-------------------------------+
Info: *******************************************************************
Info: Running Quartus II Analysis & Synthesis
    Info: Version 11.0 Build 208 07/03/2011 Service Pack 1 SJ Web Edition
    Info: Processing started: Tue Sep 27 11:33:23 2016
Info: Command: quartus_map --read_settings_files=on --write_settings_files=off Serial_TX_ADC -c Serial_TX_ADC
Warning: Parallel compilation is not licensed and has been disabled
Info: Found 1 design units, including 1 entities, in source file adc1.v
    Info: Found entity 1: ADC1
Info: Found 1 design units, including 1 entities, in source file serial_tx3.v
    Info: Found entity 1: Serial_TX3
Info: Found 1 design units, including 1 entities, in source file serial_tx_adc.v
    Info: Found entity 1: Serial_TX_ADC
Info: Elaborating entity "Serial_TX_ADC" for the top level hierarchy
Info: Elaborating entity "Serial_TX3" for hierarchy "Serial_TX3:u0"
Warning (10230): Verilog HDL assignment warning at Serial_TX3.v(184): truncated value with size 32 to match size of target (8)
Warning (10230): Verilog HDL assignment warning at Serial_TX3.v(185): truncated value with size 32 to match size of target (8)
Warning (10230): Verilog HDL assignment warning at Serial_TX3.v(186): truncated value with size 32 to match size of target (8)
Warning (10230): Verilog HDL assignment warning at Serial_TX3.v(206): truncated value with size 32 to match size of target (16)
Warning (10230): Verilog HDL assignment warning at Serial_TX3.v(220): truncated value with size 32 to match size of target (4)
Warning (10230): Verilog HDL assignment warning at Serial_TX3.v(246): truncated value with size 32 to match size of target (5)
Warning (10270): Verilog HDL Case Statement warning at Serial_TX3.v(251): incomplete case statement has no default case item
Info (10041): Inferred latch for "tx_temp[4][0]" at Serial_TX3.v(250)
Info (10041): Inferred latch for "tx_temp[4][1]" at Serial_TX3.v(250)
Info (10041): Inferred latch for "tx_temp[4][2]" at Serial_TX3.v(250)
Info (10041): Inferred latch for "tx_temp[4][3]" at Serial_TX3.v(250)
Info (10041): Inferred latch for "tx_temp[4][4]" at Serial_TX3.v(250)
Info (10041): Inferred latch for "tx_temp[4][5]" at Serial_TX3.v(250)
Info (10041): Inferred latch for "tx_temp[4][6]" at Serial_TX3.v(250)
Info (10041): Inferred latch for "tx_temp[4][7]" at Serial_TX3.v(250)
Info (10041): Inferred latch for "tx_temp[3][0]" at Serial_TX3.v(250)
Info (10041): Inferred latch for "tx_temp[3][1]" at Serial_TX3.v(250)
Info (10041): Inferred latch for "tx_temp[3][2]" at Serial_TX3.v(250)
Info (10041): Inferred latch for "tx_temp[3][3]" at Serial_TX3.v(250)
Info (10041): Inferred latch for "tx_temp[3][4]" at Serial_TX3.v(250)
Info (10041): Inferred latch for "tx_temp[3][5]" at Serial_TX3.v(250)
Info (10041): Inferred latch for "tx_temp[3][6]" at Serial_TX3.v(250)
Info (10041): Inferred latch for "tx_temp[3][7]" at Serial_TX3.v(250)
Info (10041): Inferred latch for "tx_temp[2][0]" at Serial_TX3.v(250)
Info (10041): Inferred latch for "tx_temp[2][1]" at Serial_TX3.v(250)
Info (10041): Inferred latch for "tx_temp[2][2]" at Serial_TX3.v(250)
Info (10041): Inferred latch for "tx_temp[2][3]" at Serial_TX3.v(250)
Info (10041): Inferred latch for "tx_temp[2][4]" at Serial_TX3.v(250)
Info (10041): Inferred latch for "tx_temp[2][5]" at Serial_TX3.v(250)
Info (10041): Inferred latch for "tx_temp[2][6]" at Serial_TX3.v(250)
Info (10041): Inferred latch for "tx_temp[2][7]" at Serial_TX3.v(250)
Info (10041): Inferred latch for "tx_temp[1][0]" at Serial_TX3.v(250)
Info (10041): Inferred latch for "tx_temp[1][1]" at Serial_TX3.v(250)
Info (10041): Inferred latch for "tx_temp[1][2]" at Serial_TX3.v(250)
Info (10041): Inferred latch for "tx_temp[1][3]" at Serial_TX3.v(250)
Info (10041): Inferred latch for "tx_temp[1][4]" at Serial_TX3.v(250)
Info (10041): Inferred latch for "tx_temp[1][5]" at Serial_TX3.v(250)
Info (10041): Inferred latch for "tx_temp[1][6]" at Serial_TX3.v(250)
Info (10041): Inferred latch for "tx_temp[1][7]" at Serial_TX3.v(250)
Info (10041): Inferred latch for "tx_temp[0][0]" at Serial_TX3.v(250)
Info (10041): Inferred latch for "tx_temp[0][1]" at Serial_TX3.v(250)
Info (10041): Inferred latch for "tx_temp[0][2]" at Serial_TX3.v(250)
Info (10041): Inferred latch for "tx_temp[0][3]" at Serial_TX3.v(250)
Info (10041): Inferred latch for "tx_temp[0][4]" at Serial_TX3.v(250)
Info (10041): Inferred latch for "tx_temp[0][5]" at Serial_TX3.v(250)
Info (10041): Inferred latch for "tx_temp[0][6]" at Serial_TX3.v(250)
Info (10041): Inferred latch for "tx_temp[0][7]" at Serial_TX3.v(250)
Info: Elaborating entity "ADC1" for hierarchy "ADC1:u1"
Info: Inferred 5 megafunctions from design logic
    Info: Inferred divider/modulo megafunction ("lpm_divide") from the following logic: "Serial_TX3:u0|Div0"
    Info: Inferred divider/modulo megafunction ("lpm_divide") from the following logic: "Serial_TX3:u0|Mod0"
    Info: Inferred divider/modulo megafunction ("lpm_divide") from the following logic: "Serial_TX3:u0|Div1"
    Info: Inferred divider/modulo megafunction ("lpm_divide") from the following logic: "Serial_TX3:u0|Mod1"
    Info: Inferred divider/modulo megafunction ("lpm_divide") from the following logic: "Serial_TX3:u0|Mod2"
Info: Elaborated megafunction instantiation "Serial_TX3:u0|lpm_divide:Div0"
Info: Instantiated megafunction "Serial_TX3:u0|lpm_divide:Div0" with the following parameter:
    Info: Parameter "LPM_WIDTHN" = "8"
    Info: Parameter "LPM_WIDTHD" = "7"
    Info: Parameter "LPM_NREPRESENTATION" = "UNSIGNED"
    Info: Parameter "LPM_DREPRESENTATION" = "UNSIGNED"
Info: Found 1 design units, including 1 entities, in source file db/lpm_divide_i5m.tdf
    Info: Found entity 1: lpm_divide_i5m
Info: Found 1 design units, including 1 entities, in source file db/sign_div_unsign_ekh.tdf
    Info: Found entity 1: sign_div_unsign_ekh
Info: Found 1 design units, including 1 entities, in source file db/alt_u_div_coe.tdf
    Info: Found entity 1: alt_u_div_coe
Info: Found 1 design units, including 1 entities, in source file db/add_sub_3dc.tdf
    Info: Found entity 1: add_sub_3dc
Info: Found 1 design units, including 1 entities, in source file db/add_sub_4dc.tdf
    Info: Found entity 1: add_sub_4dc
Info: Found 1 design units, including 1 entities, in source file db/add_sub_5dc.tdf
    Info: Found entity 1: add_sub_5dc
Info: Found 1 design units, including 1 entities, in source file db/add_sub_6dc.tdf
    Info: Found entity 1: add_sub_6dc
Info: Found 1 design units, including 1 entities, in source file db/add_sub_7dc.tdf
    Info: Found entity 1: add_sub_7dc
Info: Found 1 design units, including 1 entities, in source file db/add_sub_8dc.tdf
    Info: Found entity 1: add_sub_8dc
Info: Found 1 design units, including 1 entities, in source file db/add_sub_9dc.tdf
    Info: Found entity 1: add_sub_9dc
Info: Found 1 design units, including 1 entities, in source file db/add_sub_adc.tdf
    Info: Found entity 1: add_sub_adc
Info: Elaborated megafunction instantiation "Serial_TX3:u0|lpm_divide:Mod0"
Info: Instantiated megafunction "Serial_TX3:u0|lpm_divide:Mod0" with the following parameter:
    Info: Parameter "LPM_WIDTHN" = "8"
    Info: Parameter "LPM_WIDTHD" = "4"
    Info: Parameter "LPM_NREPRESENTATION" = "UNSIGNED"
    Info: Parameter "LPM_DREPRESENTATION" = "UNSIGNED"
Info: Found 1 design units, including 1 entities, in source file db/lpm_divide_itl.tdf
    Info: Found entity 1: lpm_divide_itl
Info: Found 1 design units, including 1 entities, in source file db/sign_div_unsign_bkh.tdf
    Info: Found entity 1: sign_div_unsign_bkh
Info: Found 1 design units, including 1 entities, in source file db/alt_u_div_6oe.tdf
    Info: Found entity 1: alt_u_div_6oe
Info: Elaborated megafunction instantiation "Serial_TX3:u0|lpm_divide:Div1"
Info: Instantiated megafunction "Serial_TX3:u0|lpm_divide:Div1" with the following parameter:
    Info: Parameter "LPM_WIDTHN" = "8"
    Info: Parameter "LPM_WIDTHD" = "4"
    Info: Parameter "LPM_NREPRESENTATION" = "UNSIGNED"
    Info: Parameter "LPM_DREPRESENTATION" = "UNSIGNED"
Info: Found 1 design units, including 1 entities, in source file db/lpm_divide_f5m.tdf
    Info: Found entity 1: lpm_divide_f5m
Warning: Output pins are stuck at VCC or GND
    Warning (13410): Pin "addr[0]" is stuck at GND
    Warning (13410): Pin "addr[1]" is stuck at GND
    Warning (13410): Pin "addr[2]" is stuck at GND
Info: Registers with preset signals will power-up high
Info: 2 registers lost all their fanouts during netlist optimizations. The first 2 are displayed below.
    Info: Register "ADC1:u1|state~7" lost all its fanouts during netlist optimizations.
    Info: Register "ADC1:u1|state~8" lost all its fanouts during netlist optimizations.
Info: Generating hard_block partition "hard_block:auto_generated_inst"
Info: Implemented 316 device resources after synthesis - the final resource count might be different
    Info: Implemented 12 input pins
    Info: Implemented 16 output pins
    Info: Implemented 288 logic cells
Info: Quartus II Analysis & Synthesis was successful. 0 errors, 12 warnings
    Info: Peak virtual memory: 253 megabytes
    Info: Processing ended: Tue Sep 27 11:33:25 2016
    Info: Elapsed time: 00:00:02
    Info: Total CPU time (on all processors): 00:00:02


