TimeQuest Timing Analyzer report for ADC_StepMotor
Tue Jul 05 12:05:52 2016
Quartus II Version 11.0 Build 208 07/03/2011 Service Pack 1 SJ Web Edition


---------------------
; Table of Contents ;
---------------------
  1. Legal Notice
  2. TimeQuest Timing Analyzer Summary
  3. Parallel Compilation
  4. Clocks
  5. Fmax Summary
  6. Setup Summary
  7. Hold Summary
  8. Recovery Summary
  9. Removal Summary
 10. Minimum Pulse Width Summary
 11. Setup: 'clk'
 12. Setup: 'adc_1:u0|c_state.s_start'
 13. Setup: 'adc_1:u0|c_state.s_capture'
 14. Hold: 'adc_1:u0|c_state.s_capture'
 15. Hold: 'clk'
 16. Hold: 'adc_1:u0|c_state.s_start'
 17. Minimum Pulse Width: 'clk'
 18. Minimum Pulse Width: 'adc_1:u0|c_state.s_capture'
 19. Minimum Pulse Width: 'adc_1:u0|c_state.s_start'
 20. Setup Times
 21. Hold Times
 22. Clock to Output Times
 23. Minimum Clock to Output Times
 24. Propagation Delay
 25. Minimum Propagation Delay
 26. Setup Transfers
 27. Hold Transfers
 28. Report TCCS
 29. Report RSKM
 30. Unconstrained Paths
 31. TimeQuest Timing Analyzer Messages



----------------
; Legal Notice ;
----------------
Copyright (C) 1991-2011 Altera Corporation
Your use of Altera Corporation's design tools, logic functions 
and other software and tools, and its AMPP partner logic 
functions, and any output files from any of the foregoing 
(including device programming or simulation files), and any 
associated documentation or information are expressly subject 
to the terms and conditions of the Altera Program License 
Subscription Agreement, Altera MegaCore Function License 
Agreement, or other applicable license agreement, including, 
without limitation, that your use is for the sole purpose of 
programming logic devices manufactured by Altera and sold by 
Altera or its authorized distributors.  Please refer to the 
applicable agreement for further details.



+--------------------------------------------------------------------------------------+
; TimeQuest Timing Analyzer Summary                                                    ;
+--------------------+-----------------------------------------------------------------+
; Quartus II Version ; Version 11.0 Build 208 07/03/2011 Service Pack 1 SJ Web Edition ;
; Revision Name      ; ADC_StepMotor                                                   ;
; Device Family      ; Cyclone                                                         ;
; Device Name        ; EP1C6Q240C8                                                     ;
; Timing Models      ; Final                                                           ;
; Delay Model        ; Slow Model                                                      ;
; Rise/Fall Delays   ; Unavailable                                                     ;
+--------------------+-----------------------------------------------------------------+


Parallel compilation was disabled, but you have multiple processors available. Enable parallel compilation to reduce compilation time.
+-------------------------------------+
; Parallel Compilation                ;
+----------------------------+--------+
; Processors                 ; Number ;
+----------------------------+--------+
; Number detected on machine ; 4      ;
; Maximum allowed            ; 1      ;
+----------------------------+--------+


+------------------------------------------------------------------------------------------------------------------------------------------------------------------------------------------------------------------------+
; Clocks                                                                                                                                                                                                                 ;
+----------------------------+------+--------+------------+-------+-------+------------+-----------+-------------+-------+--------+-----------+------------+----------+--------+--------+--------------------------------+
; Clock Name                 ; Type ; Period ; Frequency  ; Rise  ; Fall  ; Duty Cycle ; Divide by ; Multiply by ; Phase ; Offset ; Edge List ; Edge Shift ; Inverted ; Master ; Source ; Targets                        ;
+----------------------------+------+--------+------------+-------+-------+------------+-----------+-------------+-------+--------+-----------+------------+----------+--------+--------+--------------------------------+
; adc_1:u0|c_state.s_capture ; Base ; 1.000  ; 1000.0 MHz ; 0.000 ; 0.500 ;            ;           ;             ;       ;        ;           ;            ;          ;        ;        ; { adc_1:u0|c_state.s_capture } ;
; adc_1:u0|c_state.s_start   ; Base ; 1.000  ; 1000.0 MHz ; 0.000 ; 0.500 ;            ;           ;             ;       ;        ;           ;            ;          ;        ;        ; { adc_1:u0|c_state.s_start }   ;
; clk                        ; Base ; 1.000  ; 1000.0 MHz ; 0.000 ; 0.500 ;            ;           ;             ;       ;        ;           ;            ;          ;        ;        ; { clk }                        ;
+----------------------------+------+--------+------------+-------+-------+------------+-----------+-------------+-------+--------+-----------+------------+----------+--------+--------+--------------------------------+


+--------------------------------------------------+
; Fmax Summary                                     ;
+------------+-----------------+------------+------+
; Fmax       ; Restricted Fmax ; Clock Name ; Note ;
+------------+-----------------+------------+------+
; 136.24 MHz ; 136.24 MHz      ; clk        ;      ;
+------------+-----------------+------------+------+
This panel reports FMAX for every clock in the design, regardless of the user-specified clock periods.  FMAX is only computed for paths where the source and destination registers or ports are driven by the same clock.  Paths of different clocks, including generated clocks, are ignored.  For paths between a clock and its inversion, FMAX is computed as if the rising and falling edges are scaled along with FMAX, such that the duty cycle (in terms of a percentage) is maintained. Altera recommends that you always use clock constraints and other slack reports for sign-off analysis.


+-----------------------------------------------------+
; Setup Summary                                       ;
+----------------------------+--------+---------------+
; Clock                      ; Slack  ; End Point TNS ;
+----------------------------+--------+---------------+
; clk                        ; -6.340 ; -386.342      ;
; adc_1:u0|c_state.s_start   ; -5.592 ; -5.592        ;
; adc_1:u0|c_state.s_capture ; 1.085  ; 0.000         ;
+----------------------------+--------+---------------+


+-----------------------------------------------------+
; Hold Summary                                        ;
+----------------------------+--------+---------------+
; Clock                      ; Slack  ; End Point TNS ;
+----------------------------+--------+---------------+
; adc_1:u0|c_state.s_capture ; -5.390 ; -10.173       ;
; clk                        ; -1.897 ; -14.664       ;
; adc_1:u0|c_state.s_start   ; 0.257  ; 0.000         ;
+----------------------------+--------+---------------+


--------------------
; Recovery Summary ;
--------------------
No paths to report.


-------------------
; Removal Summary ;
-------------------
No paths to report.


+-----------------------------------------------------+
; Minimum Pulse Width Summary                         ;
+----------------------------+--------+---------------+
; Clock                      ; Slack  ; End Point TNS ;
+----------------------------+--------+---------------+
; clk                        ; -1.583 ; -273.091      ;
; adc_1:u0|c_state.s_capture ; 0.500  ; 0.000         ;
; adc_1:u0|c_state.s_start   ; 0.500  ; 0.000         ;
+----------------------------+--------+---------------+


+--------------------------------------------------------------------------------------------------------------------------------------+
; Setup: 'clk'                                                                                                                         ;
+--------+---------------------------+---------------------------+--------------+-------------+--------------+------------+------------+
; Slack  ; From Node                 ; To Node                   ; Launch Clock ; Latch Clock ; Relationship ; Clock Skew ; Data Delay ;
+--------+---------------------------+---------------------------+--------------+-------------+--------------+------------+------------+
; -6.340 ; Step_Motor:u2|clk_cnt[4]  ; Step_Motor:u2|clk_cnt[15] ; clk          ; clk         ; 1.000        ; 0.000      ; 7.303      ;
; -6.340 ; Step_Motor:u2|clk_cnt[4]  ; Step_Motor:u2|clk_cnt[14] ; clk          ; clk         ; 1.000        ; 0.000      ; 7.303      ;
; -6.340 ; Step_Motor:u2|clk_cnt[4]  ; Step_Motor:u2|clk_cnt[13] ; clk          ; clk         ; 1.000        ; 0.000      ; 7.303      ;
; -6.340 ; Step_Motor:u2|clk_cnt[4]  ; Step_Motor:u2|clk_cnt[12] ; clk          ; clk         ; 1.000        ; 0.000      ; 7.303      ;
; -6.340 ; Step_Motor:u2|clk_cnt[4]  ; Step_Motor:u2|clk_cnt[11] ; clk          ; clk         ; 1.000        ; 0.000      ; 7.303      ;
; -6.340 ; Step_Motor:u2|clk_cnt[4]  ; Step_Motor:u2|clk_cnt[10] ; clk          ; clk         ; 1.000        ; 0.000      ; 7.303      ;
; -6.340 ; Step_Motor:u2|clk_cnt[4]  ; Step_Motor:u2|clk_cnt[9]  ; clk          ; clk         ; 1.000        ; 0.000      ; 7.303      ;
; -6.340 ; Step_Motor:u2|clk_cnt[4]  ; Step_Motor:u2|clk_cnt[8]  ; clk          ; clk         ; 1.000        ; 0.000      ; 7.303      ;
; -6.340 ; Step_Motor:u2|clk_cnt[4]  ; Step_Motor:u2|clk_cnt[7]  ; clk          ; clk         ; 1.000        ; 0.000      ; 7.303      ;
; -6.340 ; Step_Motor:u2|clk_cnt[4]  ; Step_Motor:u2|clk_cnt[6]  ; clk          ; clk         ; 1.000        ; 0.000      ; 7.303      ;
; -6.339 ; Step_Motor:u2|clk_cnt[4]  ; Step_Motor:u2|clk_cnt[5]  ; clk          ; clk         ; 1.000        ; 0.000      ; 7.302      ;
; -6.339 ; Step_Motor:u2|clk_cnt[4]  ; Step_Motor:u2|clk_cnt[4]  ; clk          ; clk         ; 1.000        ; 0.000      ; 7.302      ;
; -6.339 ; Step_Motor:u2|clk_cnt[4]  ; Step_Motor:u2|clk_cnt[3]  ; clk          ; clk         ; 1.000        ; 0.000      ; 7.302      ;
; -6.339 ; Step_Motor:u2|clk_cnt[4]  ; Step_Motor:u2|clk_cnt[2]  ; clk          ; clk         ; 1.000        ; 0.000      ; 7.302      ;
; -6.339 ; Step_Motor:u2|clk_cnt[4]  ; Step_Motor:u2|clk_cnt[1]  ; clk          ; clk         ; 1.000        ; 0.000      ; 7.302      ;
; -6.339 ; Step_Motor:u2|clk_cnt[4]  ; Step_Motor:u2|clk_cnt[0]  ; clk          ; clk         ; 1.000        ; 0.000      ; 7.302      ;
; -6.334 ; Step_Motor:u2|clk_cnt[4]  ; Step_Motor:u2|clk_cnt[21] ; clk          ; clk         ; 1.000        ; 0.000      ; 7.297      ;
; -6.334 ; Step_Motor:u2|clk_cnt[4]  ; Step_Motor:u2|clk_cnt[20] ; clk          ; clk         ; 1.000        ; 0.000      ; 7.297      ;
; -6.334 ; Step_Motor:u2|clk_cnt[4]  ; Step_Motor:u2|clk_cnt[22] ; clk          ; clk         ; 1.000        ; 0.000      ; 7.297      ;
; -6.334 ; Step_Motor:u2|clk_cnt[4]  ; Step_Motor:u2|clk_cnt[23] ; clk          ; clk         ; 1.000        ; 0.000      ; 7.297      ;
; -6.334 ; Step_Motor:u2|clk_cnt[4]  ; Step_Motor:u2|clk_cnt[24] ; clk          ; clk         ; 1.000        ; 0.000      ; 7.297      ;
; -6.334 ; Step_Motor:u2|clk_cnt[4]  ; Step_Motor:u2|clk_cnt[25] ; clk          ; clk         ; 1.000        ; 0.000      ; 7.297      ;
; -6.334 ; Step_Motor:u2|clk_cnt[4]  ; Step_Motor:u2|clk_cnt[19] ; clk          ; clk         ; 1.000        ; 0.000      ; 7.297      ;
; -6.334 ; Step_Motor:u2|clk_cnt[4]  ; Step_Motor:u2|clk_cnt[18] ; clk          ; clk         ; 1.000        ; 0.000      ; 7.297      ;
; -6.334 ; Step_Motor:u2|clk_cnt[4]  ; Step_Motor:u2|clk_cnt[17] ; clk          ; clk         ; 1.000        ; 0.000      ; 7.297      ;
; -6.334 ; Step_Motor:u2|clk_cnt[4]  ; Step_Motor:u2|clk_cnt[16] ; clk          ; clk         ; 1.000        ; 0.000      ; 7.297      ;
; -6.273 ; Step_Motor:u2|clk_cnt[3]  ; Step_Motor:u2|clk_cnt[15] ; clk          ; clk         ; 1.000        ; 0.000      ; 7.236      ;
; -6.273 ; Step_Motor:u2|clk_cnt[3]  ; Step_Motor:u2|clk_cnt[14] ; clk          ; clk         ; 1.000        ; 0.000      ; 7.236      ;
; -6.273 ; Step_Motor:u2|clk_cnt[3]  ; Step_Motor:u2|clk_cnt[13] ; clk          ; clk         ; 1.000        ; 0.000      ; 7.236      ;
; -6.273 ; Step_Motor:u2|clk_cnt[3]  ; Step_Motor:u2|clk_cnt[12] ; clk          ; clk         ; 1.000        ; 0.000      ; 7.236      ;
; -6.273 ; Step_Motor:u2|clk_cnt[3]  ; Step_Motor:u2|clk_cnt[11] ; clk          ; clk         ; 1.000        ; 0.000      ; 7.236      ;
; -6.273 ; Step_Motor:u2|clk_cnt[3]  ; Step_Motor:u2|clk_cnt[10] ; clk          ; clk         ; 1.000        ; 0.000      ; 7.236      ;
; -6.273 ; Step_Motor:u2|clk_cnt[3]  ; Step_Motor:u2|clk_cnt[9]  ; clk          ; clk         ; 1.000        ; 0.000      ; 7.236      ;
; -6.273 ; Step_Motor:u2|clk_cnt[3]  ; Step_Motor:u2|clk_cnt[8]  ; clk          ; clk         ; 1.000        ; 0.000      ; 7.236      ;
; -6.273 ; Step_Motor:u2|clk_cnt[3]  ; Step_Motor:u2|clk_cnt[7]  ; clk          ; clk         ; 1.000        ; 0.000      ; 7.236      ;
; -6.273 ; Step_Motor:u2|clk_cnt[3]  ; Step_Motor:u2|clk_cnt[6]  ; clk          ; clk         ; 1.000        ; 0.000      ; 7.236      ;
; -6.272 ; Step_Motor:u2|clk_cnt[3]  ; Step_Motor:u2|clk_cnt[5]  ; clk          ; clk         ; 1.000        ; 0.000      ; 7.235      ;
; -6.272 ; Step_Motor:u2|clk_cnt[3]  ; Step_Motor:u2|clk_cnt[4]  ; clk          ; clk         ; 1.000        ; 0.000      ; 7.235      ;
; -6.272 ; Step_Motor:u2|clk_cnt[3]  ; Step_Motor:u2|clk_cnt[3]  ; clk          ; clk         ; 1.000        ; 0.000      ; 7.235      ;
; -6.272 ; Step_Motor:u2|clk_cnt[3]  ; Step_Motor:u2|clk_cnt[2]  ; clk          ; clk         ; 1.000        ; 0.000      ; 7.235      ;
; -6.272 ; Step_Motor:u2|clk_cnt[3]  ; Step_Motor:u2|clk_cnt[1]  ; clk          ; clk         ; 1.000        ; 0.000      ; 7.235      ;
; -6.272 ; Step_Motor:u2|clk_cnt[3]  ; Step_Motor:u2|clk_cnt[0]  ; clk          ; clk         ; 1.000        ; 0.000      ; 7.235      ;
; -6.267 ; Step_Motor:u2|clk_cnt[3]  ; Step_Motor:u2|clk_cnt[21] ; clk          ; clk         ; 1.000        ; 0.000      ; 7.230      ;
; -6.267 ; Step_Motor:u2|clk_cnt[3]  ; Step_Motor:u2|clk_cnt[20] ; clk          ; clk         ; 1.000        ; 0.000      ; 7.230      ;
; -6.267 ; Step_Motor:u2|clk_cnt[3]  ; Step_Motor:u2|clk_cnt[22] ; clk          ; clk         ; 1.000        ; 0.000      ; 7.230      ;
; -6.267 ; Step_Motor:u2|clk_cnt[3]  ; Step_Motor:u2|clk_cnt[23] ; clk          ; clk         ; 1.000        ; 0.000      ; 7.230      ;
; -6.267 ; Step_Motor:u2|clk_cnt[3]  ; Step_Motor:u2|clk_cnt[24] ; clk          ; clk         ; 1.000        ; 0.000      ; 7.230      ;
; -6.267 ; Step_Motor:u2|clk_cnt[3]  ; Step_Motor:u2|clk_cnt[25] ; clk          ; clk         ; 1.000        ; 0.000      ; 7.230      ;
; -6.267 ; Step_Motor:u2|clk_cnt[3]  ; Step_Motor:u2|clk_cnt[19] ; clk          ; clk         ; 1.000        ; 0.000      ; 7.230      ;
; -6.267 ; Step_Motor:u2|clk_cnt[3]  ; Step_Motor:u2|clk_cnt[18] ; clk          ; clk         ; 1.000        ; 0.000      ; 7.230      ;
; -6.267 ; Step_Motor:u2|clk_cnt[3]  ; Step_Motor:u2|clk_cnt[17] ; clk          ; clk         ; 1.000        ; 0.000      ; 7.230      ;
; -6.267 ; Step_Motor:u2|clk_cnt[3]  ; Step_Motor:u2|clk_cnt[16] ; clk          ; clk         ; 1.000        ; 0.000      ; 7.230      ;
; -6.247 ; Step_Motor:u2|clk_cnt[5]  ; Step_Motor:u2|clk_cnt[15] ; clk          ; clk         ; 1.000        ; 0.000      ; 7.210      ;
; -6.247 ; Step_Motor:u2|clk_cnt[5]  ; Step_Motor:u2|clk_cnt[14] ; clk          ; clk         ; 1.000        ; 0.000      ; 7.210      ;
; -6.247 ; Step_Motor:u2|clk_cnt[5]  ; Step_Motor:u2|clk_cnt[13] ; clk          ; clk         ; 1.000        ; 0.000      ; 7.210      ;
; -6.247 ; Step_Motor:u2|clk_cnt[5]  ; Step_Motor:u2|clk_cnt[12] ; clk          ; clk         ; 1.000        ; 0.000      ; 7.210      ;
; -6.247 ; Step_Motor:u2|clk_cnt[5]  ; Step_Motor:u2|clk_cnt[11] ; clk          ; clk         ; 1.000        ; 0.000      ; 7.210      ;
; -6.247 ; Step_Motor:u2|clk_cnt[5]  ; Step_Motor:u2|clk_cnt[10] ; clk          ; clk         ; 1.000        ; 0.000      ; 7.210      ;
; -6.247 ; Step_Motor:u2|clk_cnt[5]  ; Step_Motor:u2|clk_cnt[9]  ; clk          ; clk         ; 1.000        ; 0.000      ; 7.210      ;
; -6.247 ; Step_Motor:u2|clk_cnt[5]  ; Step_Motor:u2|clk_cnt[8]  ; clk          ; clk         ; 1.000        ; 0.000      ; 7.210      ;
; -6.247 ; Step_Motor:u2|clk_cnt[5]  ; Step_Motor:u2|clk_cnt[7]  ; clk          ; clk         ; 1.000        ; 0.000      ; 7.210      ;
; -6.247 ; Step_Motor:u2|clk_cnt[5]  ; Step_Motor:u2|clk_cnt[6]  ; clk          ; clk         ; 1.000        ; 0.000      ; 7.210      ;
; -6.246 ; Step_Motor:u2|clk_cnt[5]  ; Step_Motor:u2|clk_cnt[5]  ; clk          ; clk         ; 1.000        ; 0.000      ; 7.209      ;
; -6.246 ; Step_Motor:u2|clk_cnt[5]  ; Step_Motor:u2|clk_cnt[4]  ; clk          ; clk         ; 1.000        ; 0.000      ; 7.209      ;
; -6.246 ; Step_Motor:u2|clk_cnt[5]  ; Step_Motor:u2|clk_cnt[3]  ; clk          ; clk         ; 1.000        ; 0.000      ; 7.209      ;
; -6.246 ; Step_Motor:u2|clk_cnt[5]  ; Step_Motor:u2|clk_cnt[2]  ; clk          ; clk         ; 1.000        ; 0.000      ; 7.209      ;
; -6.246 ; Step_Motor:u2|clk_cnt[5]  ; Step_Motor:u2|clk_cnt[1]  ; clk          ; clk         ; 1.000        ; 0.000      ; 7.209      ;
; -6.246 ; Step_Motor:u2|clk_cnt[5]  ; Step_Motor:u2|clk_cnt[0]  ; clk          ; clk         ; 1.000        ; 0.000      ; 7.209      ;
; -6.241 ; Step_Motor:u2|clk_cnt[5]  ; Step_Motor:u2|clk_cnt[21] ; clk          ; clk         ; 1.000        ; 0.000      ; 7.204      ;
; -6.241 ; Step_Motor:u2|clk_cnt[5]  ; Step_Motor:u2|clk_cnt[20] ; clk          ; clk         ; 1.000        ; 0.000      ; 7.204      ;
; -6.241 ; Step_Motor:u2|clk_cnt[5]  ; Step_Motor:u2|clk_cnt[22] ; clk          ; clk         ; 1.000        ; 0.000      ; 7.204      ;
; -6.241 ; Step_Motor:u2|clk_cnt[5]  ; Step_Motor:u2|clk_cnt[23] ; clk          ; clk         ; 1.000        ; 0.000      ; 7.204      ;
; -6.241 ; Step_Motor:u2|clk_cnt[5]  ; Step_Motor:u2|clk_cnt[24] ; clk          ; clk         ; 1.000        ; 0.000      ; 7.204      ;
; -6.241 ; Step_Motor:u2|clk_cnt[5]  ; Step_Motor:u2|clk_cnt[25] ; clk          ; clk         ; 1.000        ; 0.000      ; 7.204      ;
; -6.241 ; Step_Motor:u2|clk_cnt[5]  ; Step_Motor:u2|clk_cnt[19] ; clk          ; clk         ; 1.000        ; 0.000      ; 7.204      ;
; -6.241 ; Step_Motor:u2|clk_cnt[5]  ; Step_Motor:u2|clk_cnt[18] ; clk          ; clk         ; 1.000        ; 0.000      ; 7.204      ;
; -6.241 ; Step_Motor:u2|clk_cnt[5]  ; Step_Motor:u2|clk_cnt[17] ; clk          ; clk         ; 1.000        ; 0.000      ; 7.204      ;
; -6.241 ; Step_Motor:u2|clk_cnt[5]  ; Step_Motor:u2|clk_cnt[16] ; clk          ; clk         ; 1.000        ; 0.000      ; 7.204      ;
; -6.185 ; Step_Motor:u2|clk_cnt[4]  ; Step_Motor:u2|clk_cnt[26] ; clk          ; clk         ; 1.000        ; 0.000      ; 7.148      ;
; -6.185 ; Step_Motor:u2|clk_cnt[4]  ; Step_Motor:u2|clk_cnt[27] ; clk          ; clk         ; 1.000        ; 0.000      ; 7.148      ;
; -6.185 ; Step_Motor:u2|clk_cnt[4]  ; Step_Motor:u2|clk_cnt[28] ; clk          ; clk         ; 1.000        ; 0.000      ; 7.148      ;
; -6.185 ; Step_Motor:u2|clk_cnt[4]  ; Step_Motor:u2|clk_cnt[29] ; clk          ; clk         ; 1.000        ; 0.000      ; 7.148      ;
; -6.185 ; Step_Motor:u2|clk_cnt[4]  ; Step_Motor:u2|clk_cnt[30] ; clk          ; clk         ; 1.000        ; 0.000      ; 7.148      ;
; -6.185 ; Step_Motor:u2|clk_cnt[4]  ; Step_Motor:u2|clk_cnt[31] ; clk          ; clk         ; 1.000        ; 0.000      ; 7.148      ;
; -6.118 ; Step_Motor:u2|clk_cnt[3]  ; Step_Motor:u2|clk_cnt[26] ; clk          ; clk         ; 1.000        ; 0.000      ; 7.081      ;
; -6.118 ; Step_Motor:u2|clk_cnt[3]  ; Step_Motor:u2|clk_cnt[27] ; clk          ; clk         ; 1.000        ; 0.000      ; 7.081      ;
; -6.118 ; Step_Motor:u2|clk_cnt[3]  ; Step_Motor:u2|clk_cnt[28] ; clk          ; clk         ; 1.000        ; 0.000      ; 7.081      ;
; -6.118 ; Step_Motor:u2|clk_cnt[3]  ; Step_Motor:u2|clk_cnt[29] ; clk          ; clk         ; 1.000        ; 0.000      ; 7.081      ;
; -6.118 ; Step_Motor:u2|clk_cnt[3]  ; Step_Motor:u2|clk_cnt[30] ; clk          ; clk         ; 1.000        ; 0.000      ; 7.081      ;
; -6.118 ; Step_Motor:u2|clk_cnt[3]  ; Step_Motor:u2|clk_cnt[31] ; clk          ; clk         ; 1.000        ; 0.000      ; 7.081      ;
; -6.092 ; Step_Motor:u2|clk_cnt[5]  ; Step_Motor:u2|clk_cnt[26] ; clk          ; clk         ; 1.000        ; 0.000      ; 7.055      ;
; -6.092 ; Step_Motor:u2|clk_cnt[5]  ; Step_Motor:u2|clk_cnt[27] ; clk          ; clk         ; 1.000        ; 0.000      ; 7.055      ;
; -6.092 ; Step_Motor:u2|clk_cnt[5]  ; Step_Motor:u2|clk_cnt[28] ; clk          ; clk         ; 1.000        ; 0.000      ; 7.055      ;
; -6.092 ; Step_Motor:u2|clk_cnt[5]  ; Step_Motor:u2|clk_cnt[29] ; clk          ; clk         ; 1.000        ; 0.000      ; 7.055      ;
; -6.092 ; Step_Motor:u2|clk_cnt[5]  ; Step_Motor:u2|clk_cnt[30] ; clk          ; clk         ; 1.000        ; 0.000      ; 7.055      ;
; -6.092 ; Step_Motor:u2|clk_cnt[5]  ; Step_Motor:u2|clk_cnt[31] ; clk          ; clk         ; 1.000        ; 0.000      ; 7.055      ;
; -5.987 ; Step_Motor:u2|clk_cnt[14] ; Step_Motor:u2|clk_cnt[15] ; clk          ; clk         ; 1.000        ; 0.000      ; 6.950      ;
; -5.987 ; Step_Motor:u2|clk_cnt[14] ; Step_Motor:u2|clk_cnt[14] ; clk          ; clk         ; 1.000        ; 0.000      ; 6.950      ;
; -5.987 ; Step_Motor:u2|clk_cnt[14] ; Step_Motor:u2|clk_cnt[13] ; clk          ; clk         ; 1.000        ; 0.000      ; 6.950      ;
; -5.987 ; Step_Motor:u2|clk_cnt[14] ; Step_Motor:u2|clk_cnt[12] ; clk          ; clk         ; 1.000        ; 0.000      ; 6.950      ;
+--------+---------------------------+---------------------------+--------------+-------------+--------------+------------+------------+


+--------------------------------------------------------------------------------------------------------------------------------------------------------+
; Setup: 'adc_1:u0|c_state.s_start'                                                                                                                      ;
+--------+----------------------------+-----------------+----------------------------+--------------------------+--------------+------------+------------+
; Slack  ; From Node                  ; To Node         ; Launch Clock               ; Latch Clock              ; Relationship ; Clock Skew ; Data Delay ;
+--------+----------------------------+-----------------+----------------------------+--------------------------+--------------+------------+------------+
; -5.592 ; adc_1:u0|adc_delay[7]      ; adc_1:u0|out_en ; clk                        ; adc_1:u0|c_state.s_start ; 1.000        ; -1.707     ; 3.715      ;
; -5.533 ; adc_1:u0|adc_delay[2]      ; adc_1:u0|out_en ; clk                        ; adc_1:u0|c_state.s_start ; 1.000        ; -1.707     ; 3.656      ;
; -5.428 ; adc_1:u0|adc_delay[5]      ; adc_1:u0|out_en ; clk                        ; adc_1:u0|c_state.s_start ; 1.000        ; -1.707     ; 3.551      ;
; -5.408 ; adc_1:u0|adc_delay[3]      ; adc_1:u0|out_en ; clk                        ; adc_1:u0|c_state.s_start ; 1.000        ; -1.707     ; 3.531      ;
; -5.303 ; adc_1:u0|adc_delay[4]      ; adc_1:u0|out_en ; clk                        ; adc_1:u0|c_state.s_start ; 1.000        ; -1.707     ; 3.426      ;
; -5.205 ; adc_1:u0|adc_delay[1]      ; adc_1:u0|out_en ; clk                        ; adc_1:u0|c_state.s_start ; 1.000        ; -1.707     ; 3.328      ;
; -5.110 ; adc_1:u0|adc_delay[6]      ; adc_1:u0|out_en ; clk                        ; adc_1:u0|c_state.s_start ; 1.000        ; -1.707     ; 3.233      ;
; -4.683 ; adc_1:u0|c_state.s_oe_sig  ; adc_1:u0|out_en ; clk                        ; adc_1:u0|c_state.s_start ; 1.000        ; -1.707     ; 2.806      ;
; -0.927 ; adc_1:u0|c_state.s_capture ; adc_1:u0|out_en ; adc_1:u0|c_state.s_capture ; adc_1:u0|c_state.s_start ; 0.500        ; 1.202      ; 1.683      ;
; -0.427 ; adc_1:u0|c_state.s_capture ; adc_1:u0|out_en ; adc_1:u0|c_state.s_capture ; adc_1:u0|c_state.s_start ; 1.000        ; 1.202      ; 1.683      ;
+--------+----------------------------+-----------------+----------------------------+--------------------------+--------------+------------+------------+


+----------------------------------------------------------------------------------------------------------------------------------------------------+
; Setup: 'adc_1:u0|c_state.s_capture'                                                                                                                ;
+-------+--------------------------+----------------+--------------------------+----------------------------+--------------+------------+------------+
; Slack ; From Node                ; To Node        ; Launch Clock             ; Latch Clock                ; Relationship ; Clock Skew ; Data Delay ;
+-------+--------------------------+----------------+--------------------------+----------------------------+--------------+------------+------------+
; 1.085 ; adc_1:u0|adc_delay[7]    ; adc_1:u0|start ; clk                      ; adc_1:u0|c_state.s_capture ; 1.000        ; 4.152      ; 2.934      ;
; 1.238 ; adc_1:u0|adc_delay[0]    ; adc_1:u0|start ; clk                      ; adc_1:u0|c_state.s_capture ; 1.000        ; 4.152      ; 2.781      ;
; 1.249 ; adc_1:u0|adc_delay[5]    ; adc_1:u0|start ; clk                      ; adc_1:u0|c_state.s_capture ; 1.000        ; 4.152      ; 2.770      ;
; 1.251 ; adc_1:u0|adc_delay[7]    ; adc_1:u0|ale   ; clk                      ; adc_1:u0|c_state.s_capture ; 1.000        ; 4.151      ; 2.757      ;
; 1.372 ; adc_1:u0|adc_delay[0]    ; adc_1:u0|ale   ; clk                      ; adc_1:u0|c_state.s_capture ; 1.000        ; 4.151      ; 2.636      ;
; 1.374 ; adc_1:u0|adc_delay[4]    ; adc_1:u0|start ; clk                      ; adc_1:u0|c_state.s_capture ; 1.000        ; 4.152      ; 2.645      ;
; 1.415 ; adc_1:u0|adc_delay[5]    ; adc_1:u0|ale   ; clk                      ; adc_1:u0|c_state.s_capture ; 1.000        ; 4.151      ; 2.593      ;
; 1.417 ; adc_1:u0|adc_delay[1]    ; adc_1:u0|start ; clk                      ; adc_1:u0|c_state.s_capture ; 1.000        ; 4.152      ; 2.602      ;
; 1.493 ; adc_1:u0|adc_delay[2]    ; adc_1:u0|start ; clk                      ; adc_1:u0|c_state.s_capture ; 1.000        ; 4.152      ; 2.526      ;
; 1.540 ; adc_1:u0|adc_delay[4]    ; adc_1:u0|ale   ; clk                      ; adc_1:u0|c_state.s_capture ; 1.000        ; 4.151      ; 2.468      ;
; 1.567 ; adc_1:u0|adc_delay[6]    ; adc_1:u0|start ; clk                      ; adc_1:u0|c_state.s_capture ; 1.000        ; 4.152      ; 2.452      ;
; 1.601 ; adc_1:u0|adc_delay[1]    ; adc_1:u0|ale   ; clk                      ; adc_1:u0|c_state.s_capture ; 1.000        ; 4.151      ; 2.407      ;
; 1.607 ; adc_1:u0|adc_delay[3]    ; adc_1:u0|start ; clk                      ; adc_1:u0|c_state.s_capture ; 1.000        ; 4.152      ; 2.412      ;
; 1.698 ; adc_1:u0|adc_delay[2]    ; adc_1:u0|ale   ; clk                      ; adc_1:u0|c_state.s_capture ; 1.000        ; 4.151      ; 2.310      ;
; 1.733 ; adc_1:u0|adc_delay[6]    ; adc_1:u0|ale   ; clk                      ; adc_1:u0|c_state.s_capture ; 1.000        ; 4.151      ; 2.275      ;
; 1.845 ; adc_1:u0|adc_delay[3]    ; adc_1:u0|ale   ; clk                      ; adc_1:u0|c_state.s_capture ; 1.000        ; 4.151      ; 2.163      ;
; 4.140 ; adc_1:u0|c_state.s_start ; adc_1:u0|ale   ; adc_1:u0|c_state.s_start ; adc_1:u0|c_state.s_capture ; 0.500        ; 7.060      ; 2.501      ;
; 4.640 ; adc_1:u0|c_state.s_start ; adc_1:u0|ale   ; adc_1:u0|c_state.s_start ; adc_1:u0|c_state.s_capture ; 1.000        ; 7.060      ; 2.501      ;
; 4.757 ; adc_1:u0|c_state.s_start ; adc_1:u0|start ; adc_1:u0|c_state.s_start ; adc_1:u0|c_state.s_capture ; 0.500        ; 7.061      ; 1.895      ;
; 5.257 ; adc_1:u0|c_state.s_start ; adc_1:u0|start ; adc_1:u0|c_state.s_start ; adc_1:u0|c_state.s_capture ; 1.000        ; 7.061      ; 1.895      ;
+-------+--------------------------+----------------+--------------------------+----------------------------+--------------+------------+------------+


+-----------------------------------------------------------------------------------------------------------------------------------------------------+
; Hold: 'adc_1:u0|c_state.s_capture'                                                                                                                  ;
+--------+--------------------------+----------------+--------------------------+----------------------------+--------------+------------+------------+
; Slack  ; From Node                ; To Node        ; Launch Clock             ; Latch Clock                ; Relationship ; Clock Skew ; Data Delay ;
+--------+--------------------------+----------------+--------------------------+----------------------------+--------------+------------+------------+
; -5.390 ; adc_1:u0|c_state.s_start ; adc_1:u0|start ; adc_1:u0|c_state.s_start ; adc_1:u0|c_state.s_capture ; 0.000        ; 7.061      ; 1.895      ;
; -4.890 ; adc_1:u0|c_state.s_start ; adc_1:u0|start ; adc_1:u0|c_state.s_start ; adc_1:u0|c_state.s_capture ; -0.500       ; 7.061      ; 1.895      ;
; -4.783 ; adc_1:u0|c_state.s_start ; adc_1:u0|ale   ; adc_1:u0|c_state.s_start ; adc_1:u0|c_state.s_capture ; 0.000        ; 7.060      ; 2.501      ;
; -4.283 ; adc_1:u0|c_state.s_start ; adc_1:u0|ale   ; adc_1:u0|c_state.s_start ; adc_1:u0|c_state.s_capture ; -0.500       ; 7.060      ; 2.501      ;
; -1.988 ; adc_1:u0|adc_delay[3]    ; adc_1:u0|ale   ; clk                      ; adc_1:u0|c_state.s_capture ; 0.000        ; 4.151      ; 2.163      ;
; -1.876 ; adc_1:u0|adc_delay[6]    ; adc_1:u0|ale   ; clk                      ; adc_1:u0|c_state.s_capture ; 0.000        ; 4.151      ; 2.275      ;
; -1.841 ; adc_1:u0|adc_delay[2]    ; adc_1:u0|ale   ; clk                      ; adc_1:u0|c_state.s_capture ; 0.000        ; 4.151      ; 2.310      ;
; -1.744 ; adc_1:u0|adc_delay[1]    ; adc_1:u0|ale   ; clk                      ; adc_1:u0|c_state.s_capture ; 0.000        ; 4.151      ; 2.407      ;
; -1.740 ; adc_1:u0|adc_delay[3]    ; adc_1:u0|start ; clk                      ; adc_1:u0|c_state.s_capture ; 0.000        ; 4.152      ; 2.412      ;
; -1.700 ; adc_1:u0|adc_delay[6]    ; adc_1:u0|start ; clk                      ; adc_1:u0|c_state.s_capture ; 0.000        ; 4.152      ; 2.452      ;
; -1.683 ; adc_1:u0|adc_delay[4]    ; adc_1:u0|ale   ; clk                      ; adc_1:u0|c_state.s_capture ; 0.000        ; 4.151      ; 2.468      ;
; -1.626 ; adc_1:u0|adc_delay[2]    ; adc_1:u0|start ; clk                      ; adc_1:u0|c_state.s_capture ; 0.000        ; 4.152      ; 2.526      ;
; -1.558 ; adc_1:u0|adc_delay[5]    ; adc_1:u0|ale   ; clk                      ; adc_1:u0|c_state.s_capture ; 0.000        ; 4.151      ; 2.593      ;
; -1.550 ; adc_1:u0|adc_delay[1]    ; adc_1:u0|start ; clk                      ; adc_1:u0|c_state.s_capture ; 0.000        ; 4.152      ; 2.602      ;
; -1.515 ; adc_1:u0|adc_delay[0]    ; adc_1:u0|ale   ; clk                      ; adc_1:u0|c_state.s_capture ; 0.000        ; 4.151      ; 2.636      ;
; -1.507 ; adc_1:u0|adc_delay[4]    ; adc_1:u0|start ; clk                      ; adc_1:u0|c_state.s_capture ; 0.000        ; 4.152      ; 2.645      ;
; -1.394 ; adc_1:u0|adc_delay[7]    ; adc_1:u0|ale   ; clk                      ; adc_1:u0|c_state.s_capture ; 0.000        ; 4.151      ; 2.757      ;
; -1.382 ; adc_1:u0|adc_delay[5]    ; adc_1:u0|start ; clk                      ; adc_1:u0|c_state.s_capture ; 0.000        ; 4.152      ; 2.770      ;
; -1.371 ; adc_1:u0|adc_delay[0]    ; adc_1:u0|start ; clk                      ; adc_1:u0|c_state.s_capture ; 0.000        ; 4.152      ; 2.781      ;
; -1.218 ; adc_1:u0|adc_delay[7]    ; adc_1:u0|start ; clk                      ; adc_1:u0|c_state.s_capture ; 0.000        ; 4.152      ; 2.934      ;
+--------+--------------------------+----------------+--------------------------+----------------------------+--------------+------------+------------+


+-----------------------------------------------------------------------------------------------------------------------------------------------------+
; Hold: 'clk'                                                                                                                                         ;
+--------+----------------------------+---------------------------+----------------------------+-------------+--------------+------------+------------+
; Slack  ; From Node                  ; To Node                   ; Launch Clock               ; Latch Clock ; Relationship ; Clock Skew ; Data Delay ;
+--------+----------------------------+---------------------------+----------------------------+-------------+--------------+------------+------------+
; -1.897 ; adc_1:u0|c_state.s_start   ; adc_1:u0|c_state.s_start  ; adc_1:u0|c_state.s_start   ; clk         ; 0.000        ; 2.909      ; 1.251      ;
; -1.538 ; adc_1:u0|c_state.s_capture ; adc_1:u0|c_state.s_idle   ; adc_1:u0|c_state.s_capture ; clk         ; 0.000        ; 2.909      ; 1.610      ;
; -1.397 ; adc_1:u0|c_state.s_start   ; adc_1:u0|c_state.s_start  ; adc_1:u0|c_state.s_start   ; clk         ; -0.500       ; 2.909      ; 1.251      ;
; -1.250 ; adc_1:u0|c_state.s_capture ; adc_1:u0|led[0]           ; adc_1:u0|c_state.s_capture ; clk         ; 0.000        ; 2.909      ; 1.898      ;
; -1.250 ; adc_1:u0|c_state.s_capture ; adc_1:u0|led[1]           ; adc_1:u0|c_state.s_capture ; clk         ; 0.000        ; 2.909      ; 1.898      ;
; -1.250 ; adc_1:u0|c_state.s_capture ; adc_1:u0|led[2]           ; adc_1:u0|c_state.s_capture ; clk         ; 0.000        ; 2.909      ; 1.898      ;
; -1.250 ; adc_1:u0|c_state.s_capture ; adc_1:u0|led[3]           ; adc_1:u0|c_state.s_capture ; clk         ; 0.000        ; 2.909      ; 1.898      ;
; -1.250 ; adc_1:u0|c_state.s_capture ; adc_1:u0|led[4]           ; adc_1:u0|c_state.s_capture ; clk         ; 0.000        ; 2.909      ; 1.898      ;
; -1.250 ; adc_1:u0|c_state.s_capture ; adc_1:u0|led[5]           ; adc_1:u0|c_state.s_capture ; clk         ; 0.000        ; 2.909      ; 1.898      ;
; -1.250 ; adc_1:u0|c_state.s_capture ; adc_1:u0|led[6]           ; adc_1:u0|c_state.s_capture ; clk         ; 0.000        ; 2.909      ; 1.898      ;
; -1.250 ; adc_1:u0|c_state.s_capture ; adc_1:u0|led[7]           ; adc_1:u0|c_state.s_capture ; clk         ; 0.000        ; 2.909      ; 1.898      ;
; -1.229 ; adc_1:u0|c_state.s_start   ; adc_1:u0|c_state.s_wait   ; adc_1:u0|c_state.s_start   ; clk         ; 0.000        ; 2.909      ; 1.919      ;
; -1.227 ; adc_1:u0|c_state.s_start   ; adc_1:u0|c_state.s_idle   ; adc_1:u0|c_state.s_start   ; clk         ; 0.000        ; 2.909      ; 1.921      ;
; -1.038 ; adc_1:u0|c_state.s_capture ; adc_1:u0|c_state.s_idle   ; adc_1:u0|c_state.s_capture ; clk         ; -0.500       ; 2.909      ; 1.610      ;
; -0.750 ; adc_1:u0|c_state.s_capture ; adc_1:u0|led[0]           ; adc_1:u0|c_state.s_capture ; clk         ; -0.500       ; 2.909      ; 1.898      ;
; -0.750 ; adc_1:u0|c_state.s_capture ; adc_1:u0|led[1]           ; adc_1:u0|c_state.s_capture ; clk         ; -0.500       ; 2.909      ; 1.898      ;
; -0.750 ; adc_1:u0|c_state.s_capture ; adc_1:u0|led[2]           ; adc_1:u0|c_state.s_capture ; clk         ; -0.500       ; 2.909      ; 1.898      ;
; -0.750 ; adc_1:u0|c_state.s_capture ; adc_1:u0|led[3]           ; adc_1:u0|c_state.s_capture ; clk         ; -0.500       ; 2.909      ; 1.898      ;
; -0.750 ; adc_1:u0|c_state.s_capture ; adc_1:u0|led[4]           ; adc_1:u0|c_state.s_capture ; clk         ; -0.500       ; 2.909      ; 1.898      ;
; -0.750 ; adc_1:u0|c_state.s_capture ; adc_1:u0|led[5]           ; adc_1:u0|c_state.s_capture ; clk         ; -0.500       ; 2.909      ; 1.898      ;
; -0.750 ; adc_1:u0|c_state.s_capture ; adc_1:u0|led[6]           ; adc_1:u0|c_state.s_capture ; clk         ; -0.500       ; 2.909      ; 1.898      ;
; -0.750 ; adc_1:u0|c_state.s_capture ; adc_1:u0|led[7]           ; adc_1:u0|c_state.s_capture ; clk         ; -0.500       ; 2.909      ; 1.898      ;
; -0.729 ; adc_1:u0|c_state.s_start   ; adc_1:u0|c_state.s_wait   ; adc_1:u0|c_state.s_start   ; clk         ; -0.500       ; 2.909      ; 1.919      ;
; -0.727 ; adc_1:u0|c_state.s_start   ; adc_1:u0|c_state.s_idle   ; adc_1:u0|c_state.s_start   ; clk         ; -0.500       ; 2.909      ; 1.921      ;
; 0.286  ; adc_1:u0|c_state.s_start   ; adc_1:u0|adc_delay[4]     ; adc_1:u0|c_state.s_start   ; clk         ; 0.000        ; 2.909      ; 3.434      ;
; 0.286  ; adc_1:u0|c_state.s_start   ; adc_1:u0|adc_delay[5]     ; adc_1:u0|c_state.s_start   ; clk         ; 0.000        ; 2.909      ; 3.434      ;
; 0.286  ; adc_1:u0|c_state.s_start   ; adc_1:u0|adc_delay[6]     ; adc_1:u0|c_state.s_start   ; clk         ; 0.000        ; 2.909      ; 3.434      ;
; 0.286  ; adc_1:u0|c_state.s_start   ; adc_1:u0|adc_delay[7]     ; adc_1:u0|c_state.s_start   ; clk         ; 0.000        ; 2.909      ; 3.434      ;
; 0.286  ; adc_1:u0|c_state.s_start   ; adc_1:u0|adc_delay[3]     ; adc_1:u0|c_state.s_start   ; clk         ; 0.000        ; 2.909      ; 3.434      ;
; 0.286  ; adc_1:u0|c_state.s_start   ; adc_1:u0|adc_delay[0]     ; adc_1:u0|c_state.s_start   ; clk         ; 0.000        ; 2.909      ; 3.434      ;
; 0.286  ; adc_1:u0|c_state.s_start   ; adc_1:u0|adc_delay[1]     ; adc_1:u0|c_state.s_start   ; clk         ; 0.000        ; 2.909      ; 3.434      ;
; 0.286  ; adc_1:u0|c_state.s_start   ; adc_1:u0|adc_delay[2]     ; adc_1:u0|c_state.s_start   ; clk         ; 0.000        ; 2.909      ; 3.434      ;
; 0.786  ; adc_1:u0|c_state.s_start   ; adc_1:u0|adc_delay[4]     ; adc_1:u0|c_state.s_start   ; clk         ; -0.500       ; 2.909      ; 3.434      ;
; 0.786  ; adc_1:u0|c_state.s_start   ; adc_1:u0|adc_delay[5]     ; adc_1:u0|c_state.s_start   ; clk         ; -0.500       ; 2.909      ; 3.434      ;
; 0.786  ; adc_1:u0|c_state.s_start   ; adc_1:u0|adc_delay[6]     ; adc_1:u0|c_state.s_start   ; clk         ; -0.500       ; 2.909      ; 3.434      ;
; 0.786  ; adc_1:u0|c_state.s_start   ; adc_1:u0|adc_delay[7]     ; adc_1:u0|c_state.s_start   ; clk         ; -0.500       ; 2.909      ; 3.434      ;
; 0.786  ; adc_1:u0|c_state.s_start   ; adc_1:u0|adc_delay[3]     ; adc_1:u0|c_state.s_start   ; clk         ; -0.500       ; 2.909      ; 3.434      ;
; 0.786  ; adc_1:u0|c_state.s_start   ; adc_1:u0|adc_delay[0]     ; adc_1:u0|c_state.s_start   ; clk         ; -0.500       ; 2.909      ; 3.434      ;
; 0.786  ; adc_1:u0|c_state.s_start   ; adc_1:u0|adc_delay[1]     ; adc_1:u0|c_state.s_start   ; clk         ; -0.500       ; 2.909      ; 3.434      ;
; 0.786  ; adc_1:u0|c_state.s_start   ; adc_1:u0|adc_delay[2]     ; adc_1:u0|c_state.s_start   ; clk         ; -0.500       ; 2.909      ; 3.434      ;
; 1.047  ; adc_1:u0|c_state.s_wait    ; adc_1:u0|c_state.s_wait   ; clk                        ; clk         ; 0.000        ; 0.000      ; 1.062      ;
; 1.054  ; Step_Motor:u2|clk_cnt[31]  ; Step_Motor:u2|clk_cnt[31] ; clk                        ; clk         ; 0.000        ; 0.000      ; 1.069      ;
; 1.105  ; DSP_4bitFND:u1|digit[0]    ; DSP_4bitFND:u1|temp[0]    ; clk                        ; clk         ; 0.000        ; 0.000      ; 1.120      ;
; 1.223  ; adc_1:u0|adc_clk           ; adc_1:u0|adc_clk          ; clk                        ; clk         ; 0.000        ; 0.000      ; 1.238      ;
; 1.285  ; Step_Motor:u2|step[0]      ; Step_Motor:u2|step[0]     ; clk                        ; clk         ; 0.000        ; 0.000      ; 1.300      ;
; 1.289  ; Step_Motor:u2|step[0]      ; Step_Motor:u2|step[1]     ; clk                        ; clk         ; 0.000        ; 0.000      ; 1.304      ;
; 1.312  ; Step_Motor:u2|clk_cnt[1]   ; Step_Motor:u2|clk_cnt[1]  ; clk                        ; clk         ; 0.000        ; 0.000      ; 1.327      ;
; 1.323  ; Step_Motor:u2|clk_cnt[20]  ; Step_Motor:u2|clk_cnt[20] ; clk                        ; clk         ; 0.000        ; 0.000      ; 1.338      ;
; 1.323  ; Step_Motor:u2|clk_cnt[24]  ; Step_Motor:u2|clk_cnt[24] ; clk                        ; clk         ; 0.000        ; 0.000      ; 1.338      ;
; 1.323  ; Step_Motor:u2|clk_cnt[14]  ; Step_Motor:u2|clk_cnt[14] ; clk                        ; clk         ; 0.000        ; 0.000      ; 1.338      ;
; 1.323  ; Step_Motor:u2|clk_cnt[10]  ; Step_Motor:u2|clk_cnt[10] ; clk                        ; clk         ; 0.000        ; 0.000      ; 1.338      ;
; 1.323  ; Step_Motor:u2|clk_cnt[4]   ; Step_Motor:u2|clk_cnt[4]  ; clk                        ; clk         ; 0.000        ; 0.000      ; 1.338      ;
; 1.323  ; Step_Motor:u2|clk_cnt[0]   ; Step_Motor:u2|clk_cnt[0]  ; clk                        ; clk         ; 0.000        ; 0.000      ; 1.338      ;
; 1.326  ; adc_1:u0|clk_cnt[0]        ; adc_1:u0|clk_cnt[0]       ; clk                        ; clk         ; 0.000        ; 0.000      ; 1.341      ;
; 1.326  ; Step_Motor:u2|clk_cnt[21]  ; Step_Motor:u2|clk_cnt[21] ; clk                        ; clk         ; 0.000        ; 0.000      ; 1.341      ;
; 1.326  ; Step_Motor:u2|clk_cnt[16]  ; Step_Motor:u2|clk_cnt[16] ; clk                        ; clk         ; 0.000        ; 0.000      ; 1.341      ;
; 1.326  ; Step_Motor:u2|clk_cnt[11]  ; Step_Motor:u2|clk_cnt[11] ; clk                        ; clk         ; 0.000        ; 0.000      ; 1.341      ;
; 1.326  ; Step_Motor:u2|clk_cnt[6]   ; Step_Motor:u2|clk_cnt[6]  ; clk                        ; clk         ; 0.000        ; 0.000      ; 1.341      ;
; 1.328  ; adc_1:u0|adc_delay[4]      ; adc_1:u0|adc_delay[4]     ; clk                        ; clk         ; 0.000        ; 0.000      ; 1.343      ;
; 1.329  ; Step_Motor:u2|clk_cnt[19]  ; Step_Motor:u2|clk_cnt[19] ; clk                        ; clk         ; 0.000        ; 0.000      ; 1.344      ;
; 1.329  ; Step_Motor:u2|clk_cnt[9]   ; Step_Motor:u2|clk_cnt[9]  ; clk                        ; clk         ; 0.000        ; 0.000      ; 1.344      ;
; 1.332  ; adc_1:u0|adc_delay[0]      ; adc_1:u0|adc_delay[0]     ; clk                        ; clk         ; 0.000        ; 0.000      ; 1.347      ;
; 1.334  ; adc_1:u0|clk_cnt[4]        ; adc_1:u0|clk_cnt[4]       ; clk                        ; clk         ; 0.000        ; 0.000      ; 1.349      ;
; 1.335  ; Step_Motor:u2|clk_cnt[30]  ; Step_Motor:u2|clk_cnt[30] ; clk                        ; clk         ; 0.000        ; 0.000      ; 1.350      ;
; 1.336  ; adc_1:u0|adc_delay[3]      ; adc_1:u0|adc_delay[3]     ; clk                        ; clk         ; 0.000        ; 0.000      ; 1.351      ;
; 1.336  ; adc_1:u0|clk_cnt[3]        ; adc_1:u0|clk_cnt[3]       ; clk                        ; clk         ; 0.000        ; 0.000      ; 1.351      ;
; 1.338  ; adc_1:u0|adc_delay[5]      ; adc_1:u0|adc_delay[5]     ; clk                        ; clk         ; 0.000        ; 0.000      ; 1.353      ;
; 1.338  ; adc_1:u0|c_state.s_oe_sig  ; adc_1:u0|c_state.s_oe_sig ; clk                        ; clk         ; 0.000        ; 0.000      ; 1.353      ;
; 1.340  ; Step_Motor:u2|clk_cnt[29]  ; Step_Motor:u2|clk_cnt[29] ; clk                        ; clk         ; 0.000        ; 0.000      ; 1.355      ;
; 1.349  ; DSP_4bitFND:u1|digit[1]    ; DSP_4bitFND:u1|digit[1]   ; clk                        ; clk         ; 0.000        ; 0.000      ; 1.364      ;
; 1.470  ; Step_Motor:u2|clk_cnt[2]   ; Step_Motor:u2|clk_cnt[2]  ; clk                        ; clk         ; 0.000        ; 0.000      ; 1.485      ;
; 1.475  ; Step_Motor:u2|clk_cnt[3]   ; Step_Motor:u2|clk_cnt[3]  ; clk                        ; clk         ; 0.000        ; 0.000      ; 1.490      ;
; 1.476  ; Step_Motor:u2|clk_cnt[22]  ; Step_Motor:u2|clk_cnt[22] ; clk                        ; clk         ; 0.000        ; 0.000      ; 1.491      ;
; 1.476  ; Step_Motor:u2|clk_cnt[17]  ; Step_Motor:u2|clk_cnt[17] ; clk                        ; clk         ; 0.000        ; 0.000      ; 1.491      ;
; 1.476  ; Step_Motor:u2|clk_cnt[12]  ; Step_Motor:u2|clk_cnt[12] ; clk                        ; clk         ; 0.000        ; 0.000      ; 1.491      ;
; 1.476  ; Step_Motor:u2|clk_cnt[7]   ; Step_Motor:u2|clk_cnt[7]  ; clk                        ; clk         ; 0.000        ; 0.000      ; 1.491      ;
; 1.476  ; Step_Motor:u2|clk_cnt[5]   ; Step_Motor:u2|clk_cnt[5]  ; clk                        ; clk         ; 0.000        ; 0.000      ; 1.491      ;
; 1.479  ; adc_1:u0|adc_delay[1]      ; adc_1:u0|adc_delay[1]     ; clk                        ; clk         ; 0.000        ; 0.000      ; 1.494      ;
; 1.480  ; Step_Motor:u2|clk_cnt[18]  ; Step_Motor:u2|clk_cnt[18] ; clk                        ; clk         ; 0.000        ; 0.000      ; 1.495      ;
; 1.480  ; Step_Motor:u2|clk_cnt[8]   ; Step_Motor:u2|clk_cnt[8]  ; clk                        ; clk         ; 0.000        ; 0.000      ; 1.495      ;
; 1.481  ; adc_1:u0|adc_delay[2]      ; adc_1:u0|adc_delay[2]     ; clk                        ; clk         ; 0.000        ; 0.000      ; 1.496      ;
; 1.481  ; Step_Motor:u2|clk_cnt[23]  ; Step_Motor:u2|clk_cnt[23] ; clk                        ; clk         ; 0.000        ; 0.000      ; 1.496      ;
; 1.481  ; Step_Motor:u2|clk_cnt[13]  ; Step_Motor:u2|clk_cnt[13] ; clk                        ; clk         ; 0.000        ; 0.000      ; 1.496      ;
; 1.482  ; Step_Motor:u2|clk_cnt[25]  ; Step_Motor:u2|clk_cnt[25] ; clk                        ; clk         ; 0.000        ; 0.000      ; 1.497      ;
; 1.482  ; Step_Motor:u2|clk_cnt[27]  ; Step_Motor:u2|clk_cnt[27] ; clk                        ; clk         ; 0.000        ; 0.000      ; 1.497      ;
; 1.482  ; Step_Motor:u2|clk_cnt[15]  ; Step_Motor:u2|clk_cnt[15] ; clk                        ; clk         ; 0.000        ; 0.000      ; 1.497      ;
; 1.484  ; adc_1:u0|c_state.s_wait    ; adc_1:u0|c_state.s_oe_sig ; clk                        ; clk         ; 0.000        ; 0.000      ; 1.499      ;
; 1.485  ; adc_1:u0|clk_cnt[7]        ; adc_1:u0|clk_cnt[7]       ; clk                        ; clk         ; 0.000        ; 0.000      ; 1.500      ;
; 1.486  ; Step_Motor:u2|clk_cnt[28]  ; Step_Motor:u2|clk_cnt[28] ; clk                        ; clk         ; 0.000        ; 0.000      ; 1.501      ;
; 1.488  ; adc_1:u0|adc_delay[6]      ; adc_1:u0|adc_delay[6]     ; clk                        ; clk         ; 0.000        ; 0.000      ; 1.503      ;
; 1.488  ; adc_1:u0|adc_delay[7]      ; adc_1:u0|adc_delay[7]     ; clk                        ; clk         ; 0.000        ; 0.000      ; 1.503      ;
; 1.491  ; adc_1:u0|clk_cnt[2]        ; adc_1:u0|clk_cnt[2]       ; clk                        ; clk         ; 0.000        ; 0.000      ; 1.506      ;
; 1.493  ; adc_1:u0|clk_cnt[6]        ; adc_1:u0|clk_cnt[6]       ; clk                        ; clk         ; 0.000        ; 0.000      ; 1.508      ;
; 1.494  ; adc_1:u0|clk_cnt[1]        ; adc_1:u0|clk_cnt[1]       ; clk                        ; clk         ; 0.000        ; 0.000      ; 1.509      ;
; 1.520  ; Step_Motor:u2|step[1]      ; Step_Motor:u2|step[1]     ; clk                        ; clk         ; 0.000        ; 0.000      ; 1.535      ;
; 1.530  ; DSP_4bitFND:u1|digit[0]    ; DSP_4bitFND:u1|digit[0]   ; clk                        ; clk         ; 0.000        ; 0.000      ; 1.545      ;
; 1.540  ; DSP_4bitFND:u1|digit[0]    ; DSP_4bitFND:u1|digit[1]   ; clk                        ; clk         ; 0.000        ; 0.000      ; 1.555      ;
; 1.540  ; DSP_4bitFND:u1|digit[0]    ; DSP_4bitFND:u1|temp[1]    ; clk                        ; clk         ; 0.000        ; 0.000      ; 1.555      ;
; 1.551  ; adc_1:u0|c_state.s_idle    ; adc_1:u0|c_state.s_start  ; clk                        ; clk         ; 0.000        ; 0.000      ; 1.566      ;
; 1.708  ; DSP_4bitFND:u1|digit[0]    ; DSP_4bitFND:u1|temp[3]    ; clk                        ; clk         ; 0.000        ; 0.000      ; 1.723      ;
+--------+----------------------------+---------------------------+----------------------------+-------------+--------------+------------+------------+


+-------------------------------------------------------------------------------------------------------------------------------------------------------+
; Hold: 'adc_1:u0|c_state.s_start'                                                                                                                      ;
+-------+----------------------------+-----------------+----------------------------+--------------------------+--------------+------------+------------+
; Slack ; From Node                  ; To Node         ; Launch Clock               ; Latch Clock              ; Relationship ; Clock Skew ; Data Delay ;
+-------+----------------------------+-----------------+----------------------------+--------------------------+--------------+------------+------------+
; 0.257 ; adc_1:u0|c_state.s_capture ; adc_1:u0|out_en ; adc_1:u0|c_state.s_capture ; adc_1:u0|c_state.s_start ; 0.000        ; 1.202      ; 1.683      ;
; 0.757 ; adc_1:u0|c_state.s_capture ; adc_1:u0|out_en ; adc_1:u0|c_state.s_capture ; adc_1:u0|c_state.s_start ; -0.500       ; 1.202      ; 1.683      ;
; 4.513 ; adc_1:u0|c_state.s_oe_sig  ; adc_1:u0|out_en ; clk                        ; adc_1:u0|c_state.s_start ; 0.000        ; -1.707     ; 2.806      ;
; 4.940 ; adc_1:u0|adc_delay[6]      ; adc_1:u0|out_en ; clk                        ; adc_1:u0|c_state.s_start ; 0.000        ; -1.707     ; 3.233      ;
; 5.035 ; adc_1:u0|adc_delay[1]      ; adc_1:u0|out_en ; clk                        ; adc_1:u0|c_state.s_start ; 0.000        ; -1.707     ; 3.328      ;
; 5.133 ; adc_1:u0|adc_delay[4]      ; adc_1:u0|out_en ; clk                        ; adc_1:u0|c_state.s_start ; 0.000        ; -1.707     ; 3.426      ;
; 5.238 ; adc_1:u0|adc_delay[3]      ; adc_1:u0|out_en ; clk                        ; adc_1:u0|c_state.s_start ; 0.000        ; -1.707     ; 3.531      ;
; 5.258 ; adc_1:u0|adc_delay[5]      ; adc_1:u0|out_en ; clk                        ; adc_1:u0|c_state.s_start ; 0.000        ; -1.707     ; 3.551      ;
; 5.363 ; adc_1:u0|adc_delay[2]      ; adc_1:u0|out_en ; clk                        ; adc_1:u0|c_state.s_start ; 0.000        ; -1.707     ; 3.656      ;
; 5.422 ; adc_1:u0|adc_delay[7]      ; adc_1:u0|out_en ; clk                        ; adc_1:u0|c_state.s_start ; 0.000        ; -1.707     ; 3.715      ;
+-------+----------------------------+-----------------+----------------------------+--------------------------+--------------+------------+------------+


+--------------------------------------------------------------------------------------------------------------+
; Minimum Pulse Width: 'clk'                                                                                   ;
+--------+--------------+----------------+------------------+-------+------------+-----------------------------+
; Slack  ; Actual Width ; Required Width ; Type             ; Clock ; Clock Edge ; Target                      ;
+--------+--------------+----------------+------------------+-------+------------+-----------------------------+
; -1.583 ; 1.000        ; 2.583          ; Port Rate        ; clk   ; Rise       ; clk                         ;
; -1.318 ; 0.500        ; 1.818          ; High Pulse Width ; clk   ; Rise       ; DSP_4bitFND:u1|digit[0]     ;
; -1.318 ; 0.500        ; 1.818          ; Low Pulse Width  ; clk   ; Rise       ; DSP_4bitFND:u1|digit[0]     ;
; -1.318 ; 0.500        ; 1.818          ; High Pulse Width ; clk   ; Rise       ; DSP_4bitFND:u1|digit[1]     ;
; -1.318 ; 0.500        ; 1.818          ; Low Pulse Width  ; clk   ; Rise       ; DSP_4bitFND:u1|digit[1]     ;
; -1.318 ; 0.500        ; 1.818          ; High Pulse Width ; clk   ; Rise       ; DSP_4bitFND:u1|fnd_sel[0]   ;
; -1.318 ; 0.500        ; 1.818          ; Low Pulse Width  ; clk   ; Rise       ; DSP_4bitFND:u1|fnd_sel[0]   ;
; -1.318 ; 0.500        ; 1.818          ; High Pulse Width ; clk   ; Rise       ; DSP_4bitFND:u1|fnd_sel[1]   ;
; -1.318 ; 0.500        ; 1.818          ; Low Pulse Width  ; clk   ; Rise       ; DSP_4bitFND:u1|fnd_sel[1]   ;
; -1.318 ; 0.500        ; 1.818          ; High Pulse Width ; clk   ; Rise       ; DSP_4bitFND:u1|fnd_sel[2]   ;
; -1.318 ; 0.500        ; 1.818          ; Low Pulse Width  ; clk   ; Rise       ; DSP_4bitFND:u1|fnd_sel[2]   ;
; -1.318 ; 0.500        ; 1.818          ; High Pulse Width ; clk   ; Rise       ; DSP_4bitFND:u1|fnd_sel[3]   ;
; -1.318 ; 0.500        ; 1.818          ; Low Pulse Width  ; clk   ; Rise       ; DSP_4bitFND:u1|fnd_sel[3]   ;
; -1.318 ; 0.500        ; 1.818          ; High Pulse Width ; clk   ; Rise       ; DSP_4bitFND:u1|scan_cnt[0]  ;
; -1.318 ; 0.500        ; 1.818          ; Low Pulse Width  ; clk   ; Rise       ; DSP_4bitFND:u1|scan_cnt[0]  ;
; -1.318 ; 0.500        ; 1.818          ; High Pulse Width ; clk   ; Rise       ; DSP_4bitFND:u1|scan_cnt[10] ;
; -1.318 ; 0.500        ; 1.818          ; Low Pulse Width  ; clk   ; Rise       ; DSP_4bitFND:u1|scan_cnt[10] ;
; -1.318 ; 0.500        ; 1.818          ; High Pulse Width ; clk   ; Rise       ; DSP_4bitFND:u1|scan_cnt[11] ;
; -1.318 ; 0.500        ; 1.818          ; Low Pulse Width  ; clk   ; Rise       ; DSP_4bitFND:u1|scan_cnt[11] ;
; -1.318 ; 0.500        ; 1.818          ; High Pulse Width ; clk   ; Rise       ; DSP_4bitFND:u1|scan_cnt[12] ;
; -1.318 ; 0.500        ; 1.818          ; Low Pulse Width  ; clk   ; Rise       ; DSP_4bitFND:u1|scan_cnt[12] ;
; -1.318 ; 0.500        ; 1.818          ; High Pulse Width ; clk   ; Rise       ; DSP_4bitFND:u1|scan_cnt[13] ;
; -1.318 ; 0.500        ; 1.818          ; Low Pulse Width  ; clk   ; Rise       ; DSP_4bitFND:u1|scan_cnt[13] ;
; -1.318 ; 0.500        ; 1.818          ; High Pulse Width ; clk   ; Rise       ; DSP_4bitFND:u1|scan_cnt[14] ;
; -1.318 ; 0.500        ; 1.818          ; Low Pulse Width  ; clk   ; Rise       ; DSP_4bitFND:u1|scan_cnt[14] ;
; -1.318 ; 0.500        ; 1.818          ; High Pulse Width ; clk   ; Rise       ; DSP_4bitFND:u1|scan_cnt[15] ;
; -1.318 ; 0.500        ; 1.818          ; Low Pulse Width  ; clk   ; Rise       ; DSP_4bitFND:u1|scan_cnt[15] ;
; -1.318 ; 0.500        ; 1.818          ; High Pulse Width ; clk   ; Rise       ; DSP_4bitFND:u1|scan_cnt[16] ;
; -1.318 ; 0.500        ; 1.818          ; Low Pulse Width  ; clk   ; Rise       ; DSP_4bitFND:u1|scan_cnt[16] ;
; -1.318 ; 0.500        ; 1.818          ; High Pulse Width ; clk   ; Rise       ; DSP_4bitFND:u1|scan_cnt[17] ;
; -1.318 ; 0.500        ; 1.818          ; Low Pulse Width  ; clk   ; Rise       ; DSP_4bitFND:u1|scan_cnt[17] ;
; -1.318 ; 0.500        ; 1.818          ; High Pulse Width ; clk   ; Rise       ; DSP_4bitFND:u1|scan_cnt[18] ;
; -1.318 ; 0.500        ; 1.818          ; Low Pulse Width  ; clk   ; Rise       ; DSP_4bitFND:u1|scan_cnt[18] ;
; -1.318 ; 0.500        ; 1.818          ; High Pulse Width ; clk   ; Rise       ; DSP_4bitFND:u1|scan_cnt[19] ;
; -1.318 ; 0.500        ; 1.818          ; Low Pulse Width  ; clk   ; Rise       ; DSP_4bitFND:u1|scan_cnt[19] ;
; -1.318 ; 0.500        ; 1.818          ; High Pulse Width ; clk   ; Rise       ; DSP_4bitFND:u1|scan_cnt[1]  ;
; -1.318 ; 0.500        ; 1.818          ; Low Pulse Width  ; clk   ; Rise       ; DSP_4bitFND:u1|scan_cnt[1]  ;
; -1.318 ; 0.500        ; 1.818          ; High Pulse Width ; clk   ; Rise       ; DSP_4bitFND:u1|scan_cnt[20] ;
; -1.318 ; 0.500        ; 1.818          ; Low Pulse Width  ; clk   ; Rise       ; DSP_4bitFND:u1|scan_cnt[20] ;
; -1.318 ; 0.500        ; 1.818          ; High Pulse Width ; clk   ; Rise       ; DSP_4bitFND:u1|scan_cnt[21] ;
; -1.318 ; 0.500        ; 1.818          ; Low Pulse Width  ; clk   ; Rise       ; DSP_4bitFND:u1|scan_cnt[21] ;
; -1.318 ; 0.500        ; 1.818          ; High Pulse Width ; clk   ; Rise       ; DSP_4bitFND:u1|scan_cnt[22] ;
; -1.318 ; 0.500        ; 1.818          ; Low Pulse Width  ; clk   ; Rise       ; DSP_4bitFND:u1|scan_cnt[22] ;
; -1.318 ; 0.500        ; 1.818          ; High Pulse Width ; clk   ; Rise       ; DSP_4bitFND:u1|scan_cnt[23] ;
; -1.318 ; 0.500        ; 1.818          ; Low Pulse Width  ; clk   ; Rise       ; DSP_4bitFND:u1|scan_cnt[23] ;
; -1.318 ; 0.500        ; 1.818          ; High Pulse Width ; clk   ; Rise       ; DSP_4bitFND:u1|scan_cnt[24] ;
; -1.318 ; 0.500        ; 1.818          ; Low Pulse Width  ; clk   ; Rise       ; DSP_4bitFND:u1|scan_cnt[24] ;
; -1.318 ; 0.500        ; 1.818          ; High Pulse Width ; clk   ; Rise       ; DSP_4bitFND:u1|scan_cnt[25] ;
; -1.318 ; 0.500        ; 1.818          ; Low Pulse Width  ; clk   ; Rise       ; DSP_4bitFND:u1|scan_cnt[25] ;
; -1.318 ; 0.500        ; 1.818          ; High Pulse Width ; clk   ; Rise       ; DSP_4bitFND:u1|scan_cnt[26] ;
; -1.318 ; 0.500        ; 1.818          ; Low Pulse Width  ; clk   ; Rise       ; DSP_4bitFND:u1|scan_cnt[26] ;
; -1.318 ; 0.500        ; 1.818          ; High Pulse Width ; clk   ; Rise       ; DSP_4bitFND:u1|scan_cnt[27] ;
; -1.318 ; 0.500        ; 1.818          ; Low Pulse Width  ; clk   ; Rise       ; DSP_4bitFND:u1|scan_cnt[27] ;
; -1.318 ; 0.500        ; 1.818          ; High Pulse Width ; clk   ; Rise       ; DSP_4bitFND:u1|scan_cnt[2]  ;
; -1.318 ; 0.500        ; 1.818          ; Low Pulse Width  ; clk   ; Rise       ; DSP_4bitFND:u1|scan_cnt[2]  ;
; -1.318 ; 0.500        ; 1.818          ; High Pulse Width ; clk   ; Rise       ; DSP_4bitFND:u1|scan_cnt[3]  ;
; -1.318 ; 0.500        ; 1.818          ; Low Pulse Width  ; clk   ; Rise       ; DSP_4bitFND:u1|scan_cnt[3]  ;
; -1.318 ; 0.500        ; 1.818          ; High Pulse Width ; clk   ; Rise       ; DSP_4bitFND:u1|scan_cnt[4]  ;
; -1.318 ; 0.500        ; 1.818          ; Low Pulse Width  ; clk   ; Rise       ; DSP_4bitFND:u1|scan_cnt[4]  ;
; -1.318 ; 0.500        ; 1.818          ; High Pulse Width ; clk   ; Rise       ; DSP_4bitFND:u1|scan_cnt[5]  ;
; -1.318 ; 0.500        ; 1.818          ; Low Pulse Width  ; clk   ; Rise       ; DSP_4bitFND:u1|scan_cnt[5]  ;
; -1.318 ; 0.500        ; 1.818          ; High Pulse Width ; clk   ; Rise       ; DSP_4bitFND:u1|scan_cnt[6]  ;
; -1.318 ; 0.500        ; 1.818          ; Low Pulse Width  ; clk   ; Rise       ; DSP_4bitFND:u1|scan_cnt[6]  ;
; -1.318 ; 0.500        ; 1.818          ; High Pulse Width ; clk   ; Rise       ; DSP_4bitFND:u1|scan_cnt[7]  ;
; -1.318 ; 0.500        ; 1.818          ; Low Pulse Width  ; clk   ; Rise       ; DSP_4bitFND:u1|scan_cnt[7]  ;
; -1.318 ; 0.500        ; 1.818          ; High Pulse Width ; clk   ; Rise       ; DSP_4bitFND:u1|scan_cnt[8]  ;
; -1.318 ; 0.500        ; 1.818          ; Low Pulse Width  ; clk   ; Rise       ; DSP_4bitFND:u1|scan_cnt[8]  ;
; -1.318 ; 0.500        ; 1.818          ; High Pulse Width ; clk   ; Rise       ; DSP_4bitFND:u1|scan_cnt[9]  ;
; -1.318 ; 0.500        ; 1.818          ; Low Pulse Width  ; clk   ; Rise       ; DSP_4bitFND:u1|scan_cnt[9]  ;
; -1.318 ; 0.500        ; 1.818          ; High Pulse Width ; clk   ; Rise       ; DSP_4bitFND:u1|temp[0]      ;
; -1.318 ; 0.500        ; 1.818          ; Low Pulse Width  ; clk   ; Rise       ; DSP_4bitFND:u1|temp[0]      ;
; -1.318 ; 0.500        ; 1.818          ; High Pulse Width ; clk   ; Rise       ; DSP_4bitFND:u1|temp[1]      ;
; -1.318 ; 0.500        ; 1.818          ; Low Pulse Width  ; clk   ; Rise       ; DSP_4bitFND:u1|temp[1]      ;
; -1.318 ; 0.500        ; 1.818          ; High Pulse Width ; clk   ; Rise       ; DSP_4bitFND:u1|temp[2]      ;
; -1.318 ; 0.500        ; 1.818          ; Low Pulse Width  ; clk   ; Rise       ; DSP_4bitFND:u1|temp[2]      ;
; -1.318 ; 0.500        ; 1.818          ; High Pulse Width ; clk   ; Rise       ; DSP_4bitFND:u1|temp[3]      ;
; -1.318 ; 0.500        ; 1.818          ; Low Pulse Width  ; clk   ; Rise       ; DSP_4bitFND:u1|temp[3]      ;
; -1.318 ; 0.500        ; 1.818          ; High Pulse Width ; clk   ; Rise       ; Step_Motor:u2|clk_cnt[0]    ;
; -1.318 ; 0.500        ; 1.818          ; Low Pulse Width  ; clk   ; Rise       ; Step_Motor:u2|clk_cnt[0]    ;
; -1.318 ; 0.500        ; 1.818          ; High Pulse Width ; clk   ; Rise       ; Step_Motor:u2|clk_cnt[10]   ;
; -1.318 ; 0.500        ; 1.818          ; Low Pulse Width  ; clk   ; Rise       ; Step_Motor:u2|clk_cnt[10]   ;
; -1.318 ; 0.500        ; 1.818          ; High Pulse Width ; clk   ; Rise       ; Step_Motor:u2|clk_cnt[11]   ;
; -1.318 ; 0.500        ; 1.818          ; Low Pulse Width  ; clk   ; Rise       ; Step_Motor:u2|clk_cnt[11]   ;
; -1.318 ; 0.500        ; 1.818          ; High Pulse Width ; clk   ; Rise       ; Step_Motor:u2|clk_cnt[12]   ;
; -1.318 ; 0.500        ; 1.818          ; Low Pulse Width  ; clk   ; Rise       ; Step_Motor:u2|clk_cnt[12]   ;
; -1.318 ; 0.500        ; 1.818          ; High Pulse Width ; clk   ; Rise       ; Step_Motor:u2|clk_cnt[13]   ;
; -1.318 ; 0.500        ; 1.818          ; Low Pulse Width  ; clk   ; Rise       ; Step_Motor:u2|clk_cnt[13]   ;
; -1.318 ; 0.500        ; 1.818          ; High Pulse Width ; clk   ; Rise       ; Step_Motor:u2|clk_cnt[14]   ;
; -1.318 ; 0.500        ; 1.818          ; Low Pulse Width  ; clk   ; Rise       ; Step_Motor:u2|clk_cnt[14]   ;
; -1.318 ; 0.500        ; 1.818          ; High Pulse Width ; clk   ; Rise       ; Step_Motor:u2|clk_cnt[15]   ;
; -1.318 ; 0.500        ; 1.818          ; Low Pulse Width  ; clk   ; Rise       ; Step_Motor:u2|clk_cnt[15]   ;
; -1.318 ; 0.500        ; 1.818          ; High Pulse Width ; clk   ; Rise       ; Step_Motor:u2|clk_cnt[16]   ;
; -1.318 ; 0.500        ; 1.818          ; Low Pulse Width  ; clk   ; Rise       ; Step_Motor:u2|clk_cnt[16]   ;
; -1.318 ; 0.500        ; 1.818          ; High Pulse Width ; clk   ; Rise       ; Step_Motor:u2|clk_cnt[17]   ;
; -1.318 ; 0.500        ; 1.818          ; Low Pulse Width  ; clk   ; Rise       ; Step_Motor:u2|clk_cnt[17]   ;
; -1.318 ; 0.500        ; 1.818          ; High Pulse Width ; clk   ; Rise       ; Step_Motor:u2|clk_cnt[18]   ;
; -1.318 ; 0.500        ; 1.818          ; Low Pulse Width  ; clk   ; Rise       ; Step_Motor:u2|clk_cnt[18]   ;
; -1.318 ; 0.500        ; 1.818          ; High Pulse Width ; clk   ; Rise       ; Step_Motor:u2|clk_cnt[19]   ;
; -1.318 ; 0.500        ; 1.818          ; Low Pulse Width  ; clk   ; Rise       ; Step_Motor:u2|clk_cnt[19]   ;
; -1.318 ; 0.500        ; 1.818          ; High Pulse Width ; clk   ; Rise       ; Step_Motor:u2|clk_cnt[1]    ;
+--------+--------------+----------------+------------------+-------+------------+-----------------------------+


+----------------------------------------------------------------------------------------------------------------------------------+
; Minimum Pulse Width: 'adc_1:u0|c_state.s_capture'                                                                                ;
+-------+--------------+----------------+------------------+----------------------------+------------+-----------------------------+
; Slack ; Actual Width ; Required Width ; Type             ; Clock                      ; Clock Edge ; Target                      ;
+-------+--------------+----------------+------------------+----------------------------+------------+-----------------------------+
; 0.500 ; 0.500        ; 0.000          ; High Pulse Width ; adc_1:u0|c_state.s_capture ; Rise       ; adc_1:u0|ale                ;
; 0.500 ; 0.500        ; 0.000          ; Low Pulse Width  ; adc_1:u0|c_state.s_capture ; Rise       ; adc_1:u0|ale                ;
; 0.500 ; 0.500        ; 0.000          ; High Pulse Width ; adc_1:u0|c_state.s_capture ; Rise       ; adc_1:u0|start              ;
; 0.500 ; 0.500        ; 0.000          ; Low Pulse Width  ; adc_1:u0|c_state.s_capture ; Rise       ; adc_1:u0|start              ;
; 0.500 ; 0.500        ; 0.000          ; High Pulse Width ; adc_1:u0|c_state.s_capture ; Rise       ; u0|ale|datac                ;
; 0.500 ; 0.500        ; 0.000          ; Low Pulse Width  ; adc_1:u0|c_state.s_capture ; Rise       ; u0|ale|datac                ;
; 0.500 ; 0.500        ; 0.000          ; High Pulse Width ; adc_1:u0|c_state.s_capture ; Rise       ; u0|c_state.s_capture|regout ;
; 0.500 ; 0.500        ; 0.000          ; Low Pulse Width  ; adc_1:u0|c_state.s_capture ; Rise       ; u0|c_state.s_capture|regout ;
; 0.500 ; 0.500        ; 0.000          ; High Pulse Width ; adc_1:u0|c_state.s_capture ; Rise       ; u0|start|datac              ;
; 0.500 ; 0.500        ; 0.000          ; Low Pulse Width  ; adc_1:u0|c_state.s_capture ; Rise       ; u0|start|datac              ;
; 0.500 ; 0.500        ; 0.000          ; High Pulse Width ; adc_1:u0|c_state.s_capture ; Rise       ; u0|start~0|combout          ;
; 0.500 ; 0.500        ; 0.000          ; Low Pulse Width  ; adc_1:u0|c_state.s_capture ; Rise       ; u0|start~0|combout          ;
; 0.500 ; 0.500        ; 0.000          ; High Pulse Width ; adc_1:u0|c_state.s_capture ; Rise       ; u0|start~0|datac            ;
; 0.500 ; 0.500        ; 0.000          ; Low Pulse Width  ; adc_1:u0|c_state.s_capture ; Rise       ; u0|start~0|datac            ;
+-------+--------------+----------------+------------------+----------------------------+------------+-----------------------------+


+------------------------------------------------------------------------------------------------------------------------------+
; Minimum Pulse Width: 'adc_1:u0|c_state.s_start'                                                                              ;
+-------+--------------+----------------+------------------+--------------------------+------------+---------------------------+
; Slack ; Actual Width ; Required Width ; Type             ; Clock                    ; Clock Edge ; Target                    ;
+-------+--------------+----------------+------------------+--------------------------+------------+---------------------------+
; 0.500 ; 0.500        ; 0.000          ; High Pulse Width ; adc_1:u0|c_state.s_start ; Rise       ; adc_1:u0|out_en           ;
; 0.500 ; 0.500        ; 0.000          ; Low Pulse Width  ; adc_1:u0|c_state.s_start ; Rise       ; adc_1:u0|out_en           ;
; 0.500 ; 0.500        ; 0.000          ; High Pulse Width ; adc_1:u0|c_state.s_start ; Rise       ; u0|c_state.s_start|regout ;
; 0.500 ; 0.500        ; 0.000          ; Low Pulse Width  ; adc_1:u0|c_state.s_start ; Rise       ; u0|c_state.s_start|regout ;
; 0.500 ; 0.500        ; 0.000          ; High Pulse Width ; adc_1:u0|c_state.s_start ; Rise       ; u0|out_en|datab           ;
; 0.500 ; 0.500        ; 0.000          ; Low Pulse Width  ; adc_1:u0|c_state.s_start ; Rise       ; u0|out_en|datab           ;
+-------+--------------+----------------+------------------+--------------------------+------------+---------------------------+


+--------------------------------------------------------------------------+
; Setup Times                                                              ;
+------------+------------+--------+--------+------------+-----------------+
; Data Port  ; Clock Port ; Rise   ; Fall   ; Clock Edge ; Clock Reference ;
+------------+------------+--------+--------+------------+-----------------+
; eoc        ; clk        ; 6.563  ; 6.563  ; Rise       ; clk             ;
; result[*]  ; clk        ; 27.672 ; 27.672 ; Rise       ; clk             ;
;  result[0] ; clk        ; 16.609 ; 16.609 ; Rise       ; clk             ;
;  result[1] ; clk        ; 16.748 ; 16.748 ; Rise       ; clk             ;
;  result[2] ; clk        ; 17.358 ; 17.358 ; Rise       ; clk             ;
;  result[3] ; clk        ; 21.035 ; 21.035 ; Rise       ; clk             ;
;  result[4] ; clk        ; 24.477 ; 24.477 ; Rise       ; clk             ;
;  result[5] ; clk        ; 27.672 ; 27.672 ; Rise       ; clk             ;
;  result[6] ; clk        ; 25.374 ; 25.374 ; Rise       ; clk             ;
;  result[7] ; clk        ; 25.186 ; 25.186 ; Rise       ; clk             ;
+------------+------------+--------+--------+------------+-----------------+


+--------------------------------------------------------------------------+
; Hold Times                                                               ;
+------------+------------+--------+--------+------------+-----------------+
; Data Port  ; Clock Port ; Rise   ; Fall   ; Clock Edge ; Clock Reference ;
+------------+------------+--------+--------+------------+-----------------+
; eoc        ; clk        ; -6.137 ; -6.137 ; Rise       ; clk             ;
; result[*]  ; clk        ; -5.867 ; -5.867 ; Rise       ; clk             ;
;  result[0] ; clk        ; -6.062 ; -6.062 ; Rise       ; clk             ;
;  result[1] ; clk        ; -5.867 ; -5.867 ; Rise       ; clk             ;
;  result[2] ; clk        ; -6.827 ; -6.827 ; Rise       ; clk             ;
;  result[3] ; clk        ; -7.378 ; -7.378 ; Rise       ; clk             ;
;  result[4] ; clk        ; -7.520 ; -7.520 ; Rise       ; clk             ;
;  result[5] ; clk        ; -6.768 ; -6.768 ; Rise       ; clk             ;
;  result[6] ; clk        ; -6.629 ; -6.629 ; Rise       ; clk             ;
;  result[7] ; clk        ; -6.769 ; -6.769 ; Rise       ; clk             ;
+------------+------------+--------+--------+------------+-----------------+


+-------------------------------------------------------------------------------------------------------+
; Clock to Output Times                                                                                 ;
+--------------+----------------------------+--------+--------+------------+----------------------------+
; Data Port    ; Clock Port                 ; Rise   ; Fall   ; Clock Edge ; Clock Reference            ;
+--------------+----------------------------+--------+--------+------------+----------------------------+
; ale          ; adc_1:u0|c_state.s_capture ; 12.441 ; 12.441 ; Rise       ; adc_1:u0|c_state.s_capture ;
; start        ; adc_1:u0|c_state.s_capture ; 13.568 ; 13.568 ; Rise       ; adc_1:u0|c_state.s_capture ;
; out_en       ; adc_1:u0|c_state.s_start   ; 6.603  ; 6.603  ; Rise       ; adc_1:u0|c_state.s_start   ;
; adc_clk      ; clk                        ; 6.394  ; 6.394  ; Rise       ; clk                        ;
; fnd_data[*]  ; clk                        ; 9.927  ; 9.927  ; Rise       ; clk                        ;
;  fnd_data[0] ; clk                        ; 9.927  ; 9.927  ; Rise       ; clk                        ;
;  fnd_data[1] ; clk                        ; 9.605  ; 9.605  ; Rise       ; clk                        ;
;  fnd_data[2] ; clk                        ; 9.596  ; 9.596  ; Rise       ; clk                        ;
;  fnd_data[3] ; clk                        ; 9.602  ; 9.602  ; Rise       ; clk                        ;
;  fnd_data[4] ; clk                        ; 9.615  ; 9.615  ; Rise       ; clk                        ;
;  fnd_data[5] ; clk                        ; 9.596  ; 9.596  ; Rise       ; clk                        ;
;  fnd_data[6] ; clk                        ; 9.924  ; 9.924  ; Rise       ; clk                        ;
; fnd_sel[*]   ; clk                        ; 6.693  ; 6.693  ; Rise       ; clk                        ;
;  fnd_sel[0]  ; clk                        ; 6.641  ; 6.641  ; Rise       ; clk                        ;
;  fnd_sel[1]  ; clk                        ; 6.639  ; 6.639  ; Rise       ; clk                        ;
;  fnd_sel[2]  ; clk                        ; 6.640  ; 6.640  ; Rise       ; clk                        ;
;  fnd_sel[3]  ; clk                        ; 6.693  ; 6.693  ; Rise       ; clk                        ;
; led[*]       ; clk                        ; 8.406  ; 8.406  ; Rise       ; clk                        ;
;  led[0]      ; clk                        ; 8.091  ; 8.091  ; Rise       ; clk                        ;
;  led[1]      ; clk                        ; 8.069  ; 8.069  ; Rise       ; clk                        ;
;  led[2]      ; clk                        ; 8.378  ; 8.378  ; Rise       ; clk                        ;
;  led[3]      ; clk                        ; 8.377  ; 8.377  ; Rise       ; clk                        ;
;  led[4]      ; clk                        ; 8.388  ; 8.388  ; Rise       ; clk                        ;
;  led[5]      ; clk                        ; 8.390  ; 8.390  ; Rise       ; clk                        ;
;  led[6]      ; clk                        ; 8.396  ; 8.396  ; Rise       ; clk                        ;
;  led[7]      ; clk                        ; 8.406  ; 8.406  ; Rise       ; clk                        ;
; phase[*]     ; clk                        ; 8.667  ; 8.667  ; Rise       ; clk                        ;
;  phase[0]    ; clk                        ; 8.558  ; 8.558  ; Rise       ; clk                        ;
;  phase[1]    ; clk                        ; 8.587  ; 8.587  ; Rise       ; clk                        ;
;  phase[2]    ; clk                        ; 8.667  ; 8.667  ; Rise       ; clk                        ;
;  phase[3]    ; clk                        ; 8.662  ; 8.662  ; Rise       ; clk                        ;
+--------------+----------------------------+--------+--------+------------+----------------------------+


+-------------------------------------------------------------------------------------------------------+
; Minimum Clock to Output Times                                                                         ;
+--------------+----------------------------+--------+--------+------------+----------------------------+
; Data Port    ; Clock Port                 ; Rise   ; Fall   ; Clock Edge ; Clock Reference            ;
+--------------+----------------------------+--------+--------+------------+----------------------------+
; ale          ; adc_1:u0|c_state.s_capture ; 12.441 ; 12.441 ; Rise       ; adc_1:u0|c_state.s_capture ;
; start        ; adc_1:u0|c_state.s_capture ; 13.568 ; 13.568 ; Rise       ; adc_1:u0|c_state.s_capture ;
; out_en       ; adc_1:u0|c_state.s_start   ; 6.603  ; 6.603  ; Rise       ; adc_1:u0|c_state.s_start   ;
; adc_clk      ; clk                        ; 6.394  ; 6.394  ; Rise       ; clk                        ;
; fnd_data[*]  ; clk                        ; 8.784  ; 8.784  ; Rise       ; clk                        ;
;  fnd_data[0] ; clk                        ; 9.116  ; 9.116  ; Rise       ; clk                        ;
;  fnd_data[1] ; clk                        ; 8.794  ; 8.794  ; Rise       ; clk                        ;
;  fnd_data[2] ; clk                        ; 8.784  ; 8.784  ; Rise       ; clk                        ;
;  fnd_data[3] ; clk                        ; 8.791  ; 8.791  ; Rise       ; clk                        ;
;  fnd_data[4] ; clk                        ; 8.807  ; 8.807  ; Rise       ; clk                        ;
;  fnd_data[5] ; clk                        ; 8.784  ; 8.784  ; Rise       ; clk                        ;
;  fnd_data[6] ; clk                        ; 9.113  ; 9.113  ; Rise       ; clk                        ;
; fnd_sel[*]   ; clk                        ; 6.639  ; 6.639  ; Rise       ; clk                        ;
;  fnd_sel[0]  ; clk                        ; 6.641  ; 6.641  ; Rise       ; clk                        ;
;  fnd_sel[1]  ; clk                        ; 6.639  ; 6.639  ; Rise       ; clk                        ;
;  fnd_sel[2]  ; clk                        ; 6.640  ; 6.640  ; Rise       ; clk                        ;
;  fnd_sel[3]  ; clk                        ; 6.693  ; 6.693  ; Rise       ; clk                        ;
; led[*]       ; clk                        ; 8.069  ; 8.069  ; Rise       ; clk                        ;
;  led[0]      ; clk                        ; 8.091  ; 8.091  ; Rise       ; clk                        ;
;  led[1]      ; clk                        ; 8.069  ; 8.069  ; Rise       ; clk                        ;
;  led[2]      ; clk                        ; 8.378  ; 8.378  ; Rise       ; clk                        ;
;  led[3]      ; clk                        ; 8.377  ; 8.377  ; Rise       ; clk                        ;
;  led[4]      ; clk                        ; 8.388  ; 8.388  ; Rise       ; clk                        ;
;  led[5]      ; clk                        ; 8.390  ; 8.390  ; Rise       ; clk                        ;
;  led[6]      ; clk                        ; 8.396  ; 8.396  ; Rise       ; clk                        ;
;  led[7]      ; clk                        ; 8.406  ; 8.406  ; Rise       ; clk                        ;
; phase[*]     ; clk                        ; 8.423  ; 8.423  ; Rise       ; clk                        ;
;  phase[0]    ; clk                        ; 8.423  ; 8.423  ; Rise       ; clk                        ;
;  phase[1]    ; clk                        ; 8.459  ; 8.459  ; Rise       ; clk                        ;
;  phase[2]    ; clk                        ; 8.537  ; 8.537  ; Rise       ; clk                        ;
;  phase[3]    ; clk                        ; 8.536  ; 8.536  ; Rise       ; clk                        ;
+--------------+----------------------------+--------+--------+------------+----------------------------+


+------------------------------------------------------+
; Propagation Delay                                    ;
+------------+-------------+--------+----+----+--------+
; Input Port ; Output Port ; RR     ; RF ; FR ; FF     ;
+------------+-------------+--------+----+----+--------+
; reset      ; portc[0]    ; 13.735 ;    ;    ; 13.735 ;
; result[0]  ; phase[0]    ; 15.901 ;    ;    ; 15.901 ;
; result[0]  ; phase[1]    ; 15.934 ;    ;    ; 15.934 ;
; result[0]  ; phase[2]    ; 16.011 ;    ;    ; 16.011 ;
; result[0]  ; phase[3]    ; 16.006 ;    ;    ; 16.006 ;
; result[1]  ; phase[0]    ; 16.160 ;    ;    ; 16.160 ;
; result[1]  ; phase[1]    ; 16.193 ;    ;    ; 16.193 ;
; result[1]  ; phase[2]    ; 16.270 ;    ;    ; 16.270 ;
; result[1]  ; phase[3]    ; 16.265 ;    ;    ; 16.265 ;
; result[2]  ; phase[0]    ; 15.296 ;    ;    ; 15.296 ;
; result[2]  ; phase[1]    ; 15.329 ;    ;    ; 15.329 ;
; result[2]  ; phase[2]    ; 15.406 ;    ;    ; 15.406 ;
; result[2]  ; phase[3]    ; 15.401 ;    ;    ; 15.401 ;
; result[3]  ; phase[0]    ; 16.762 ;    ;    ; 16.762 ;
; result[3]  ; phase[1]    ; 16.795 ;    ;    ; 16.795 ;
; result[3]  ; phase[2]    ; 16.872 ;    ;    ; 16.872 ;
; result[3]  ; phase[3]    ; 16.867 ;    ;    ; 16.867 ;
; result[4]  ; phase[0]    ; 16.353 ;    ;    ; 16.353 ;
; result[4]  ; phase[1]    ; 16.390 ;    ;    ; 16.390 ;
; result[4]  ; phase[2]    ; 16.467 ;    ;    ; 16.467 ;
; result[4]  ; phase[3]    ; 16.467 ;    ;    ; 16.467 ;
; result[5]  ; phase[0]    ; 14.672 ;    ;    ; 14.672 ;
; result[5]  ; phase[1]    ; 14.709 ;    ;    ; 14.709 ;
; result[5]  ; phase[2]    ; 14.786 ;    ;    ; 14.786 ;
; result[5]  ; phase[3]    ; 14.786 ;    ;    ; 14.786 ;
; result[6]  ; phase[0]    ; 15.209 ;    ;    ; 15.209 ;
; result[6]  ; phase[1]    ; 15.246 ;    ;    ; 15.246 ;
; result[6]  ; phase[2]    ; 15.323 ;    ;    ; 15.323 ;
; result[6]  ; phase[3]    ; 15.323 ;    ;    ; 15.323 ;
; result[7]  ; phase[0]    ; 15.235 ;    ;    ; 15.235 ;
; result[7]  ; phase[1]    ; 15.272 ;    ;    ; 15.272 ;
; result[7]  ; phase[2]    ; 15.349 ;    ;    ; 15.349 ;
; result[7]  ; phase[3]    ; 15.349 ;    ;    ; 15.349 ;
+------------+-------------+--------+----+----+--------+


+------------------------------------------------------+
; Minimum Propagation Delay                            ;
+------------+-------------+--------+----+----+--------+
; Input Port ; Output Port ; RR     ; RF ; FR ; FF     ;
+------------+-------------+--------+----+----+--------+
; reset      ; portc[0]    ; 13.735 ;    ;    ; 13.735 ;
; result[0]  ; phase[0]    ; 15.901 ;    ;    ; 15.901 ;
; result[0]  ; phase[1]    ; 15.934 ;    ;    ; 15.934 ;
; result[0]  ; phase[2]    ; 16.011 ;    ;    ; 16.011 ;
; result[0]  ; phase[3]    ; 16.006 ;    ;    ; 16.006 ;
; result[1]  ; phase[0]    ; 16.160 ;    ;    ; 16.160 ;
; result[1]  ; phase[1]    ; 16.193 ;    ;    ; 16.193 ;
; result[1]  ; phase[2]    ; 16.270 ;    ;    ; 16.270 ;
; result[1]  ; phase[3]    ; 16.265 ;    ;    ; 16.265 ;
; result[2]  ; phase[0]    ; 15.296 ;    ;    ; 15.296 ;
; result[2]  ; phase[1]    ; 15.329 ;    ;    ; 15.329 ;
; result[2]  ; phase[2]    ; 15.406 ;    ;    ; 15.406 ;
; result[2]  ; phase[3]    ; 15.401 ;    ;    ; 15.401 ;
; result[3]  ; phase[0]    ; 16.762 ;    ;    ; 16.762 ;
; result[3]  ; phase[1]    ; 16.795 ;    ;    ; 16.795 ;
; result[3]  ; phase[2]    ; 16.872 ;    ;    ; 16.872 ;
; result[3]  ; phase[3]    ; 16.867 ;    ;    ; 16.867 ;
; result[4]  ; phase[0]    ; 16.353 ;    ;    ; 16.353 ;
; result[4]  ; phase[1]    ; 16.390 ;    ;    ; 16.390 ;
; result[4]  ; phase[2]    ; 16.467 ;    ;    ; 16.467 ;
; result[4]  ; phase[3]    ; 16.467 ;    ;    ; 16.467 ;
; result[5]  ; phase[0]    ; 14.672 ;    ;    ; 14.672 ;
; result[5]  ; phase[1]    ; 14.709 ;    ;    ; 14.709 ;
; result[5]  ; phase[2]    ; 14.786 ;    ;    ; 14.786 ;
; result[5]  ; phase[3]    ; 14.786 ;    ;    ; 14.786 ;
; result[6]  ; phase[0]    ; 15.209 ;    ;    ; 15.209 ;
; result[6]  ; phase[1]    ; 15.246 ;    ;    ; 15.246 ;
; result[6]  ; phase[2]    ; 15.323 ;    ;    ; 15.323 ;
; result[6]  ; phase[3]    ; 15.323 ;    ;    ; 15.323 ;
; result[7]  ; phase[0]    ; 15.235 ;    ;    ; 15.235 ;
; result[7]  ; phase[1]    ; 15.272 ;    ;    ; 15.272 ;
; result[7]  ; phase[2]    ; 15.349 ;    ;    ; 15.349 ;
; result[7]  ; phase[3]    ; 15.349 ;    ;    ; 15.349 ;
+------------+-------------+--------+----+----+--------+


+-----------------------------------------------------------------------------------------------------+
; Setup Transfers                                                                                     ;
+----------------------------+----------------------------+----------+----------+----------+----------+
; From Clock                 ; To Clock                   ; RR Paths ; FR Paths ; RF Paths ; FF Paths ;
+----------------------------+----------------------------+----------+----------+----------+----------+
; adc_1:u0|c_state.s_start   ; adc_1:u0|c_state.s_capture ; 2        ; 2        ; 0        ; 0        ;
; clk                        ; adc_1:u0|c_state.s_capture ; 16       ; 0        ; 0        ; 0        ;
; adc_1:u0|c_state.s_capture ; adc_1:u0|c_state.s_start   ; 1        ; 1        ; 0        ; 0        ;
; clk                        ; adc_1:u0|c_state.s_start   ; 8        ; 0        ; 0        ; 0        ;
; adc_1:u0|c_state.s_capture ; clk                        ; 9        ; 9        ; 0        ; 0        ;
; adc_1:u0|c_state.s_start   ; clk                        ; 11       ; 11       ; 0        ; 0        ;
; clk                        ; clk                        ; 3588     ; 0        ; 0        ; 0        ;
+----------------------------+----------------------------+----------+----------+----------+----------+
Entries labeled "false path" only account for clock-to-clock false paths and not path-based false paths. As a result, actual path counts may be lower than reported.


+-----------------------------------------------------------------------------------------------------+
; Hold Transfers                                                                                      ;
+----------------------------+----------------------------+----------+----------+----------+----------+
; From Clock                 ; To Clock                   ; RR Paths ; FR Paths ; RF Paths ; FF Paths ;
+----------------------------+----------------------------+----------+----------+----------+----------+
; adc_1:u0|c_state.s_start   ; adc_1:u0|c_state.s_capture ; 2        ; 2        ; 0        ; 0        ;
; clk                        ; adc_1:u0|c_state.s_capture ; 16       ; 0        ; 0        ; 0        ;
; adc_1:u0|c_state.s_capture ; adc_1:u0|c_state.s_start   ; 1        ; 1        ; 0        ; 0        ;
; clk                        ; adc_1:u0|c_state.s_start   ; 8        ; 0        ; 0        ; 0        ;
; adc_1:u0|c_state.s_capture ; clk                        ; 9        ; 9        ; 0        ; 0        ;
; adc_1:u0|c_state.s_start   ; clk                        ; 11       ; 11       ; 0        ; 0        ;
; clk                        ; clk                        ; 3588     ; 0        ; 0        ; 0        ;
+----------------------------+----------------------------+----------+----------+----------+----------+
Entries labeled "false path" only account for clock-to-clock false paths and not path-based false paths. As a result, actual path counts may be lower than reported.


---------------
; Report TCCS ;
---------------
No dedicated SERDES Transmitter circuitry present in device or used in design


---------------
; Report RSKM ;
---------------
No dedicated SERDES Receiver circuitry present in device or used in design


+------------------------------------------------+
; Unconstrained Paths                            ;
+---------------------------------+-------+------+
; Property                        ; Setup ; Hold ;
+---------------------------------+-------+------+
; Illegal Clocks                  ; 0     ; 0    ;
; Unconstrained Clocks            ; 0     ; 0    ;
; Unconstrained Input Ports       ; 10    ; 10   ;
; Unconstrained Input Port Paths  ; 441   ; 441  ;
; Unconstrained Output Ports      ; 28    ; 28   ;
; Unconstrained Output Port Paths ; 85    ; 85   ;
+---------------------------------+-------+------+


+------------------------------------+
; TimeQuest Timing Analyzer Messages ;
+------------------------------------+
Info: *******************************************************************
Info: Running Quartus II TimeQuest Timing Analyzer
    Info: Version 11.0 Build 208 07/03/2011 Service Pack 1 SJ Web Edition
    Info: Processing started: Tue Jul 05 12:05:51 2016
Info: Command: quartus_sta ADC_StepMotor -c ADC_StepMotor
Info: qsta_default_script.tcl version: #1
Warning: Ignored assignments for entity "ADC_DCMOTOR" -- entity does not exist in design
    Warning: Assignment for entity set_instance_assignment -name PARTITION_HIERARCHY root_partition -to | -entity ADC_DCMOTOR -section_id Top was ignored
    Warning: Assignment for entity set_global_assignment -name PARTITION_NETLIST_TYPE SOURCE -entity ADC_DCMOTOR -section_id Top was ignored
    Warning: Assignment for entity set_global_assignment -name PARTITION_FITTER_PRESERVATION_LEVEL PLACEMENT_AND_ROUTING -entity ADC_DCMOTOR -section_id Top was ignored
    Warning: Assignment for entity set_global_assignment -name PARTITION_PRESERVE_HIGH_SPEED_TILES ON -entity ADC_DCMOTOR -section_id Top was ignored
    Warning: Assignment for entity set_global_assignment -name PARTITION_IGNORE_SOURCE_FILE_CHANGES OFF -entity ADC_DCMOTOR -section_id Top was ignored
    Warning: Assignment for entity set_global_assignment -name PARTITION_ALWAYS_USE_QXP_NETLIST OFF -entity ADC_DCMOTOR -section_id Top was ignored
    Warning: Assignment for entity set_global_assignment -name PARTITION_COLOR 16764057 -entity ADC_DCMOTOR -section_id Top was ignored
    Warning: Assignment for entity set_global_assignment -name PARTITION_IMPORT_ASSIGNMENTS ON -entity ADC_DCMOTOR -section_id Top was ignored
    Warning: Assignment for entity set_global_assignment -name PARTITION_IMPORT_EXISTING_ASSIGNMENTS REPLACE_CONFLICTING -entity ADC_DCMOTOR -section_id Top was ignored
    Warning: Assignment for entity set_global_assignment -name PARTITION_IMPORT_EXISTING_LOGICLOCK_REGIONS REPLACE_CONFLICTING -entity ADC_DCMOTOR -section_id Top was ignored
    Warning: Assignment for entity set_global_assignment -name PARTITION_IMPORT_PIN_ASSIGNMENTS ON -entity ADC_DCMOTOR -section_id Top was ignored
    Warning: Assignment for entity set_global_assignment -name PARTITION_IMPORT_PROMOTE_ASSIGNMENTS ON -entity ADC_DCMOTOR -section_id Top was ignored
    Warning: Assignment for entity set_global_assignment -name PARTITION_TYPE STANDARD_PARTITION -entity ADC_DCMOTOR -section_id Top was ignored
    Warning: Assignment for entity set_global_assignment -name ALLOW_MULTIPLE_PERSONAS OFF -entity ADC_DCMOTOR -section_id Top was ignored
Warning: Ignored assignments for entity "ADC_PWM" -- entity does not exist in design
    Warning: Assignment for entity set_instance_assignment -name PARTITION_HIERARCHY root_partition -to | -entity ADC_PWM -section_id Top was ignored
    Warning: Assignment for entity set_global_assignment -name PARTITION_NETLIST_TYPE SOURCE -entity ADC_PWM -section_id Top was ignored
    Warning: Assignment for entity set_global_assignment -name PARTITION_FITTER_PRESERVATION_LEVEL PLACEMENT_AND_ROUTING -entity ADC_PWM -section_id Top was ignored
    Warning: Assignment for entity set_global_assignment -name PARTITION_PRESERVE_HIGH_SPEED_TILES ON -entity ADC_PWM -section_id Top was ignored
    Warning: Assignment for entity set_global_assignment -name PARTITION_IGNORE_SOURCE_FILE_CHANGES OFF -entity ADC_PWM -section_id Top was ignored
    Warning: Assignment for entity set_global_assignment -name PARTITION_ALWAYS_USE_QXP_NETLIST OFF -entity ADC_PWM -section_id Top was ignored
    Warning: Assignment for entity set_global_assignment -name PARTITION_COLOR 16764057 -entity ADC_PWM -section_id Top was ignored
    Warning: Assignment for entity set_global_assignment -name PARTITION_IMPORT_ASSIGNMENTS ON -entity ADC_PWM -section_id Top was ignored
    Warning: Assignment for entity set_global_assignment -name PARTITION_IMPORT_EXISTING_ASSIGNMENTS REPLACE_CONFLICTING -entity ADC_PWM -section_id Top was ignored
    Warning: Assignment for entity set_global_assignment -name PARTITION_IMPORT_EXISTING_LOGICLOCK_REGIONS REPLACE_CONFLICTING -entity ADC_PWM -section_id Top was ignored
    Warning: Assignment for entity set_global_assignment -name PARTITION_IMPORT_PIN_ASSIGNMENTS ON -entity ADC_PWM -section_id Top was ignored
    Warning: Assignment for entity set_global_assignment -name PARTITION_IMPORT_PROMOTE_ASSIGNMENTS ON -entity ADC_PWM -section_id Top was ignored
    Warning: Assignment for entity set_global_assignment -name PARTITION_TYPE STANDARD_PARTITION -entity ADC_PWM -section_id Top was ignored
    Warning: Assignment for entity set_global_assignment -name ALLOW_MULTIPLE_PERSONAS OFF -entity ADC_PWM -section_id Top was ignored
Warning: Parallel compilation is not licensed and has been disabled
Warning: Timing Analysis is analyzing one or more combinational loops as latches
    Warning: Node "u0|start|combout" is a latch
    Warning: Node "u0|ale|combout" is a latch
    Warning: Node "u0|out_en|combout" is a latch
Critical Warning: Synopsys Design Constraints File file not found: 'ADC_StepMotor.sdc'. A Synopsys Design Constraints File is required by the TimeQuest Timing Analyzer to get proper timing constraints. Without it, the Compiler will not properly optimize the design.
Info: No user constrained base clocks found in the design. Calling "derive_clocks -period 1.0"
Info: Deriving Clocks
    Info: create_clock -period 1.000 -name clk clk
    Info: create_clock -period 1.000 -name adc_1:u0|c_state.s_capture adc_1:u0|c_state.s_capture
    Info: create_clock -period 1.000 -name adc_1:u0|c_state.s_start adc_1:u0|c_state.s_start
Critical Warning: Timing requirements not met
Info: Worst-case setup slack is -6.340
    Info:     Slack End Point TNS Clock 
    Info: ========= ============= =====================
    Info:    -6.340      -386.342 clk 
    Info:    -5.592        -5.592 adc_1:u0|c_state.s_start 
    Info:     1.085         0.000 adc_1:u0|c_state.s_capture 
Info: Worst-case hold slack is -5.390
    Info:     Slack End Point TNS Clock 
    Info: ========= ============= =====================
    Info:    -5.390       -10.173 adc_1:u0|c_state.s_capture 
    Info:    -1.897       -14.664 clk 
    Info:     0.257         0.000 adc_1:u0|c_state.s_start 
Info: No Recovery paths to report
Info: No Removal paths to report
Info: Worst-case minimum pulse width slack is -1.583
    Info:     Slack End Point TNS Clock 
    Info: ========= ============= =====================
    Info:    -1.583      -273.091 clk 
    Info:     0.500         0.000 adc_1:u0|c_state.s_capture 
    Info:     0.500         0.000 adc_1:u0|c_state.s_start 
Info: The selected device family is not supported by the report_metastability command.
Info: Design is not fully constrained for setup requirements
Info: Design is not fully constrained for hold requirements
Info: Quartus II TimeQuest Timing Analyzer was successful. 0 errors, 37 warnings
    Info: Peak virtual memory: 224 megabytes
    Info: Processing ended: Tue Jul 05 12:05:52 2016
    Info: Elapsed time: 00:00:01
    Info: Total CPU time (on all processors): 00:00:01


