Flow report for ROM2
Tue Apr 19 11:01:17 2016
Quartus II Version 11.0 Build 208 07/03/2011 Service Pack 1 SJ Web Edition


---------------------
; Table of Contents ;
---------------------
  1. Legal Notice
  2. Flow Summary
  3. Flow Settings
  4. Flow Non-Default Global Settings
  5. Flow Elapsed Time
  6. Flow OS Summary
  7. Flow Log



----------------
; Legal Notice ;
----------------
Copyright (C) 1991-2011 Altera Corporation
Your use of Altera Corporation's design tools, logic functions 
and other software and tools, and its AMPP partner logic 
functions, and any output files from any of the foregoing 
(including device programming or simulation files), and any 
associated documentation or information are expressly subject 
to the terms and conditions of the Altera Program License 
Subscription Agreement, Altera MegaCore Function License 
Agreement, or other applicable license agreement, including, 
without limitation, that your use is for the sole purpose of 
programming logic devices manufactured by Altera and sold by 
Altera or its authorized distributors.  Please refer to the 
applicable agreement for further details.



+-----------------------------------------------------------------------+
; Flow Summary                                                          ;
+-----------------------+-----------------------------------------------+
; Flow Status           ; Successful - Tue Apr 19 11:01:17 2016         ;
; Quartus II Version    ; 11.0 Build 208 07/03/2011 SP 1 SJ Web Edition ;
; Revision Name         ; ROM2                                          ;
; Top-level Entity Name ; ROM2                                          ;
; Family                ; Cyclone                                       ;
; Device                ; EP1C6Q240C8                                   ;
; Timing Models         ; Final                                         ;
; Total logic elements  ; 0 / 5,980 ( 0 % )                             ;
; Total pins            ; 9 / 185 ( 5 % )                               ;
; Total virtual pins    ; 0                                             ;
; Total memory bits     ; 64 / 92,160 ( < 1 % )                         ;
; Total PLLs            ; 0 / 2 ( 0 % )                                 ;
+-----------------------+-----------------------------------------------+


+-----------------------------------------+
; Flow Settings                           ;
+-------------------+---------------------+
; Option            ; Setting             ;
+-------------------+---------------------+
; Start date & time ; 04/19/2016 11:01:10 ;
; Main task         ; Compilation         ;
; Revision Name     ; ROM2                ;
+-------------------+---------------------+


+------------------------------------------------------------------------------------------------------------------+
; Flow Non-Default Global Settings                                                                                 ;
+--------------------------------------+----------------------------+---------------+-------------+----------------+
; Assignment Name                      ; Value                      ; Default Value ; Entity Name ; Section Id     ;
+--------------------------------------+----------------------------+---------------+-------------+----------------+
; COMPILER_SIGNATURE_ID                ; 5072318359.146103127004212 ; --            ; --          ; --             ;
; EDA_DESIGN_INSTANCE_NAME             ; NA                         ; --            ; --          ; tb_ROM2        ;
; EDA_NATIVELINK_SIMULATION_TEST_BENCH ; tb_ROM2                    ; --            ; --          ; eda_simulation ;
; EDA_OUTPUT_DATA_FORMAT               ; Verilog Hdl                ; --            ; --          ; eda_simulation ;
; EDA_SIMULATION_TOOL                  ; ModelSim-Altera (Verilog)  ; <None>        ; --          ; --             ;
; EDA_TEST_BENCH_ENABLE_STATUS         ; TEST_BENCH_MODE            ; --            ; --          ; eda_simulation ;
; EDA_TEST_BENCH_FILE                  ; tb_ROM2.v                  ; --            ; --          ; tb_ROM2        ;
; EDA_TEST_BENCH_MODULE_NAME           ; tb_ROM2                    ; --            ; --          ; tb_ROM2        ;
; EDA_TEST_BENCH_NAME                  ; tb_ROM2                    ; --            ; --          ; eda_simulation ;
; EDA_TIME_SCALE                       ; 1 ns                       ; --            ; --          ; eda_simulation ;
; MAX_CORE_JUNCTION_TEMP               ; 85                         ; --            ; --          ; --             ;
; MIN_CORE_JUNCTION_TEMP               ; 0                          ; --            ; --          ; --             ;
; PARTITION_COLOR                      ; 16764057                   ; --            ; --          ; Top            ;
; PARTITION_FITTER_PRESERVATION_LEVEL  ; PLACEMENT_AND_ROUTING      ; --            ; --          ; Top            ;
; PARTITION_NETLIST_TYPE               ; SOURCE                     ; --            ; --          ; Top            ;
+--------------------------------------+----------------------------+---------------+-------------+----------------+


+-------------------------------------------------------------------------------------------------------------------------------+
; Flow Elapsed Time                                                                                                             ;
+---------------------------+--------------+-------------------------+---------------------+------------------------------------+
; Module Name               ; Elapsed Time ; Average Processors Used ; Peak Virtual Memory ; Total CPU Time (on all processors) ;
+---------------------------+--------------+-------------------------+---------------------+------------------------------------+
; Analysis & Synthesis      ; 00:00:01     ; 1.0                     ; 255 MB              ; 00:00:01                           ;
; Fitter                    ; 00:00:01     ; 1.0                     ; 289 MB              ; 00:00:01                           ;
; Assembler                 ; 00:00:00     ; 1.0                     ; 230 MB              ; 00:00:01                           ;
; TimeQuest Timing Analyzer ; 00:00:02     ; 1.0                     ; 214 MB              ; 00:00:01                           ;
; EDA Netlist Writer        ; 00:00:00     ; 1.0                     ; 202 MB              ; 00:00:00                           ;
; Total                     ; 00:00:04     ; --                      ; --                  ; 00:00:04                           ;
+---------------------------+--------------+-------------------------+---------------------+------------------------------------+


+----------------------------------------------------------------------------------------+
; Flow OS Summary                                                                        ;
+---------------------------+------------------+-----------+------------+----------------+
; Module Name               ; Machine Hostname ; OS Name   ; OS Version ; Processor type ;
+---------------------------+------------------+-----------+------------+----------------+
; Analysis & Synthesis      ; pc05             ; Windows 7 ; 6.1        ; i686           ;
; Fitter                    ; pc05             ; Windows 7 ; 6.1        ; i686           ;
; Assembler                 ; pc05             ; Windows 7 ; 6.1        ; i686           ;
; TimeQuest Timing Analyzer ; pc05             ; Windows 7 ; 6.1        ; i686           ;
; EDA Netlist Writer        ; pc05             ; Windows 7 ; 6.1        ; i686           ;
+---------------------------+------------------+-----------+------------+----------------+


------------
; Flow Log ;
------------
quartus_map --read_settings_files=on --write_settings_files=off ROM2 -c ROM2
quartus_fit --read_settings_files=off --write_settings_files=off ROM2 -c ROM2
quartus_asm --read_settings_files=off --write_settings_files=off ROM2 -c ROM2
quartus_sta ROM2 -c ROM2
quartus_eda --read_settings_files=off --write_settings_files=off ROM2 -c ROM2



