Analysis & Synthesis report for ROM2
Tue Apr 19 11:01:11 2016
Quartus II Version 11.0 Build 208 07/03/2011 Service Pack 1 SJ Web Edition


---------------------
; Table of Contents ;
---------------------
  1. Legal Notice
  2. Analysis & Synthesis Summary
  3. Analysis & Synthesis Settings
  4. Parallel Compilation
  5. Analysis & Synthesis Source Files Read
  6. Analysis & Synthesis Resource Usage Summary
  7. Analysis & Synthesis Resource Utilization by Entity
  8. Analysis & Synthesis RAM Summary
  9. General Register Statistics
 10. Source assignments for lpm_rom:u0|altrom:srom|altsyncram:rom_block|altsyncram_otv:auto_generated
 11. Parameter Settings for User Entity Instance: lpm_rom:u0
 12. Elapsed Time Per Partition
 13. Analysis & Synthesis Messages



----------------
; Legal Notice ;
----------------
Copyright (C) 1991-2011 Altera Corporation
Your use of Altera Corporation's design tools, logic functions 
and other software and tools, and its AMPP partner logic 
functions, and any output files from any of the foregoing 
(including device programming or simulation files), and any 
associated documentation or information are expressly subject 
to the terms and conditions of the Altera Program License 
Subscription Agreement, Altera MegaCore Function License 
Agreement, or other applicable license agreement, including, 
without limitation, that your use is for the sole purpose of 
programming logic devices manufactured by Altera and sold by 
Altera or its authorized distributors.  Please refer to the 
applicable agreement for further details.



+-----------------------------------------------------------------------------+
; Analysis & Synthesis Summary                                                ;
+-----------------------------+-----------------------------------------------+
; Analysis & Synthesis Status ; Successful - Tue Apr 19 11:01:11 2016         ;
; Quartus II Version          ; 11.0 Build 208 07/03/2011 SP 1 SJ Web Edition ;
; Revision Name               ; ROM2                                          ;
; Top-level Entity Name       ; ROM2                                          ;
; Family                      ; Cyclone                                       ;
; Total logic elements        ; 0                                             ;
; Total pins                  ; 9                                             ;
; Total virtual pins          ; 0                                             ;
; Total memory bits           ; 64                                            ;
; Total PLLs                  ; 0                                             ;
+-----------------------------+-----------------------------------------------+


+----------------------------------------------------------------------------------------------------------------------+
; Analysis & Synthesis Settings                                                                                        ;
+----------------------------------------------------------------------------+--------------------+--------------------+
; Option                                                                     ; Setting            ; Default Value      ;
+----------------------------------------------------------------------------+--------------------+--------------------+
; Device                                                                     ; EP1C6Q240C8        ;                    ;
; Top-level entity name                                                      ; ROM2               ; ROM2               ;
; Family name                                                                ; Cyclone            ; Cyclone IV GX      ;
; Use smart compilation                                                      ; Off                ; Off                ;
; Enable parallel Assembler and TimeQuest Timing Analyzer during compilation ; On                 ; On                 ;
; Enable compact report table                                                ; Off                ; Off                ;
; Restructure Multiplexers                                                   ; Auto               ; Auto               ;
; Create Debugging Nodes for IP Cores                                        ; Off                ; Off                ;
; Preserve fewer node names                                                  ; On                 ; On                 ;
; Disable OpenCore Plus hardware evaluation                                  ; Off                ; Off                ;
; Verilog Version                                                            ; Verilog_2001       ; Verilog_2001       ;
; VHDL Version                                                               ; VHDL_1993          ; VHDL_1993          ;
; State Machine Processing                                                   ; Auto               ; Auto               ;
; Safe State Machine                                                         ; Off                ; Off                ;
; Extract Verilog State Machines                                             ; On                 ; On                 ;
; Extract VHDL State Machines                                                ; On                 ; On                 ;
; Ignore Verilog initial constructs                                          ; Off                ; Off                ;
; Iteration limit for constant Verilog loops                                 ; 5000               ; 5000               ;
; Iteration limit for non-constant Verilog loops                             ; 250                ; 250                ;
; Add Pass-Through Logic to Inferred RAMs                                    ; On                 ; On                 ;
; Parallel Synthesis                                                         ; On                 ; On                 ;
; NOT Gate Push-Back                                                         ; On                 ; On                 ;
; Power-Up Don't Care                                                        ; On                 ; On                 ;
; Remove Redundant Logic Cells                                               ; Off                ; Off                ;
; Remove Duplicate Registers                                                 ; On                 ; On                 ;
; Ignore CARRY Buffers                                                       ; Off                ; Off                ;
; Ignore CASCADE Buffers                                                     ; Off                ; Off                ;
; Ignore GLOBAL Buffers                                                      ; Off                ; Off                ;
; Ignore ROW GLOBAL Buffers                                                  ; Off                ; Off                ;
; Ignore LCELL Buffers                                                       ; Off                ; Off                ;
; Ignore SOFT Buffers                                                        ; On                 ; On                 ;
; Limit AHDL Integers to 32 Bits                                             ; Off                ; Off                ;
; Optimization Technique                                                     ; Balanced           ; Balanced           ;
; Carry Chain Length                                                         ; 70                 ; 70                 ;
; Auto Carry Chains                                                          ; On                 ; On                 ;
; Auto Open-Drain Pins                                                       ; On                 ; On                 ;
; Perform WYSIWYG Primitive Resynthesis                                      ; Off                ; Off                ;
; Auto ROM Replacement                                                       ; On                 ; On                 ;
; Auto RAM Replacement                                                       ; On                 ; On                 ;
; Auto Shift Register Replacement                                            ; Auto               ; Auto               ;
; Allow Shift Register Merging across Hierarchies                            ; Auto               ; Auto               ;
; Auto Clock Enable Replacement                                              ; On                 ; On                 ;
; Strict RAM Replacement                                                     ; Off                ; Off                ;
; Allow Synchronous Control Signals                                          ; On                 ; On                 ;
; Force Use of Synchronous Clear Signals                                     ; Off                ; Off                ;
; Auto RAM Block Balancing                                                   ; On                 ; On                 ;
; Auto RAM to Logic Cell Conversion                                          ; Off                ; Off                ;
; Auto Resource Sharing                                                      ; Off                ; Off                ;
; Allow Any RAM Size For Recognition                                         ; Off                ; Off                ;
; Allow Any ROM Size For Recognition                                         ; Off                ; Off                ;
; Allow Any Shift Register Size For Recognition                              ; Off                ; Off                ;
; Use LogicLock Constraints during Resource Balancing                        ; On                 ; On                 ;
; Ignore translate_off and synthesis_off directives                          ; Off                ; Off                ;
; Report Parameter Settings                                                  ; On                 ; On                 ;
; Report Source Assignments                                                  ; On                 ; On                 ;
; Report Connectivity Checks                                                 ; On                 ; On                 ;
; Ignore Maximum Fan-Out Assignments                                         ; Off                ; Off                ;
; Synchronization Register Chain Length                                      ; 2                  ; 2                  ;
; PowerPlay Power Optimization                                               ; Normal compilation ; Normal compilation ;
; HDL message level                                                          ; Level2             ; Level2             ;
; Suppress Register Optimization Related Messages                            ; Off                ; Off                ;
; Number of Removed Registers Reported in Synthesis Report                   ; 5000               ; 5000               ;
; Number of Inverted Registers Reported in Synthesis Report                  ; 100                ; 100                ;
; Clock MUX Protection                                                       ; On                 ; On                 ;
; Block Design Naming                                                        ; Auto               ; Auto               ;
; Synthesis Effort                                                           ; Auto               ; Auto               ;
; Shift Register Replacement - Allow Asynchronous Clear Signal               ; On                 ; On                 ;
; Analysis & Synthesis Message Level                                         ; Medium             ; Medium             ;
; Disable Register Merging Across Hierarchies                                ; Auto               ; Auto               ;
; Resource Aware Inference For Block RAM                                     ; On                 ; On                 ;
; Synthesis Seed                                                             ; 1                  ; 1                  ;
+----------------------------------------------------------------------------+--------------------+--------------------+


Parallel compilation was disabled, but you have multiple processors available. Enable parallel compilation to reduce compilation time.
+-------------------------------------+
; Parallel Compilation                ;
+----------------------------+--------+
; Processors                 ; Number ;
+----------------------------+--------+
; Number detected on machine ; 4      ;
; Maximum allowed            ; 1      ;
+----------------------------+--------+


+-----------------------------------------------------------------------------------------------------------------------------------------------------------------+
; Analysis & Synthesis Source Files Read                                                                                                                          ;
+----------------------------------+-----------------+----------------------------------+-------------------------------------------------------------------------+
; File Name with User-Entered Path ; Used in Netlist ; File Type                        ; File Name with Absolute Path                                            ;
+----------------------------------+-----------------+----------------------------------+-------------------------------------------------------------------------+
; ROM2.v                           ; yes             ; User Verilog HDL File            ; C:/Users/user/Desktop/ROM2/ROM2.v                                       ;
; initial.mif                      ; yes             ; User Memory Initialization File  ; C:/Users/user/Desktop/ROM2/initial.mif                                  ;
; lpm_rom.tdf                      ; yes             ; Megafunction                     ; c:/altera/11.0sp1/quartus/libraries/megafunctions/lpm_rom.tdf           ;
; altrom.inc                       ; yes             ; Megafunction                     ; c:/altera/11.0sp1/quartus/libraries/megafunctions/altrom.inc            ;
; aglobal110.inc                   ; yes             ; Megafunction                     ; c:/altera/11.0sp1/quartus/libraries/megafunctions/aglobal110.inc        ;
; altrom.tdf                       ; yes             ; Megafunction                     ; c:/altera/11.0sp1/quartus/libraries/megafunctions/altrom.tdf            ;
; memmodes.inc                     ; yes             ; Megafunction                     ; c:/altera/11.0sp1/quartus/libraries/others/maxplus2/memmodes.inc        ;
; lpm_decode.inc                   ; yes             ; Megafunction                     ; c:/altera/11.0sp1/quartus/libraries/megafunctions/lpm_decode.inc        ;
; lpm_mux.inc                      ; yes             ; Megafunction                     ; c:/altera/11.0sp1/quartus/libraries/megafunctions/lpm_mux.inc           ;
; altsyncram.inc                   ; yes             ; Megafunction                     ; c:/altera/11.0sp1/quartus/libraries/megafunctions/altsyncram.inc        ;
; altsyncram.tdf                   ; yes             ; Megafunction                     ; c:/altera/11.0sp1/quartus/libraries/megafunctions/altsyncram.tdf        ;
; stratix_ram_block.inc            ; yes             ; Megafunction                     ; c:/altera/11.0sp1/quartus/libraries/megafunctions/stratix_ram_block.inc ;
; a_rdenreg.inc                    ; yes             ; Megafunction                     ; c:/altera/11.0sp1/quartus/libraries/megafunctions/a_rdenreg.inc         ;
; altram.inc                       ; yes             ; Megafunction                     ; c:/altera/11.0sp1/quartus/libraries/megafunctions/altram.inc            ;
; altdpram.inc                     ; yes             ; Megafunction                     ; c:/altera/11.0sp1/quartus/libraries/megafunctions/altdpram.inc          ;
; db/altsyncram_otv.tdf            ; yes             ; Auto-Generated Megafunction      ; C:/Users/user/Desktop/ROM2/db/altsyncram_otv.tdf                        ;
+----------------------------------+-----------------+----------------------------------+-------------------------------------------------------------------------+


+-----------------------------------------------------+
; Analysis & Synthesis Resource Usage Summary         ;
+---------------------------------------------+-------+
; Resource                                    ; Usage ;
+---------------------------------------------+-------+
; Total logic elements                        ; 0     ;
;     -- Combinational with no register       ; 0     ;
;     -- Register only                        ; 0     ;
;     -- Combinational with a register        ; 0     ;
;                                             ;       ;
; Logic element usage by number of LUT inputs ;       ;
;     -- 4 input functions                    ; 0     ;
;     -- 3 input functions                    ; 0     ;
;     -- 2 input functions                    ; 0     ;
;     -- 1 input functions                    ; 0     ;
;     -- 0 input functions                    ; 0     ;
;                                             ;       ;
; Logic elements by mode                      ;       ;
;     -- normal mode                          ; 0     ;
;     -- arithmetic mode                      ; 0     ;
;     -- qfbk mode                            ; 0     ;
;     -- register cascade mode                ; 0     ;
;     -- synchronous clear/load mode          ; 0     ;
;     -- asynchronous clear/load mode         ; 0     ;
;                                             ;       ;
; Total registers                             ; 0     ;
; I/O pins                                    ; 9     ;
; Total memory bits                           ; 64    ;
; Maximum fan-out node                        ; inclk ;
; Maximum fan-out                             ; 4     ;
; Total fan-out                               ; 24    ;
; Average fan-out                             ; 1.85  ;
+---------------------------------------------+-------+


+----------------------------------------------------------------------------------------------------------------------------------------------------------------------------------------------------------------------------------------------------------------------------------------------------+
; Analysis & Synthesis Resource Utilization by Entity                                                                                                                                                                                                                                                ;
+---------------------------------------------+-------------+--------------+-------------+------+--------------+--------------+-------------------+------------------+-----------------+------------+---------------------------------------------------------------------------------+--------------+
; Compilation Hierarchy Node                  ; Logic Cells ; LC Registers ; Memory Bits ; Pins ; Virtual Pins ; LUT-Only LCs ; Register-Only LCs ; LUT/Register LCs ; Carry Chain LCs ; Packed LCs ; Full Hierarchy Name                                                             ; Library Name ;
+---------------------------------------------+-------------+--------------+-------------+------+--------------+--------------+-------------------+------------------+-----------------+------------+---------------------------------------------------------------------------------+--------------+
; |ROM2                                       ; 0 (0)       ; 0            ; 64          ; 9    ; 0            ; 0 (0)        ; 0 (0)             ; 0 (0)            ; 0 (0)           ; 0 (0)      ; |ROM2                                                                           ;              ;
;    |lpm_rom:u0|                             ; 0 (0)       ; 0            ; 64          ; 0    ; 0            ; 0 (0)        ; 0 (0)             ; 0 (0)            ; 0 (0)           ; 0 (0)      ; |ROM2|lpm_rom:u0                                                                ;              ;
;       |altrom:srom|                         ; 0 (0)       ; 0            ; 64          ; 0    ; 0            ; 0 (0)        ; 0 (0)             ; 0 (0)            ; 0 (0)           ; 0 (0)      ; |ROM2|lpm_rom:u0|altrom:srom                                                    ;              ;
;          |altsyncram:rom_block|             ; 0 (0)       ; 0            ; 64          ; 0    ; 0            ; 0 (0)        ; 0 (0)             ; 0 (0)            ; 0 (0)           ; 0 (0)      ; |ROM2|lpm_rom:u0|altrom:srom|altsyncram:rom_block                               ;              ;
;             |altsyncram_otv:auto_generated| ; 0 (0)       ; 0            ; 64          ; 0    ; 0            ; 0 (0)        ; 0 (0)             ; 0 (0)            ; 0 (0)           ; 0 (0)      ; |ROM2|lpm_rom:u0|altrom:srom|altsyncram:rom_block|altsyncram_otv:auto_generated ;              ;
+---------------------------------------------+-------------+--------------+-------------+------+--------------+--------------+-------------------+------------------+-----------------+------------+---------------------------------------------------------------------------------+--------------+
Note: For table entries with two numbers listed, the numbers in parentheses indicate the number of resources of the given type used by the specific entity alone. The numbers listed outside of parentheses indicate the total resources of the given type used by the specific entity and all of its sub-entities in the hierarchy.


+-------------------------------------------------------------------------------------------------------------------------------------------------------------------------------------+
; Analysis & Synthesis RAM Summary                                                                                                                                                    ;
+--------------------------------------------------------------------------------------+------+------+--------------+--------------+--------------+--------------+------+-------------+
; Name                                                                                 ; Type ; Mode ; Port A Depth ; Port A Width ; Port B Depth ; Port B Width ; Size ; MIF         ;
+--------------------------------------------------------------------------------------+------+------+--------------+--------------+--------------+--------------+------+-------------+
; lpm_rom:u0|altrom:srom|altsyncram:rom_block|altsyncram_otv:auto_generated|ALTSYNCRAM ; AUTO ; ROM  ; 16           ; 4            ; --           ; --           ; 64   ; initial.mif ;
+--------------------------------------------------------------------------------------+------+------+--------------+--------------+--------------+--------------+------+-------------+


+------------------------------------------------------+
; General Register Statistics                          ;
+----------------------------------------------+-------+
; Statistic                                    ; Value ;
+----------------------------------------------+-------+
; Total registers                              ; 0     ;
; Number of registers using Synchronous Clear  ; 0     ;
; Number of registers using Synchronous Load   ; 0     ;
; Number of registers using Asynchronous Clear ; 0     ;
; Number of registers using Asynchronous Load  ; 0     ;
; Number of registers using Clock Enable       ; 0     ;
; Number of registers using Preset             ; 0     ;
+----------------------------------------------+-------+


+--------------------------------------------------------------------------------------------------+
; Source assignments for lpm_rom:u0|altrom:srom|altsyncram:rom_block|altsyncram_otv:auto_generated ;
+---------------------------------+--------------------+------+------------------------------------+
; Assignment                      ; Value              ; From ; To                                 ;
+---------------------------------+--------------------+------+------------------------------------+
; OPTIMIZE_POWER_DURING_SYNTHESIS ; NORMAL_COMPILATION ; -    ; -                                  ;
+---------------------------------+--------------------+------+------------------------------------+


+---------------------------------------------------------+
; Parameter Settings for User Entity Instance: lpm_rom:u0 ;
+------------------------+--------------+-----------------+
; Parameter Name         ; Value        ; Type            ;
+------------------------+--------------+-----------------+
; LPM_WIDTH              ; 4            ; Signed Integer  ;
; LPM_WIDTHAD            ; 4            ; Signed Integer  ;
; LPM_NUMWORDS           ; 16           ; Untyped         ;
; LPM_ADDRESS_CONTROL    ; REGISTERED   ; Untyped         ;
; LPM_OUTDATA            ; UNREGISTERED ; Untyped         ;
; LPM_FILE               ; initial.mif  ; Untyped         ;
; DEVICE_FAMILY          ; Cyclone      ; Untyped         ;
; AUTO_CARRY_CHAINS      ; ON           ; AUTO_CARRY      ;
; IGNORE_CARRY_BUFFERS   ; OFF          ; IGNORE_CARRY    ;
; AUTO_CASCADE_CHAINS    ; ON           ; AUTO_CASCADE    ;
; IGNORE_CASCADE_BUFFERS ; OFF          ; IGNORE_CASCADE  ;
+------------------------+--------------+-----------------+
Note: In order to hide this table in the UI and the text report file, please set the "Show Parameter Settings in Synthesis Report" option in "Analysis and Synthesis Settings -> More Settings" to "Off".


+-------------------------------+
; Elapsed Time Per Partition    ;
+----------------+--------------+
; Partition Name ; Elapsed Time ;
+----------------+--------------+
; Top            ; 00:00:00     ;
+----------------+--------------+


+-------------------------------+
; Analysis & Synthesis Messages ;
+-------------------------------+
Info: *******************************************************************
Info: Running Quartus II Analysis & Synthesis
    Info: Version 11.0 Build 208 07/03/2011 Service Pack 1 SJ Web Edition
    Info: Processing started: Tue Apr 19 11:01:10 2016
Info: Command: quartus_map --read_settings_files=on --write_settings_files=off ROM2 -c ROM2
Warning: Parallel compilation is not licensed and has been disabled
Info: Found 1 design units, including 1 entities, in source file rom2.v
    Info: Found entity 1: ROM2
Info: Found 1 design units, including 1 entities, in source file tb_rom2.v
    Info: Found entity 1: tb_ROM2
Info: Elaborating entity "ROM2" for the top level hierarchy
Info: Elaborating entity "lpm_rom" for hierarchy "lpm_rom:u0"
Info: Elaborated megafunction instantiation "lpm_rom:u0"
Info: Instantiated megafunction "lpm_rom:u0" with the following parameter:
    Info: Parameter "lpm_width" = "4"
    Info: Parameter "lpm_widthad" = "4"
    Info: Parameter "lpm_file" = "initial.mif"
    Info: Parameter "lpm_outdata" = "UNREGISTERED"
Info: Elaborating entity "altrom" for hierarchy "lpm_rom:u0|altrom:srom"
Info: Elaborated megafunction instantiation "lpm_rom:u0|altrom:srom", which is child of megafunction instantiation "lpm_rom:u0"
Info: Elaborating entity "altsyncram" for hierarchy "lpm_rom:u0|altrom:srom|altsyncram:rom_block"
Info: Elaborated megafunction instantiation "lpm_rom:u0|altrom:srom|altsyncram:rom_block", which is child of megafunction instantiation "lpm_rom:u0"
Info: Found 1 design units, including 1 entities, in source file db/altsyncram_otv.tdf
    Info: Found entity 1: altsyncram_otv
Info: Elaborating entity "altsyncram_otv" for hierarchy "lpm_rom:u0|altrom:srom|altsyncram:rom_block|altsyncram_otv:auto_generated"
Warning: Always-enabled tri-state buffer(s) removed
    Warning: Converted the fanout from the always-enabled tri-state buffer "lpm_rom:u0|otri[0]" to the node "q[0]" into a wire
    Warning: Converted the fanout from the always-enabled tri-state buffer "lpm_rom:u0|otri[1]" to the node "q[1]" into a wire
    Warning: Converted the fanout from the always-enabled tri-state buffer "lpm_rom:u0|otri[2]" to the node "q[2]" into a wire
    Warning: Converted the fanout from the always-enabled tri-state buffer "lpm_rom:u0|otri[3]" to the node "q[3]" into a wire
Info: Generating hard_block partition "hard_block:auto_generated_inst"
Info: Implemented 13 device resources after synthesis - the final resource count might be different
    Info: Implemented 5 input pins
    Info: Implemented 4 output pins
    Info: Implemented 4 RAM segments
Info: Quartus II Analysis & Synthesis was successful. 0 errors, 6 warnings
    Info: Peak virtual memory: 256 megabytes
    Info: Processing ended: Tue Apr 19 11:01:11 2016
    Info: Elapsed time: 00:00:01
    Info: Total CPU time (on all processors): 00:00:02


