Analysis & Synthesis report for Keypad_4FND
Mon Nov 07 10:58:03 2016
Quartus II Version 11.0 Build 208 07/03/2011 Service Pack 1 SJ Web Edition


---------------------
; Table of Contents ;
---------------------
  1. Legal Notice
  2. Analysis & Synthesis Summary
  3. Analysis & Synthesis Settings
  4. Parallel Compilation
  5. Analysis & Synthesis Source Files Read
  6. Analysis & Synthesis Resource Usage Summary
  7. Analysis & Synthesis Resource Utilization by Entity
  8. State Machine - |Keypad_4FND|Keypad:u1|state
  9. Registers Removed During Synthesis
 10. General Register Statistics
 11. Inverted Register Statistics
 12. Multiplexer Restructuring Statistics (Restructuring Performed)
 13. Parameter Settings for User Entity Instance: Keypad:u1
 14. Port Connectivity Checks: "FND:u0"
 15. Elapsed Time Per Partition
 16. Analysis & Synthesis Messages



----------------
; Legal Notice ;
----------------
Copyright (C) 1991-2011 Altera Corporation
Your use of Altera Corporation's design tools, logic functions 
and other software and tools, and its AMPP partner logic 
functions, and any output files from any of the foregoing 
(including device programming or simulation files), and any 
associated documentation or information are expressly subject 
to the terms and conditions of the Altera Program License 
Subscription Agreement, Altera MegaCore Function License 
Agreement, or other applicable license agreement, including, 
without limitation, that your use is for the sole purpose of 
programming logic devices manufactured by Altera and sold by 
Altera or its authorized distributors.  Please refer to the 
applicable agreement for further details.



+-----------------------------------------------------------------------------+
; Analysis & Synthesis Summary                                                ;
+-----------------------------+-----------------------------------------------+
; Analysis & Synthesis Status ; Successful - Mon Nov 07 10:58:03 2016         ;
; Quartus II Version          ; 11.0 Build 208 07/03/2011 SP 1 SJ Web Edition ;
; Revision Name               ; Keypad_4FND                                   ;
; Top-level Entity Name       ; Keypad_4FND                                   ;
; Family                      ; Cyclone                                       ;
; Total logic elements        ; 189                                           ;
; Total pins                  ; 34                                            ;
; Total virtual pins          ; 0                                             ;
; Total memory bits           ; 0                                             ;
; Total PLLs                  ; 0                                             ;
+-----------------------------+-----------------------------------------------+


+----------------------------------------------------------------------------------------------------------------------+
; Analysis & Synthesis Settings                                                                                        ;
+----------------------------------------------------------------------------+--------------------+--------------------+
; Option                                                                     ; Setting            ; Default Value      ;
+----------------------------------------------------------------------------+--------------------+--------------------+
; Device                                                                     ; EP1C6Q240C8        ;                    ;
; Top-level entity name                                                      ; Keypad_4FND        ; Keypad_4FND        ;
; Family name                                                                ; Cyclone            ; Cyclone IV GX      ;
; Use smart compilation                                                      ; Off                ; Off                ;
; Enable parallel Assembler and TimeQuest Timing Analyzer during compilation ; On                 ; On                 ;
; Enable compact report table                                                ; Off                ; Off                ;
; Restructure Multiplexers                                                   ; Auto               ; Auto               ;
; Create Debugging Nodes for IP Cores                                        ; Off                ; Off                ;
; Preserve fewer node names                                                  ; On                 ; On                 ;
; Disable OpenCore Plus hardware evaluation                                  ; Off                ; Off                ;
; Verilog Version                                                            ; Verilog_2001       ; Verilog_2001       ;
; VHDL Version                                                               ; VHDL_1993          ; VHDL_1993          ;
; State Machine Processing                                                   ; Auto               ; Auto               ;
; Safe State Machine                                                         ; Off                ; Off                ;
; Extract Verilog State Machines                                             ; On                 ; On                 ;
; Extract VHDL State Machines                                                ; On                 ; On                 ;
; Ignore Verilog initial constructs                                          ; Off                ; Off                ;
; Iteration limit for constant Verilog loops                                 ; 5000               ; 5000               ;
; Iteration limit for non-constant Verilog loops                             ; 250                ; 250                ;
; Add Pass-Through Logic to Inferred RAMs                                    ; On                 ; On                 ;
; Parallel Synthesis                                                         ; On                 ; On                 ;
; NOT Gate Push-Back                                                         ; On                 ; On                 ;
; Power-Up Don't Care                                                        ; On                 ; On                 ;
; Remove Redundant Logic Cells                                               ; Off                ; Off                ;
; Remove Duplicate Registers                                                 ; On                 ; On                 ;
; Ignore CARRY Buffers                                                       ; Off                ; Off                ;
; Ignore CASCADE Buffers                                                     ; Off                ; Off                ;
; Ignore GLOBAL Buffers                                                      ; Off                ; Off                ;
; Ignore ROW GLOBAL Buffers                                                  ; Off                ; Off                ;
; Ignore LCELL Buffers                                                       ; Off                ; Off                ;
; Ignore SOFT Buffers                                                        ; On                 ; On                 ;
; Limit AHDL Integers to 32 Bits                                             ; Off                ; Off                ;
; Optimization Technique                                                     ; Balanced           ; Balanced           ;
; Carry Chain Length                                                         ; 70                 ; 70                 ;
; Auto Carry Chains                                                          ; On                 ; On                 ;
; Auto Open-Drain Pins                                                       ; On                 ; On                 ;
; Perform WYSIWYG Primitive Resynthesis                                      ; Off                ; Off                ;
; Auto ROM Replacement                                                       ; On                 ; On                 ;
; Auto RAM Replacement                                                       ; On                 ; On                 ;
; Auto Shift Register Replacement                                            ; Auto               ; Auto               ;
; Allow Shift Register Merging across Hierarchies                            ; Auto               ; Auto               ;
; Auto Clock Enable Replacement                                              ; On                 ; On                 ;
; Strict RAM Replacement                                                     ; Off                ; Off                ;
; Allow Synchronous Control Signals                                          ; On                 ; On                 ;
; Force Use of Synchronous Clear Signals                                     ; Off                ; Off                ;
; Auto RAM Block Balancing                                                   ; On                 ; On                 ;
; Auto RAM to Logic Cell Conversion                                          ; Off                ; Off                ;
; Auto Resource Sharing                                                      ; Off                ; Off                ;
; Allow Any RAM Size For Recognition                                         ; Off                ; Off                ;
; Allow Any ROM Size For Recognition                                         ; Off                ; Off                ;
; Allow Any Shift Register Size For Recognition                              ; Off                ; Off                ;
; Use LogicLock Constraints during Resource Balancing                        ; On                 ; On                 ;
; Ignore translate_off and synthesis_off directives                          ; Off                ; Off                ;
; Report Parameter Settings                                                  ; On                 ; On                 ;
; Report Source Assignments                                                  ; On                 ; On                 ;
; Report Connectivity Checks                                                 ; On                 ; On                 ;
; Ignore Maximum Fan-Out Assignments                                         ; Off                ; Off                ;
; Synchronization Register Chain Length                                      ; 2                  ; 2                  ;
; PowerPlay Power Optimization                                               ; Normal compilation ; Normal compilation ;
; HDL message level                                                          ; Level2             ; Level2             ;
; Suppress Register Optimization Related Messages                            ; Off                ; Off                ;
; Number of Removed Registers Reported in Synthesis Report                   ; 5000               ; 5000               ;
; Number of Inverted Registers Reported in Synthesis Report                  ; 100                ; 100                ;
; Clock MUX Protection                                                       ; On                 ; On                 ;
; Block Design Naming                                                        ; Auto               ; Auto               ;
; Synthesis Effort                                                           ; Auto               ; Auto               ;
; Shift Register Replacement - Allow Asynchronous Clear Signal               ; On                 ; On                 ;
; Analysis & Synthesis Message Level                                         ; Medium             ; Medium             ;
; Disable Register Merging Across Hierarchies                                ; Auto               ; Auto               ;
; Resource Aware Inference For Block RAM                                     ; On                 ; On                 ;
; Synthesis Seed                                                             ; 1                  ; 1                  ;
+----------------------------------------------------------------------------+--------------------+--------------------+


Parallel compilation was disabled, but you have multiple processors available. Enable parallel compilation to reduce compilation time.
+-------------------------------------+
; Parallel Compilation                ;
+----------------------------+--------+
; Processors                 ; Number ;
+----------------------------+--------+
; Number detected on machine ; 4      ;
; Maximum allowed            ; 1      ;
+----------------------------+--------+


+-------------------------------------------------------------------------------------------------------------------------------+
; Analysis & Synthesis Source Files Read                                                                                        ;
+----------------------------------+-----------------+------------------------+-------------------------------------------------+
; File Name with User-Entered Path ; Used in Netlist ; File Type              ; File Name with Absolute Path                    ;
+----------------------------------+-----------------+------------------------+-------------------------------------------------+
; FND.v                            ; yes             ; User Verilog HDL File  ; C:/Users/user/Desktop/Keypad_4FND/FND.v         ;
; Keypad.v                         ; yes             ; User Verilog HDL File  ; C:/Users/user/Desktop/Keypad_4FND/Keypad.v      ;
; Keypad_4FND.v                    ; yes             ; User Verilog HDL File  ; C:/Users/user/Desktop/Keypad_4FND/Keypad_4FND.v ;
+----------------------------------+-----------------+------------------------+-------------------------------------------------+


+-----------------------------------------------------+
; Analysis & Synthesis Resource Usage Summary         ;
+---------------------------------------------+-------+
; Resource                                    ; Usage ;
+---------------------------------------------+-------+
; Total logic elements                        ; 189   ;
;     -- Combinational with no register       ; 88    ;
;     -- Register only                        ; 35    ;
;     -- Combinational with a register        ; 66    ;
;                                             ;       ;
; Logic element usage by number of LUT inputs ;       ;
;     -- 4 input functions                    ; 61    ;
;     -- 3 input functions                    ; 14    ;
;     -- 2 input functions                    ; 72    ;
;     -- 1 input functions                    ; 4     ;
;     -- 0 input functions                    ; 3     ;
;                                             ;       ;
; Logic elements by mode                      ;       ;
;     -- normal mode                          ; 135   ;
;     -- arithmetic mode                      ; 54    ;
;     -- qfbk mode                            ; 0     ;
;     -- register cascade mode                ; 0     ;
;     -- synchronous clear/load mode          ; 56    ;
;     -- asynchronous clear/load mode         ; 101   ;
;                                             ;       ;
; Total registers                             ; 101   ;
; Total logic cells in carry chains           ; 56    ;
; I/O pins                                    ; 34    ;
; Maximum fan-out node                        ; reset ;
; Maximum fan-out                             ; 102   ;
; Total fan-out                               ; 786   ;
; Average fan-out                             ; 3.52  ;
+---------------------------------------------+-------+


+--------------------------------------------------------------------------------------------------------------------------------------------------------------------------------------------------------------------------+
; Analysis & Synthesis Resource Utilization by Entity                                                                                                                                                                      ;
+----------------------------+-------------+--------------+-------------+------+--------------+--------------+-------------------+------------------+-----------------+------------+------------------------+--------------+
; Compilation Hierarchy Node ; Logic Cells ; LC Registers ; Memory Bits ; Pins ; Virtual Pins ; LUT-Only LCs ; Register-Only LCs ; LUT/Register LCs ; Carry Chain LCs ; Packed LCs ; Full Hierarchy Name    ; Library Name ;
+----------------------------+-------------+--------------+-------------+------+--------------+--------------+-------------------+------------------+-----------------+------------+------------------------+--------------+
; |Keypad_4FND               ; 189 (27)    ; 101          ; 0           ; 34   ; 0            ; 88 (27)      ; 35 (0)            ; 66 (0)           ; 56 (0)          ; 0 (0)      ; |Keypad_4FND           ;              ;
;    |FND:u0|                ; 105 (105)   ; 65           ; 0           ; 0    ; 0            ; 40 (40)      ; 33 (33)           ; 32 (32)          ; 28 (28)         ; 0 (0)      ; |Keypad_4FND|FND:u0    ;              ;
;    |Keypad:u1|             ; 57 (57)     ; 36           ; 0           ; 0    ; 0            ; 21 (21)      ; 2 (2)             ; 34 (34)          ; 28 (28)         ; 0 (0)      ; |Keypad_4FND|Keypad:u1 ;              ;
+----------------------------+-------------+--------------+-------------+------+--------------+--------------+-------------------+------------------+-----------------+------------+------------------------+--------------+
Note: For table entries with two numbers listed, the numbers in parentheses indicate the number of resources of the given type used by the specific entity alone. The numbers listed outside of parentheses indicate the total resources of the given type used by the specific entity and all of its sub-entities in the hierarchy.


Encoding Type:  One-Hot
+--------------------------------------------------------------------+
; State Machine - |Keypad_4FND|Keypad:u1|state                       ;
+-------------+-------------+-------------+-------------+------------+
; Name        ; state.col_3 ; state.col_2 ; state.col_1 ; state.idle ;
+-------------+-------------+-------------+-------------+------------+
; state.idle  ; 0           ; 0           ; 0           ; 0          ;
; state.col_1 ; 0           ; 0           ; 1           ; 1          ;
; state.col_2 ; 0           ; 1           ; 0           ; 1          ;
; state.col_3 ; 1           ; 0           ; 0           ; 1          ;
+-------------+-------------+-------------+-------------+------------+


+--------------------------------------------------------------------------------+
; Registers Removed During Synthesis                                             ;
+---------------------------------------+----------------------------------------+
; Register name                         ; Reason for Removal                     ;
+---------------------------------------+----------------------------------------+
; Keypad:u1|portA[0]                    ; Stuck at GND due to stuck port data_in ;
; Keypad:u1|portB[0]                    ; Stuck at VCC due to stuck port data_in ;
; FND:u0|num[0][7]                      ; Stuck at GND due to stuck port data_in ;
; FND:u0|num[1][7]                      ; Stuck at GND due to stuck port data_in ;
; FND:u0|num[2][7]                      ; Stuck at GND due to stuck port data_in ;
; FND:u0|num[3][7]                      ; Stuck at GND due to stuck port data_in ;
; Keypad:u1|state~5                     ; Lost fanout                            ;
; Keypad:u1|state~6                     ; Lost fanout                            ;
; Total Number of Removed Registers = 8 ;                                        ;
+---------------------------------------+----------------------------------------+


+------------------------------------------------------+
; General Register Statistics                          ;
+----------------------------------------------+-------+
; Statistic                                    ; Value ;
+----------------------------------------------+-------+
; Total registers                              ; 101   ;
; Number of registers using Synchronous Clear  ; 56    ;
; Number of registers using Synchronous Load   ; 0     ;
; Number of registers using Asynchronous Clear ; 101   ;
; Number of registers using Asynchronous Load  ; 0     ;
; Number of registers using Clock Enable       ; 34    ;
; Number of registers using Preset             ; 0     ;
+----------------------------------------------+-------+


+--------------------------------------------------+
; Inverted Register Statistics                     ;
+----------------------------------------+---------+
; Inverted Register                      ; Fan out ;
+----------------------------------------+---------+
; Keypad:u1|portA[1]                     ; 1       ;
; Keypad:u1|portB[1]                     ; 1       ;
; Total number of inverted registers = 2 ;         ;
+----------------------------------------+---------+


+-------------------------------------------------------------------------------------------------------------------------------------------------------------+
; Multiplexer Restructuring Statistics (Restructuring Performed)                                                                                              ;
+--------------------+-----------+---------------+----------------------+------------------------+-------------------------------+----------------------------+
; Multiplexer Inputs ; Bus Width ; Baseline Area ; Area if Restructured ; Saving if Restructured ; Registered                    ; Example Multiplexer Output ;
+--------------------+-----------+---------------+----------------------+------------------------+-------------------------------+----------------------------+
; 3:1                ; 7 bits    ; 14 LEs        ; 0 LEs                ; 14 LEs                 ; |Keypad_4FND|FND:u0|num[0][2] ;                            ;
; 3:1                ; 7 bits    ; 14 LEs        ; 7 LEs                ; 7 LEs                  ; |Keypad_4FND|FND:u0|num[3][6] ;                            ;
; 3:1                ; 7 bits    ; 14 LEs        ; 7 LEs                ; 7 LEs                  ; |Keypad_4FND|FND:u0|num[2][1] ;                            ;
; 3:1                ; 7 bits    ; 14 LEs        ; 7 LEs                ; 7 LEs                  ; |Keypad_4FND|FND:u0|num[1][4] ;                            ;
; 4:1                ; 7 bits    ; 14 LEs        ; 14 LEs               ; 0 LEs                  ; |Keypad_4FND|FND:u0|Mux6      ;                            ;
+--------------------+-----------+---------------+----------------------+------------------------+-------------------------------+----------------------------+


+--------------------------------------------------------+
; Parameter Settings for User Entity Instance: Keypad:u1 ;
+----------------+-------+-------------------------------+
; Parameter Name ; Value ; Type                          ;
+----------------+-------+-------------------------------+
; idle           ; 0     ; Signed Integer                ;
; col_1          ; 1     ; Signed Integer                ;
; col_2          ; 2     ; Signed Integer                ;
; col_3          ; 3     ; Signed Integer                ;
+----------------+-------+-------------------------------+
Note: In order to hide this table in the UI and the text report file, please set the "Show Parameter Settings in Synthesis Report" option in "Analysis and Synthesis Settings -> More Settings" to "Off".


+-----------------------------------------------+
; Port Connectivity Checks: "FND:u0"            ;
+-------------+-------+----------+--------------+
; Port        ; Type  ; Severity ; Details      ;
+-------------+-------+----------+--------------+
; temp_num[7] ; Input ; Info     ; Stuck at GND ;
+-------------+-------+----------+--------------+


+-------------------------------+
; Elapsed Time Per Partition    ;
+----------------+--------------+
; Partition Name ; Elapsed Time ;
+----------------+--------------+
; Top            ; 00:00:00     ;
+----------------+--------------+


+-------------------------------+
; Analysis & Synthesis Messages ;
+-------------------------------+
Info: *******************************************************************
Info: Running Quartus II Analysis & Synthesis
    Info: Version 11.0 Build 208 07/03/2011 Service Pack 1 SJ Web Edition
    Info: Processing started: Mon Nov 07 10:58:02 2016
Info: Command: quartus_map --read_settings_files=on --write_settings_files=off Keypad_4FND -c Keypad_4FND
Warning: Parallel compilation is not licensed and has been disabled
Info: Found 1 design units, including 1 entities, in source file fnd.v
    Info: Found entity 1: FND
Info: Found 1 design units, including 1 entities, in source file keypad.v
    Info: Found entity 1: Keypad
Info: Found 1 design units, including 1 entities, in source file keypad_4fnd.v
    Info: Found entity 1: Keypad_4FND
Warning (10236): Verilog HDL Implicit Net warning at Keypad.v(27): created implicit net for "stop"
Info: Elaborating entity "Keypad_4FND" for the top level hierarchy
Info: Elaborating entity "FND" for hierarchy "FND:u0"
Warning (10230): Verilog HDL assignment warning at FND.v(30): truncated value with size 32 to match size of target (28)
Warning (10230): Verilog HDL assignment warning at FND.v(39): truncated value with size 32 to match size of target (2)
Warning (10230): Verilog HDL assignment warning at FND.v(58): truncated value with size 6 to match size of target (5)
Warning (10230): Verilog HDL assignment warning at FND.v(70): truncated value with size 32 to match size of target (2)
Info: Elaborating entity "Keypad" for hierarchy "Keypad:u1"
Warning (10230): Verilog HDL assignment warning at Keypad.v(70): truncated value with size 32 to match size of target (28)
Info (10264): Verilog HDL Case Statement information at Keypad.v(100): all case item expressions in this case statement are onehot
Info (10264): Verilog HDL Case Statement information at Keypad.v(109): all case item expressions in this case statement are onehot
Info (10264): Verilog HDL Case Statement information at Keypad.v(118): all case item expressions in this case statement are onehot
Warning: Output pins are stuck at VCC or GND
    Warning (13410): Pin "fnd_data[7]" is stuck at GND
    Warning (13410): Pin "portA[0]" is stuck at GND
    Warning (13410): Pin "portB[0]" is stuck at VCC
Info: Registers with preset signals will power-up high
Info: 2 registers lost all their fanouts during netlist optimizations. The first 2 are displayed below.
    Info: Register "Keypad:u1|state~5" lost all its fanouts during netlist optimizations.
    Info: Register "Keypad:u1|state~6" lost all its fanouts during netlist optimizations.
Warning: Ignored assignments for entity "Keypad_FND" -- entity does not exist in design
    Warning: Assignment for entity set_instance_assignment -name PARTITION_HIERARCHY root_partition -to | -entity Keypad_FND -section_id Top was ignored
    Warning: Assignment for entity set_global_assignment -name PARTITION_NETLIST_TYPE SOURCE -entity Keypad_FND -section_id Top was ignored
    Warning: Assignment for entity set_global_assignment -name PARTITION_FITTER_PRESERVATION_LEVEL PLACEMENT_AND_ROUTING -entity Keypad_FND -section_id Top was ignored
    Warning: Assignment for entity set_global_assignment -name PARTITION_PRESERVE_HIGH_SPEED_TILES ON -entity Keypad_FND -section_id Top was ignored
    Warning: Assignment for entity set_global_assignment -name PARTITION_IGNORE_SOURCE_FILE_CHANGES OFF -entity Keypad_FND -section_id Top was ignored
    Warning: Assignment for entity set_global_assignment -name PARTITION_ALWAYS_USE_QXP_NETLIST OFF -entity Keypad_FND -section_id Top was ignored
    Warning: Assignment for entity set_global_assignment -name PARTITION_COLOR 16764057 -entity Keypad_FND -section_id Top was ignored
    Warning: Assignment for entity set_global_assignment -name PARTITION_IMPORT_ASSIGNMENTS ON -entity Keypad_FND -section_id Top was ignored
    Warning: Assignment for entity set_global_assignment -name PARTITION_IMPORT_EXISTING_ASSIGNMENTS REPLACE_CONFLICTING -entity Keypad_FND -section_id Top was ignored
    Warning: Assignment for entity set_global_assignment -name PARTITION_IMPORT_EXISTING_LOGICLOCK_REGIONS REPLACE_CONFLICTING -entity Keypad_FND -section_id Top was ignored
    Warning: Assignment for entity set_global_assignment -name PARTITION_IMPORT_PIN_ASSIGNMENTS ON -entity Keypad_FND -section_id Top was ignored
    Warning: Assignment for entity set_global_assignment -name PARTITION_IMPORT_PROMOTE_ASSIGNMENTS ON -entity Keypad_FND -section_id Top was ignored
    Warning: Assignment for entity set_global_assignment -name PARTITION_TYPE STANDARD_PARTITION -entity Keypad_FND -section_id Top was ignored
    Warning: Assignment for entity set_global_assignment -name ALLOW_MULTIPLE_PERSONAS OFF -entity Keypad_FND -section_id Top was ignored
Info: Generating hard_block partition "hard_block:auto_generated_inst"
Info: Implemented 223 device resources after synthesis - the final resource count might be different
    Info: Implemented 6 input pins
    Info: Implemented 28 output pins
    Info: Implemented 189 logic cells
Info: Quartus II Analysis & Synthesis was successful. 0 errors, 26 warnings
    Info: Peak virtual memory: 247 megabytes
    Info: Processing ended: Mon Nov 07 10:58:03 2016
    Info: Elapsed time: 00:00:01
    Info: Total CPU time (on all processors): 00:00:01


