Analysis & Synthesis report for ADC_FND2
Tue Jun 28 11:55:43 2016
Quartus II Version 11.0 Build 208 07/03/2011 Service Pack 1 SJ Web Edition


---------------------
; Table of Contents ;
---------------------
  1. Legal Notice
  2. Analysis & Synthesis Summary
  3. Analysis & Synthesis Settings
  4. Parallel Compilation
  5. Analysis & Synthesis Source Files Read
  6. Analysis & Synthesis Resource Usage Summary
  7. Analysis & Synthesis Resource Utilization by Entity
  8. State Machine - |ADC_FND2|adc_1:u0|n_state
  9. State Machine - |ADC_FND2|adc_1:u0|c_state
 10. Registers Removed During Synthesis
 11. General Register Statistics
 12. Multiplexer Restructuring Statistics (Restructuring Performed)
 13. Parameter Settings for User Entity Instance: adc_1:u0
 14. Parameter Settings for Inferred Entity Instance: DSP_4bitFND:u1|lpm_divide:Div1
 15. Parameter Settings for Inferred Entity Instance: DSP_4bitFND:u1|lpm_divide:Mod2
 16. Parameter Settings for Inferred Entity Instance: DSP_4bitFND:u1|lpm_divide:Div0
 17. Parameter Settings for Inferred Entity Instance: DSP_4bitFND:u1|lpm_divide:Mod1
 18. Parameter Settings for Inferred Entity Instance: DSP_4bitFND:u1|lpm_divide:Mod0
 19. Parameter Settings for Inferred Entity Instance: DSP_4bitFND:u1|lpm_divide:Div2
 20. Parameter Settings for Inferred Entity Instance: lpm_mult:Mult0
 21. Parameter Settings for Inferred Entity Instance: lpm_divide:Div0
 22. lpm_mult Parameter Settings by Entity Instance
 23. Elapsed Time Per Partition
 24. Analysis & Synthesis Messages
 25. Analysis & Synthesis Suppressed Messages



----------------
; Legal Notice ;
----------------
Copyright (C) 1991-2011 Altera Corporation
Your use of Altera Corporation's design tools, logic functions 
and other software and tools, and its AMPP partner logic 
functions, and any output files from any of the foregoing 
(including device programming or simulation files), and any 
associated documentation or information are expressly subject 
to the terms and conditions of the Altera Program License 
Subscription Agreement, Altera MegaCore Function License 
Agreement, or other applicable license agreement, including, 
without limitation, that your use is for the sole purpose of 
programming logic devices manufactured by Altera and sold by 
Altera or its authorized distributors.  Please refer to the 
applicable agreement for further details.



+-----------------------------------------------------------------------------+
; Analysis & Synthesis Summary                                                ;
+-----------------------------+-----------------------------------------------+
; Analysis & Synthesis Status ; Successful - Tue Jun 28 11:55:43 2016         ;
; Quartus II Version          ; 11.0 Build 208 07/03/2011 SP 1 SJ Web Edition ;
; Revision Name               ; ADC_FND2                                      ;
; Top-level Entity Name       ; ADC_FND2                                      ;
; Family                      ; Cyclone                                       ;
; Total logic elements        ; 774                                           ;
; Total pins                  ; 39                                            ;
; Total virtual pins          ; 0                                             ;
; Total memory bits           ; 0                                             ;
; Total PLLs                  ; 0                                             ;
+-----------------------------+-----------------------------------------------+


+----------------------------------------------------------------------------------------------------------------------+
; Analysis & Synthesis Settings                                                                                        ;
+----------------------------------------------------------------------------+--------------------+--------------------+
; Option                                                                     ; Setting            ; Default Value      ;
+----------------------------------------------------------------------------+--------------------+--------------------+
; Device                                                                     ; EP1C6Q240C8        ;                    ;
; Top-level entity name                                                      ; ADC_FND2           ; ADC_FND2           ;
; Family name                                                                ; Cyclone            ; Cyclone IV GX      ;
; Use smart compilation                                                      ; Off                ; Off                ;
; Enable parallel Assembler and TimeQuest Timing Analyzer during compilation ; On                 ; On                 ;
; Enable compact report table                                                ; Off                ; Off                ;
; Restructure Multiplexers                                                   ; Auto               ; Auto               ;
; Create Debugging Nodes for IP Cores                                        ; Off                ; Off                ;
; Preserve fewer node names                                                  ; On                 ; On                 ;
; Disable OpenCore Plus hardware evaluation                                  ; Off                ; Off                ;
; Verilog Version                                                            ; Verilog_2001       ; Verilog_2001       ;
; VHDL Version                                                               ; VHDL_1993          ; VHDL_1993          ;
; State Machine Processing                                                   ; Auto               ; Auto               ;
; Safe State Machine                                                         ; Off                ; Off                ;
; Extract Verilog State Machines                                             ; On                 ; On                 ;
; Extract VHDL State Machines                                                ; On                 ; On                 ;
; Ignore Verilog initial constructs                                          ; Off                ; Off                ;
; Iteration limit for constant Verilog loops                                 ; 5000               ; 5000               ;
; Iteration limit for non-constant Verilog loops                             ; 250                ; 250                ;
; Add Pass-Through Logic to Inferred RAMs                                    ; On                 ; On                 ;
; Parallel Synthesis                                                         ; On                 ; On                 ;
; NOT Gate Push-Back                                                         ; On                 ; On                 ;
; Power-Up Don't Care                                                        ; On                 ; On                 ;
; Remove Redundant Logic Cells                                               ; Off                ; Off                ;
; Remove Duplicate Registers                                                 ; On                 ; On                 ;
; Ignore CARRY Buffers                                                       ; Off                ; Off                ;
; Ignore CASCADE Buffers                                                     ; Off                ; Off                ;
; Ignore GLOBAL Buffers                                                      ; Off                ; Off                ;
; Ignore ROW GLOBAL Buffers                                                  ; Off                ; Off                ;
; Ignore LCELL Buffers                                                       ; Off                ; Off                ;
; Ignore SOFT Buffers                                                        ; On                 ; On                 ;
; Limit AHDL Integers to 32 Bits                                             ; Off                ; Off                ;
; Optimization Technique                                                     ; Balanced           ; Balanced           ;
; Carry Chain Length                                                         ; 70                 ; 70                 ;
; Auto Carry Chains                                                          ; On                 ; On                 ;
; Auto Open-Drain Pins                                                       ; On                 ; On                 ;
; Perform WYSIWYG Primitive Resynthesis                                      ; Off                ; Off                ;
; Auto ROM Replacement                                                       ; On                 ; On                 ;
; Auto RAM Replacement                                                       ; On                 ; On                 ;
; Auto Shift Register Replacement                                            ; Auto               ; Auto               ;
; Allow Shift Register Merging across Hierarchies                            ; Auto               ; Auto               ;
; Auto Clock Enable Replacement                                              ; On                 ; On                 ;
; Strict RAM Replacement                                                     ; Off                ; Off                ;
; Allow Synchronous Control Signals                                          ; On                 ; On                 ;
; Force Use of Synchronous Clear Signals                                     ; Off                ; Off                ;
; Auto RAM Block Balancing                                                   ; On                 ; On                 ;
; Auto RAM to Logic Cell Conversion                                          ; Off                ; Off                ;
; Auto Resource Sharing                                                      ; Off                ; Off                ;
; Allow Any RAM Size For Recognition                                         ; Off                ; Off                ;
; Allow Any ROM Size For Recognition                                         ; Off                ; Off                ;
; Allow Any Shift Register Size For Recognition                              ; Off                ; Off                ;
; Use LogicLock Constraints during Resource Balancing                        ; On                 ; On                 ;
; Ignore translate_off and synthesis_off directives                          ; Off                ; Off                ;
; Report Parameter Settings                                                  ; On                 ; On                 ;
; Report Source Assignments                                                  ; On                 ; On                 ;
; Report Connectivity Checks                                                 ; On                 ; On                 ;
; Ignore Maximum Fan-Out Assignments                                         ; Off                ; Off                ;
; Synchronization Register Chain Length                                      ; 2                  ; 2                  ;
; PowerPlay Power Optimization                                               ; Normal compilation ; Normal compilation ;
; HDL message level                                                          ; Level2             ; Level2             ;
; Suppress Register Optimization Related Messages                            ; Off                ; Off                ;
; Number of Removed Registers Reported in Synthesis Report                   ; 5000               ; 5000               ;
; Number of Inverted Registers Reported in Synthesis Report                  ; 100                ; 100                ;
; Clock MUX Protection                                                       ; On                 ; On                 ;
; Block Design Naming                                                        ; Auto               ; Auto               ;
; Synthesis Effort                                                           ; Auto               ; Auto               ;
; Shift Register Replacement - Allow Asynchronous Clear Signal               ; On                 ; On                 ;
; Analysis & Synthesis Message Level                                         ; Medium             ; Medium             ;
; Disable Register Merging Across Hierarchies                                ; Auto               ; Auto               ;
; Resource Aware Inference For Block RAM                                     ; On                 ; On                 ;
; Synthesis Seed                                                             ; 1                  ; 1                  ;
+----------------------------------------------------------------------------+--------------------+--------------------+


Parallel compilation was disabled, but you have multiple processors available. Enable parallel compilation to reduce compilation time.
+-------------------------------------+
; Parallel Compilation                ;
+----------------------------+--------+
; Processors                 ; Number ;
+----------------------------+--------+
; Number detected on machine ; 4      ;
; Maximum allowed            ; 1      ;
+----------------------------+--------+


+---------------------------------------------------------------------------------------------------------------------------------------------------------------+
; Analysis & Synthesis Source Files Read                                                                                                                        ;
+----------------------------------+-----------------+------------------------------+---------------------------------------------------------------------------+
; File Name with User-Entered Path ; Used in Netlist ; File Type                    ; File Name with Absolute Path                                              ;
+----------------------------------+-----------------+------------------------------+---------------------------------------------------------------------------+
; ../adc_1/adc_1.v                 ; yes             ; User Verilog HDL File        ; F:/Digital_Circuit_Design/ADC/adc_1/adc_1.v                               ;
; ../DSP_4bitFND/DSP_4bitFND.v     ; yes             ; User Verilog HDL File        ; F:/Digital_Circuit_Design/ADC/DSP_4bitFND/DSP_4bitFND.v                   ;
; ADC_FND2.v                       ; yes             ; User Verilog HDL File        ; F:/Digital_Circuit_Design/ADC/ADC_FND2/ADC_FND2.v                         ;
; lpm_divide.tdf                   ; yes             ; Megafunction                 ; c:/altera/11.0sp1/quartus/libraries/megafunctions/lpm_divide.tdf          ;
; abs_divider.inc                  ; yes             ; Megafunction                 ; c:/altera/11.0sp1/quartus/libraries/megafunctions/abs_divider.inc         ;
; sign_div_unsign.inc              ; yes             ; Megafunction                 ; c:/altera/11.0sp1/quartus/libraries/megafunctions/sign_div_unsign.inc     ;
; aglobal110.inc                   ; yes             ; Megafunction                 ; c:/altera/11.0sp1/quartus/libraries/megafunctions/aglobal110.inc          ;
; db/lpm_divide_s6m.tdf            ; yes             ; Auto-Generated Megafunction  ; F:/Digital_Circuit_Design/ADC/ADC_FND2/db/lpm_divide_s6m.tdf              ;
; db/sign_div_unsign_olh.tdf       ; yes             ; Auto-Generated Megafunction  ; F:/Digital_Circuit_Design/ADC/ADC_FND2/db/sign_div_unsign_olh.tdf         ;
; db/alt_u_div_0re.tdf             ; yes             ; Auto-Generated Megafunction  ; F:/Digital_Circuit_Design/ADC/ADC_FND2/db/alt_u_div_0re.tdf               ;
; db/add_sub_3dc.tdf               ; yes             ; Auto-Generated Megafunction  ; F:/Digital_Circuit_Design/ADC/ADC_FND2/db/add_sub_3dc.tdf                 ;
; db/add_sub_4dc.tdf               ; yes             ; Auto-Generated Megafunction  ; F:/Digital_Circuit_Design/ADC/ADC_FND2/db/add_sub_4dc.tdf                 ;
; db/add_sub_adc.tdf               ; yes             ; Auto-Generated Megafunction  ; F:/Digital_Circuit_Design/ADC/ADC_FND2/db/add_sub_adc.tdf                 ;
; db/add_sub_5dc.tdf               ; yes             ; Auto-Generated Megafunction  ; F:/Digital_Circuit_Design/ADC/ADC_FND2/db/add_sub_5dc.tdf                 ;
; db/add_sub_6dc.tdf               ; yes             ; Auto-Generated Megafunction  ; F:/Digital_Circuit_Design/ADC/ADC_FND2/db/add_sub_6dc.tdf                 ;
; db/add_sub_7dc.tdf               ; yes             ; Auto-Generated Megafunction  ; F:/Digital_Circuit_Design/ADC/ADC_FND2/db/add_sub_7dc.tdf                 ;
; db/add_sub_8dc.tdf               ; yes             ; Auto-Generated Megafunction  ; F:/Digital_Circuit_Design/ADC/ADC_FND2/db/add_sub_8dc.tdf                 ;
; db/add_sub_9dc.tdf               ; yes             ; Auto-Generated Megafunction  ; F:/Digital_Circuit_Design/ADC/ADC_FND2/db/add_sub_9dc.tdf                 ;
; db/lpm_divide_sul.tdf            ; yes             ; Auto-Generated Megafunction  ; F:/Digital_Circuit_Design/ADC/ADC_FND2/db/lpm_divide_sul.tdf              ;
; db/sign_div_unsign_llh.tdf       ; yes             ; Auto-Generated Megafunction  ; F:/Digital_Circuit_Design/ADC/ADC_FND2/db/sign_div_unsign_llh.tdf         ;
; db/alt_u_div_qqe.tdf             ; yes             ; Auto-Generated Megafunction  ; F:/Digital_Circuit_Design/ADC/ADC_FND2/db/alt_u_div_qqe.tdf               ;
; db/lpm_divide_p6m.tdf            ; yes             ; Auto-Generated Megafunction  ; F:/Digital_Circuit_Design/ADC/ADC_FND2/db/lpm_divide_p6m.tdf              ;
; db/lpm_divide_68m.tdf            ; yes             ; Auto-Generated Megafunction  ; F:/Digital_Circuit_Design/ADC/ADC_FND2/db/lpm_divide_68m.tdf              ;
; db/sign_div_unsign_2nh.tdf       ; yes             ; Auto-Generated Megafunction  ; F:/Digital_Circuit_Design/ADC/ADC_FND2/db/sign_div_unsign_2nh.tdf         ;
; db/alt_u_div_kte.tdf             ; yes             ; Auto-Generated Megafunction  ; F:/Digital_Circuit_Design/ADC/ADC_FND2/db/alt_u_div_kte.tdf               ;
; db/add_sub_kec.tdf               ; yes             ; Auto-Generated Megafunction  ; F:/Digital_Circuit_Design/ADC/ADC_FND2/db/add_sub_kec.tdf                 ;
; db/add_sub_bdc.tdf               ; yes             ; Auto-Generated Megafunction  ; F:/Digital_Circuit_Design/ADC/ADC_FND2/db/add_sub_bdc.tdf                 ;
; db/add_sub_jec.tdf               ; yes             ; Auto-Generated Megafunction  ; F:/Digital_Circuit_Design/ADC/ADC_FND2/db/add_sub_jec.tdf                 ;
; lpm_mult.tdf                     ; yes             ; Megafunction                 ; c:/altera/11.0sp1/quartus/libraries/megafunctions/lpm_mult.tdf            ;
; lpm_add_sub.inc                  ; yes             ; Megafunction                 ; c:/altera/11.0sp1/quartus/libraries/megafunctions/lpm_add_sub.inc         ;
; multcore.inc                     ; yes             ; Megafunction                 ; c:/altera/11.0sp1/quartus/libraries/megafunctions/multcore.inc            ;
; bypassff.inc                     ; yes             ; Megafunction                 ; c:/altera/11.0sp1/quartus/libraries/megafunctions/bypassff.inc            ;
; altshift.inc                     ; yes             ; Megafunction                 ; c:/altera/11.0sp1/quartus/libraries/megafunctions/altshift.inc            ;
; multcore.tdf                     ; yes             ; Megafunction                 ; c:/altera/11.0sp1/quartus/libraries/megafunctions/multcore.tdf            ;
; csa_add.inc                      ; yes             ; Megafunction                 ; c:/altera/11.0sp1/quartus/libraries/megafunctions/csa_add.inc             ;
; mpar_add.inc                     ; yes             ; Megafunction                 ; c:/altera/11.0sp1/quartus/libraries/megafunctions/mpar_add.inc            ;
; muleabz.inc                      ; yes             ; Megafunction                 ; c:/altera/11.0sp1/quartus/libraries/megafunctions/muleabz.inc             ;
; mul_lfrg.inc                     ; yes             ; Megafunction                 ; c:/altera/11.0sp1/quartus/libraries/megafunctions/mul_lfrg.inc            ;
; mul_boothc.inc                   ; yes             ; Megafunction                 ; c:/altera/11.0sp1/quartus/libraries/megafunctions/mul_boothc.inc          ;
; alt_ded_mult.inc                 ; yes             ; Megafunction                 ; c:/altera/11.0sp1/quartus/libraries/megafunctions/alt_ded_mult.inc        ;
; alt_ded_mult_y.inc               ; yes             ; Megafunction                 ; c:/altera/11.0sp1/quartus/libraries/megafunctions/alt_ded_mult_y.inc      ;
; dffpipe.inc                      ; yes             ; Megafunction                 ; c:/altera/11.0sp1/quartus/libraries/megafunctions/dffpipe.inc             ;
; mpar_add.tdf                     ; yes             ; Megafunction                 ; c:/altera/11.0sp1/quartus/libraries/megafunctions/mpar_add.tdf            ;
; lpm_add_sub.tdf                  ; yes             ; Megafunction                 ; c:/altera/11.0sp1/quartus/libraries/megafunctions/lpm_add_sub.tdf         ;
; addcore.inc                      ; yes             ; Megafunction                 ; c:/altera/11.0sp1/quartus/libraries/megafunctions/addcore.inc             ;
; look_add.inc                     ; yes             ; Megafunction                 ; c:/altera/11.0sp1/quartus/libraries/megafunctions/look_add.inc            ;
; alt_stratix_add_sub.inc          ; yes             ; Megafunction                 ; c:/altera/11.0sp1/quartus/libraries/megafunctions/alt_stratix_add_sub.inc ;
; addcore.tdf                      ; yes             ; Megafunction                 ; c:/altera/11.0sp1/quartus/libraries/megafunctions/addcore.tdf             ;
; a_csnbuffer.inc                  ; yes             ; Megafunction                 ; c:/altera/11.0sp1/quartus/libraries/megafunctions/a_csnbuffer.inc         ;
; a_csnbuffer.tdf                  ; yes             ; Megafunction                 ; c:/altera/11.0sp1/quartus/libraries/megafunctions/a_csnbuffer.tdf         ;
; altshift.tdf                     ; yes             ; Megafunction                 ; c:/altera/11.0sp1/quartus/libraries/megafunctions/altshift.tdf            ;
; db/lpm_divide_47m.tdf            ; yes             ; Auto-Generated Megafunction  ; F:/Digital_Circuit_Design/ADC/ADC_FND2/db/lpm_divide_47m.tdf              ;
; db/sign_div_unsign_0mh.tdf       ; yes             ; Auto-Generated Megafunction  ; F:/Digital_Circuit_Design/ADC/ADC_FND2/db/sign_div_unsign_0mh.tdf         ;
; db/alt_u_div_gre.tdf             ; yes             ; Auto-Generated Megafunction  ; F:/Digital_Circuit_Design/ADC/ADC_FND2/db/alt_u_div_gre.tdf               ;
+----------------------------------+-----------------+------------------------------+---------------------------------------------------------------------------+


+-----------------------------------------------------+
; Analysis & Synthesis Resource Usage Summary         ;
+---------------------------------------------+-------+
; Resource                                    ; Usage ;
+---------------------------------------------+-------+
; Total logic elements                        ; 774   ;
;     -- Combinational with no register       ; 687   ;
;     -- Register only                        ; 35    ;
;     -- Combinational with a register        ; 52    ;
;                                             ;       ;
; Logic element usage by number of LUT inputs ;       ;
;     -- 4 input functions                    ; 145   ;
;     -- 3 input functions                    ; 170   ;
;     -- 2 input functions                    ; 300   ;
;     -- 1 input functions                    ; 124   ;
;     -- 0 input functions                    ; 0     ;
;                                             ;       ;
; Logic elements by mode                      ;       ;
;     -- normal mode                          ; 495   ;
;     -- arithmetic mode                      ; 279   ;
;     -- qfbk mode                            ; 0     ;
;     -- register cascade mode                ; 0     ;
;     -- synchronous clear/load mode          ; 16    ;
;     -- asynchronous clear/load mode         ; 82    ;
;                                             ;       ;
; Total registers                             ; 87    ;
; Total logic cells in carry chains           ; 354   ;
; I/O pins                                    ; 39    ;
; Maximum fan-out node                        ; clk   ;
; Maximum fan-out                             ; 87    ;
; Total fan-out                               ; 2066  ;
; Average fan-out                             ; 2.54  ;
+---------------------------------------------+-------+


+--------------------------------------------------------------------------------------------------------------------------------------------------------------------------------------------------------------------------------------------------------------------------------------------------------------------------------------------------------------------+
; Analysis & Synthesis Resource Utilization by Entity                                                                                                                                                                                                                                                                                                                ;
+---------------------------------------------+-------------+--------------+-------------+------+--------------+--------------+-------------------+------------------+-----------------+------------+-------------------------------------------------------------------------------------------------------------------------------------------------+--------------+
; Compilation Hierarchy Node                  ; Logic Cells ; LC Registers ; Memory Bits ; Pins ; Virtual Pins ; LUT-Only LCs ; Register-Only LCs ; LUT/Register LCs ; Carry Chain LCs ; Packed LCs ; Full Hierarchy Name                                                                                                                             ; Library Name ;
+---------------------------------------------+-------------+--------------+-------------+------+--------------+--------------+-------------------+------------------+-----------------+------------+-------------------------------------------------------------------------------------------------------------------------------------------------+--------------+
; |ADC_FND2                                   ; 774 (11)    ; 87           ; 0           ; 39   ; 0            ; 687 (0)      ; 35 (2)            ; 52 (9)           ; 354 (9)         ; 0 (0)      ; |ADC_FND2                                                                                                                                       ;              ;
;    |DSP_4bitFND:u1|                         ; 470 (89)    ; 38           ; 0           ; 0    ; 0            ; 432 (51)     ; 20 (20)           ; 18 (18)          ; 230 (28)        ; 0 (0)      ; |ADC_FND2|DSP_4bitFND:u1                                                                                                                        ;              ;
;       |lpm_divide:Div0|                     ; 92 (0)      ; 0            ; 0           ; 0    ; 0            ; 92 (0)       ; 0 (0)             ; 0 (0)            ; 48 (0)          ; 0 (0)      ; |ADC_FND2|DSP_4bitFND:u1|lpm_divide:Div0                                                                                                        ;              ;
;          |lpm_divide_p6m:auto_generated|    ; 92 (0)      ; 0            ; 0           ; 0    ; 0            ; 92 (0)       ; 0 (0)             ; 0 (0)            ; 48 (0)          ; 0 (0)      ; |ADC_FND2|DSP_4bitFND:u1|lpm_divide:Div0|lpm_divide_p6m:auto_generated                                                                          ;              ;
;             |sign_div_unsign_llh:divider|   ; 92 (0)      ; 0            ; 0           ; 0    ; 0            ; 92 (0)       ; 0 (0)             ; 0 (0)            ; 48 (0)          ; 0 (0)      ; |ADC_FND2|DSP_4bitFND:u1|lpm_divide:Div0|lpm_divide_p6m:auto_generated|sign_div_unsign_llh:divider                                              ;              ;
;                |alt_u_div_qqe:divider|      ; 92 (44)     ; 0            ; 0           ; 0    ; 0            ; 92 (44)      ; 0 (0)             ; 0 (0)            ; 48 (0)          ; 0 (0)      ; |ADC_FND2|DSP_4bitFND:u1|lpm_divide:Div0|lpm_divide_p6m:auto_generated|sign_div_unsign_llh:divider|alt_u_div_qqe:divider                        ;              ;
;                   |add_sub_6dc:add_sub_3|   ; 5 (5)       ; 0            ; 0           ; 0    ; 0            ; 5 (5)        ; 0 (0)             ; 0 (0)            ; 5 (5)           ; 0 (0)      ; |ADC_FND2|DSP_4bitFND:u1|lpm_divide:Div0|lpm_divide_p6m:auto_generated|sign_div_unsign_llh:divider|alt_u_div_qqe:divider|add_sub_6dc:add_sub_3  ;              ;
;                   |add_sub_7dc:add_sub_10|  ; 5 (5)       ; 0            ; 0           ; 0    ; 0            ; 5 (5)        ; 0 (0)             ; 0 (0)            ; 5 (5)           ; 0 (0)      ; |ADC_FND2|DSP_4bitFND:u1|lpm_divide:Div0|lpm_divide_p6m:auto_generated|sign_div_unsign_llh:divider|alt_u_div_qqe:divider|add_sub_7dc:add_sub_10 ;              ;
;                   |add_sub_7dc:add_sub_4|   ; 6 (6)       ; 0            ; 0           ; 0    ; 0            ; 6 (6)        ; 0 (0)             ; 0 (0)            ; 6 (6)           ; 0 (0)      ; |ADC_FND2|DSP_4bitFND:u1|lpm_divide:Div0|lpm_divide_p6m:auto_generated|sign_div_unsign_llh:divider|alt_u_div_qqe:divider|add_sub_7dc:add_sub_4  ;              ;
;                   |add_sub_7dc:add_sub_5|   ; 6 (6)       ; 0            ; 0           ; 0    ; 0            ; 6 (6)        ; 0 (0)             ; 0 (0)            ; 6 (6)           ; 0 (0)      ; |ADC_FND2|DSP_4bitFND:u1|lpm_divide:Div0|lpm_divide_p6m:auto_generated|sign_div_unsign_llh:divider|alt_u_div_qqe:divider|add_sub_7dc:add_sub_5  ;              ;
;                   |add_sub_7dc:add_sub_6|   ; 6 (6)       ; 0            ; 0           ; 0    ; 0            ; 6 (6)        ; 0 (0)             ; 0 (0)            ; 6 (6)           ; 0 (0)      ; |ADC_FND2|DSP_4bitFND:u1|lpm_divide:Div0|lpm_divide_p6m:auto_generated|sign_div_unsign_llh:divider|alt_u_div_qqe:divider|add_sub_7dc:add_sub_6  ;              ;
;                   |add_sub_7dc:add_sub_7|   ; 6 (6)       ; 0            ; 0           ; 0    ; 0            ; 6 (6)        ; 0 (0)             ; 0 (0)            ; 6 (6)           ; 0 (0)      ; |ADC_FND2|DSP_4bitFND:u1|lpm_divide:Div0|lpm_divide_p6m:auto_generated|sign_div_unsign_llh:divider|alt_u_div_qqe:divider|add_sub_7dc:add_sub_7  ;              ;
;                   |add_sub_7dc:add_sub_8|   ; 7 (7)       ; 0            ; 0           ; 0    ; 0            ; 7 (7)        ; 0 (0)             ; 0 (0)            ; 7 (7)           ; 0 (0)      ; |ADC_FND2|DSP_4bitFND:u1|lpm_divide:Div0|lpm_divide_p6m:auto_generated|sign_div_unsign_llh:divider|alt_u_div_qqe:divider|add_sub_7dc:add_sub_8  ;              ;
;                   |add_sub_7dc:add_sub_9|   ; 7 (7)       ; 0            ; 0           ; 0    ; 0            ; 7 (7)        ; 0 (0)             ; 0 (0)            ; 7 (7)           ; 0 (0)      ; |ADC_FND2|DSP_4bitFND:u1|lpm_divide:Div0|lpm_divide_p6m:auto_generated|sign_div_unsign_llh:divider|alt_u_div_qqe:divider|add_sub_7dc:add_sub_9  ;              ;
;       |lpm_divide:Div1|                     ; 84 (0)      ; 0            ; 0           ; 0    ; 0            ; 84 (0)       ; 0 (0)             ; 0 (0)            ; 42 (0)          ; 0 (0)      ; |ADC_FND2|DSP_4bitFND:u1|lpm_divide:Div1                                                                                                        ;              ;
;          |lpm_divide_s6m:auto_generated|    ; 84 (0)      ; 0            ; 0           ; 0    ; 0            ; 84 (0)       ; 0 (0)             ; 0 (0)            ; 42 (0)          ; 0 (0)      ; |ADC_FND2|DSP_4bitFND:u1|lpm_divide:Div1|lpm_divide_s6m:auto_generated                                                                          ;              ;
;             |sign_div_unsign_olh:divider|   ; 84 (0)      ; 0            ; 0           ; 0    ; 0            ; 84 (0)       ; 0 (0)             ; 0 (0)            ; 42 (0)          ; 0 (0)      ; |ADC_FND2|DSP_4bitFND:u1|lpm_divide:Div1|lpm_divide_s6m:auto_generated|sign_div_unsign_olh:divider                                              ;              ;
;                |alt_u_div_0re:divider|      ; 84 (42)     ; 0            ; 0           ; 0    ; 0            ; 84 (42)      ; 0 (0)             ; 0 (0)            ; 42 (0)          ; 0 (0)      ; |ADC_FND2|DSP_4bitFND:u1|lpm_divide:Div1|lpm_divide_s6m:auto_generated|sign_div_unsign_olh:divider|alt_u_div_0re:divider                        ;              ;
;                   |add_sub_9dc:add_sub_6|   ; 8 (8)       ; 0            ; 0           ; 0    ; 0            ; 8 (8)        ; 0 (0)             ; 0 (0)            ; 8 (8)           ; 0 (0)      ; |ADC_FND2|DSP_4bitFND:u1|lpm_divide:Div1|lpm_divide_s6m:auto_generated|sign_div_unsign_olh:divider|alt_u_div_0re:divider|add_sub_9dc:add_sub_6  ;              ;
;                   |add_sub_adc:add_sub_10|  ; 7 (7)       ; 0            ; 0           ; 0    ; 0            ; 7 (7)        ; 0 (0)             ; 0 (0)            ; 7 (7)           ; 0 (0)      ; |ADC_FND2|DSP_4bitFND:u1|lpm_divide:Div1|lpm_divide_s6m:auto_generated|sign_div_unsign_olh:divider|alt_u_div_0re:divider|add_sub_adc:add_sub_10 ;              ;
;                   |add_sub_adc:add_sub_7|   ; 9 (9)       ; 0            ; 0           ; 0    ; 0            ; 9 (9)        ; 0 (0)             ; 0 (0)            ; 9 (9)           ; 0 (0)      ; |ADC_FND2|DSP_4bitFND:u1|lpm_divide:Div1|lpm_divide_s6m:auto_generated|sign_div_unsign_olh:divider|alt_u_div_0re:divider|add_sub_adc:add_sub_7  ;              ;
;                   |add_sub_adc:add_sub_8|   ; 9 (9)       ; 0            ; 0           ; 0    ; 0            ; 9 (9)        ; 0 (0)             ; 0 (0)            ; 9 (9)           ; 0 (0)      ; |ADC_FND2|DSP_4bitFND:u1|lpm_divide:Div1|lpm_divide_s6m:auto_generated|sign_div_unsign_olh:divider|alt_u_div_0re:divider|add_sub_adc:add_sub_8  ;              ;
;                   |add_sub_adc:add_sub_9|   ; 9 (9)       ; 0            ; 0           ; 0    ; 0            ; 9 (9)        ; 0 (0)             ; 0 (0)            ; 9 (9)           ; 0 (0)      ; |ADC_FND2|DSP_4bitFND:u1|lpm_divide:Div1|lpm_divide_s6m:auto_generated|sign_div_unsign_olh:divider|alt_u_div_0re:divider|add_sub_adc:add_sub_9  ;              ;
;       |lpm_divide:Div2|                     ; 35 (0)      ; 0            ; 0           ; 0    ; 0            ; 35 (0)       ; 0 (0)             ; 0 (0)            ; 19 (0)          ; 0 (0)      ; |ADC_FND2|DSP_4bitFND:u1|lpm_divide:Div2                                                                                                        ;              ;
;          |lpm_divide_68m:auto_generated|    ; 35 (0)      ; 0            ; 0           ; 0    ; 0            ; 35 (0)       ; 0 (0)             ; 0 (0)            ; 19 (0)          ; 0 (0)      ; |ADC_FND2|DSP_4bitFND:u1|lpm_divide:Div2|lpm_divide_68m:auto_generated                                                                          ;              ;
;             |sign_div_unsign_2nh:divider|   ; 35 (0)      ; 0            ; 0           ; 0    ; 0            ; 35 (0)       ; 0 (0)             ; 0 (0)            ; 19 (0)          ; 0 (0)      ; |ADC_FND2|DSP_4bitFND:u1|lpm_divide:Div2|lpm_divide_68m:auto_generated|sign_div_unsign_2nh:divider                                              ;              ;
;                |alt_u_div_kte:divider|      ; 35 (16)     ; 0            ; 0           ; 0    ; 0            ; 35 (16)      ; 0 (0)             ; 0 (0)            ; 19 (0)          ; 0 (0)      ; |ADC_FND2|DSP_4bitFND:u1|lpm_divide:Div2|lpm_divide_68m:auto_generated|sign_div_unsign_2nh:divider|alt_u_div_kte:divider                        ;              ;
;                   |add_sub_jec:add_sub_9|   ; 10 (10)     ; 0            ; 0           ; 0    ; 0            ; 10 (10)      ; 0 (0)             ; 0 (0)            ; 10 (10)         ; 0 (0)      ; |ADC_FND2|DSP_4bitFND:u1|lpm_divide:Div2|lpm_divide_68m:auto_generated|sign_div_unsign_2nh:divider|alt_u_div_kte:divider|add_sub_jec:add_sub_9  ;              ;
;                   |add_sub_kec:add_sub_10|  ; 9 (9)       ; 0            ; 0           ; 0    ; 0            ; 9 (9)        ; 0 (0)             ; 0 (0)            ; 9 (9)           ; 0 (0)      ; |ADC_FND2|DSP_4bitFND:u1|lpm_divide:Div2|lpm_divide_68m:auto_generated|sign_div_unsign_2nh:divider|alt_u_div_kte:divider|add_sub_kec:add_sub_10 ;              ;
;       |lpm_divide:Mod0|                     ; 97 (0)      ; 0            ; 0           ; 0    ; 0            ; 97 (0)       ; 0 (0)             ; 0 (0)            ; 52 (0)          ; 0 (0)      ; |ADC_FND2|DSP_4bitFND:u1|lpm_divide:Mod0                                                                                                        ;              ;
;          |lpm_divide_sul:auto_generated|    ; 97 (0)      ; 0            ; 0           ; 0    ; 0            ; 97 (0)       ; 0 (0)             ; 0 (0)            ; 52 (0)          ; 0 (0)      ; |ADC_FND2|DSP_4bitFND:u1|lpm_divide:Mod0|lpm_divide_sul:auto_generated                                                                          ;              ;
;             |sign_div_unsign_llh:divider|   ; 97 (0)      ; 0            ; 0           ; 0    ; 0            ; 97 (0)       ; 0 (0)             ; 0 (0)            ; 52 (0)          ; 0 (0)      ; |ADC_FND2|DSP_4bitFND:u1|lpm_divide:Mod0|lpm_divide_sul:auto_generated|sign_div_unsign_llh:divider                                              ;              ;
;                |alt_u_div_qqe:divider|      ; 97 (45)     ; 0            ; 0           ; 0    ; 0            ; 97 (45)      ; 0 (0)             ; 0 (0)            ; 52 (0)          ; 0 (0)      ; |ADC_FND2|DSP_4bitFND:u1|lpm_divide:Mod0|lpm_divide_sul:auto_generated|sign_div_unsign_llh:divider|alt_u_div_qqe:divider                        ;              ;
;                   |add_sub_6dc:add_sub_3|   ; 6 (6)       ; 0            ; 0           ; 0    ; 0            ; 6 (6)        ; 0 (0)             ; 0 (0)            ; 6 (6)           ; 0 (0)      ; |ADC_FND2|DSP_4bitFND:u1|lpm_divide:Mod0|lpm_divide_sul:auto_generated|sign_div_unsign_llh:divider|alt_u_div_qqe:divider|add_sub_6dc:add_sub_3  ;              ;
;                   |add_sub_7dc:add_sub_10|  ; 6 (6)       ; 0            ; 0           ; 0    ; 0            ; 6 (6)        ; 0 (0)             ; 0 (0)            ; 6 (6)           ; 0 (0)      ; |ADC_FND2|DSP_4bitFND:u1|lpm_divide:Mod0|lpm_divide_sul:auto_generated|sign_div_unsign_llh:divider|alt_u_div_qqe:divider|add_sub_7dc:add_sub_10 ;              ;
;                   |add_sub_7dc:add_sub_4|   ; 7 (7)       ; 0            ; 0           ; 0    ; 0            ; 7 (7)        ; 0 (0)             ; 0 (0)            ; 7 (7)           ; 0 (0)      ; |ADC_FND2|DSP_4bitFND:u1|lpm_divide:Mod0|lpm_divide_sul:auto_generated|sign_div_unsign_llh:divider|alt_u_div_qqe:divider|add_sub_7dc:add_sub_4  ;              ;
;                   |add_sub_7dc:add_sub_5|   ; 7 (7)       ; 0            ; 0           ; 0    ; 0            ; 7 (7)        ; 0 (0)             ; 0 (0)            ; 7 (7)           ; 0 (0)      ; |ADC_FND2|DSP_4bitFND:u1|lpm_divide:Mod0|lpm_divide_sul:auto_generated|sign_div_unsign_llh:divider|alt_u_div_qqe:divider|add_sub_7dc:add_sub_5  ;              ;
;                   |add_sub_7dc:add_sub_6|   ; 7 (7)       ; 0            ; 0           ; 0    ; 0            ; 7 (7)        ; 0 (0)             ; 0 (0)            ; 7 (7)           ; 0 (0)      ; |ADC_FND2|DSP_4bitFND:u1|lpm_divide:Mod0|lpm_divide_sul:auto_generated|sign_div_unsign_llh:divider|alt_u_div_qqe:divider|add_sub_7dc:add_sub_6  ;              ;
;                   |add_sub_7dc:add_sub_7|   ; 7 (7)       ; 0            ; 0           ; 0    ; 0            ; 7 (7)        ; 0 (0)             ; 0 (0)            ; 7 (7)           ; 0 (0)      ; |ADC_FND2|DSP_4bitFND:u1|lpm_divide:Mod0|lpm_divide_sul:auto_generated|sign_div_unsign_llh:divider|alt_u_div_qqe:divider|add_sub_7dc:add_sub_7  ;              ;
;                   |add_sub_7dc:add_sub_8|   ; 6 (6)       ; 0            ; 0           ; 0    ; 0            ; 6 (6)        ; 0 (0)             ; 0 (0)            ; 6 (6)           ; 0 (0)      ; |ADC_FND2|DSP_4bitFND:u1|lpm_divide:Mod0|lpm_divide_sul:auto_generated|sign_div_unsign_llh:divider|alt_u_div_qqe:divider|add_sub_7dc:add_sub_8  ;              ;
;                   |add_sub_7dc:add_sub_9|   ; 6 (6)       ; 0            ; 0           ; 0    ; 0            ; 6 (6)        ; 0 (0)             ; 0 (0)            ; 6 (6)           ; 0 (0)      ; |ADC_FND2|DSP_4bitFND:u1|lpm_divide:Mod0|lpm_divide_sul:auto_generated|sign_div_unsign_llh:divider|alt_u_div_qqe:divider|add_sub_7dc:add_sub_9  ;              ;
;       |lpm_divide:Mod1|                     ; 56 (0)      ; 0            ; 0           ; 0    ; 0            ; 56 (0)       ; 0 (0)             ; 0 (0)            ; 31 (0)          ; 0 (0)      ; |ADC_FND2|DSP_4bitFND:u1|lpm_divide:Mod1                                                                                                        ;              ;
;          |lpm_divide_sul:auto_generated|    ; 56 (0)      ; 0            ; 0           ; 0    ; 0            ; 56 (0)       ; 0 (0)             ; 0 (0)            ; 31 (0)          ; 0 (0)      ; |ADC_FND2|DSP_4bitFND:u1|lpm_divide:Mod1|lpm_divide_sul:auto_generated                                                                          ;              ;
;             |sign_div_unsign_llh:divider|   ; 56 (0)      ; 0            ; 0           ; 0    ; 0            ; 56 (0)       ; 0 (0)             ; 0 (0)            ; 31 (0)          ; 0 (0)      ; |ADC_FND2|DSP_4bitFND:u1|lpm_divide:Mod1|lpm_divide_sul:auto_generated|sign_div_unsign_llh:divider                                              ;              ;
;                |alt_u_div_qqe:divider|      ; 56 (25)     ; 0            ; 0           ; 0    ; 0            ; 56 (25)      ; 0 (0)             ; 0 (0)            ; 31 (0)          ; 0 (0)      ; |ADC_FND2|DSP_4bitFND:u1|lpm_divide:Mod1|lpm_divide_sul:auto_generated|sign_div_unsign_llh:divider|alt_u_div_qqe:divider                        ;              ;
;                   |add_sub_7dc:add_sub_10|  ; 7 (7)       ; 0            ; 0           ; 0    ; 0            ; 7 (7)        ; 0 (0)             ; 0 (0)            ; 7 (7)           ; 0 (0)      ; |ADC_FND2|DSP_4bitFND:u1|lpm_divide:Mod1|lpm_divide_sul:auto_generated|sign_div_unsign_llh:divider|alt_u_div_qqe:divider|add_sub_7dc:add_sub_10 ;              ;
;                   |add_sub_7dc:add_sub_6|   ; 3 (3)       ; 0            ; 0           ; 0    ; 0            ; 3 (3)        ; 0 (0)             ; 0 (0)            ; 3 (3)           ; 0 (0)      ; |ADC_FND2|DSP_4bitFND:u1|lpm_divide:Mod1|lpm_divide_sul:auto_generated|sign_div_unsign_llh:divider|alt_u_div_qqe:divider|add_sub_7dc:add_sub_6  ;              ;
;                   |add_sub_7dc:add_sub_7|   ; 7 (7)       ; 0            ; 0           ; 0    ; 0            ; 7 (7)        ; 0 (0)             ; 0 (0)            ; 7 (7)           ; 0 (0)      ; |ADC_FND2|DSP_4bitFND:u1|lpm_divide:Mod1|lpm_divide_sul:auto_generated|sign_div_unsign_llh:divider|alt_u_div_qqe:divider|add_sub_7dc:add_sub_7  ;              ;
;                   |add_sub_7dc:add_sub_8|   ; 7 (7)       ; 0            ; 0           ; 0    ; 0            ; 7 (7)        ; 0 (0)             ; 0 (0)            ; 7 (7)           ; 0 (0)      ; |ADC_FND2|DSP_4bitFND:u1|lpm_divide:Mod1|lpm_divide_sul:auto_generated|sign_div_unsign_llh:divider|alt_u_div_qqe:divider|add_sub_7dc:add_sub_8  ;              ;
;                   |add_sub_7dc:add_sub_9|   ; 7 (7)       ; 0            ; 0           ; 0    ; 0            ; 7 (7)        ; 0 (0)             ; 0 (0)            ; 7 (7)           ; 0 (0)      ; |ADC_FND2|DSP_4bitFND:u1|lpm_divide:Mod1|lpm_divide_sul:auto_generated|sign_div_unsign_llh:divider|alt_u_div_qqe:divider|add_sub_7dc:add_sub_9  ;              ;
;       |lpm_divide:Mod2|                     ; 17 (0)      ; 0            ; 0           ; 0    ; 0            ; 17 (0)       ; 0 (0)             ; 0 (0)            ; 10 (0)          ; 0 (0)      ; |ADC_FND2|DSP_4bitFND:u1|lpm_divide:Mod2                                                                                                        ;              ;
;          |lpm_divide_sul:auto_generated|    ; 17 (0)      ; 0            ; 0           ; 0    ; 0            ; 17 (0)       ; 0 (0)             ; 0 (0)            ; 10 (0)          ; 0 (0)      ; |ADC_FND2|DSP_4bitFND:u1|lpm_divide:Mod2|lpm_divide_sul:auto_generated                                                                          ;              ;
;             |sign_div_unsign_llh:divider|   ; 17 (0)      ; 0            ; 0           ; 0    ; 0            ; 17 (0)       ; 0 (0)             ; 0 (0)            ; 10 (0)          ; 0 (0)      ; |ADC_FND2|DSP_4bitFND:u1|lpm_divide:Mod2|lpm_divide_sul:auto_generated|sign_div_unsign_llh:divider                                              ;              ;
;                |alt_u_div_qqe:divider|      ; 17 (7)      ; 0            ; 0           ; 0    ; 0            ; 17 (7)       ; 0 (0)             ; 0 (0)            ; 10 (0)          ; 0 (0)      ; |ADC_FND2|DSP_4bitFND:u1|lpm_divide:Mod2|lpm_divide_sul:auto_generated|sign_div_unsign_llh:divider|alt_u_div_qqe:divider                        ;              ;
;                   |add_sub_7dc:add_sub_10|  ; 7 (7)       ; 0            ; 0           ; 0    ; 0            ; 7 (7)        ; 0 (0)             ; 0 (0)            ; 7 (7)           ; 0 (0)      ; |ADC_FND2|DSP_4bitFND:u1|lpm_divide:Mod2|lpm_divide_sul:auto_generated|sign_div_unsign_llh:divider|alt_u_div_qqe:divider|add_sub_7dc:add_sub_10 ;              ;
;                   |add_sub_7dc:add_sub_9|   ; 3 (3)       ; 0            ; 0           ; 0    ; 0            ; 3 (3)        ; 0 (0)             ; 0 (0)            ; 3 (3)           ; 0 (0)      ; |ADC_FND2|DSP_4bitFND:u1|lpm_divide:Mod2|lpm_divide_sul:auto_generated|sign_div_unsign_llh:divider|alt_u_div_qqe:divider|add_sub_7dc:add_sub_9  ;              ;
;    |adc_1:u0|                               ; 60 (60)     ; 38           ; 0           ; 0    ; 0            ; 22 (22)      ; 13 (13)           ; 25 (25)          ; 16 (16)         ; 0 (0)      ; |ADC_FND2|adc_1:u0                                                                                                                              ;              ;
;    |lpm_divide:Div0|                        ; 202 (0)     ; 0            ; 0           ; 0    ; 0            ; 202 (0)      ; 0 (0)             ; 0 (0)            ; 88 (0)          ; 0 (0)      ; |ADC_FND2|lpm_divide:Div0                                                                                                                       ;              ;
;       |lpm_divide_47m:auto_generated|       ; 202 (0)     ; 0            ; 0           ; 0    ; 0            ; 202 (0)      ; 0 (0)             ; 0 (0)            ; 88 (0)          ; 0 (0)      ; |ADC_FND2|lpm_divide:Div0|lpm_divide_47m:auto_generated                                                                                         ;              ;
;          |sign_div_unsign_0mh:divider|      ; 202 (0)     ; 0            ; 0           ; 0    ; 0            ; 202 (0)      ; 0 (0)             ; 0 (0)            ; 88 (0)          ; 0 (0)      ; |ADC_FND2|lpm_divide:Div0|lpm_divide_47m:auto_generated|sign_div_unsign_0mh:divider                                                             ;              ;
;             |alt_u_div_gre:divider|         ; 202 (114)   ; 0            ; 0           ; 0    ; 0            ; 202 (114)    ; 0 (0)             ; 0 (0)            ; 88 (0)          ; 0 (0)      ; |ADC_FND2|lpm_divide:Div0|lpm_divide_47m:auto_generated|sign_div_unsign_0mh:divider|alt_u_div_gre:divider                                       ;              ;
;                |add_sub_adc:add_sub_7|      ; 10 (10)     ; 0            ; 0           ; 0    ; 0            ; 10 (10)      ; 0 (0)             ; 0 (0)            ; 10 (10)         ; 0 (0)      ; |ADC_FND2|lpm_divide:Div0|lpm_divide_47m:auto_generated|sign_div_unsign_0mh:divider|alt_u_div_gre:divider|add_sub_adc:add_sub_7                 ;              ;
;                |add_sub_bdc:add_sub_10|     ; 11 (11)     ; 0            ; 0           ; 0    ; 0            ; 11 (11)      ; 0 (0)             ; 0 (0)            ; 11 (11)         ; 0 (0)      ; |ADC_FND2|lpm_divide:Div0|lpm_divide_47m:auto_generated|sign_div_unsign_0mh:divider|alt_u_div_gre:divider|add_sub_bdc:add_sub_10                ;              ;
;                |add_sub_bdc:add_sub_11|     ; 11 (11)     ; 0            ; 0           ; 0    ; 0            ; 11 (11)      ; 0 (0)             ; 0 (0)            ; 11 (11)         ; 0 (0)      ; |ADC_FND2|lpm_divide:Div0|lpm_divide_47m:auto_generated|sign_div_unsign_0mh:divider|alt_u_div_gre:divider|add_sub_bdc:add_sub_11                ;              ;
;                |add_sub_bdc:add_sub_12|     ; 11 (11)     ; 0            ; 0           ; 0    ; 0            ; 11 (11)      ; 0 (0)             ; 0 (0)            ; 11 (11)         ; 0 (0)      ; |ADC_FND2|lpm_divide:Div0|lpm_divide_47m:auto_generated|sign_div_unsign_0mh:divider|alt_u_div_gre:divider|add_sub_bdc:add_sub_12                ;              ;
;                |add_sub_bdc:add_sub_13|     ; 11 (11)     ; 0            ; 0           ; 0    ; 0            ; 11 (11)      ; 0 (0)             ; 0 (0)            ; 11 (11)         ; 0 (0)      ; |ADC_FND2|lpm_divide:Div0|lpm_divide_47m:auto_generated|sign_div_unsign_0mh:divider|alt_u_div_gre:divider|add_sub_bdc:add_sub_13                ;              ;
;                |add_sub_bdc:add_sub_14|     ; 9 (9)       ; 0            ; 0           ; 0    ; 0            ; 9 (9)        ; 0 (0)             ; 0 (0)            ; 9 (9)           ; 0 (0)      ; |ADC_FND2|lpm_divide:Div0|lpm_divide_47m:auto_generated|sign_div_unsign_0mh:divider|alt_u_div_gre:divider|add_sub_bdc:add_sub_14                ;              ;
;                |add_sub_bdc:add_sub_15|     ; 1 (1)       ; 0            ; 0           ; 0    ; 0            ; 1 (1)        ; 0 (0)             ; 0 (0)            ; 1 (1)           ; 0 (0)      ; |ADC_FND2|lpm_divide:Div0|lpm_divide_47m:auto_generated|sign_div_unsign_0mh:divider|alt_u_div_gre:divider|add_sub_bdc:add_sub_15                ;              ;
;                |add_sub_bdc:add_sub_16|     ; 1 (1)       ; 0            ; 0           ; 0    ; 0            ; 1 (1)        ; 0 (0)             ; 0 (0)            ; 1 (1)           ; 0 (0)      ; |ADC_FND2|lpm_divide:Div0|lpm_divide_47m:auto_generated|sign_div_unsign_0mh:divider|alt_u_div_gre:divider|add_sub_bdc:add_sub_16                ;              ;
;                |add_sub_bdc:add_sub_17|     ; 1 (1)       ; 0            ; 0           ; 0    ; 0            ; 1 (1)        ; 0 (0)             ; 0 (0)            ; 1 (1)           ; 0 (0)      ; |ADC_FND2|lpm_divide:Div0|lpm_divide_47m:auto_generated|sign_div_unsign_0mh:divider|alt_u_div_gre:divider|add_sub_bdc:add_sub_17                ;              ;
;                |add_sub_bdc:add_sub_8|      ; 11 (11)     ; 0            ; 0           ; 0    ; 0            ; 11 (11)      ; 0 (0)             ; 0 (0)            ; 11 (11)         ; 0 (0)      ; |ADC_FND2|lpm_divide:Div0|lpm_divide_47m:auto_generated|sign_div_unsign_0mh:divider|alt_u_div_gre:divider|add_sub_bdc:add_sub_8                 ;              ;
;                |add_sub_bdc:add_sub_9|      ; 11 (11)     ; 0            ; 0           ; 0    ; 0            ; 11 (11)      ; 0 (0)             ; 0 (0)            ; 11 (11)         ; 0 (0)      ; |ADC_FND2|lpm_divide:Div0|lpm_divide_47m:auto_generated|sign_div_unsign_0mh:divider|alt_u_div_gre:divider|add_sub_bdc:add_sub_9                 ;              ;
;    |lpm_mult:Mult0|                         ; 31 (0)      ; 0            ; 0           ; 0    ; 0            ; 31 (0)       ; 0 (0)             ; 0 (0)            ; 11 (0)          ; 0 (0)      ; |ADC_FND2|lpm_mult:Mult0                                                                                                                        ;              ;
;       |multcore:mult_core|                  ; 31 (20)     ; 0            ; 0           ; 0    ; 0            ; 31 (20)      ; 0 (0)             ; 0 (0)            ; 11 (0)          ; 0 (0)      ; |ADC_FND2|lpm_mult:Mult0|multcore:mult_core                                                                                                     ;              ;
;          |mpar_add:padder|                  ; 11 (0)      ; 0            ; 0           ; 0    ; 0            ; 11 (0)       ; 0 (0)             ; 0 (0)            ; 11 (0)          ; 0 (0)      ; |ADC_FND2|lpm_mult:Mult0|multcore:mult_core|mpar_add:padder                                                                                     ;              ;
;             |lpm_add_sub:adder[0]|          ; 11 (0)      ; 0            ; 0           ; 0    ; 0            ; 11 (0)       ; 0 (0)             ; 0 (0)            ; 11 (0)          ; 0 (0)      ; |ADC_FND2|lpm_mult:Mult0|multcore:mult_core|mpar_add:padder|lpm_add_sub:adder[0]                                                                ;              ;
;                |addcore:adder|              ; 11 (0)      ; 0            ; 0           ; 0    ; 0            ; 11 (0)       ; 0 (0)             ; 0 (0)            ; 11 (0)          ; 0 (0)      ; |ADC_FND2|lpm_mult:Mult0|multcore:mult_core|mpar_add:padder|lpm_add_sub:adder[0]|addcore:adder                                                  ;              ;
;                   |a_csnbuffer:result_node| ; 11 (11)     ; 0            ; 0           ; 0    ; 0            ; 11 (11)      ; 0 (0)             ; 0 (0)            ; 11 (11)         ; 0 (0)      ; |ADC_FND2|lpm_mult:Mult0|multcore:mult_core|mpar_add:padder|lpm_add_sub:adder[0]|addcore:adder|a_csnbuffer:result_node                          ;              ;
+---------------------------------------------+-------------+--------------+-------------+------+--------------+--------------+-------------------+------------------+-----------------+------------+-------------------------------------------------------------------------------------------------------------------------------------------------+--------------+
Note: For table entries with two numbers listed, the numbers in parentheses indicate the number of resources of the given type used by the specific entity alone. The numbers listed outside of parentheses indicate the total resources of the given type used by the specific entity and all of its sub-entities in the hierarchy.


Encoding Type:  One-Hot
+--------------------------------------------------------------------------------------------------------------+
; State Machine - |ADC_FND2|adc_1:u0|n_state                                                                   ;
+-------------------+------------------+----------------+-----------------+----------------+-------------------+
; Name              ; n_state.s_oe_sig ; n_state.s_wait ; n_state.s_start ; n_state.s_idle ; n_state.s_capture ;
+-------------------+------------------+----------------+-----------------+----------------+-------------------+
; n_state.s_idle    ; 0                ; 0              ; 0               ; 0              ; 0                 ;
; n_state.s_start   ; 0                ; 0              ; 1               ; 1              ; 0                 ;
; n_state.s_wait    ; 0                ; 1              ; 0               ; 1              ; 0                 ;
; n_state.s_oe_sig  ; 1                ; 0              ; 0               ; 1              ; 0                 ;
; n_state.s_capture ; 0                ; 0              ; 0               ; 1              ; 1                 ;
+-------------------+------------------+----------------+-----------------+----------------+-------------------+


Encoding Type:  One-Hot
+--------------------------------------------------------------------------------------------------------------+
; State Machine - |ADC_FND2|adc_1:u0|c_state                                                                   ;
+-------------------+------------------+----------------+-----------------+----------------+-------------------+
; Name              ; c_state.s_oe_sig ; c_state.s_wait ; c_state.s_start ; c_state.s_idle ; c_state.s_capture ;
+-------------------+------------------+----------------+-----------------+----------------+-------------------+
; c_state.s_idle    ; 0                ; 0              ; 0               ; 0              ; 0                 ;
; c_state.s_start   ; 0                ; 0              ; 1               ; 1              ; 0                 ;
; c_state.s_wait    ; 0                ; 1              ; 0               ; 1              ; 0                 ;
; c_state.s_oe_sig  ; 1                ; 0              ; 0               ; 1              ; 0                 ;
; c_state.s_capture ; 0                ; 0              ; 0               ; 1              ; 1                 ;
+-------------------+------------------+----------------+-----------------+----------------+-------------------+


+--------------------------------------------------------------------------------+
; Registers Removed During Synthesis                                             ;
+---------------------------------------+----------------------------------------+
; Register name                         ; Reason for Removal                     ;
+---------------------------------------+----------------------------------------+
; adc_1:u0|addr[1,2]                    ; Merged with adc_1:u0|addr[0]           ;
; adc_1:u0|addr[0]                      ; Stuck at GND due to stuck port data_in ;
; adc_1:u0|n_state~2                    ; Lost fanout                            ;
; adc_1:u0|n_state~3                    ; Lost fanout                            ;
; adc_1:u0|c_state~4                    ; Lost fanout                            ;
; adc_1:u0|c_state~5                    ; Lost fanout                            ;
; Total Number of Removed Registers = 7 ;                                        ;
+---------------------------------------+----------------------------------------+


+------------------------------------------------------+
; General Register Statistics                          ;
+----------------------------------------------+-------+
; Statistic                                    ; Value ;
+----------------------------------------------+-------+
; Total registers                              ; 87    ;
; Number of registers using Synchronous Clear  ; 16    ;
; Number of registers using Synchronous Load   ; 0     ;
; Number of registers using Asynchronous Clear ; 82    ;
; Number of registers using Asynchronous Load  ; 0     ;
; Number of registers using Clock Enable       ; 8     ;
; Number of registers using Preset             ; 0     ;
+----------------------------------------------+-------+


+----------------------------------------------------------------------------------------------------------------------------------------------------------------+
; Multiplexer Restructuring Statistics (Restructuring Performed)                                                                                                 ;
+--------------------+-----------+---------------+----------------------+------------------------+----------------------------------+----------------------------+
; Multiplexer Inputs ; Bus Width ; Baseline Area ; Area if Restructured ; Saving if Restructured ; Registered                       ; Example Multiplexer Output ;
+--------------------+-----------+---------------+----------------------+------------------------+----------------------------------+----------------------------+
; 4:1                ; 4 bits    ; 8 LEs         ; 8 LEs                ; 0 LEs                  ; |ADC_FND2|DSP_4bitFND:u1|temp[3] ;                            ;
; 5:1                ; 2 bits    ; 6 LEs         ; 6 LEs                ; 0 LEs                  ; |ADC_FND2|adc_1:u0|ale           ;                            ;
+--------------------+-----------+---------------+----------------------+------------------------+----------------------------------+----------------------------+


+-------------------------------------------------------+
; Parameter Settings for User Entity Instance: adc_1:u0 ;
+----------------+-------+------------------------------+
; Parameter Name ; Value ; Type                         ;
+----------------+-------+------------------------------+
; s_idle         ; 000   ; Unsigned Binary              ;
; s_start        ; 001   ; Unsigned Binary              ;
; s_wait         ; 010   ; Unsigned Binary              ;
; s_oe_sig       ; 011   ; Unsigned Binary              ;
; s_capture      ; 100   ; Unsigned Binary              ;
+----------------+-------+------------------------------+
Note: In order to hide this table in the UI and the text report file, please set the "Show Parameter Settings in Synthesis Report" option in "Analysis and Synthesis Settings -> More Settings" to "Off".


+---------------------------------------------------------------------------------+
; Parameter Settings for Inferred Entity Instance: DSP_4bitFND:u1|lpm_divide:Div1 ;
+------------------------+----------------+---------------------------------------+
; Parameter Name         ; Value          ; Type                                  ;
+------------------------+----------------+---------------------------------------+
; LPM_WIDTHN             ; 11             ; Untyped                               ;
; LPM_WIDTHD             ; 7              ; Untyped                               ;
; LPM_NREPRESENTATION    ; UNSIGNED       ; Untyped                               ;
; LPM_DREPRESENTATION    ; UNSIGNED       ; Untyped                               ;
; LPM_PIPELINE           ; 0              ; Untyped                               ;
; LPM_REMAINDERPOSITIVE  ; TRUE           ; Untyped                               ;
; MAXIMIZE_SPEED         ; 5              ; Untyped                               ;
; CBXI_PARAMETER         ; lpm_divide_s6m ; Untyped                               ;
; CARRY_CHAIN            ; MANUAL         ; Untyped                               ;
; OPTIMIZE_FOR_SPEED     ; 5              ; Untyped                               ;
; AUTO_CARRY_CHAINS      ; ON             ; AUTO_CARRY                            ;
; IGNORE_CARRY_BUFFERS   ; OFF            ; IGNORE_CARRY                          ;
; AUTO_CASCADE_CHAINS    ; ON             ; AUTO_CASCADE                          ;
; IGNORE_CASCADE_BUFFERS ; OFF            ; IGNORE_CASCADE                        ;
+------------------------+----------------+---------------------------------------+
Note: In order to hide this table in the UI and the text report file, please set the "Show Parameter Settings in Synthesis Report" option in "Analysis and Synthesis Settings -> More Settings" to "Off".


+---------------------------------------------------------------------------------+
; Parameter Settings for Inferred Entity Instance: DSP_4bitFND:u1|lpm_divide:Mod2 ;
+------------------------+----------------+---------------------------------------+
; Parameter Name         ; Value          ; Type                                  ;
+------------------------+----------------+---------------------------------------+
; LPM_WIDTHN             ; 11             ; Untyped                               ;
; LPM_WIDTHD             ; 4              ; Untyped                               ;
; LPM_NREPRESENTATION    ; UNSIGNED       ; Untyped                               ;
; LPM_DREPRESENTATION    ; UNSIGNED       ; Untyped                               ;
; LPM_PIPELINE           ; 0              ; Untyped                               ;
; LPM_REMAINDERPOSITIVE  ; TRUE           ; Untyped                               ;
; MAXIMIZE_SPEED         ; 5              ; Untyped                               ;
; CBXI_PARAMETER         ; lpm_divide_sul ; Untyped                               ;
; CARRY_CHAIN            ; MANUAL         ; Untyped                               ;
; OPTIMIZE_FOR_SPEED     ; 5              ; Untyped                               ;
; AUTO_CARRY_CHAINS      ; ON             ; AUTO_CARRY                            ;
; IGNORE_CARRY_BUFFERS   ; OFF            ; IGNORE_CARRY                          ;
; AUTO_CASCADE_CHAINS    ; ON             ; AUTO_CASCADE                          ;
; IGNORE_CASCADE_BUFFERS ; OFF            ; IGNORE_CASCADE                        ;
+------------------------+----------------+---------------------------------------+
Note: In order to hide this table in the UI and the text report file, please set the "Show Parameter Settings in Synthesis Report" option in "Analysis and Synthesis Settings -> More Settings" to "Off".


+---------------------------------------------------------------------------------+
; Parameter Settings for Inferred Entity Instance: DSP_4bitFND:u1|lpm_divide:Div0 ;
+------------------------+----------------+---------------------------------------+
; Parameter Name         ; Value          ; Type                                  ;
+------------------------+----------------+---------------------------------------+
; LPM_WIDTHN             ; 11             ; Untyped                               ;
; LPM_WIDTHD             ; 4              ; Untyped                               ;
; LPM_NREPRESENTATION    ; UNSIGNED       ; Untyped                               ;
; LPM_DREPRESENTATION    ; UNSIGNED       ; Untyped                               ;
; LPM_PIPELINE           ; 0              ; Untyped                               ;
; LPM_REMAINDERPOSITIVE  ; TRUE           ; Untyped                               ;
; MAXIMIZE_SPEED         ; 5              ; Untyped                               ;
; CBXI_PARAMETER         ; lpm_divide_p6m ; Untyped                               ;
; CARRY_CHAIN            ; MANUAL         ; Untyped                               ;
; OPTIMIZE_FOR_SPEED     ; 5              ; Untyped                               ;
; AUTO_CARRY_CHAINS      ; ON             ; AUTO_CARRY                            ;
; IGNORE_CARRY_BUFFERS   ; OFF            ; IGNORE_CARRY                          ;
; AUTO_CASCADE_CHAINS    ; ON             ; AUTO_CASCADE                          ;
; IGNORE_CASCADE_BUFFERS ; OFF            ; IGNORE_CASCADE                        ;
+------------------------+----------------+---------------------------------------+
Note: In order to hide this table in the UI and the text report file, please set the "Show Parameter Settings in Synthesis Report" option in "Analysis and Synthesis Settings -> More Settings" to "Off".


+---------------------------------------------------------------------------------+
; Parameter Settings for Inferred Entity Instance: DSP_4bitFND:u1|lpm_divide:Mod1 ;
+------------------------+----------------+---------------------------------------+
; Parameter Name         ; Value          ; Type                                  ;
+------------------------+----------------+---------------------------------------+
; LPM_WIDTHN             ; 11             ; Untyped                               ;
; LPM_WIDTHD             ; 4              ; Untyped                               ;
; LPM_NREPRESENTATION    ; UNSIGNED       ; Untyped                               ;
; LPM_DREPRESENTATION    ; UNSIGNED       ; Untyped                               ;
; LPM_PIPELINE           ; 0              ; Untyped                               ;
; LPM_REMAINDERPOSITIVE  ; TRUE           ; Untyped                               ;
; MAXIMIZE_SPEED         ; 5              ; Untyped                               ;
; CBXI_PARAMETER         ; lpm_divide_sul ; Untyped                               ;
; CARRY_CHAIN            ; MANUAL         ; Untyped                               ;
; OPTIMIZE_FOR_SPEED     ; 5              ; Untyped                               ;
; AUTO_CARRY_CHAINS      ; ON             ; AUTO_CARRY                            ;
; IGNORE_CARRY_BUFFERS   ; OFF            ; IGNORE_CARRY                          ;
; AUTO_CASCADE_CHAINS    ; ON             ; AUTO_CASCADE                          ;
; IGNORE_CASCADE_BUFFERS ; OFF            ; IGNORE_CASCADE                        ;
+------------------------+----------------+---------------------------------------+
Note: In order to hide this table in the UI and the text report file, please set the "Show Parameter Settings in Synthesis Report" option in "Analysis and Synthesis Settings -> More Settings" to "Off".


+---------------------------------------------------------------------------------+
; Parameter Settings for Inferred Entity Instance: DSP_4bitFND:u1|lpm_divide:Mod0 ;
+------------------------+----------------+---------------------------------------+
; Parameter Name         ; Value          ; Type                                  ;
+------------------------+----------------+---------------------------------------+
; LPM_WIDTHN             ; 11             ; Untyped                               ;
; LPM_WIDTHD             ; 4              ; Untyped                               ;
; LPM_NREPRESENTATION    ; UNSIGNED       ; Untyped                               ;
; LPM_DREPRESENTATION    ; UNSIGNED       ; Untyped                               ;
; LPM_PIPELINE           ; 0              ; Untyped                               ;
; LPM_REMAINDERPOSITIVE  ; TRUE           ; Untyped                               ;
; MAXIMIZE_SPEED         ; 5              ; Untyped                               ;
; CBXI_PARAMETER         ; lpm_divide_sul ; Untyped                               ;
; CARRY_CHAIN            ; MANUAL         ; Untyped                               ;
; OPTIMIZE_FOR_SPEED     ; 5              ; Untyped                               ;
; AUTO_CARRY_CHAINS      ; ON             ; AUTO_CARRY                            ;
; IGNORE_CARRY_BUFFERS   ; OFF            ; IGNORE_CARRY                          ;
; AUTO_CASCADE_CHAINS    ; ON             ; AUTO_CASCADE                          ;
; IGNORE_CASCADE_BUFFERS ; OFF            ; IGNORE_CASCADE                        ;
+------------------------+----------------+---------------------------------------+
Note: In order to hide this table in the UI and the text report file, please set the "Show Parameter Settings in Synthesis Report" option in "Analysis and Synthesis Settings -> More Settings" to "Off".


+---------------------------------------------------------------------------------+
; Parameter Settings for Inferred Entity Instance: DSP_4bitFND:u1|lpm_divide:Div2 ;
+------------------------+----------------+---------------------------------------+
; Parameter Name         ; Value          ; Type                                  ;
+------------------------+----------------+---------------------------------------+
; LPM_WIDTHN             ; 11             ; Untyped                               ;
; LPM_WIDTHD             ; 10             ; Untyped                               ;
; LPM_NREPRESENTATION    ; UNSIGNED       ; Untyped                               ;
; LPM_DREPRESENTATION    ; UNSIGNED       ; Untyped                               ;
; LPM_PIPELINE           ; 0              ; Untyped                               ;
; LPM_REMAINDERPOSITIVE  ; TRUE           ; Untyped                               ;
; MAXIMIZE_SPEED         ; 5              ; Untyped                               ;
; CBXI_PARAMETER         ; lpm_divide_68m ; Untyped                               ;
; CARRY_CHAIN            ; MANUAL         ; Untyped                               ;
; OPTIMIZE_FOR_SPEED     ; 5              ; Untyped                               ;
; AUTO_CARRY_CHAINS      ; ON             ; AUTO_CARRY                            ;
; IGNORE_CARRY_BUFFERS   ; OFF            ; IGNORE_CARRY                          ;
; AUTO_CASCADE_CHAINS    ; ON             ; AUTO_CASCADE                          ;
; IGNORE_CASCADE_BUFFERS ; OFF            ; IGNORE_CASCADE                        ;
+------------------------+----------------+---------------------------------------+
Note: In order to hide this table in the UI and the text report file, please set the "Show Parameter Settings in Synthesis Report" option in "Analysis and Synthesis Settings -> More Settings" to "Off".


+---------------------------------------------------------------------------------+
; Parameter Settings for Inferred Entity Instance: lpm_mult:Mult0                 ;
+------------------------------------------------+----------+---------------------+
; Parameter Name                                 ; Value    ; Type                ;
+------------------------------------------------+----------+---------------------+
; AUTO_CARRY_CHAINS                              ; ON       ; AUTO_CARRY          ;
; IGNORE_CARRY_BUFFERS                           ; OFF      ; IGNORE_CARRY        ;
; AUTO_CASCADE_CHAINS                            ; ON       ; AUTO_CASCADE        ;
; IGNORE_CASCADE_BUFFERS                         ; OFF      ; IGNORE_CASCADE      ;
; LPM_WIDTHA                                     ; 10       ; Untyped             ;
; LPM_WIDTHB                                     ; 8        ; Untyped             ;
; LPM_WIDTHP                                     ; 18       ; Untyped             ;
; LPM_WIDTHR                                     ; 18       ; Untyped             ;
; LPM_WIDTHS                                     ; 1        ; Untyped             ;
; LPM_REPRESENTATION                             ; UNSIGNED ; Untyped             ;
; LPM_PIPELINE                                   ; 0        ; Untyped             ;
; LATENCY                                        ; 0        ; Untyped             ;
; INPUT_A_IS_CONSTANT                            ; YES      ; Untyped             ;
; INPUT_B_IS_CONSTANT                            ; NO       ; Untyped             ;
; USE_EAB                                        ; OFF      ; Untyped             ;
; MAXIMIZE_SPEED                                 ; 6        ; Untyped             ;
; DEVICE_FAMILY                                  ; Cyclone  ; Untyped             ;
; CARRY_CHAIN                                    ; MANUAL   ; Untyped             ;
; APEX20K_TECHNOLOGY_MAPPER                      ; LUT      ; TECH_MAPPER_APEX20K ;
; DEDICATED_MULTIPLIER_CIRCUITRY                 ; AUTO     ; Untyped             ;
; DEDICATED_MULTIPLIER_MIN_INPUT_WIDTH_FOR_AUTO  ; 0        ; Untyped             ;
; DEDICATED_MULTIPLIER_MIN_OUTPUT_WIDTH_FOR_AUTO ; 0        ; Untyped             ;
; CBXI_PARAMETER                                 ; NOTHING  ; Untyped             ;
; INPUT_A_FIXED_VALUE                            ; Bx       ; Untyped             ;
; INPUT_B_FIXED_VALUE                            ; Bx       ; Untyped             ;
; USE_AHDL_IMPLEMENTATION                        ; OFF      ; Untyped             ;
+------------------------------------------------+----------+---------------------+
Note: In order to hide this table in the UI and the text report file, please set the "Show Parameter Settings in Synthesis Report" option in "Analysis and Synthesis Settings -> More Settings" to "Off".


+------------------------------------------------------------------+
; Parameter Settings for Inferred Entity Instance: lpm_divide:Div0 ;
+------------------------+----------------+------------------------+
; Parameter Name         ; Value          ; Type                   ;
+------------------------+----------------+------------------------+
; LPM_WIDTHN             ; 18             ; Untyped                ;
; LPM_WIDTHD             ; 8              ; Untyped                ;
; LPM_NREPRESENTATION    ; UNSIGNED       ; Untyped                ;
; LPM_DREPRESENTATION    ; UNSIGNED       ; Untyped                ;
; LPM_PIPELINE           ; 0              ; Untyped                ;
; LPM_REMAINDERPOSITIVE  ; TRUE           ; Untyped                ;
; MAXIMIZE_SPEED         ; 5              ; Untyped                ;
; CBXI_PARAMETER         ; lpm_divide_47m ; Untyped                ;
; CARRY_CHAIN            ; MANUAL         ; Untyped                ;
; OPTIMIZE_FOR_SPEED     ; 5              ; Untyped                ;
; AUTO_CARRY_CHAINS      ; ON             ; AUTO_CARRY             ;
; IGNORE_CARRY_BUFFERS   ; OFF            ; IGNORE_CARRY           ;
; AUTO_CASCADE_CHAINS    ; ON             ; AUTO_CASCADE           ;
; IGNORE_CASCADE_BUFFERS ; OFF            ; IGNORE_CASCADE         ;
+------------------------+----------------+------------------------+
Note: In order to hide this table in the UI and the text report file, please set the "Show Parameter Settings in Synthesis Report" option in "Analysis and Synthesis Settings -> More Settings" to "Off".


+--------------------------------------------------------+
; lpm_mult Parameter Settings by Entity Instance         ;
+---------------------------------------+----------------+
; Name                                  ; Value          ;
+---------------------------------------+----------------+
; Number of entity instances            ; 1              ;
; Entity Instance                       ; lpm_mult:Mult0 ;
;     -- LPM_WIDTHA                     ; 10             ;
;     -- LPM_WIDTHB                     ; 8              ;
;     -- LPM_WIDTHP                     ; 18             ;
;     -- LPM_REPRESENTATION             ; UNSIGNED       ;
;     -- INPUT_A_IS_CONSTANT            ; YES            ;
;     -- INPUT_B_IS_CONSTANT            ; NO             ;
;     -- USE_EAB                        ; OFF            ;
;     -- DEDICATED_MULTIPLIER_CIRCUITRY ; AUTO           ;
;     -- INPUT_A_FIXED_VALUE            ; Bx             ;
;     -- INPUT_B_FIXED_VALUE            ; Bx             ;
+---------------------------------------+----------------+


+-------------------------------+
; Elapsed Time Per Partition    ;
+----------------+--------------+
; Partition Name ; Elapsed Time ;
+----------------+--------------+
; Top            ; 00:00:08     ;
+----------------+--------------+


+-------------------------------+
; Analysis & Synthesis Messages ;
+-------------------------------+
Info: *******************************************************************
Info: Running Quartus II Analysis & Synthesis
    Info: Version 11.0 Build 208 07/03/2011 Service Pack 1 SJ Web Edition
    Info: Processing started: Tue Jun 28 11:55:26 2016
Info: Command: quartus_map --read_settings_files=on --write_settings_files=off ADC_FND2 -c ADC_FND2
Warning: Parallel compilation is not licensed and has been disabled
Info: Found 1 design units, including 1 entities, in source file /digital_circuit_design/adc/adc_1/adc_1.v
    Info: Found entity 1: adc_1
Info: Found 1 design units, including 1 entities, in source file /digital_circuit_design/adc/dsp_4bitfnd/dsp_4bitfnd.v
    Info: Found entity 1: DSP_4bitFND
Info: Found 1 design units, including 1 entities, in source file adc_fnd2.v
    Info: Found entity 1: ADC_FND2
Info: Elaborating entity "ADC_FND2" for the top level hierarchy
Warning (10230): Verilog HDL assignment warning at ADC_FND2.v(21): truncated value with size 32 to match size of target (11)
Info: Elaborating entity "adc_1" for hierarchy "adc_1:u0"
Warning (10230): Verilog HDL assignment warning at adc_1.v(27): truncated value with size 32 to match size of target (8)
Warning (10230): Verilog HDL assignment warning at adc_1.v(34): truncated value with size 32 to match size of target (8)
Info (10264): Verilog HDL Case Statement information at adc_1.v(44): all case item expressions in this case statement are onehot
Info: Elaborating entity "DSP_4bitFND" for hierarchy "DSP_4bitFND:u1"
Warning (10230): Verilog HDL assignment warning at DSP_4bitFND.v(26): truncated value with size 32 to match size of target (2)
Warning (10230): Verilog HDL assignment warning at DSP_4bitFND.v(29): truncated value with size 32 to match size of target (28)
Warning (10230): Verilog HDL assignment warning at DSP_4bitFND.v(42): truncated value with size 32 to match size of target (4)
Warning (10230): Verilog HDL assignment warning at DSP_4bitFND.v(43): truncated value with size 32 to match size of target (4)
Warning (10230): Verilog HDL assignment warning at DSP_4bitFND.v(44): truncated value with size 32 to match size of target (4)
Warning (10230): Verilog HDL assignment warning at DSP_4bitFND.v(45): truncated value with size 32 to match size of target (4)
Warning (10235): Verilog HDL Always Construct warning at DSP_4bitFND.v(66): variable "digit" is read inside the Always Construct but isn't in the Always Construct's Event Control
Info: Inferred 8 megafunctions from design logic
    Info: Inferred divider/modulo megafunction ("lpm_divide") from the following logic: "DSP_4bitFND:u1|Div1"
    Info: Inferred divider/modulo megafunction ("lpm_divide") from the following logic: "DSP_4bitFND:u1|Mod2"
    Info: Inferred divider/modulo megafunction ("lpm_divide") from the following logic: "DSP_4bitFND:u1|Div0"
    Info: Inferred divider/modulo megafunction ("lpm_divide") from the following logic: "DSP_4bitFND:u1|Mod1"
    Info: Inferred divider/modulo megafunction ("lpm_divide") from the following logic: "DSP_4bitFND:u1|Mod0"
    Info: Inferred divider/modulo megafunction ("lpm_divide") from the following logic: "DSP_4bitFND:u1|Div2"
    Info: Inferred multiplier megafunction ("lpm_mult") from the following logic: "Mult0"
    Info: Inferred divider/modulo megafunction ("lpm_divide") from the following logic: "Div0"
Info: Elaborated megafunction instantiation "DSP_4bitFND:u1|lpm_divide:Div1"
Info: Instantiated megafunction "DSP_4bitFND:u1|lpm_divide:Div1" with the following parameter:
    Info: Parameter "LPM_WIDTHN" = "11"
    Info: Parameter "LPM_WIDTHD" = "7"
    Info: Parameter "LPM_NREPRESENTATION" = "UNSIGNED"
    Info: Parameter "LPM_DREPRESENTATION" = "UNSIGNED"
Info: Found 1 design units, including 1 entities, in source file db/lpm_divide_s6m.tdf
    Info: Found entity 1: lpm_divide_s6m
Info: Found 1 design units, including 1 entities, in source file db/sign_div_unsign_olh.tdf
    Info: Found entity 1: sign_div_unsign_olh
Info: Found 1 design units, including 1 entities, in source file db/alt_u_div_0re.tdf
    Info: Found entity 1: alt_u_div_0re
Info: Found 1 design units, including 1 entities, in source file db/add_sub_3dc.tdf
    Info: Found entity 1: add_sub_3dc
Info: Found 1 design units, including 1 entities, in source file db/add_sub_4dc.tdf
    Info: Found entity 1: add_sub_4dc
Info: Found 1 design units, including 1 entities, in source file db/add_sub_adc.tdf
    Info: Found entity 1: add_sub_adc
Info: Found 1 design units, including 1 entities, in source file db/add_sub_5dc.tdf
    Info: Found entity 1: add_sub_5dc
Info: Found 1 design units, including 1 entities, in source file db/add_sub_6dc.tdf
    Info: Found entity 1: add_sub_6dc
Info: Found 1 design units, including 1 entities, in source file db/add_sub_7dc.tdf
    Info: Found entity 1: add_sub_7dc
Info: Found 1 design units, including 1 entities, in source file db/add_sub_8dc.tdf
    Info: Found entity 1: add_sub_8dc
Info: Found 1 design units, including 1 entities, in source file db/add_sub_9dc.tdf
    Info: Found entity 1: add_sub_9dc
Info: Elaborated megafunction instantiation "DSP_4bitFND:u1|lpm_divide:Mod2"
Info: Instantiated megafunction "DSP_4bitFND:u1|lpm_divide:Mod2" with the following parameter:
    Info: Parameter "LPM_WIDTHN" = "11"
    Info: Parameter "LPM_WIDTHD" = "4"
    Info: Parameter "LPM_NREPRESENTATION" = "UNSIGNED"
    Info: Parameter "LPM_DREPRESENTATION" = "UNSIGNED"
Info: Found 1 design units, including 1 entities, in source file db/lpm_divide_sul.tdf
    Info: Found entity 1: lpm_divide_sul
Info: Found 1 design units, including 1 entities, in source file db/sign_div_unsign_llh.tdf
    Info: Found entity 1: sign_div_unsign_llh
Info: Found 1 design units, including 1 entities, in source file db/alt_u_div_qqe.tdf
    Info: Found entity 1: alt_u_div_qqe
Info: Elaborated megafunction instantiation "DSP_4bitFND:u1|lpm_divide:Div0"
Info: Instantiated megafunction "DSP_4bitFND:u1|lpm_divide:Div0" with the following parameter:
    Info: Parameter "LPM_WIDTHN" = "11"
    Info: Parameter "LPM_WIDTHD" = "4"
    Info: Parameter "LPM_NREPRESENTATION" = "UNSIGNED"
    Info: Parameter "LPM_DREPRESENTATION" = "UNSIGNED"
Info: Found 1 design units, including 1 entities, in source file db/lpm_divide_p6m.tdf
    Info: Found entity 1: lpm_divide_p6m
Info: Elaborated megafunction instantiation "DSP_4bitFND:u1|lpm_divide:Div2"
Info: Instantiated megafunction "DSP_4bitFND:u1|lpm_divide:Div2" with the following parameter:
    Info: Parameter "LPM_WIDTHN" = "11"
    Info: Parameter "LPM_WIDTHD" = "10"
    Info: Parameter "LPM_NREPRESENTATION" = "UNSIGNED"
    Info: Parameter "LPM_DREPRESENTATION" = "UNSIGNED"
Info: Found 1 design units, including 1 entities, in source file db/lpm_divide_68m.tdf
    Info: Found entity 1: lpm_divide_68m
Info: Found 1 design units, including 1 entities, in source file db/sign_div_unsign_2nh.tdf
    Info: Found entity 1: sign_div_unsign_2nh
Info: Found 1 design units, including 1 entities, in source file db/alt_u_div_kte.tdf
    Info: Found entity 1: alt_u_div_kte
Info: Found 1 design units, including 1 entities, in source file db/add_sub_kec.tdf
    Info: Found entity 1: add_sub_kec
Info: Found 1 design units, including 1 entities, in source file db/add_sub_bdc.tdf
    Info: Found entity 1: add_sub_bdc
Info: Found 1 design units, including 1 entities, in source file db/add_sub_jec.tdf
    Info: Found entity 1: add_sub_jec
Info: Elaborated megafunction instantiation "lpm_mult:Mult0"
Info: Instantiated megafunction "lpm_mult:Mult0" with the following parameter:
    Info: Parameter "LPM_WIDTHA" = "10"
    Info: Parameter "LPM_WIDTHB" = "8"
    Info: Parameter "LPM_WIDTHP" = "18"
    Info: Parameter "LPM_WIDTHR" = "18"
    Info: Parameter "LPM_WIDTHS" = "1"
    Info: Parameter "LPM_REPRESENTATION" = "UNSIGNED"
    Info: Parameter "INPUT_A_IS_CONSTANT" = "YES"
    Info: Parameter "INPUT_B_IS_CONSTANT" = "NO"
    Info: Parameter "MAXIMIZE_SPEED" = "6"
Info: Elaborated megafunction instantiation "lpm_mult:Mult0|multcore:mult_core", which is child of megafunction instantiation "lpm_mult:Mult0"
Info: Elaborated megafunction instantiation "lpm_mult:Mult0|multcore:mult_core|mpar_add:padder", which is child of megafunction instantiation "lpm_mult:Mult0"
Info: Elaborated megafunction instantiation "lpm_mult:Mult0|multcore:mult_core|mpar_add:padder|lpm_add_sub:adder[0]", which is child of megafunction instantiation "lpm_mult:Mult0"
Info: Elaborated megafunction instantiation "lpm_mult:Mult0|multcore:mult_core|mpar_add:padder|lpm_add_sub:adder[0]|addcore:adder", which is child of megafunction instantiation "lpm_mult:Mult0"
Info: Elaborated megafunction instantiation "lpm_mult:Mult0|multcore:mult_core|mpar_add:padder|lpm_add_sub:adder[0]|addcore:adder|a_csnbuffer:oflow_node", which is child of megafunction instantiation "lpm_mult:Mult0"
Info: Elaborated megafunction instantiation "lpm_mult:Mult0|multcore:mult_core|mpar_add:padder|lpm_add_sub:adder[0]|addcore:adder|a_csnbuffer:result_node", which is child of megafunction instantiation "lpm_mult:Mult0"
Info: Elaborated megafunction instantiation "lpm_mult:Mult0|multcore:mult_core|mpar_add:padder|lpm_add_sub:adder[0]|altshift:result_ext_latency_ffs", which is child of megafunction instantiation "lpm_mult:Mult0"
Info: Elaborated megafunction instantiation "lpm_mult:Mult0|multcore:mult_core|mpar_add:padder|lpm_add_sub:adder[0]|altshift:carry_ext_latency_ffs", which is child of megafunction instantiation "lpm_mult:Mult0"
Info: Elaborated megafunction instantiation "lpm_mult:Mult0|altshift:external_latency_ffs", which is child of megafunction instantiation "lpm_mult:Mult0"
Info: Elaborated megafunction instantiation "lpm_divide:Div0"
Info: Instantiated megafunction "lpm_divide:Div0" with the following parameter:
    Info: Parameter "LPM_WIDTHN" = "18"
    Info: Parameter "LPM_WIDTHD" = "8"
    Info: Parameter "LPM_NREPRESENTATION" = "UNSIGNED"
    Info: Parameter "LPM_DREPRESENTATION" = "UNSIGNED"
Info: Found 1 design units, including 1 entities, in source file db/lpm_divide_47m.tdf
    Info: Found entity 1: lpm_divide_47m
Info: Found 1 design units, including 1 entities, in source file db/sign_div_unsign_0mh.tdf
    Info: Found entity 1: sign_div_unsign_0mh
Info: Found 1 design units, including 1 entities, in source file db/alt_u_div_gre.tdf
    Info: Found entity 1: alt_u_div_gre
Warning: Output pins are stuck at VCC or GND
    Warning (13410): Pin "addr[0]" is stuck at GND
    Warning (13410): Pin "addr[1]" is stuck at GND
    Warning (13410): Pin "addr[2]" is stuck at GND
    Warning (13410): Pin "fnd_en" is stuck at GND
Info: 4 registers lost all their fanouts during netlist optimizations. The first 4 are displayed below.
    Info: Register "adc_1:u0|n_state~2" lost all its fanouts during netlist optimizations.
    Info: Register "adc_1:u0|n_state~3" lost all its fanouts during netlist optimizations.
    Info: Register "adc_1:u0|c_state~4" lost all its fanouts during netlist optimizations.
    Info: Register "adc_1:u0|c_state~5" lost all its fanouts during netlist optimizations.
Info: Generated suppressed messages file F:/Digital_Circuit_Design/ADC/ADC_FND2/ADC_FND2.map.smsg
Info: Generating hard_block partition "hard_block:auto_generated_inst"
Info: Implemented 813 device resources after synthesis - the final resource count might be different
    Info: Implemented 11 input pins
    Info: Implemented 28 output pins
    Info: Implemented 774 logic cells
Info: Quartus II Analysis & Synthesis was successful. 0 errors, 16 warnings
    Info: Peak virtual memory: 266 megabytes
    Info: Processing ended: Tue Jun 28 11:55:43 2016
    Info: Elapsed time: 00:00:17
    Info: Total CPU time (on all processors): 00:00:05


+------------------------------------------+
; Analysis & Synthesis Suppressed Messages ;
+------------------------------------------+
The suppressed messages can be found in F:/Digital_Circuit_Design/ADC/ADC_FND2/ADC_FND2.map.smsg.


