Analysis & Synthesis report for FSM_dice
Tue May 10 11:06:44 2016
Quartus II Version 11.0 Build 208 07/03/2011 Service Pack 1 SJ Web Edition


---------------------
; Table of Contents ;
---------------------
  1. Legal Notice
  2. Analysis & Synthesis Summary
  3. Analysis & Synthesis Settings
  4. Parallel Compilation
  5. Analysis & Synthesis Source Files Read
  6. Analysis & Synthesis Resource Usage Summary
  7. Analysis & Synthesis Resource Utilization by Entity
  8. State Machine - |FSM_dice|state
  9. Registers Removed During Synthesis
 10. General Register Statistics
 11. Parameter Settings for User Entity Instance: Top-level Entity: |FSM_dice
 12. Elapsed Time Per Partition
 13. Analysis & Synthesis Messages



----------------
; Legal Notice ;
----------------
Copyright (C) 1991-2011 Altera Corporation
Your use of Altera Corporation's design tools, logic functions 
and other software and tools, and its AMPP partner logic 
functions, and any output files from any of the foregoing 
(including device programming or simulation files), and any 
associated documentation or information are expressly subject 
to the terms and conditions of the Altera Program License 
Subscription Agreement, Altera MegaCore Function License 
Agreement, or other applicable license agreement, including, 
without limitation, that your use is for the sole purpose of 
programming logic devices manufactured by Altera and sold by 
Altera or its authorized distributors.  Please refer to the 
applicable agreement for further details.



+-----------------------------------------------------------------------------+
; Analysis & Synthesis Summary                                                ;
+-----------------------------+-----------------------------------------------+
; Analysis & Synthesis Status ; Successful - Tue May 10 11:06:44 2016         ;
; Quartus II Version          ; 11.0 Build 208 07/03/2011 SP 1 SJ Web Edition ;
; Revision Name               ; FSM_dice                                      ;
; Top-level Entity Name       ; FSM_dice                                      ;
; Family                      ; Cyclone                                       ;
; Total logic elements        ; 75                                            ;
; Total pins                  ; 11                                            ;
; Total virtual pins          ; 0                                             ;
; Total memory bits           ; 0                                             ;
; Total PLLs                  ; 0                                             ;
+-----------------------------+-----------------------------------------------+


+----------------------------------------------------------------------------------------------------------------------+
; Analysis & Synthesis Settings                                                                                        ;
+----------------------------------------------------------------------------+--------------------+--------------------+
; Option                                                                     ; Setting            ; Default Value      ;
+----------------------------------------------------------------------------+--------------------+--------------------+
; Device                                                                     ; EP1C6Q240C8        ;                    ;
; Top-level entity name                                                      ; FSM_dice           ; FSM_dice           ;
; Family name                                                                ; Cyclone            ; Cyclone IV GX      ;
; Use smart compilation                                                      ; Off                ; Off                ;
; Enable parallel Assembler and TimeQuest Timing Analyzer during compilation ; On                 ; On                 ;
; Enable compact report table                                                ; Off                ; Off                ;
; Restructure Multiplexers                                                   ; Auto               ; Auto               ;
; Create Debugging Nodes for IP Cores                                        ; Off                ; Off                ;
; Preserve fewer node names                                                  ; On                 ; On                 ;
; Disable OpenCore Plus hardware evaluation                                  ; Off                ; Off                ;
; Verilog Version                                                            ; Verilog_2001       ; Verilog_2001       ;
; VHDL Version                                                               ; VHDL_1993          ; VHDL_1993          ;
; State Machine Processing                                                   ; Auto               ; Auto               ;
; Safe State Machine                                                         ; Off                ; Off                ;
; Extract Verilog State Machines                                             ; On                 ; On                 ;
; Extract VHDL State Machines                                                ; On                 ; On                 ;
; Ignore Verilog initial constructs                                          ; Off                ; Off                ;
; Iteration limit for constant Verilog loops                                 ; 5000               ; 5000               ;
; Iteration limit for non-constant Verilog loops                             ; 250                ; 250                ;
; Add Pass-Through Logic to Inferred RAMs                                    ; On                 ; On                 ;
; Parallel Synthesis                                                         ; On                 ; On                 ;
; NOT Gate Push-Back                                                         ; On                 ; On                 ;
; Power-Up Don't Care                                                        ; On                 ; On                 ;
; Remove Redundant Logic Cells                                               ; Off                ; Off                ;
; Remove Duplicate Registers                                                 ; On                 ; On                 ;
; Ignore CARRY Buffers                                                       ; Off                ; Off                ;
; Ignore CASCADE Buffers                                                     ; Off                ; Off                ;
; Ignore GLOBAL Buffers                                                      ; Off                ; Off                ;
; Ignore ROW GLOBAL Buffers                                                  ; Off                ; Off                ;
; Ignore LCELL Buffers                                                       ; Off                ; Off                ;
; Ignore SOFT Buffers                                                        ; On                 ; On                 ;
; Limit AHDL Integers to 32 Bits                                             ; Off                ; Off                ;
; Optimization Technique                                                     ; Balanced           ; Balanced           ;
; Carry Chain Length                                                         ; 70                 ; 70                 ;
; Auto Carry Chains                                                          ; On                 ; On                 ;
; Auto Open-Drain Pins                                                       ; On                 ; On                 ;
; Perform WYSIWYG Primitive Resynthesis                                      ; Off                ; Off                ;
; Auto ROM Replacement                                                       ; On                 ; On                 ;
; Auto RAM Replacement                                                       ; On                 ; On                 ;
; Auto Shift Register Replacement                                            ; Auto               ; Auto               ;
; Allow Shift Register Merging across Hierarchies                            ; Auto               ; Auto               ;
; Auto Clock Enable Replacement                                              ; On                 ; On                 ;
; Strict RAM Replacement                                                     ; Off                ; Off                ;
; Allow Synchronous Control Signals                                          ; On                 ; On                 ;
; Force Use of Synchronous Clear Signals                                     ; Off                ; Off                ;
; Auto RAM Block Balancing                                                   ; On                 ; On                 ;
; Auto RAM to Logic Cell Conversion                                          ; Off                ; Off                ;
; Auto Resource Sharing                                                      ; Off                ; Off                ;
; Allow Any RAM Size For Recognition                                         ; Off                ; Off                ;
; Allow Any ROM Size For Recognition                                         ; Off                ; Off                ;
; Allow Any Shift Register Size For Recognition                              ; Off                ; Off                ;
; Use LogicLock Constraints during Resource Balancing                        ; On                 ; On                 ;
; Ignore translate_off and synthesis_off directives                          ; Off                ; Off                ;
; Report Parameter Settings                                                  ; On                 ; On                 ;
; Report Source Assignments                                                  ; On                 ; On                 ;
; Report Connectivity Checks                                                 ; On                 ; On                 ;
; Ignore Maximum Fan-Out Assignments                                         ; Off                ; Off                ;
; Synchronization Register Chain Length                                      ; 2                  ; 2                  ;
; PowerPlay Power Optimization                                               ; Normal compilation ; Normal compilation ;
; HDL message level                                                          ; Level2             ; Level2             ;
; Suppress Register Optimization Related Messages                            ; Off                ; Off                ;
; Number of Removed Registers Reported in Synthesis Report                   ; 5000               ; 5000               ;
; Number of Inverted Registers Reported in Synthesis Report                  ; 100                ; 100                ;
; Clock MUX Protection                                                       ; On                 ; On                 ;
; Block Design Naming                                                        ; Auto               ; Auto               ;
; Synthesis Effort                                                           ; Auto               ; Auto               ;
; Shift Register Replacement - Allow Asynchronous Clear Signal               ; On                 ; On                 ;
; Analysis & Synthesis Message Level                                         ; Medium             ; Medium             ;
; Disable Register Merging Across Hierarchies                                ; Auto               ; Auto               ;
; Resource Aware Inference For Block RAM                                     ; On                 ; On                 ;
; Synthesis Seed                                                             ; 1                  ; 1                  ;
+----------------------------------------------------------------------------+--------------------+--------------------+


Parallel compilation was disabled, but you have multiple processors available. Enable parallel compilation to reduce compilation time.
+-------------------------------------+
; Parallel Compilation                ;
+----------------------------+--------+
; Processors                 ; Number ;
+----------------------------+--------+
; Number detected on machine ; 4      ;
; Maximum allowed            ; 1      ;
+----------------------------+--------+


+-------------------------------------------------------------------------------------------------------------------------+
; Analysis & Synthesis Source Files Read                                                                                  ;
+----------------------------------+-----------------+------------------------+-------------------------------------------+
; File Name with User-Entered Path ; Used in Netlist ; File Type              ; File Name with Absolute Path              ;
+----------------------------------+-----------------+------------------------+-------------------------------------------+
; FSM_dice.v                       ; yes             ; User Verilog HDL File  ; C:/Users/user/Desktop/FSM_dice/FSM_dice.v ;
+----------------------------------+-----------------+------------------------+-------------------------------------------+


+-----------------------------------------------------+
; Analysis & Synthesis Resource Usage Summary         ;
+---------------------------------------------+-------+
; Resource                                    ; Usage ;
+---------------------------------------------+-------+
; Total logic elements                        ; 75    ;
;     -- Combinational with no register       ; 25    ;
;     -- Register only                        ; 16    ;
;     -- Combinational with a register        ; 34    ;
;                                             ;       ;
; Logic element usage by number of LUT inputs ;       ;
;     -- 4 input functions                    ; 23    ;
;     -- 3 input functions                    ; 3     ;
;     -- 2 input functions                    ; 32    ;
;     -- 1 input functions                    ; 1     ;
;     -- 0 input functions                    ; 0     ;
;                                             ;       ;
; Logic elements by mode                      ;       ;
;     -- normal mode                          ; 48    ;
;     -- arithmetic mode                      ; 27    ;
;     -- qfbk mode                            ; 0     ;
;     -- register cascade mode                ; 0     ;
;     -- synchronous clear/load mode          ; 28    ;
;     -- asynchronous clear/load mode         ; 50    ;
;                                             ;       ;
; Total registers                             ; 50    ;
; Total logic cells in carry chains           ; 28    ;
; I/O pins                                    ; 11    ;
; Maximum fan-out node                        ; clk   ;
; Maximum fan-out                             ; 50    ;
; Total fan-out                               ; 345   ;
; Average fan-out                             ; 4.01  ;
+---------------------------------------------+-------+


+-----------------------------------------------------------------------------------------------------------------------------------------------------------------------------------------------------------------------+
; Analysis & Synthesis Resource Utilization by Entity                                                                                                                                                                   ;
+----------------------------+-------------+--------------+-------------+------+--------------+--------------+-------------------+------------------+-----------------+------------+---------------------+--------------+
; Compilation Hierarchy Node ; Logic Cells ; LC Registers ; Memory Bits ; Pins ; Virtual Pins ; LUT-Only LCs ; Register-Only LCs ; LUT/Register LCs ; Carry Chain LCs ; Packed LCs ; Full Hierarchy Name ; Library Name ;
+----------------------------+-------------+--------------+-------------+------+--------------+--------------+-------------------+------------------+-----------------+------------+---------------------+--------------+
; |FSM_dice                  ; 75 (75)     ; 50           ; 0           ; 11   ; 0            ; 25 (25)      ; 16 (16)           ; 34 (34)          ; 28 (28)         ; 0 (0)      ; |FSM_dice           ;              ;
+----------------------------+-------------+--------------+-------------+------+--------------+--------------+-------------------+------------------+-----------------+------------+---------------------+--------------+
Note: For table entries with two numbers listed, the numbers in parentheses indicate the number of resources of the given type used by the specific entity alone. The numbers listed outside of parentheses indicate the total resources of the given type used by the specific entity and all of its sub-entities in the hierarchy.


Encoding Type:  One-Hot
+--------------------------------------------------+
; State Machine - |FSM_dice|state                  ;
+------------+------------+------------+-----------+
; Name       ; state.idle ; state.stop ; state.run ;
+------------+------------+------------+-----------+
; state.idle ; 0          ; 0          ; 0         ;
; state.run  ; 1          ; 0          ; 1         ;
; state.stop ; 1          ; 1          ; 0         ;
+------------+------------+------------+-----------+


+------------------------------------------------------------+
; Registers Removed During Synthesis                         ;
+---------------------------------------+--------------------+
; Register name                         ; Reason for Removal ;
+---------------------------------------+--------------------+
; state.stop                            ; Lost fanout        ;
; Total Number of Removed Registers = 1 ;                    ;
+---------------------------------------+--------------------+


+------------------------------------------------------+
; General Register Statistics                          ;
+----------------------------------------------+-------+
; Statistic                                    ; Value ;
+----------------------------------------------+-------+
; Total registers                              ; 50    ;
; Number of registers using Synchronous Clear  ; 28    ;
; Number of registers using Synchronous Load   ; 0     ;
; Number of registers using Asynchronous Clear ; 50    ;
; Number of registers using Asynchronous Load  ; 0     ;
; Number of registers using Clock Enable       ; 28    ;
; Number of registers using Preset             ; 0     ;
+----------------------------------------------+-------+


+--------------------------------------------------------------------------+
; Parameter Settings for User Entity Instance: Top-level Entity: |FSM_dice ;
+----------------+-------+-------------------------------------------------+
; Parameter Name ; Value ; Type                                            ;
+----------------+-------+-------------------------------------------------+
; idle           ; 00    ; Unsigned Binary                                 ;
; run            ; 01    ; Unsigned Binary                                 ;
; stop           ; 10    ; Unsigned Binary                                 ;
+----------------+-------+-------------------------------------------------+
Note: In order to hide this table in the UI and the text report file, please set the "Show Parameter Settings in Synthesis Report" option in "Analysis and Synthesis Settings -> More Settings" to "Off".


+-------------------------------+
; Elapsed Time Per Partition    ;
+----------------+--------------+
; Partition Name ; Elapsed Time ;
+----------------+--------------+
; Top            ; 00:00:00     ;
+----------------+--------------+


+-------------------------------+
; Analysis & Synthesis Messages ;
+-------------------------------+
Info: *******************************************************************
Info: Running Quartus II Analysis & Synthesis
    Info: Version 11.0 Build 208 07/03/2011 Service Pack 1 SJ Web Edition
    Info: Processing started: Tue May 10 11:06:43 2016
Info: Command: quartus_map --read_settings_files=on --write_settings_files=off FSM_dice -c FSM_dice
Warning: Parallel compilation is not licensed and has been disabled
Info: Found 1 design units, including 1 entities, in source file fsm_dice.v
    Info: Found entity 1: FSM_dice
Info: Elaborating entity "FSM_dice" for the top level hierarchy
Warning (10230): Verilog HDL assignment warning at FSM_dice.v(72): truncated value with size 32 to match size of target (4)
Warning (10230): Verilog HDL assignment warning at FSM_dice.v(74): truncated value with size 32 to match size of target (28)
Warning (10235): Verilog HDL Always Construct warning at FSM_dice.v(81): variable "i" is read inside the Always Construct but isn't in the Always Construct's Event Control
Warning (10235): Verilog HDL Always Construct warning at FSM_dice.v(82): variable "i" is read inside the Always Construct but isn't in the Always Construct's Event Control
Warning (10030): Net "random.data_a" at FSM_dice.v(9) has no driver or initial value, using a default initial value '0'
Warning (10030): Net "random.waddr_a" at FSM_dice.v(9) has no driver or initial value, using a default initial value '0'
Warning (10030): Net "random.we_a" at FSM_dice.v(9) has no driver or initial value, using a default initial value '0'
Info: Found 1 instances of uninferred RAM logic
    Info: RAM logic "random" is uninferred due to inappropriate RAM size
Critical Warning: Memory depth (32) in the design file differs from memory depth (17) in the Memory Initialization File "C:/Users/user/Desktop/FSM_dice/db/FSM_dice.ram0_FSM_dice_222efc4c.hdl.mif" -- setting initial value for remaining addresses to 0
Warning: Memory Initialization File or Hexadecimal (Intel-Format) File "C:/Users/user/Desktop/FSM_dice/db/FSM_dice.ram0_FSM_dice_222efc4c.hdl.mif" contains "don't care" values -- overwriting them with 0s
Info: 1 registers lost all their fanouts during netlist optimizations. The first 1 are displayed below.
    Info: Register "state.stop" lost all its fanouts during netlist optimizations.
Info: Generating hard_block partition "hard_block:auto_generated_inst"
Info: Implemented 86 device resources after synthesis - the final resource count might be different
    Info: Implemented 4 input pins
    Info: Implemented 7 output pins
    Info: Implemented 75 logic cells
Info: Quartus II Analysis & Synthesis was successful. 0 errors, 10 warnings
    Info: Peak virtual memory: 245 megabytes
    Info: Processing ended: Tue May 10 11:06:46 2016
    Info: Elapsed time: 00:00:03
    Info: Total CPU time (on all processors): 00:00:01


