Analysis & Synthesis report for LCD_TopModule
Thu Sep 01 11:15:42 2016
Quartus II Version 11.0 Build 208 07/03/2011 Service Pack 1 SJ Web Edition


---------------------
; Table of Contents ;
---------------------
  1. Legal Notice
  2. Analysis & Synthesis Summary
  3. Analysis & Synthesis Settings
  4. Parallel Compilation
  5. Analysis & Synthesis Source Files Read
  6. Analysis & Synthesis Resource Usage Summary
  7. Analysis & Synthesis Resource Utilization by Entity
  8. State Machine - |LCD_TopModule|LCD:u0|state
  9. Registers Removed During Synthesis
 10. General Register Statistics
 11. Multiplexer Restructuring Statistics (Restructuring Performed)
 12. Parameter Settings for User Entity Instance: LCD:u0
 13. Parameter Settings for Inferred Entity Instance: LCD:u0|lpm_divide:Mod3
 14. Parameter Settings for Inferred Entity Instance: LCD:u0|lpm_divide:Div1
 15. Parameter Settings for Inferred Entity Instance: LCD:u0|lpm_divide:Mod2
 16. Parameter Settings for Inferred Entity Instance: LCD:u0|lpm_divide:Mod1
 17. Parameter Settings for Inferred Entity Instance: LCD:u0|lpm_divide:Div0
 18. Parameter Settings for Inferred Entity Instance: LCD:u0|lpm_divide:Mod0
 19. Parameter Settings for Inferred Entity Instance: LCD:u0|lpm_divide:Div2
 20. Parameter Settings for Inferred Entity Instance: LCD:u0|lpm_divide:Mod4
 21. Parameter Settings for Inferred Entity Instance: LCD:u0|lpm_divide:Mod5
 22. Parameter Settings for Inferred Entity Instance: clock_basic:u1|lpm_divide:Mod1
 23. Parameter Settings for Inferred Entity Instance: clock_basic:u1|lpm_divide:Mod0
 24. Elapsed Time Per Partition
 25. Analysis & Synthesis Messages



----------------
; Legal Notice ;
----------------
Copyright (C) 1991-2011 Altera Corporation
Your use of Altera Corporation's design tools, logic functions 
and other software and tools, and its AMPP partner logic 
functions, and any output files from any of the foregoing 
(including device programming or simulation files), and any 
associated documentation or information are expressly subject 
to the terms and conditions of the Altera Program License 
Subscription Agreement, Altera MegaCore Function License 
Agreement, or other applicable license agreement, including, 
without limitation, that your use is for the sole purpose of 
programming logic devices manufactured by Altera and sold by 
Altera or its authorized distributors.  Please refer to the 
applicable agreement for further details.



+-----------------------------------------------------------------------------+
; Analysis & Synthesis Summary                                                ;
+-----------------------------+-----------------------------------------------+
; Analysis & Synthesis Status ; Successful - Thu Sep 01 11:15:41 2016         ;
; Quartus II Version          ; 11.0 Build 208 07/03/2011 SP 1 SJ Web Edition ;
; Revision Name               ; LCD_TopModule                                 ;
; Top-level Entity Name       ; LCD_TopModule                                 ;
; Family                      ; Cyclone                                       ;
; Total logic elements        ; 443                                           ;
; Total pins                  ; 15                                            ;
; Total virtual pins          ; 0                                             ;
; Total memory bits           ; 0                                             ;
; Total PLLs                  ; 0                                             ;
+-----------------------------+-----------------------------------------------+


+----------------------------------------------------------------------------------------------------------------------+
; Analysis & Synthesis Settings                                                                                        ;
+----------------------------------------------------------------------------+--------------------+--------------------+
; Option                                                                     ; Setting            ; Default Value      ;
+----------------------------------------------------------------------------+--------------------+--------------------+
; Device                                                                     ; EP1C6Q240C8        ;                    ;
; Top-level entity name                                                      ; LCD_TopModule      ; LCD_TopModule      ;
; Family name                                                                ; Cyclone            ; Cyclone IV GX      ;
; Use smart compilation                                                      ; Off                ; Off                ;
; Enable parallel Assembler and TimeQuest Timing Analyzer during compilation ; On                 ; On                 ;
; Enable compact report table                                                ; Off                ; Off                ;
; Restructure Multiplexers                                                   ; Auto               ; Auto               ;
; Create Debugging Nodes for IP Cores                                        ; Off                ; Off                ;
; Preserve fewer node names                                                  ; On                 ; On                 ;
; Disable OpenCore Plus hardware evaluation                                  ; Off                ; Off                ;
; Verilog Version                                                            ; Verilog_2001       ; Verilog_2001       ;
; VHDL Version                                                               ; VHDL_1993          ; VHDL_1993          ;
; State Machine Processing                                                   ; Auto               ; Auto               ;
; Safe State Machine                                                         ; Off                ; Off                ;
; Extract Verilog State Machines                                             ; On                 ; On                 ;
; Extract VHDL State Machines                                                ; On                 ; On                 ;
; Ignore Verilog initial constructs                                          ; Off                ; Off                ;
; Iteration limit for constant Verilog loops                                 ; 5000               ; 5000               ;
; Iteration limit for non-constant Verilog loops                             ; 250                ; 250                ;
; Add Pass-Through Logic to Inferred RAMs                                    ; On                 ; On                 ;
; Parallel Synthesis                                                         ; On                 ; On                 ;
; NOT Gate Push-Back                                                         ; On                 ; On                 ;
; Power-Up Don't Care                                                        ; On                 ; On                 ;
; Remove Redundant Logic Cells                                               ; Off                ; Off                ;
; Remove Duplicate Registers                                                 ; On                 ; On                 ;
; Ignore CARRY Buffers                                                       ; Off                ; Off                ;
; Ignore CASCADE Buffers                                                     ; Off                ; Off                ;
; Ignore GLOBAL Buffers                                                      ; Off                ; Off                ;
; Ignore ROW GLOBAL Buffers                                                  ; Off                ; Off                ;
; Ignore LCELL Buffers                                                       ; Off                ; Off                ;
; Ignore SOFT Buffers                                                        ; On                 ; On                 ;
; Limit AHDL Integers to 32 Bits                                             ; Off                ; Off                ;
; Optimization Technique                                                     ; Balanced           ; Balanced           ;
; Carry Chain Length                                                         ; 70                 ; 70                 ;
; Auto Carry Chains                                                          ; On                 ; On                 ;
; Auto Open-Drain Pins                                                       ; On                 ; On                 ;
; Perform WYSIWYG Primitive Resynthesis                                      ; Off                ; Off                ;
; Auto ROM Replacement                                                       ; On                 ; On                 ;
; Auto RAM Replacement                                                       ; On                 ; On                 ;
; Auto Shift Register Replacement                                            ; Auto               ; Auto               ;
; Allow Shift Register Merging across Hierarchies                            ; Auto               ; Auto               ;
; Auto Clock Enable Replacement                                              ; On                 ; On                 ;
; Strict RAM Replacement                                                     ; Off                ; Off                ;
; Allow Synchronous Control Signals                                          ; On                 ; On                 ;
; Force Use of Synchronous Clear Signals                                     ; Off                ; Off                ;
; Auto RAM Block Balancing                                                   ; On                 ; On                 ;
; Auto RAM to Logic Cell Conversion                                          ; Off                ; Off                ;
; Auto Resource Sharing                                                      ; Off                ; Off                ;
; Allow Any RAM Size For Recognition                                         ; Off                ; Off                ;
; Allow Any ROM Size For Recognition                                         ; Off                ; Off                ;
; Allow Any Shift Register Size For Recognition                              ; Off                ; Off                ;
; Use LogicLock Constraints during Resource Balancing                        ; On                 ; On                 ;
; Ignore translate_off and synthesis_off directives                          ; Off                ; Off                ;
; Report Parameter Settings                                                  ; On                 ; On                 ;
; Report Source Assignments                                                  ; On                 ; On                 ;
; Report Connectivity Checks                                                 ; On                 ; On                 ;
; Ignore Maximum Fan-Out Assignments                                         ; Off                ; Off                ;
; Synchronization Register Chain Length                                      ; 2                  ; 2                  ;
; PowerPlay Power Optimization                                               ; Normal compilation ; Normal compilation ;
; HDL message level                                                          ; Level2             ; Level2             ;
; Suppress Register Optimization Related Messages                            ; Off                ; Off                ;
; Number of Removed Registers Reported in Synthesis Report                   ; 5000               ; 5000               ;
; Number of Inverted Registers Reported in Synthesis Report                  ; 100                ; 100                ;
; Clock MUX Protection                                                       ; On                 ; On                 ;
; Block Design Naming                                                        ; Auto               ; Auto               ;
; Synthesis Effort                                                           ; Auto               ; Auto               ;
; Shift Register Replacement - Allow Asynchronous Clear Signal               ; On                 ; On                 ;
; Analysis & Synthesis Message Level                                         ; Medium             ; Medium             ;
; Disable Register Merging Across Hierarchies                                ; Auto               ; Auto               ;
; Resource Aware Inference For Block RAM                                     ; On                 ; On                 ;
; Synthesis Seed                                                             ; 1                  ; 1                  ;
+----------------------------------------------------------------------------+--------------------+--------------------+


Parallel compilation was disabled, but you have multiple processors available. Enable parallel compilation to reduce compilation time.
+-------------------------------------+
; Parallel Compilation                ;
+----------------------------+--------+
; Processors                 ; Number ;
+----------------------------+--------+
; Number detected on machine ; 4      ;
; Maximum allowed            ; 1      ;
+----------------------------+--------+


+-----------------------------------------------------------------------------------------------------------------------------------------------------------+
; Analysis & Synthesis Source Files Read                                                                                                                    ;
+----------------------------------+-----------------+------------------------------+-----------------------------------------------------------------------+
; File Name with User-Entered Path ; Used in Netlist ; File Type                    ; File Name with Absolute Path                                          ;
+----------------------------------+-----------------+------------------------------+-----------------------------------------------------------------------+
; LCD.v                            ; yes             ; User Verilog HDL File        ; C:/Users/user/Desktop/LCD_TopModule/LCD.v                             ;
; clock_basic.v                    ; yes             ; User Verilog HDL File        ; C:/Users/user/Desktop/LCD_TopModule/clock_basic.v                     ;
; LCD_TopModule.v                  ; yes             ; User Verilog HDL File        ; C:/Users/user/Desktop/LCD_TopModule/LCD_TopModule.v                   ;
; lpm_divide.tdf                   ; yes             ; Megafunction                 ; c:/altera/11.0sp1/quartus/libraries/megafunctions/lpm_divide.tdf      ;
; abs_divider.inc                  ; yes             ; Megafunction                 ; c:/altera/11.0sp1/quartus/libraries/megafunctions/abs_divider.inc     ;
; sign_div_unsign.inc              ; yes             ; Megafunction                 ; c:/altera/11.0sp1/quartus/libraries/megafunctions/sign_div_unsign.inc ;
; aglobal110.inc                   ; yes             ; Megafunction                 ; c:/altera/11.0sp1/quartus/libraries/megafunctions/aglobal110.inc      ;
; db/lpm_divide_gtl.tdf            ; yes             ; Auto-Generated Megafunction  ; C:/Users/user/Desktop/LCD_TopModule/db/lpm_divide_gtl.tdf             ;
; db/sign_div_unsign_9kh.tdf       ; yes             ; Auto-Generated Megafunction  ; C:/Users/user/Desktop/LCD_TopModule/db/sign_div_unsign_9kh.tdf        ;
; db/alt_u_div_2oe.tdf             ; yes             ; Auto-Generated Megafunction  ; C:/Users/user/Desktop/LCD_TopModule/db/alt_u_div_2oe.tdf              ;
; db/add_sub_3dc.tdf               ; yes             ; Auto-Generated Megafunction  ; C:/Users/user/Desktop/LCD_TopModule/db/add_sub_3dc.tdf                ;
; db/add_sub_4dc.tdf               ; yes             ; Auto-Generated Megafunction  ; C:/Users/user/Desktop/LCD_TopModule/db/add_sub_4dc.tdf                ;
; db/add_sub_5dc.tdf               ; yes             ; Auto-Generated Megafunction  ; C:/Users/user/Desktop/LCD_TopModule/db/add_sub_5dc.tdf                ;
; db/add_sub_6dc.tdf               ; yes             ; Auto-Generated Megafunction  ; C:/Users/user/Desktop/LCD_TopModule/db/add_sub_6dc.tdf                ;
; db/add_sub_7dc.tdf               ; yes             ; Auto-Generated Megafunction  ; C:/Users/user/Desktop/LCD_TopModule/db/add_sub_7dc.tdf                ;
; db/lpm_divide_d5m.tdf            ; yes             ; Auto-Generated Megafunction  ; C:/Users/user/Desktop/LCD_TopModule/db/lpm_divide_d5m.tdf             ;
; db/lpm_divide_ftl.tdf            ; yes             ; Auto-Generated Megafunction  ; C:/Users/user/Desktop/LCD_TopModule/db/lpm_divide_ftl.tdf             ;
; db/sign_div_unsign_8kh.tdf       ; yes             ; Auto-Generated Megafunction  ; C:/Users/user/Desktop/LCD_TopModule/db/sign_div_unsign_8kh.tdf        ;
; db/alt_u_div_0oe.tdf             ; yes             ; Auto-Generated Megafunction  ; C:/Users/user/Desktop/LCD_TopModule/db/alt_u_div_0oe.tdf              ;
; db/lpm_divide_c5m.tdf            ; yes             ; Auto-Generated Megafunction  ; C:/Users/user/Desktop/LCD_TopModule/db/lpm_divide_c5m.tdf             ;
; db/lpm_divide_jtl.tdf            ; yes             ; Auto-Generated Megafunction  ; C:/Users/user/Desktop/LCD_TopModule/db/lpm_divide_jtl.tdf             ;
; db/sign_div_unsign_ckh.tdf       ; yes             ; Auto-Generated Megafunction  ; C:/Users/user/Desktop/LCD_TopModule/db/sign_div_unsign_ckh.tdf        ;
; db/alt_u_div_8oe.tdf             ; yes             ; Auto-Generated Megafunction  ; C:/Users/user/Desktop/LCD_TopModule/db/alt_u_div_8oe.tdf              ;
; db/add_sub_8dc.tdf               ; yes             ; Auto-Generated Megafunction  ; C:/Users/user/Desktop/LCD_TopModule/db/add_sub_8dc.tdf                ;
; db/add_sub_9dc.tdf               ; yes             ; Auto-Generated Megafunction  ; C:/Users/user/Desktop/LCD_TopModule/db/add_sub_9dc.tdf                ;
; db/lpm_divide_htl.tdf            ; yes             ; Auto-Generated Megafunction  ; C:/Users/user/Desktop/LCD_TopModule/db/lpm_divide_htl.tdf             ;
; db/sign_div_unsign_akh.tdf       ; yes             ; Auto-Generated Megafunction  ; C:/Users/user/Desktop/LCD_TopModule/db/sign_div_unsign_akh.tdf        ;
; db/alt_u_div_4oe.tdf             ; yes             ; Auto-Generated Megafunction  ; C:/Users/user/Desktop/LCD_TopModule/db/alt_u_div_4oe.tdf              ;
+----------------------------------+-----------------+------------------------------+-----------------------------------------------------------------------+


+-----------------------------------------------------+
; Analysis & Synthesis Resource Usage Summary         ;
+---------------------------------------------+-------+
; Resource                                    ; Usage ;
+---------------------------------------------+-------+
; Total logic elements                        ; 443   ;
;     -- Combinational with no register       ; 330   ;
;     -- Register only                        ; 20    ;
;     -- Combinational with a register        ; 93    ;
;                                             ;       ;
; Logic element usage by number of LUT inputs ;       ;
;     -- 4 input functions                    ; 108   ;
;     -- 3 input functions                    ; 71    ;
;     -- 2 input functions                    ; 182   ;
;     -- 1 input functions                    ; 62    ;
;     -- 0 input functions                    ; 0     ;
;                                             ;       ;
; Logic elements by mode                      ;       ;
;     -- normal mode                          ; 287   ;
;     -- arithmetic mode                      ; 156   ;
;     -- qfbk mode                            ; 0     ;
;     -- register cascade mode                ; 0     ;
;     -- synchronous clear/load mode          ; 80    ;
;     -- asynchronous clear/load mode         ; 113   ;
;                                             ;       ;
; Total registers                             ; 113   ;
; Total logic cells in carry chains           ; 197   ;
; I/O pins                                    ; 15    ;
; Maximum fan-out node                        ; clk   ;
; Maximum fan-out                             ; 113   ;
; Total fan-out                               ; 1442  ;
; Average fan-out                             ; 3.15  ;
+---------------------------------------------+-------+


+----------------------------------------------------------------------------------------------------------------------------------------------------------------------------------------------------------------------------------------------------------------------------------------------------------------------------------------------------------------------+
; Analysis & Synthesis Resource Utilization by Entity                                                                                                                                                                                                                                                                                                                  ;
+-------------------------------------------+-------------+--------------+-------------+------+--------------+--------------+-------------------+------------------+-----------------+------------+-----------------------------------------------------------------------------------------------------------------------------------------------------+--------------+
; Compilation Hierarchy Node                ; Logic Cells ; LC Registers ; Memory Bits ; Pins ; Virtual Pins ; LUT-Only LCs ; Register-Only LCs ; LUT/Register LCs ; Carry Chain LCs ; Packed LCs ; Full Hierarchy Name                                                                                                                                 ; Library Name ;
+-------------------------------------------+-------------+--------------+-------------+------+--------------+--------------+-------------------+------------------+-----------------+------------+-----------------------------------------------------------------------------------------------------------------------------------------------------+--------------+
; |LCD_TopModule                            ; 443 (0)     ; 113          ; 0           ; 15   ; 0            ; 330 (0)      ; 20 (0)            ; 93 (0)           ; 197 (0)         ; 0 (0)      ; |LCD_TopModule                                                                                                                                      ;              ;
;    |LCD:u0|                               ; 306 (144)   ; 52           ; 0           ; 0    ; 0            ; 254 (92)     ; 4 (4)             ; 48 (48)          ; 140 (43)        ; 0 (0)      ; |LCD_TopModule|LCD:u0                                                                                                                               ;              ;
;       |lpm_divide:Div0|                   ; 15 (0)      ; 0            ; 0           ; 0    ; 0            ; 15 (0)       ; 0 (0)             ; 0 (0)            ; 11 (0)          ; 0 (0)      ; |LCD_TopModule|LCD:u0|lpm_divide:Div0                                                                                                               ;              ;
;          |lpm_divide_c5m:auto_generated|  ; 15 (0)      ; 0            ; 0           ; 0    ; 0            ; 15 (0)       ; 0 (0)             ; 0 (0)            ; 11 (0)          ; 0 (0)      ; |LCD_TopModule|LCD:u0|lpm_divide:Div0|lpm_divide_c5m:auto_generated                                                                                 ;              ;
;             |sign_div_unsign_8kh:divider| ; 15 (0)      ; 0            ; 0           ; 0    ; 0            ; 15 (0)       ; 0 (0)             ; 0 (0)            ; 11 (0)          ; 0 (0)      ; |LCD_TopModule|LCD:u0|lpm_divide:Div0|lpm_divide_c5m:auto_generated|sign_div_unsign_8kh:divider                                                     ;              ;
;                |alt_u_div_0oe:divider|    ; 15 (4)      ; 0            ; 0           ; 0    ; 0            ; 15 (4)       ; 0 (0)             ; 0 (0)            ; 11 (0)          ; 0 (0)      ; |LCD_TopModule|LCD:u0|lpm_divide:Div0|lpm_divide_c5m:auto_generated|sign_div_unsign_8kh:divider|alt_u_div_0oe:divider                               ;              ;
;                   |add_sub_6dc:add_sub_3| ; 6 (6)       ; 0            ; 0           ; 0    ; 0            ; 6 (6)        ; 0 (0)             ; 0 (0)            ; 6 (6)           ; 0 (0)      ; |LCD_TopModule|LCD:u0|lpm_divide:Div0|lpm_divide_c5m:auto_generated|sign_div_unsign_8kh:divider|alt_u_div_0oe:divider|add_sub_6dc:add_sub_3         ;              ;
;                   |add_sub_7dc:add_sub_4| ; 5 (5)       ; 0            ; 0           ; 0    ; 0            ; 5 (5)        ; 0 (0)             ; 0 (0)            ; 5 (5)           ; 0 (0)      ; |LCD_TopModule|LCD:u0|lpm_divide:Div0|lpm_divide_c5m:auto_generated|sign_div_unsign_8kh:divider|alt_u_div_0oe:divider|add_sub_7dc:add_sub_4         ;              ;
;       |lpm_divide:Div1|                   ; 32 (0)      ; 0            ; 0           ; 0    ; 0            ; 32 (0)       ; 0 (0)             ; 0 (0)            ; 18 (0)          ; 0 (0)      ; |LCD_TopModule|LCD:u0|lpm_divide:Div1                                                                                                               ;              ;
;          |lpm_divide_d5m:auto_generated|  ; 32 (0)      ; 0            ; 0           ; 0    ; 0            ; 32 (0)       ; 0 (0)             ; 0 (0)            ; 18 (0)          ; 0 (0)      ; |LCD_TopModule|LCD:u0|lpm_divide:Div1|lpm_divide_d5m:auto_generated                                                                                 ;              ;
;             |sign_div_unsign_9kh:divider| ; 32 (0)      ; 0            ; 0           ; 0    ; 0            ; 32 (0)       ; 0 (0)             ; 0 (0)            ; 18 (0)          ; 0 (0)      ; |LCD_TopModule|LCD:u0|lpm_divide:Div1|lpm_divide_d5m:auto_generated|sign_div_unsign_9kh:divider                                                     ;              ;
;                |alt_u_div_2oe:divider|    ; 32 (14)     ; 0            ; 0           ; 0    ; 0            ; 32 (14)      ; 0 (0)             ; 0 (0)            ; 18 (0)          ; 0 (0)      ; |LCD_TopModule|LCD:u0|lpm_divide:Div1|lpm_divide_d5m:auto_generated|sign_div_unsign_9kh:divider|alt_u_div_2oe:divider                               ;              ;
;                   |add_sub_6dc:add_sub_3| ; 6 (6)       ; 0            ; 0           ; 0    ; 0            ; 6 (6)        ; 0 (0)             ; 0 (0)            ; 6 (6)           ; 0 (0)      ; |LCD_TopModule|LCD:u0|lpm_divide:Div1|lpm_divide_d5m:auto_generated|sign_div_unsign_9kh:divider|alt_u_div_2oe:divider|add_sub_6dc:add_sub_3         ;              ;
;                   |add_sub_7dc:add_sub_4| ; 7 (7)       ; 0            ; 0           ; 0    ; 0            ; 7 (7)        ; 0 (0)             ; 0 (0)            ; 7 (7)           ; 0 (0)      ; |LCD_TopModule|LCD:u0|lpm_divide:Div1|lpm_divide_d5m:auto_generated|sign_div_unsign_9kh:divider|alt_u_div_2oe:divider|add_sub_7dc:add_sub_4         ;              ;
;                   |add_sub_7dc:add_sub_5| ; 5 (5)       ; 0            ; 0           ; 0    ; 0            ; 5 (5)        ; 0 (0)             ; 0 (0)            ; 5 (5)           ; 0 (0)      ; |LCD_TopModule|LCD:u0|lpm_divide:Div1|lpm_divide_d5m:auto_generated|sign_div_unsign_9kh:divider|alt_u_div_2oe:divider|add_sub_7dc:add_sub_5         ;              ;
;       |lpm_divide:Div2|                   ; 29 (0)      ; 0            ; 0           ; 0    ; 0            ; 29 (0)       ; 0 (0)             ; 0 (0)            ; 18 (0)          ; 0 (0)      ; |LCD_TopModule|LCD:u0|lpm_divide:Div2                                                                                                               ;              ;
;          |lpm_divide_d5m:auto_generated|  ; 29 (0)      ; 0            ; 0           ; 0    ; 0            ; 29 (0)       ; 0 (0)             ; 0 (0)            ; 18 (0)          ; 0 (0)      ; |LCD_TopModule|LCD:u0|lpm_divide:Div2|lpm_divide_d5m:auto_generated                                                                                 ;              ;
;             |sign_div_unsign_9kh:divider| ; 29 (0)      ; 0            ; 0           ; 0    ; 0            ; 29 (0)       ; 0 (0)             ; 0 (0)            ; 18 (0)          ; 0 (0)      ; |LCD_TopModule|LCD:u0|lpm_divide:Div2|lpm_divide_d5m:auto_generated|sign_div_unsign_9kh:divider                                                     ;              ;
;                |alt_u_div_2oe:divider|    ; 29 (10)     ; 0            ; 0           ; 0    ; 0            ; 29 (10)      ; 0 (0)             ; 0 (0)            ; 18 (0)          ; 0 (0)      ; |LCD_TopModule|LCD:u0|lpm_divide:Div2|lpm_divide_d5m:auto_generated|sign_div_unsign_9kh:divider|alt_u_div_2oe:divider                               ;              ;
;                   |add_sub_6dc:add_sub_3| ; 6 (6)       ; 0            ; 0           ; 0    ; 0            ; 6 (6)        ; 0 (0)             ; 0 (0)            ; 6 (6)           ; 0 (0)      ; |LCD_TopModule|LCD:u0|lpm_divide:Div2|lpm_divide_d5m:auto_generated|sign_div_unsign_9kh:divider|alt_u_div_2oe:divider|add_sub_6dc:add_sub_3         ;              ;
;                   |add_sub_7dc:add_sub_4| ; 7 (7)       ; 0            ; 0           ; 0    ; 0            ; 7 (7)        ; 0 (0)             ; 0 (0)            ; 7 (7)           ; 0 (0)      ; |LCD_TopModule|LCD:u0|lpm_divide:Div2|lpm_divide_d5m:auto_generated|sign_div_unsign_9kh:divider|alt_u_div_2oe:divider|add_sub_7dc:add_sub_4         ;              ;
;                   |add_sub_7dc:add_sub_5| ; 6 (6)       ; 0            ; 0           ; 0    ; 0            ; 6 (6)        ; 0 (0)             ; 0 (0)            ; 5 (5)           ; 0 (0)      ; |LCD_TopModule|LCD:u0|lpm_divide:Div2|lpm_divide_d5m:auto_generated|sign_div_unsign_9kh:divider|alt_u_div_2oe:divider|add_sub_7dc:add_sub_5         ;              ;
;       |lpm_divide:Mod1|                   ; 20 (0)      ; 0            ; 0           ; 0    ; 0            ; 20 (0)       ; 0 (0)             ; 0 (0)            ; 11 (0)          ; 0 (0)      ; |LCD_TopModule|LCD:u0|lpm_divide:Mod1                                                                                                               ;              ;
;          |lpm_divide_ftl:auto_generated|  ; 20 (0)      ; 0            ; 0           ; 0    ; 0            ; 20 (0)       ; 0 (0)             ; 0 (0)            ; 11 (0)          ; 0 (0)      ; |LCD_TopModule|LCD:u0|lpm_divide:Mod1|lpm_divide_ftl:auto_generated                                                                                 ;              ;
;             |sign_div_unsign_8kh:divider| ; 20 (0)      ; 0            ; 0           ; 0    ; 0            ; 20 (0)       ; 0 (0)             ; 0 (0)            ; 11 (0)          ; 0 (0)      ; |LCD_TopModule|LCD:u0|lpm_divide:Mod1|lpm_divide_ftl:auto_generated|sign_div_unsign_8kh:divider                                                     ;              ;
;                |alt_u_div_0oe:divider|    ; 20 (9)      ; 0            ; 0           ; 0    ; 0            ; 20 (9)       ; 0 (0)             ; 0 (0)            ; 11 (0)          ; 0 (0)      ; |LCD_TopModule|LCD:u0|lpm_divide:Mod1|lpm_divide_ftl:auto_generated|sign_div_unsign_8kh:divider|alt_u_div_0oe:divider                               ;              ;
;                   |add_sub_6dc:add_sub_3| ; 5 (5)       ; 0            ; 0           ; 0    ; 0            ; 5 (5)        ; 0 (0)             ; 0 (0)            ; 5 (5)           ; 0 (0)      ; |LCD_TopModule|LCD:u0|lpm_divide:Mod1|lpm_divide_ftl:auto_generated|sign_div_unsign_8kh:divider|alt_u_div_0oe:divider|add_sub_6dc:add_sub_3         ;              ;
;                   |add_sub_7dc:add_sub_4| ; 6 (6)       ; 0            ; 0           ; 0    ; 0            ; 6 (6)        ; 0 (0)             ; 0 (0)            ; 6 (6)           ; 0 (0)      ; |LCD_TopModule|LCD:u0|lpm_divide:Mod1|lpm_divide_ftl:auto_generated|sign_div_unsign_8kh:divider|alt_u_div_0oe:divider|add_sub_7dc:add_sub_4         ;              ;
;       |lpm_divide:Mod3|                   ; 34 (0)      ; 0            ; 0           ; 0    ; 0            ; 34 (0)       ; 0 (0)             ; 0 (0)            ; 19 (0)          ; 0 (0)      ; |LCD_TopModule|LCD:u0|lpm_divide:Mod3                                                                                                               ;              ;
;          |lpm_divide_gtl:auto_generated|  ; 34 (0)      ; 0            ; 0           ; 0    ; 0            ; 34 (0)       ; 0 (0)             ; 0 (0)            ; 19 (0)          ; 0 (0)      ; |LCD_TopModule|LCD:u0|lpm_divide:Mod3|lpm_divide_gtl:auto_generated                                                                                 ;              ;
;             |sign_div_unsign_9kh:divider| ; 34 (0)      ; 0            ; 0           ; 0    ; 0            ; 34 (0)       ; 0 (0)             ; 0 (0)            ; 19 (0)          ; 0 (0)      ; |LCD_TopModule|LCD:u0|lpm_divide:Mod3|lpm_divide_gtl:auto_generated|sign_div_unsign_9kh:divider                                                     ;              ;
;                |alt_u_div_2oe:divider|    ; 34 (15)     ; 0            ; 0           ; 0    ; 0            ; 34 (15)      ; 0 (0)             ; 0 (0)            ; 19 (0)          ; 0 (0)      ; |LCD_TopModule|LCD:u0|lpm_divide:Mod3|lpm_divide_gtl:auto_generated|sign_div_unsign_9kh:divider|alt_u_div_2oe:divider                               ;              ;
;                   |add_sub_6dc:add_sub_3| ; 6 (6)       ; 0            ; 0           ; 0    ; 0            ; 6 (6)        ; 0 (0)             ; 0 (0)            ; 6 (6)           ; 0 (0)      ; |LCD_TopModule|LCD:u0|lpm_divide:Mod3|lpm_divide_gtl:auto_generated|sign_div_unsign_9kh:divider|alt_u_div_2oe:divider|add_sub_6dc:add_sub_3         ;              ;
;                   |add_sub_7dc:add_sub_4| ; 7 (7)       ; 0            ; 0           ; 0    ; 0            ; 7 (7)        ; 0 (0)             ; 0 (0)            ; 7 (7)           ; 0 (0)      ; |LCD_TopModule|LCD:u0|lpm_divide:Mod3|lpm_divide_gtl:auto_generated|sign_div_unsign_9kh:divider|alt_u_div_2oe:divider|add_sub_7dc:add_sub_4         ;              ;
;                   |add_sub_7dc:add_sub_5| ; 6 (6)       ; 0            ; 0           ; 0    ; 0            ; 6 (6)        ; 0 (0)             ; 0 (0)            ; 6 (6)           ; 0 (0)      ; |LCD_TopModule|LCD:u0|lpm_divide:Mod3|lpm_divide_gtl:auto_generated|sign_div_unsign_9kh:divider|alt_u_div_2oe:divider|add_sub_7dc:add_sub_5         ;              ;
;       |lpm_divide:Mod5|                   ; 32 (0)      ; 0            ; 0           ; 0    ; 0            ; 32 (0)       ; 0 (0)             ; 0 (0)            ; 20 (0)          ; 0 (0)      ; |LCD_TopModule|LCD:u0|lpm_divide:Mod5                                                                                                               ;              ;
;          |lpm_divide_gtl:auto_generated|  ; 32 (0)      ; 0            ; 0           ; 0    ; 0            ; 32 (0)       ; 0 (0)             ; 0 (0)            ; 20 (0)          ; 0 (0)      ; |LCD_TopModule|LCD:u0|lpm_divide:Mod5|lpm_divide_gtl:auto_generated                                                                                 ;              ;
;             |sign_div_unsign_9kh:divider| ; 32 (0)      ; 0            ; 0           ; 0    ; 0            ; 32 (0)       ; 0 (0)             ; 0 (0)            ; 20 (0)          ; 0 (0)      ; |LCD_TopModule|LCD:u0|lpm_divide:Mod5|lpm_divide_gtl:auto_generated|sign_div_unsign_9kh:divider                                                     ;              ;
;                |alt_u_div_2oe:divider|    ; 32 (12)     ; 0            ; 0           ; 0    ; 0            ; 32 (12)      ; 0 (0)             ; 0 (0)            ; 20 (0)          ; 0 (0)      ; |LCD_TopModule|LCD:u0|lpm_divide:Mod5|lpm_divide_gtl:auto_generated|sign_div_unsign_9kh:divider|alt_u_div_2oe:divider                               ;              ;
;                   |add_sub_6dc:add_sub_3| ; 6 (6)       ; 0            ; 0           ; 0    ; 0            ; 6 (6)        ; 0 (0)             ; 0 (0)            ; 6 (6)           ; 0 (0)      ; |LCD_TopModule|LCD:u0|lpm_divide:Mod5|lpm_divide_gtl:auto_generated|sign_div_unsign_9kh:divider|alt_u_div_2oe:divider|add_sub_6dc:add_sub_3         ;              ;
;                   |add_sub_7dc:add_sub_4| ; 7 (7)       ; 0            ; 0           ; 0    ; 0            ; 7 (7)        ; 0 (0)             ; 0 (0)            ; 7 (7)           ; 0 (0)      ; |LCD_TopModule|LCD:u0|lpm_divide:Mod5|lpm_divide_gtl:auto_generated|sign_div_unsign_9kh:divider|alt_u_div_2oe:divider|add_sub_7dc:add_sub_4         ;              ;
;                   |add_sub_7dc:add_sub_5| ; 7 (7)       ; 0            ; 0           ; 0    ; 0            ; 7 (7)        ; 0 (0)             ; 0 (0)            ; 7 (7)           ; 0 (0)      ; |LCD_TopModule|LCD:u0|lpm_divide:Mod5|lpm_divide_gtl:auto_generated|sign_div_unsign_9kh:divider|alt_u_div_2oe:divider|add_sub_7dc:add_sub_5         ;              ;
;    |clock_basic:u1|                       ; 137 (108)   ; 61           ; 0           ; 0    ; 0            ; 76 (47)      ; 16 (16)           ; 45 (45)          ; 57 (37)         ; 0 (0)      ; |LCD_TopModule|clock_basic:u1                                                                                                                       ;              ;
;       |lpm_divide:Mod0|                   ; 9 (0)       ; 0            ; 0           ; 0    ; 0            ; 9 (0)        ; 0 (0)             ; 0 (0)            ; 7 (0)           ; 0 (0)      ; |LCD_TopModule|clock_basic:u1|lpm_divide:Mod0                                                                                                       ;              ;
;          |lpm_divide_htl:auto_generated|  ; 9 (0)       ; 0            ; 0           ; 0    ; 0            ; 9 (0)        ; 0 (0)             ; 0 (0)            ; 7 (0)           ; 0 (0)      ; |LCD_TopModule|clock_basic:u1|lpm_divide:Mod0|lpm_divide_htl:auto_generated                                                                         ;              ;
;             |sign_div_unsign_akh:divider| ; 9 (0)       ; 0            ; 0           ; 0    ; 0            ; 9 (0)        ; 0 (0)             ; 0 (0)            ; 7 (0)           ; 0 (0)      ; |LCD_TopModule|clock_basic:u1|lpm_divide:Mod0|lpm_divide_htl:auto_generated|sign_div_unsign_akh:divider                                             ;              ;
;                |alt_u_div_4oe:divider|    ; 9 (2)       ; 0            ; 0           ; 0    ; 0            ; 9 (2)        ; 0 (0)             ; 0 (0)            ; 7 (0)           ; 0 (0)      ; |LCD_TopModule|clock_basic:u1|lpm_divide:Mod0|lpm_divide_htl:auto_generated|sign_div_unsign_akh:divider|alt_u_div_4oe:divider                       ;              ;
;                   |add_sub_7dc:add_sub_4| ; 2 (2)       ; 0            ; 0           ; 0    ; 0            ; 2 (2)        ; 0 (0)             ; 0 (0)            ; 2 (2)           ; 0 (0)      ; |LCD_TopModule|clock_basic:u1|lpm_divide:Mod0|lpm_divide_htl:auto_generated|sign_div_unsign_akh:divider|alt_u_div_4oe:divider|add_sub_7dc:add_sub_4 ;              ;
;                   |add_sub_8dc:add_sub_5| ; 5 (5)       ; 0            ; 0           ; 0    ; 0            ; 5 (5)        ; 0 (0)             ; 0 (0)            ; 5 (5)           ; 0 (0)      ; |LCD_TopModule|clock_basic:u1|lpm_divide:Mod0|lpm_divide_htl:auto_generated|sign_div_unsign_akh:divider|alt_u_div_4oe:divider|add_sub_8dc:add_sub_5 ;              ;
;       |lpm_divide:Mod1|                   ; 20 (0)      ; 0            ; 0           ; 0    ; 0            ; 20 (0)       ; 0 (0)             ; 0 (0)            ; 13 (0)          ; 0 (0)      ; |LCD_TopModule|clock_basic:u1|lpm_divide:Mod1                                                                                                       ;              ;
;          |lpm_divide_jtl:auto_generated|  ; 20 (0)      ; 0            ; 0           ; 0    ; 0            ; 20 (0)       ; 0 (0)             ; 0 (0)            ; 13 (0)          ; 0 (0)      ; |LCD_TopModule|clock_basic:u1|lpm_divide:Mod1|lpm_divide_jtl:auto_generated                                                                         ;              ;
;             |sign_div_unsign_ckh:divider| ; 20 (0)      ; 0            ; 0           ; 0    ; 0            ; 20 (0)       ; 0 (0)             ; 0 (0)            ; 13 (0)          ; 0 (0)      ; |LCD_TopModule|clock_basic:u1|lpm_divide:Mod1|lpm_divide_jtl:auto_generated|sign_div_unsign_ckh:divider                                             ;              ;
;                |alt_u_div_8oe:divider|    ; 20 (7)      ; 0            ; 0           ; 0    ; 0            ; 20 (7)       ; 0 (0)             ; 0 (0)            ; 13 (0)          ; 0 (0)      ; |LCD_TopModule|clock_basic:u1|lpm_divide:Mod1|lpm_divide_jtl:auto_generated|sign_div_unsign_ckh:divider|alt_u_div_8oe:divider                       ;              ;
;                   |add_sub_8dc:add_sub_5| ; 6 (6)       ; 0            ; 0           ; 0    ; 0            ; 6 (6)        ; 0 (0)             ; 0 (0)            ; 6 (6)           ; 0 (0)      ; |LCD_TopModule|clock_basic:u1|lpm_divide:Mod1|lpm_divide_jtl:auto_generated|sign_div_unsign_ckh:divider|alt_u_div_8oe:divider|add_sub_8dc:add_sub_5 ;              ;
;                   |add_sub_9dc:add_sub_6| ; 7 (7)       ; 0            ; 0           ; 0    ; 0            ; 7 (7)        ; 0 (0)             ; 0 (0)            ; 7 (7)           ; 0 (0)      ; |LCD_TopModule|clock_basic:u1|lpm_divide:Mod1|lpm_divide_jtl:auto_generated|sign_div_unsign_ckh:divider|alt_u_div_8oe:divider|add_sub_9dc:add_sub_6 ;              ;
+-------------------------------------------+-------------+--------------+-------------+------+--------------+--------------+-------------------+------------------+-----------------+------------+-----------------------------------------------------------------------------------------------------------------------------------------------------+--------------+
Note: For table entries with two numbers listed, the numbers in parentheses indicate the number of resources of the given type used by the specific entity alone. The numbers listed outside of parentheses indicate the total resources of the given type used by the specific entity and all of its sub-entities in the hierarchy.


Encoding Type:  One-Hot
+-------------------------------------------------------------------------------------------------------------------------------------------------------+
; State Machine - |LCD_TopModule|LCD:u0|state                                                                                                           ;
+--------------------+-----------------+-----------------+------------------+---------------+------------------+--------------------+-------------------+
; Name               ; state.delay_5ms ; state.disp_data ; state.entry_mode ; state.disp_on ; state.disp_clear ; state.function_set ; state.delay_100ms ;
+--------------------+-----------------+-----------------+------------------+---------------+------------------+--------------------+-------------------+
; state.delay_100ms  ; 0               ; 0               ; 0                ; 0             ; 0                ; 0                  ; 0                 ;
; state.function_set ; 0               ; 0               ; 0                ; 0             ; 0                ; 1                  ; 1                 ;
; state.disp_clear   ; 0               ; 0               ; 0                ; 0             ; 1                ; 0                  ; 1                 ;
; state.disp_on      ; 0               ; 0               ; 0                ; 1             ; 0                ; 0                  ; 1                 ;
; state.entry_mode   ; 0               ; 0               ; 1                ; 0             ; 0                ; 0                  ; 1                 ;
; state.disp_data    ; 0               ; 1               ; 0                ; 0             ; 0                ; 0                  ; 1                 ;
; state.delay_5ms    ; 1               ; 0               ; 0                ; 0             ; 0                ; 0                  ; 1                 ;
+--------------------+-----------------+-----------------+------------------+---------------+------------------+--------------------+-------------------+


+------------------------------------------------------------+
; Registers Removed During Synthesis                         ;
+---------------------------------------+--------------------+
; Register name                         ; Reason for Removal ;
+---------------------------------------+--------------------+
; LCD:u0|state~4                        ; Lost fanout        ;
; LCD:u0|state~5                        ; Lost fanout        ;
; LCD:u0|state~6                        ; Lost fanout        ;
; Total Number of Removed Registers = 3 ;                    ;
+---------------------------------------+--------------------+


+------------------------------------------------------+
; General Register Statistics                          ;
+----------------------------------------------+-------+
; Statistic                                    ; Value ;
+----------------------------------------------+-------+
; Total registers                              ; 113   ;
; Number of registers using Synchronous Clear  ; 80    ;
; Number of registers using Synchronous Load   ; 0     ;
; Number of registers using Asynchronous Clear ; 113   ;
; Number of registers using Asynchronous Load  ; 0     ;
; Number of registers using Clock Enable       ; 35    ;
; Number of registers using Preset             ; 0     ;
+----------------------------------------------+-------+


+---------------------------------------------------------------------------------------------------------------------------------------------------------------------+
; Multiplexer Restructuring Statistics (Restructuring Performed)                                                                                                      ;
+--------------------+-----------+---------------+----------------------+------------------------+---------------------------------------+----------------------------+
; Multiplexer Inputs ; Bus Width ; Baseline Area ; Area if Restructured ; Saving if Restructured ; Registered                            ; Example Multiplexer Output ;
+--------------------+-----------+---------------+----------------------+------------------------+---------------------------------------+----------------------------+
; 4:1                ; 5 bits    ; 10 LEs        ; 5 LEs                ; 5 LEs                  ; |LCD_TopModule|LCD:u0|cnt_100ms[4]    ;                            ;
; 4:1                ; 6 bits    ; 12 LEs        ; 6 LEs                ; 6 LEs                  ; |LCD_TopModule|LCD:u0|line[5]         ;                            ;
; 5:1                ; 6 bits    ; 18 LEs        ; 12 LEs               ; 6 LEs                  ; |LCD_TopModule|clock_basic:u1|min[5]  ;                            ;
; 6:1                ; 5 bits    ; 20 LEs        ; 10 LEs               ; 10 LEs                 ; |LCD_TopModule|clock_basic:u1|hour[0] ;                            ;
; 3:1                ; 2 bits    ; 4 LEs         ; 4 LEs                ; 0 LEs                  ; |LCD_TopModule|LCD:u0|state           ;                            ;
; 64:1               ; 4 bits    ; 168 LEs       ; 68 LEs               ; 100 LEs                ; |LCD_TopModule|LCD:u0|Mux5            ;                            ;
+--------------------+-----------+---------------+----------------------+------------------------+---------------------------------------+----------------------------+


+-----------------------------------------------------+
; Parameter Settings for User Entity Instance: LCD:u0 ;
+----------------+-------+----------------------------+
; Parameter Name ; Value ; Type                       ;
+----------------+-------+----------------------------+
; delay_100ms    ; 0     ; Signed Integer             ;
; function_set   ; 1     ; Signed Integer             ;
; disp_clear     ; 2     ; Signed Integer             ;
; disp_on        ; 3     ; Signed Integer             ;
; entry_mode     ; 4     ; Signed Integer             ;
; disp_data      ; 5     ; Signed Integer             ;
; delay_5ms      ; 6     ; Signed Integer             ;
+----------------+-------+----------------------------+
Note: In order to hide this table in the UI and the text report file, please set the "Show Parameter Settings in Synthesis Report" option in "Analysis and Synthesis Settings -> More Settings" to "Off".


+-------------------------------------------------------------------------+
; Parameter Settings for Inferred Entity Instance: LCD:u0|lpm_divide:Mod3 ;
+------------------------+----------------+-------------------------------+
; Parameter Name         ; Value          ; Type                          ;
+------------------------+----------------+-------------------------------+
; LPM_WIDTHN             ; 6              ; Untyped                       ;
; LPM_WIDTHD             ; 4              ; Untyped                       ;
; LPM_NREPRESENTATION    ; UNSIGNED       ; Untyped                       ;
; LPM_DREPRESENTATION    ; UNSIGNED       ; Untyped                       ;
; LPM_PIPELINE           ; 0              ; Untyped                       ;
; LPM_REMAINDERPOSITIVE  ; TRUE           ; Untyped                       ;
; MAXIMIZE_SPEED         ; 5              ; Untyped                       ;
; CBXI_PARAMETER         ; lpm_divide_gtl ; Untyped                       ;
; CARRY_CHAIN            ; MANUAL         ; Untyped                       ;
; OPTIMIZE_FOR_SPEED     ; 5              ; Untyped                       ;
; AUTO_CARRY_CHAINS      ; ON             ; AUTO_CARRY                    ;
; IGNORE_CARRY_BUFFERS   ; OFF            ; IGNORE_CARRY                  ;
; AUTO_CASCADE_CHAINS    ; ON             ; AUTO_CASCADE                  ;
; IGNORE_CASCADE_BUFFERS ; OFF            ; IGNORE_CASCADE                ;
+------------------------+----------------+-------------------------------+
Note: In order to hide this table in the UI and the text report file, please set the "Show Parameter Settings in Synthesis Report" option in "Analysis and Synthesis Settings -> More Settings" to "Off".


+-------------------------------------------------------------------------+
; Parameter Settings for Inferred Entity Instance: LCD:u0|lpm_divide:Div1 ;
+------------------------+----------------+-------------------------------+
; Parameter Name         ; Value          ; Type                          ;
+------------------------+----------------+-------------------------------+
; LPM_WIDTHN             ; 6              ; Untyped                       ;
; LPM_WIDTHD             ; 4              ; Untyped                       ;
; LPM_NREPRESENTATION    ; UNSIGNED       ; Untyped                       ;
; LPM_DREPRESENTATION    ; UNSIGNED       ; Untyped                       ;
; LPM_PIPELINE           ; 0              ; Untyped                       ;
; LPM_REMAINDERPOSITIVE  ; TRUE           ; Untyped                       ;
; MAXIMIZE_SPEED         ; 5              ; Untyped                       ;
; CBXI_PARAMETER         ; lpm_divide_d5m ; Untyped                       ;
; CARRY_CHAIN            ; MANUAL         ; Untyped                       ;
; OPTIMIZE_FOR_SPEED     ; 5              ; Untyped                       ;
; AUTO_CARRY_CHAINS      ; ON             ; AUTO_CARRY                    ;
; IGNORE_CARRY_BUFFERS   ; OFF            ; IGNORE_CARRY                  ;
; AUTO_CASCADE_CHAINS    ; ON             ; AUTO_CASCADE                  ;
; IGNORE_CASCADE_BUFFERS ; OFF            ; IGNORE_CASCADE                ;
+------------------------+----------------+-------------------------------+
Note: In order to hide this table in the UI and the text report file, please set the "Show Parameter Settings in Synthesis Report" option in "Analysis and Synthesis Settings -> More Settings" to "Off".


+-------------------------------------------------------------------------+
; Parameter Settings for Inferred Entity Instance: LCD:u0|lpm_divide:Mod2 ;
+------------------------+----------------+-------------------------------+
; Parameter Name         ; Value          ; Type                          ;
+------------------------+----------------+-------------------------------+
; LPM_WIDTHN             ; 6              ; Untyped                       ;
; LPM_WIDTHD             ; 4              ; Untyped                       ;
; LPM_NREPRESENTATION    ; UNSIGNED       ; Untyped                       ;
; LPM_DREPRESENTATION    ; UNSIGNED       ; Untyped                       ;
; LPM_PIPELINE           ; 0              ; Untyped                       ;
; LPM_REMAINDERPOSITIVE  ; TRUE           ; Untyped                       ;
; MAXIMIZE_SPEED         ; 5              ; Untyped                       ;
; CBXI_PARAMETER         ; lpm_divide_gtl ; Untyped                       ;
; CARRY_CHAIN            ; MANUAL         ; Untyped                       ;
; OPTIMIZE_FOR_SPEED     ; 5              ; Untyped                       ;
; AUTO_CARRY_CHAINS      ; ON             ; AUTO_CARRY                    ;
; IGNORE_CARRY_BUFFERS   ; OFF            ; IGNORE_CARRY                  ;
; AUTO_CASCADE_CHAINS    ; ON             ; AUTO_CASCADE                  ;
; IGNORE_CASCADE_BUFFERS ; OFF            ; IGNORE_CASCADE                ;
+------------------------+----------------+-------------------------------+
Note: In order to hide this table in the UI and the text report file, please set the "Show Parameter Settings in Synthesis Report" option in "Analysis and Synthesis Settings -> More Settings" to "Off".


+-------------------------------------------------------------------------+
; Parameter Settings for Inferred Entity Instance: LCD:u0|lpm_divide:Mod1 ;
+------------------------+----------------+-------------------------------+
; Parameter Name         ; Value          ; Type                          ;
+------------------------+----------------+-------------------------------+
; LPM_WIDTHN             ; 5              ; Untyped                       ;
; LPM_WIDTHD             ; 4              ; Untyped                       ;
; LPM_NREPRESENTATION    ; UNSIGNED       ; Untyped                       ;
; LPM_DREPRESENTATION    ; UNSIGNED       ; Untyped                       ;
; LPM_PIPELINE           ; 0              ; Untyped                       ;
; LPM_REMAINDERPOSITIVE  ; TRUE           ; Untyped                       ;
; MAXIMIZE_SPEED         ; 5              ; Untyped                       ;
; CBXI_PARAMETER         ; lpm_divide_ftl ; Untyped                       ;
; CARRY_CHAIN            ; MANUAL         ; Untyped                       ;
; OPTIMIZE_FOR_SPEED     ; 5              ; Untyped                       ;
; AUTO_CARRY_CHAINS      ; ON             ; AUTO_CARRY                    ;
; IGNORE_CARRY_BUFFERS   ; OFF            ; IGNORE_CARRY                  ;
; AUTO_CASCADE_CHAINS    ; ON             ; AUTO_CASCADE                  ;
; IGNORE_CASCADE_BUFFERS ; OFF            ; IGNORE_CASCADE                ;
+------------------------+----------------+-------------------------------+
Note: In order to hide this table in the UI and the text report file, please set the "Show Parameter Settings in Synthesis Report" option in "Analysis and Synthesis Settings -> More Settings" to "Off".


+-------------------------------------------------------------------------+
; Parameter Settings for Inferred Entity Instance: LCD:u0|lpm_divide:Div0 ;
+------------------------+----------------+-------------------------------+
; Parameter Name         ; Value          ; Type                          ;
+------------------------+----------------+-------------------------------+
; LPM_WIDTHN             ; 5              ; Untyped                       ;
; LPM_WIDTHD             ; 4              ; Untyped                       ;
; LPM_NREPRESENTATION    ; UNSIGNED       ; Untyped                       ;
; LPM_DREPRESENTATION    ; UNSIGNED       ; Untyped                       ;
; LPM_PIPELINE           ; 0              ; Untyped                       ;
; LPM_REMAINDERPOSITIVE  ; TRUE           ; Untyped                       ;
; MAXIMIZE_SPEED         ; 5              ; Untyped                       ;
; CBXI_PARAMETER         ; lpm_divide_c5m ; Untyped                       ;
; CARRY_CHAIN            ; MANUAL         ; Untyped                       ;
; OPTIMIZE_FOR_SPEED     ; 5              ; Untyped                       ;
; AUTO_CARRY_CHAINS      ; ON             ; AUTO_CARRY                    ;
; IGNORE_CARRY_BUFFERS   ; OFF            ; IGNORE_CARRY                  ;
; AUTO_CASCADE_CHAINS    ; ON             ; AUTO_CASCADE                  ;
; IGNORE_CASCADE_BUFFERS ; OFF            ; IGNORE_CASCADE                ;
+------------------------+----------------+-------------------------------+
Note: In order to hide this table in the UI and the text report file, please set the "Show Parameter Settings in Synthesis Report" option in "Analysis and Synthesis Settings -> More Settings" to "Off".


+-------------------------------------------------------------------------+
; Parameter Settings for Inferred Entity Instance: LCD:u0|lpm_divide:Mod0 ;
+------------------------+----------------+-------------------------------+
; Parameter Name         ; Value          ; Type                          ;
+------------------------+----------------+-------------------------------+
; LPM_WIDTHN             ; 5              ; Untyped                       ;
; LPM_WIDTHD             ; 4              ; Untyped                       ;
; LPM_NREPRESENTATION    ; UNSIGNED       ; Untyped                       ;
; LPM_DREPRESENTATION    ; UNSIGNED       ; Untyped                       ;
; LPM_PIPELINE           ; 0              ; Untyped                       ;
; LPM_REMAINDERPOSITIVE  ; TRUE           ; Untyped                       ;
; MAXIMIZE_SPEED         ; 5              ; Untyped                       ;
; CBXI_PARAMETER         ; lpm_divide_ftl ; Untyped                       ;
; CARRY_CHAIN            ; MANUAL         ; Untyped                       ;
; OPTIMIZE_FOR_SPEED     ; 5              ; Untyped                       ;
; AUTO_CARRY_CHAINS      ; ON             ; AUTO_CARRY                    ;
; IGNORE_CARRY_BUFFERS   ; OFF            ; IGNORE_CARRY                  ;
; AUTO_CASCADE_CHAINS    ; ON             ; AUTO_CASCADE                  ;
; IGNORE_CASCADE_BUFFERS ; OFF            ; IGNORE_CASCADE                ;
+------------------------+----------------+-------------------------------+
Note: In order to hide this table in the UI and the text report file, please set the "Show Parameter Settings in Synthesis Report" option in "Analysis and Synthesis Settings -> More Settings" to "Off".


+-------------------------------------------------------------------------+
; Parameter Settings for Inferred Entity Instance: LCD:u0|lpm_divide:Div2 ;
+------------------------+----------------+-------------------------------+
; Parameter Name         ; Value          ; Type                          ;
+------------------------+----------------+-------------------------------+
; LPM_WIDTHN             ; 6              ; Untyped                       ;
; LPM_WIDTHD             ; 4              ; Untyped                       ;
; LPM_NREPRESENTATION    ; UNSIGNED       ; Untyped                       ;
; LPM_DREPRESENTATION    ; UNSIGNED       ; Untyped                       ;
; LPM_PIPELINE           ; 0              ; Untyped                       ;
; LPM_REMAINDERPOSITIVE  ; TRUE           ; Untyped                       ;
; MAXIMIZE_SPEED         ; 5              ; Untyped                       ;
; CBXI_PARAMETER         ; lpm_divide_d5m ; Untyped                       ;
; CARRY_CHAIN            ; MANUAL         ; Untyped                       ;
; OPTIMIZE_FOR_SPEED     ; 5              ; Untyped                       ;
; AUTO_CARRY_CHAINS      ; ON             ; AUTO_CARRY                    ;
; IGNORE_CARRY_BUFFERS   ; OFF            ; IGNORE_CARRY                  ;
; AUTO_CASCADE_CHAINS    ; ON             ; AUTO_CASCADE                  ;
; IGNORE_CASCADE_BUFFERS ; OFF            ; IGNORE_CASCADE                ;
+------------------------+----------------+-------------------------------+
Note: In order to hide this table in the UI and the text report file, please set the "Show Parameter Settings in Synthesis Report" option in "Analysis and Synthesis Settings -> More Settings" to "Off".


+-------------------------------------------------------------------------+
; Parameter Settings for Inferred Entity Instance: LCD:u0|lpm_divide:Mod4 ;
+------------------------+----------------+-------------------------------+
; Parameter Name         ; Value          ; Type                          ;
+------------------------+----------------+-------------------------------+
; LPM_WIDTHN             ; 6              ; Untyped                       ;
; LPM_WIDTHD             ; 4              ; Untyped                       ;
; LPM_NREPRESENTATION    ; UNSIGNED       ; Untyped                       ;
; LPM_DREPRESENTATION    ; UNSIGNED       ; Untyped                       ;
; LPM_PIPELINE           ; 0              ; Untyped                       ;
; LPM_REMAINDERPOSITIVE  ; TRUE           ; Untyped                       ;
; MAXIMIZE_SPEED         ; 5              ; Untyped                       ;
; CBXI_PARAMETER         ; lpm_divide_gtl ; Untyped                       ;
; CARRY_CHAIN            ; MANUAL         ; Untyped                       ;
; OPTIMIZE_FOR_SPEED     ; 5              ; Untyped                       ;
; AUTO_CARRY_CHAINS      ; ON             ; AUTO_CARRY                    ;
; IGNORE_CARRY_BUFFERS   ; OFF            ; IGNORE_CARRY                  ;
; AUTO_CASCADE_CHAINS    ; ON             ; AUTO_CASCADE                  ;
; IGNORE_CASCADE_BUFFERS ; OFF            ; IGNORE_CASCADE                ;
+------------------------+----------------+-------------------------------+
Note: In order to hide this table in the UI and the text report file, please set the "Show Parameter Settings in Synthesis Report" option in "Analysis and Synthesis Settings -> More Settings" to "Off".


+-------------------------------------------------------------------------+
; Parameter Settings for Inferred Entity Instance: LCD:u0|lpm_divide:Mod5 ;
+------------------------+----------------+-------------------------------+
; Parameter Name         ; Value          ; Type                          ;
+------------------------+----------------+-------------------------------+
; LPM_WIDTHN             ; 6              ; Untyped                       ;
; LPM_WIDTHD             ; 4              ; Untyped                       ;
; LPM_NREPRESENTATION    ; UNSIGNED       ; Untyped                       ;
; LPM_DREPRESENTATION    ; UNSIGNED       ; Untyped                       ;
; LPM_PIPELINE           ; 0              ; Untyped                       ;
; LPM_REMAINDERPOSITIVE  ; TRUE           ; Untyped                       ;
; MAXIMIZE_SPEED         ; 5              ; Untyped                       ;
; CBXI_PARAMETER         ; lpm_divide_gtl ; Untyped                       ;
; CARRY_CHAIN            ; MANUAL         ; Untyped                       ;
; OPTIMIZE_FOR_SPEED     ; 5              ; Untyped                       ;
; AUTO_CARRY_CHAINS      ; ON             ; AUTO_CARRY                    ;
; IGNORE_CARRY_BUFFERS   ; OFF            ; IGNORE_CARRY                  ;
; AUTO_CASCADE_CHAINS    ; ON             ; AUTO_CASCADE                  ;
; IGNORE_CASCADE_BUFFERS ; OFF            ; IGNORE_CASCADE                ;
+------------------------+----------------+-------------------------------+
Note: In order to hide this table in the UI and the text report file, please set the "Show Parameter Settings in Synthesis Report" option in "Analysis and Synthesis Settings -> More Settings" to "Off".


+---------------------------------------------------------------------------------+
; Parameter Settings for Inferred Entity Instance: clock_basic:u1|lpm_divide:Mod1 ;
+------------------------+----------------+---------------------------------------+
; Parameter Name         ; Value          ; Type                                  ;
+------------------------+----------------+---------------------------------------+
; LPM_WIDTHN             ; 7              ; Untyped                               ;
; LPM_WIDTHD             ; 6              ; Untyped                               ;
; LPM_NREPRESENTATION    ; UNSIGNED       ; Untyped                               ;
; LPM_DREPRESENTATION    ; UNSIGNED       ; Untyped                               ;
; LPM_PIPELINE           ; 0              ; Untyped                               ;
; LPM_REMAINDERPOSITIVE  ; TRUE           ; Untyped                               ;
; MAXIMIZE_SPEED         ; 5              ; Untyped                               ;
; CBXI_PARAMETER         ; lpm_divide_jtl ; Untyped                               ;
; CARRY_CHAIN            ; MANUAL         ; Untyped                               ;
; OPTIMIZE_FOR_SPEED     ; 5              ; Untyped                               ;
; AUTO_CARRY_CHAINS      ; ON             ; AUTO_CARRY                            ;
; IGNORE_CARRY_BUFFERS   ; OFF            ; IGNORE_CARRY                          ;
; AUTO_CASCADE_CHAINS    ; ON             ; AUTO_CASCADE                          ;
; IGNORE_CASCADE_BUFFERS ; OFF            ; IGNORE_CASCADE                        ;
+------------------------+----------------+---------------------------------------+
Note: In order to hide this table in the UI and the text report file, please set the "Show Parameter Settings in Synthesis Report" option in "Analysis and Synthesis Settings -> More Settings" to "Off".


+---------------------------------------------------------------------------------+
; Parameter Settings for Inferred Entity Instance: clock_basic:u1|lpm_divide:Mod0 ;
+------------------------+----------------+---------------------------------------+
; Parameter Name         ; Value          ; Type                                  ;
+------------------------+----------------+---------------------------------------+
; LPM_WIDTHN             ; 6              ; Untyped                               ;
; LPM_WIDTHD             ; 5              ; Untyped                               ;
; LPM_NREPRESENTATION    ; UNSIGNED       ; Untyped                               ;
; LPM_DREPRESENTATION    ; UNSIGNED       ; Untyped                               ;
; LPM_PIPELINE           ; 0              ; Untyped                               ;
; LPM_REMAINDERPOSITIVE  ; TRUE           ; Untyped                               ;
; MAXIMIZE_SPEED         ; 5              ; Untyped                               ;
; CBXI_PARAMETER         ; lpm_divide_htl ; Untyped                               ;
; CARRY_CHAIN            ; MANUAL         ; Untyped                               ;
; OPTIMIZE_FOR_SPEED     ; 5              ; Untyped                               ;
; AUTO_CARRY_CHAINS      ; ON             ; AUTO_CARRY                            ;
; IGNORE_CARRY_BUFFERS   ; OFF            ; IGNORE_CARRY                          ;
; AUTO_CASCADE_CHAINS    ; ON             ; AUTO_CASCADE                          ;
; IGNORE_CASCADE_BUFFERS ; OFF            ; IGNORE_CASCADE                        ;
+------------------------+----------------+---------------------------------------+
Note: In order to hide this table in the UI and the text report file, please set the "Show Parameter Settings in Synthesis Report" option in "Analysis and Synthesis Settings -> More Settings" to "Off".


+-------------------------------+
; Elapsed Time Per Partition    ;
+----------------+--------------+
; Partition Name ; Elapsed Time ;
+----------------+--------------+
; Top            ; 00:00:02     ;
+----------------+--------------+


+-------------------------------+
; Analysis & Synthesis Messages ;
+-------------------------------+
Info: *******************************************************************
Info: Running Quartus II Analysis & Synthesis
    Info: Version 11.0 Build 208 07/03/2011 Service Pack 1 SJ Web Edition
    Info: Processing started: Thu Sep 01 11:15:38 2016
Info: Command: quartus_map --read_settings_files=on --write_settings_files=off LCD_TopModule -c LCD_TopModule
Warning: Parallel compilation is not licensed and has been disabled
Info: Found 1 design units, including 1 entities, in source file lcd.v
    Info: Found entity 1: LCD
Info: Found 1 design units, including 1 entities, in source file clock_basic.v
    Info: Found entity 1: clock_basic
Info: Found 1 design units, including 1 entities, in source file lcd_topmodule.v
    Info: Found entity 1: LCD_TopModule
Info: Elaborating entity "LCD_TopModule" for the top level hierarchy
Info: Elaborating entity "LCD" for hierarchy "LCD:u0"
Warning (10230): Verilog HDL assignment warning at LCD.v(33): truncated value with size 32 to match size of target (8)
Warning (10230): Verilog HDL assignment warning at LCD.v(34): truncated value with size 32 to match size of target (8)
Warning (10230): Verilog HDL assignment warning at LCD.v(35): truncated value with size 32 to match size of target (8)
Warning (10230): Verilog HDL assignment warning at LCD.v(36): truncated value with size 32 to match size of target (8)
Warning (10230): Verilog HDL assignment warning at LCD.v(37): truncated value with size 32 to match size of target (8)
Warning (10230): Verilog HDL assignment warning at LCD.v(38): truncated value with size 32 to match size of target (8)
Warning (10230): Verilog HDL assignment warning at LCD.v(53): truncated value with size 32 to match size of target (5)
Warning (10230): Verilog HDL assignment warning at LCD.v(60): truncated value with size 5 to match size of target (1)
Warning (10230): Verilog HDL assignment warning at LCD.v(64): truncated value with size 5 to match size of target (1)
Warning (10230): Verilog HDL assignment warning at LCD.v(65): truncated value with size 32 to match size of target (1)
Warning (10230): Verilog HDL assignment warning at LCD.v(68): truncated value with size 5 to match size of target (1)
Warning (10230): Verilog HDL assignment warning at LCD.v(77): truncated value with size 32 to match size of target (6)
Warning (10235): Verilog HDL Always Construct warning at LCD.v(168): variable "h10" is read inside the Always Construct but isn't in the Always Construct's Event Control
Warning (10235): Verilog HDL Always Construct warning at LCD.v(169): variable "h1" is read inside the Always Construct but isn't in the Always Construct's Event Control
Warning (10235): Verilog HDL Always Construct warning at LCD.v(171): variable "m10" is read inside the Always Construct but isn't in the Always Construct's Event Control
Warning (10235): Verilog HDL Always Construct warning at LCD.v(172): variable "m1" is read inside the Always Construct but isn't in the Always Construct's Event Control
Warning (10235): Verilog HDL Always Construct warning at LCD.v(174): variable "s10" is read inside the Always Construct but isn't in the Always Construct's Event Control
Warning (10235): Verilog HDL Always Construct warning at LCD.v(175): variable "s1" is read inside the Always Construct but isn't in the Always Construct's Event Control
Info: Elaborating entity "clock_basic" for hierarchy "clock_basic:u1"
Warning (10230): Verilog HDL assignment warning at clock_basic.v(27): truncated value with size 32 to match size of target (5)
Warning (10230): Verilog HDL assignment warning at clock_basic.v(29): truncated value with size 32 to match size of target (6)
Warning (10230): Verilog HDL assignment warning at clock_basic.v(31): truncated value with size 32 to match size of target (6)
Warning (10230): Verilog HDL assignment warning at clock_basic.v(33): truncated value with size 32 to match size of target (28)
Warning (10230): Verilog HDL assignment warning at clock_basic.v(34): truncated value with size 32 to match size of target (5)
Warning (10230): Verilog HDL assignment warning at clock_basic.v(35): truncated value with size 32 to match size of target (6)
Info: Inferred 11 megafunctions from design logic
    Info: Inferred divider/modulo megafunction ("lpm_divide") from the following logic: "LCD:u0|Mod3"
    Info: Inferred divider/modulo megafunction ("lpm_divide") from the following logic: "LCD:u0|Div1"
    Info: Inferred divider/modulo megafunction ("lpm_divide") from the following logic: "LCD:u0|Mod2"
    Info: Inferred divider/modulo megafunction ("lpm_divide") from the following logic: "LCD:u0|Mod1"
    Info: Inferred divider/modulo megafunction ("lpm_divide") from the following logic: "LCD:u0|Div0"
    Info: Inferred divider/modulo megafunction ("lpm_divide") from the following logic: "LCD:u0|Mod0"
    Info: Inferred divider/modulo megafunction ("lpm_divide") from the following logic: "LCD:u0|Div2"
    Info: Inferred divider/modulo megafunction ("lpm_divide") from the following logic: "LCD:u0|Mod4"
    Info: Inferred divider/modulo megafunction ("lpm_divide") from the following logic: "LCD:u0|Mod5"
    Info: Inferred divider/modulo megafunction ("lpm_divide") from the following logic: "clock_basic:u1|Mod1"
    Info: Inferred divider/modulo megafunction ("lpm_divide") from the following logic: "clock_basic:u1|Mod0"
Info: Elaborated megafunction instantiation "LCD:u0|lpm_divide:Mod3"
Info: Instantiated megafunction "LCD:u0|lpm_divide:Mod3" with the following parameter:
    Info: Parameter "LPM_WIDTHN" = "6"
    Info: Parameter "LPM_WIDTHD" = "4"
    Info: Parameter "LPM_NREPRESENTATION" = "UNSIGNED"
    Info: Parameter "LPM_DREPRESENTATION" = "UNSIGNED"
Info: Found 1 design units, including 1 entities, in source file db/lpm_divide_gtl.tdf
    Info: Found entity 1: lpm_divide_gtl
Info: Found 1 design units, including 1 entities, in source file db/sign_div_unsign_9kh.tdf
    Info: Found entity 1: sign_div_unsign_9kh
Info: Found 1 design units, including 1 entities, in source file db/alt_u_div_2oe.tdf
    Info: Found entity 1: alt_u_div_2oe
Info: Found 1 design units, including 1 entities, in source file db/add_sub_3dc.tdf
    Info: Found entity 1: add_sub_3dc
Info: Found 1 design units, including 1 entities, in source file db/add_sub_4dc.tdf
    Info: Found entity 1: add_sub_4dc
Info: Found 1 design units, including 1 entities, in source file db/add_sub_5dc.tdf
    Info: Found entity 1: add_sub_5dc
Info: Found 1 design units, including 1 entities, in source file db/add_sub_6dc.tdf
    Info: Found entity 1: add_sub_6dc
Info: Found 1 design units, including 1 entities, in source file db/add_sub_7dc.tdf
    Info: Found entity 1: add_sub_7dc
Info: Elaborated megafunction instantiation "LCD:u0|lpm_divide:Div1"
Info: Instantiated megafunction "LCD:u0|lpm_divide:Div1" with the following parameter:
    Info: Parameter "LPM_WIDTHN" = "6"
    Info: Parameter "LPM_WIDTHD" = "4"
    Info: Parameter "LPM_NREPRESENTATION" = "UNSIGNED"
    Info: Parameter "LPM_DREPRESENTATION" = "UNSIGNED"
Info: Found 1 design units, including 1 entities, in source file db/lpm_divide_d5m.tdf
    Info: Found entity 1: lpm_divide_d5m
Info: Elaborated megafunction instantiation "LCD:u0|lpm_divide:Mod1"
Info: Instantiated megafunction "LCD:u0|lpm_divide:Mod1" with the following parameter:
    Info: Parameter "LPM_WIDTHN" = "5"
    Info: Parameter "LPM_WIDTHD" = "4"
    Info: Parameter "LPM_NREPRESENTATION" = "UNSIGNED"
    Info: Parameter "LPM_DREPRESENTATION" = "UNSIGNED"
Info: Found 1 design units, including 1 entities, in source file db/lpm_divide_ftl.tdf
    Info: Found entity 1: lpm_divide_ftl
Info: Found 1 design units, including 1 entities, in source file db/sign_div_unsign_8kh.tdf
    Info: Found entity 1: sign_div_unsign_8kh
Info: Found 1 design units, including 1 entities, in source file db/alt_u_div_0oe.tdf
    Info: Found entity 1: alt_u_div_0oe
Info: Elaborated megafunction instantiation "LCD:u0|lpm_divide:Div0"
Info: Instantiated megafunction "LCD:u0|lpm_divide:Div0" with the following parameter:
    Info: Parameter "LPM_WIDTHN" = "5"
    Info: Parameter "LPM_WIDTHD" = "4"
    Info: Parameter "LPM_NREPRESENTATION" = "UNSIGNED"
    Info: Parameter "LPM_DREPRESENTATION" = "UNSIGNED"
Info: Found 1 design units, including 1 entities, in source file db/lpm_divide_c5m.tdf
    Info: Found entity 1: lpm_divide_c5m
Info: Elaborated megafunction instantiation "clock_basic:u1|lpm_divide:Mod1"
Info: Instantiated megafunction "clock_basic:u1|lpm_divide:Mod1" with the following parameter:
    Info: Parameter "LPM_WIDTHN" = "7"
    Info: Parameter "LPM_WIDTHD" = "6"
    Info: Parameter "LPM_NREPRESENTATION" = "UNSIGNED"
    Info: Parameter "LPM_DREPRESENTATION" = "UNSIGNED"
Info: Found 1 design units, including 1 entities, in source file db/lpm_divide_jtl.tdf
    Info: Found entity 1: lpm_divide_jtl
Info: Found 1 design units, including 1 entities, in source file db/sign_div_unsign_ckh.tdf
    Info: Found entity 1: sign_div_unsign_ckh
Info: Found 1 design units, including 1 entities, in source file db/alt_u_div_8oe.tdf
    Info: Found entity 1: alt_u_div_8oe
Info: Found 1 design units, including 1 entities, in source file db/add_sub_8dc.tdf
    Info: Found entity 1: add_sub_8dc
Info: Found 1 design units, including 1 entities, in source file db/add_sub_9dc.tdf
    Info: Found entity 1: add_sub_9dc
Info: Elaborated megafunction instantiation "clock_basic:u1|lpm_divide:Mod0"
Info: Instantiated megafunction "clock_basic:u1|lpm_divide:Mod0" with the following parameter:
    Info: Parameter "LPM_WIDTHN" = "6"
    Info: Parameter "LPM_WIDTHD" = "5"
    Info: Parameter "LPM_NREPRESENTATION" = "UNSIGNED"
    Info: Parameter "LPM_DREPRESENTATION" = "UNSIGNED"
Info: Found 1 design units, including 1 entities, in source file db/lpm_divide_htl.tdf
    Info: Found entity 1: lpm_divide_htl
Info: Found 1 design units, including 1 entities, in source file db/sign_div_unsign_akh.tdf
    Info: Found entity 1: sign_div_unsign_akh
Info: Found 1 design units, including 1 entities, in source file db/alt_u_div_4oe.tdf
    Info: Found entity 1: alt_u_div_4oe
Warning: Output pins are stuck at VCC or GND
    Warning (13410): Pin "lcd_rw" is stuck at GND
Info: 3 registers lost all their fanouts during netlist optimizations. The first 3 are displayed below.
    Info: Register "LCD:u0|state~4" lost all its fanouts during netlist optimizations.
    Info: Register "LCD:u0|state~5" lost all its fanouts during netlist optimizations.
    Info: Register "LCD:u0|state~6" lost all its fanouts during netlist optimizations.
Info: Generating hard_block partition "hard_block:auto_generated_inst"
Info: Implemented 458 device resources after synthesis - the final resource count might be different
    Info: Implemented 4 input pins
    Info: Implemented 11 output pins
    Info: Implemented 443 logic cells
Info: Quartus II Analysis & Synthesis was successful. 0 errors, 27 warnings
    Info: Peak virtual memory: 259 megabytes
    Info: Processing ended: Thu Sep 01 11:15:42 2016
    Info: Elapsed time: 00:00:04
    Info: Total CPU time (on all processors): 00:00:03


