Assembler report for Keypad
Mon Oct 31 11:43:02 2016
Quartus II Version 11.0 Build 208 07/03/2011 Service Pack 1 SJ Web Edition


---------------------
; Table of Contents ;
---------------------
  1. Legal Notice
  2. Assembler Summary
  3. Assembler Settings
  4. Assembler Generated Files
  5. Assembler Device Options: C:/Users/user/Desktop/Keypad/Keypad.sof
  6. Assembler Device Options: C:/Users/user/Desktop/Keypad/Keypad.pof
  7. Assembler Messages



----------------
; Legal Notice ;
----------------
Copyright (C) 1991-2011 Altera Corporation
Your use of Altera Corporation's design tools, logic functions 
and other software and tools, and its AMPP partner logic 
functions, and any output files from any of the foregoing 
(including device programming or simulation files), and any 
associated documentation or information are expressly subject 
to the terms and conditions of the Altera Program License 
Subscription Agreement, Altera MegaCore Function License 
Agreement, or other applicable license agreement, including, 
without limitation, that your use is for the sole purpose of 
programming logic devices manufactured by Altera and sold by 
Altera or its authorized distributors.  Please refer to the 
applicable agreement for further details.



+---------------------------------------------------------------+
; Assembler Summary                                             ;
+-----------------------+---------------------------------------+
; Assembler Status      ; Successful - Mon Oct 31 11:43:02 2016 ;
; Revision Name         ; Keypad                                ;
; Top-level Entity Name ; Keypad                                ;
; Family                ; Cyclone                               ;
; Device                ; EP1C6Q240C8                           ;
+-----------------------+---------------------------------------+


+--------------------------------------------------------------------------------------------------------+
; Assembler Settings                                                                                     ;
+-----------------------------------------------------------------------------+----------+---------------+
; Option                                                                      ; Setting  ; Default Value ;
+-----------------------------------------------------------------------------+----------+---------------+
; Use smart compilation                                                       ; Off      ; Off           ;
; Enable parallel Assembler and TimeQuest Timing Analyzer during compilation  ; On       ; On            ;
; Enable compact report table                                                 ; Off      ; Off           ;
; Generate compressed bitstreams                                              ; On       ; On            ;
; Compression mode                                                            ; Off      ; Off           ;
; Clock source for configuration device                                       ; Internal ; Internal      ;
; Clock frequency of the configuration device                                 ; 10 MHZ   ; 10 MHz        ;
; Divide clock frequency by                                                   ; 1        ; 1             ;
; Auto user code                                                              ; Off      ; Off           ;
; Use configuration device                                                    ; On       ; On            ;
; Configuration device                                                        ; Auto     ; Auto          ;
; Configuration device auto user code                                         ; Off      ; Off           ;
; Auto-increment JTAG user code for multiple configuration devices            ; On       ; On            ;
; Generate Tabular Text File (.ttf) For Target Device                         ; Off      ; Off           ;
; Generate Raw Binary File (.rbf) For Target Device                           ; Off      ; Off           ;
; Generate Hexadecimal (Intel-Format) Output File (.hexout) for Target Device ; Off      ; Off           ;
; Hexadecimal Output File start address                                       ; 0        ; 0             ;
; Hexadecimal Output File count direction                                     ; Up       ; Up            ;
; Release clears before tri-states                                            ; Off      ; Off           ;
; Auto-restart configuration after error                                      ; On       ; On            ;
; Generate Serial Vector Format File (.svf) for Target Device                 ; Off      ; Off           ;
; Generate a JEDEC STAPL Format File (.jam) for Target Device                 ; Off      ; Off           ;
; Generate a compressed Jam STAPL Byte Code 2.0 File (.jbc) for Target Device ; Off      ; Off           ;
; Generate a compressed Jam STAPL Byte Code 2.0 File (.jbc) for Target Device ; On       ; On            ;
+-----------------------------------------------------------------------------+----------+---------------+


+-----------------------------------------+
; Assembler Generated Files               ;
+-----------------------------------------+
; File Name                               ;
+-----------------------------------------+
; C:/Users/user/Desktop/Keypad/Keypad.sof ;
; C:/Users/user/Desktop/Keypad/Keypad.pof ;
+-----------------------------------------+


+-------------------------------------------------------------------+
; Assembler Device Options: C:/Users/user/Desktop/Keypad/Keypad.sof ;
+----------------+--------------------------------------------------+
; Option         ; Setting                                          ;
+----------------+--------------------------------------------------+
; Device         ; EP1C6Q240C8                                      ;
; JTAG usercode  ; 0xFFFFFFFF                                       ;
; Checksum       ; 0x0009A5B3                                       ;
+----------------+--------------------------------------------------+


+-------------------------------------------------------------------+
; Assembler Device Options: C:/Users/user/Desktop/Keypad/Keypad.pof ;
+--------------------+----------------------------------------------+
; Option             ; Setting                                      ;
+--------------------+----------------------------------------------+
; Device             ; EPCS4                                        ;
; JTAG usercode      ; 0x00000000                                   ;
; Checksum           ; 0x075CBDCE                                   ;
; Compression Ratio  ; 3                                            ;
+--------------------+----------------------------------------------+


+--------------------+
; Assembler Messages ;
+--------------------+
Info: *******************************************************************
Info: Running Quartus II Assembler
    Info: Version 11.0 Build 208 07/03/2011 Service Pack 1 SJ Web Edition
    Info: Processing started: Mon Oct 31 11:43:02 2016
Info: Command: quartus_asm --read_settings_files=off --write_settings_files=off Keypad -c Keypad
Info: Assembler is generating device programming files
Info: Quartus II Assembler was successful. 0 errors, 0 warnings
    Info: Peak virtual memory: 232 megabytes
    Info: Processing ended: Mon Oct 31 11:43:02 2016
    Info: Elapsed time: 00:00:00
    Info: Total CPU time (on all processors): 00:00:01


