Flow report for FSM_Moore
Tue Apr 26 10:45:07 2016
Quartus II Version 11.0 Build 208 07/03/2011 Service Pack 1 SJ Web Edition


---------------------
; Table of Contents ;
---------------------
  1. Legal Notice
  2. Flow Summary
  3. Flow Settings
  4. Flow Non-Default Global Settings
  5. Flow Elapsed Time
  6. Flow OS Summary
  7. Flow Log



----------------
; Legal Notice ;
----------------
Copyright (C) 1991-2011 Altera Corporation
Your use of Altera Corporation's design tools, logic functions 
and other software and tools, and its AMPP partner logic 
functions, and any output files from any of the foregoing 
(including device programming or simulation files), and any 
associated documentation or information are expressly subject 
to the terms and conditions of the Altera Program License 
Subscription Agreement, Altera MegaCore Function License 
Agreement, or other applicable license agreement, including, 
without limitation, that your use is for the sole purpose of 
programming logic devices manufactured by Altera and sold by 
Altera or its authorized distributors.  Please refer to the 
applicable agreement for further details.



+-----------------------------------------------------------------------+
; Flow Summary                                                          ;
+-----------------------+-----------------------------------------------+
; Flow Status           ; Successful - Tue Apr 26 10:45:07 2016         ;
; Quartus II Version    ; 11.0 Build 208 07/03/2011 SP 1 SJ Web Edition ;
; Revision Name         ; FSM_Moore                                     ;
; Top-level Entity Name ; FSM_Moore                                     ;
; Family                ; Cyclone                                       ;
; Device                ; EP1C6Q240C8                                   ;
; Timing Models         ; Final                                         ;
; Total logic elements  ; 6 / 5,980 ( < 1 % )                           ;
; Total pins            ; 6 / 185 ( 3 % )                               ;
; Total virtual pins    ; 0                                             ;
; Total memory bits     ; 0 / 92,160 ( 0 % )                            ;
; Total PLLs            ; 0 / 2 ( 0 % )                                 ;
+-----------------------+-----------------------------------------------+


+-----------------------------------------+
; Flow Settings                           ;
+-------------------+---------------------+
; Option            ; Setting             ;
+-------------------+---------------------+
; Start date & time ; 04/26/2016 10:44:59 ;
; Main task         ; Compilation         ;
; Revision Name     ; FSM_Moore           ;
+-------------------+---------------------+


+------------------------------------------------------------------------------------------------------------------+
; Flow Non-Default Global Settings                                                                                 ;
+--------------------------------------+----------------------------+---------------+-------------+----------------+
; Assignment Name                      ; Value                      ; Default Value ; Entity Name ; Section Id     ;
+--------------------------------------+----------------------------+---------------+-------------+----------------+
; COMPILER_SIGNATURE_ID                ; 5072318359.146163509905608 ; --            ; --          ; --             ;
; EDA_DESIGN_INSTANCE_NAME             ; NA                         ; --            ; --          ; tb_FSM_Moore   ;
; EDA_NATIVELINK_SIMULATION_TEST_BENCH ; tb_FSM_Moore               ; --            ; --          ; eda_simulation ;
; EDA_OUTPUT_DATA_FORMAT               ; Verilog Hdl                ; --            ; --          ; eda_simulation ;
; EDA_SIMULATION_TOOL                  ; ModelSim-Altera (Verilog)  ; <None>        ; --          ; --             ;
; EDA_TEST_BENCH_ENABLE_STATUS         ; TEST_BENCH_MODE            ; --            ; --          ; eda_simulation ;
; EDA_TEST_BENCH_FILE                  ; tb_FSM_Moore.v             ; --            ; --          ; tb_FSM_Moore   ;
; EDA_TEST_BENCH_MODULE_NAME           ; tb_FSM_Moore               ; --            ; --          ; tb_FSM_Moore   ;
; EDA_TEST_BENCH_NAME                  ; tb_FSM_Moore               ; --            ; --          ; eda_simulation ;
; EDA_TIME_SCALE                       ; 1 ns                       ; --            ; --          ; eda_simulation ;
; MAX_CORE_JUNCTION_TEMP               ; 85                         ; --            ; --          ; --             ;
; MIN_CORE_JUNCTION_TEMP               ; 0                          ; --            ; --          ; --             ;
; PARTITION_COLOR                      ; 16764057                   ; --            ; --          ; Top            ;
; PARTITION_FITTER_PRESERVATION_LEVEL  ; PLACEMENT_AND_ROUTING      ; --            ; --          ; Top            ;
; PARTITION_NETLIST_TYPE               ; SOURCE                     ; --            ; --          ; Top            ;
+--------------------------------------+----------------------------+---------------+-------------+----------------+


+-------------------------------------------------------------------------------------------------------------------------------+
; Flow Elapsed Time                                                                                                             ;
+---------------------------+--------------+-------------------------+---------------------+------------------------------------+
; Module Name               ; Elapsed Time ; Average Processors Used ; Peak Virtual Memory ; Total CPU Time (on all processors) ;
+---------------------------+--------------+-------------------------+---------------------+------------------------------------+
; Analysis & Synthesis      ; 00:00:01     ; 1.0                     ; 244 MB              ; 00:00:01                           ;
; Fitter                    ; 00:00:02     ; 1.0                     ; 293 MB              ; 00:00:01                           ;
; Assembler                 ; 00:00:03     ; 1.0                     ; 234 MB              ; 00:00:01                           ;
; TimeQuest Timing Analyzer ; 00:00:03     ; 1.0                     ; 223 MB              ; 00:00:03                           ;
; EDA Netlist Writer        ; 00:00:00     ; 1.0                     ; 208 MB              ; 00:00:00                           ;
; Total                     ; 00:00:09     ; --                      ; --                  ; 00:00:06                           ;
+---------------------------+--------------+-------------------------+---------------------+------------------------------------+


+----------------------------------------------------------------------------------------+
; Flow OS Summary                                                                        ;
+---------------------------+------------------+-----------+------------+----------------+
; Module Name               ; Machine Hostname ; OS Name   ; OS Version ; Processor type ;
+---------------------------+------------------+-----------+------------+----------------+
; Analysis & Synthesis      ; pc05             ; Windows 7 ; 6.1        ; i686           ;
; Fitter                    ; pc05             ; Windows 7 ; 6.1        ; i686           ;
; Assembler                 ; pc05             ; Windows 7 ; 6.1        ; i686           ;
; TimeQuest Timing Analyzer ; pc05             ; Windows 7 ; 6.1        ; i686           ;
; EDA Netlist Writer        ; pc05             ; Windows 7 ; 6.1        ; i686           ;
+---------------------------+------------------+-----------+------------+----------------+


------------
; Flow Log ;
------------
quartus_map --read_settings_files=on --write_settings_files=off FSM_Moore -c FSM_Moore
quartus_fit --read_settings_files=off --write_settings_files=off FSM_Moore -c FSM_Moore
quartus_asm --read_settings_files=off --write_settings_files=off FSM_Moore -c FSM_Moore
quartus_sta FSM_Moore -c FSM_Moore
quartus_eda --read_settings_files=off --write_settings_files=off FSM_Moore -c FSM_Moore



