Analysis & Synthesis report for ADC_PWM
Tue Jun 28 10:34:36 2016
Quartus II Version 11.0 Build 208 07/03/2011 Service Pack 1 SJ Web Edition


---------------------
; Table of Contents ;
---------------------
  1. Legal Notice
  2. Analysis & Synthesis Summary
  3. Analysis & Synthesis Settings
  4. Parallel Compilation
  5. Analysis & Synthesis Source Files Read
  6. Analysis & Synthesis Resource Usage Summary
  7. Analysis & Synthesis Resource Utilization by Entity
  8. State Machine - |ADC_PWM|adc_1:u0|n_state
  9. State Machine - |ADC_PWM|adc_1:u0|c_state
 10. Registers Removed During Synthesis
 11. General Register Statistics
 12. Multiplexer Restructuring Statistics (Restructuring Performed)
 13. Parameter Settings for User Entity Instance: adc_1:u0
 14. Port Connectivity Checks: "adc_1:u0"
 15. Elapsed Time Per Partition
 16. Analysis & Synthesis Messages
 17. Analysis & Synthesis Suppressed Messages



----------------
; Legal Notice ;
----------------
Copyright (C) 1991-2011 Altera Corporation
Your use of Altera Corporation's design tools, logic functions 
and other software and tools, and its AMPP partner logic 
functions, and any output files from any of the foregoing 
(including device programming or simulation files), and any 
associated documentation or information are expressly subject 
to the terms and conditions of the Altera Program License 
Subscription Agreement, Altera MegaCore Function License 
Agreement, or other applicable license agreement, including, 
without limitation, that your use is for the sole purpose of 
programming logic devices manufactured by Altera and sold by 
Altera or its authorized distributors.  Please refer to the 
applicable agreement for further details.



+-----------------------------------------------------------------------------+
; Analysis & Synthesis Summary                                                ;
+-----------------------------+-----------------------------------------------+
; Analysis & Synthesis Status ; Successful - Tue Jun 28 10:34:36 2016         ;
; Quartus II Version          ; 11.0 Build 208 07/03/2011 SP 1 SJ Web Edition ;
; Revision Name               ; ADC_PWM                                       ;
; Top-level Entity Name       ; ADC_PWM                                       ;
; Family                      ; Cyclone                                       ;
; Total logic elements        ; 68                                            ;
; Total pins                  ; 19                                            ;
; Total virtual pins          ; 0                                             ;
; Total memory bits           ; 0                                             ;
; Total PLLs                  ; 0                                             ;
+-----------------------------+-----------------------------------------------+


+----------------------------------------------------------------------------------------------------------------------+
; Analysis & Synthesis Settings                                                                                        ;
+----------------------------------------------------------------------------+--------------------+--------------------+
; Option                                                                     ; Setting            ; Default Value      ;
+----------------------------------------------------------------------------+--------------------+--------------------+
; Device                                                                     ; EP1C6Q240C8        ;                    ;
; Top-level entity name                                                      ; ADC_PWM            ; ADC_PWM            ;
; Family name                                                                ; Cyclone            ; Cyclone IV GX      ;
; Use smart compilation                                                      ; Off                ; Off                ;
; Enable parallel Assembler and TimeQuest Timing Analyzer during compilation ; On                 ; On                 ;
; Enable compact report table                                                ; Off                ; Off                ;
; Restructure Multiplexers                                                   ; Auto               ; Auto               ;
; Create Debugging Nodes for IP Cores                                        ; Off                ; Off                ;
; Preserve fewer node names                                                  ; On                 ; On                 ;
; Disable OpenCore Plus hardware evaluation                                  ; Off                ; Off                ;
; Verilog Version                                                            ; Verilog_2001       ; Verilog_2001       ;
; VHDL Version                                                               ; VHDL_1993          ; VHDL_1993          ;
; State Machine Processing                                                   ; Auto               ; Auto               ;
; Safe State Machine                                                         ; Off                ; Off                ;
; Extract Verilog State Machines                                             ; On                 ; On                 ;
; Extract VHDL State Machines                                                ; On                 ; On                 ;
; Ignore Verilog initial constructs                                          ; Off                ; Off                ;
; Iteration limit for constant Verilog loops                                 ; 5000               ; 5000               ;
; Iteration limit for non-constant Verilog loops                             ; 250                ; 250                ;
; Add Pass-Through Logic to Inferred RAMs                                    ; On                 ; On                 ;
; Parallel Synthesis                                                         ; On                 ; On                 ;
; NOT Gate Push-Back                                                         ; On                 ; On                 ;
; Power-Up Don't Care                                                        ; On                 ; On                 ;
; Remove Redundant Logic Cells                                               ; Off                ; Off                ;
; Remove Duplicate Registers                                                 ; On                 ; On                 ;
; Ignore CARRY Buffers                                                       ; Off                ; Off                ;
; Ignore CASCADE Buffers                                                     ; Off                ; Off                ;
; Ignore GLOBAL Buffers                                                      ; Off                ; Off                ;
; Ignore ROW GLOBAL Buffers                                                  ; Off                ; Off                ;
; Ignore LCELL Buffers                                                       ; Off                ; Off                ;
; Ignore SOFT Buffers                                                        ; On                 ; On                 ;
; Limit AHDL Integers to 32 Bits                                             ; Off                ; Off                ;
; Optimization Technique                                                     ; Balanced           ; Balanced           ;
; Carry Chain Length                                                         ; 70                 ; 70                 ;
; Auto Carry Chains                                                          ; On                 ; On                 ;
; Auto Open-Drain Pins                                                       ; On                 ; On                 ;
; Perform WYSIWYG Primitive Resynthesis                                      ; Off                ; Off                ;
; Auto ROM Replacement                                                       ; On                 ; On                 ;
; Auto RAM Replacement                                                       ; On                 ; On                 ;
; Auto Shift Register Replacement                                            ; Auto               ; Auto               ;
; Allow Shift Register Merging across Hierarchies                            ; Auto               ; Auto               ;
; Auto Clock Enable Replacement                                              ; On                 ; On                 ;
; Strict RAM Replacement                                                     ; Off                ; Off                ;
; Allow Synchronous Control Signals                                          ; On                 ; On                 ;
; Force Use of Synchronous Clear Signals                                     ; Off                ; Off                ;
; Auto RAM Block Balancing                                                   ; On                 ; On                 ;
; Auto RAM to Logic Cell Conversion                                          ; Off                ; Off                ;
; Auto Resource Sharing                                                      ; Off                ; Off                ;
; Allow Any RAM Size For Recognition                                         ; Off                ; Off                ;
; Allow Any ROM Size For Recognition                                         ; Off                ; Off                ;
; Allow Any Shift Register Size For Recognition                              ; Off                ; Off                ;
; Use LogicLock Constraints during Resource Balancing                        ; On                 ; On                 ;
; Ignore translate_off and synthesis_off directives                          ; Off                ; Off                ;
; Report Parameter Settings                                                  ; On                 ; On                 ;
; Report Source Assignments                                                  ; On                 ; On                 ;
; Report Connectivity Checks                                                 ; On                 ; On                 ;
; Ignore Maximum Fan-Out Assignments                                         ; Off                ; Off                ;
; Synchronization Register Chain Length                                      ; 2                  ; 2                  ;
; PowerPlay Power Optimization                                               ; Normal compilation ; Normal compilation ;
; HDL message level                                                          ; Level2             ; Level2             ;
; Suppress Register Optimization Related Messages                            ; Off                ; Off                ;
; Number of Removed Registers Reported in Synthesis Report                   ; 5000               ; 5000               ;
; Number of Inverted Registers Reported in Synthesis Report                  ; 100                ; 100                ;
; Clock MUX Protection                                                       ; On                 ; On                 ;
; Block Design Naming                                                        ; Auto               ; Auto               ;
; Synthesis Effort                                                           ; Auto               ; Auto               ;
; Shift Register Replacement - Allow Asynchronous Clear Signal               ; On                 ; On                 ;
; Analysis & Synthesis Message Level                                         ; Medium             ; Medium             ;
; Disable Register Merging Across Hierarchies                                ; Auto               ; Auto               ;
; Resource Aware Inference For Block RAM                                     ; On                 ; On                 ;
; Synthesis Seed                                                             ; 1                  ; 1                  ;
+----------------------------------------------------------------------------+--------------------+--------------------+


Parallel compilation was disabled, but you have multiple processors available. Enable parallel compilation to reduce compilation time.
+-------------------------------------+
; Parallel Compilation                ;
+----------------------------+--------+
; Processors                 ; Number ;
+----------------------------+--------+
; Number detected on machine ; 4      ;
; Maximum allowed            ; 1      ;
+----------------------------+--------+


+--------------------------------------------------------------------------------------------------------------------------------------+
; Analysis & Synthesis Source Files Read                                                                                               ;
+---------------------------------------------+-----------------+------------------------+---------------------------------------------+
; File Name with User-Entered Path            ; Used in Netlist ; File Type              ; File Name with Absolute Path                ;
+---------------------------------------------+-----------------+------------------------+---------------------------------------------+
; ../PWM/PWM.v                                ; yes             ; User Verilog HDL File  ; C:/Users/user/Desktop/PWM/PWM.v             ;
; F:/Digital_Circuit_Design/ADC/adc_1/adc_1.v ; yes             ; User Verilog HDL File  ; F:/Digital_Circuit_Design/ADC/adc_1/adc_1.v ;
; ADC_PWM.v                                   ; yes             ; User Verilog HDL File  ; C:/Users/user/Desktop/ADC_PWM/ADC_PWM.v     ;
+---------------------------------------------+-----------------+------------------------+---------------------------------------------+


+-----------------------------------------------------+
; Analysis & Synthesis Resource Usage Summary         ;
+---------------------------------------------+-------+
; Resource                                    ; Usage ;
+---------------------------------------------+-------+
; Total logic elements                        ; 68    ;
;     -- Combinational with no register       ; 30    ;
;     -- Register only                        ; 5     ;
;     -- Combinational with a register        ; 33    ;
;                                             ;       ;
; Logic element usage by number of LUT inputs ;       ;
;     -- 4 input functions                    ; 17    ;
;     -- 3 input functions                    ; 13    ;
;     -- 2 input functions                    ; 30    ;
;     -- 1 input functions                    ; 3     ;
;     -- 0 input functions                    ; 0     ;
;                                             ;       ;
; Logic elements by mode                      ;       ;
;     -- normal mode                          ; 41    ;
;     -- arithmetic mode                      ; 27    ;
;     -- qfbk mode                            ; 0     ;
;     -- register cascade mode                ; 0     ;
;     -- synchronous clear/load mode          ; 16    ;
;     -- asynchronous clear/load mode         ; 33    ;
;                                             ;       ;
; Total registers                             ; 38    ;
; Total logic cells in carry chains           ; 31    ;
; I/O pins                                    ; 19    ;
; Maximum fan-out node                        ; clk   ;
; Maximum fan-out                             ; 38    ;
; Total fan-out                               ; 267   ;
; Average fan-out                             ; 3.07  ;
+---------------------------------------------+-------+


+-----------------------------------------------------------------------------------------------------------------------------------------------------------------------------------------------------------------------+
; Analysis & Synthesis Resource Utilization by Entity                                                                                                                                                                   ;
+----------------------------+-------------+--------------+-------------+------+--------------+--------------+-------------------+------------------+-----------------+------------+---------------------+--------------+
; Compilation Hierarchy Node ; Logic Cells ; LC Registers ; Memory Bits ; Pins ; Virtual Pins ; LUT-Only LCs ; Register-Only LCs ; LUT/Register LCs ; Carry Chain LCs ; Packed LCs ; Full Hierarchy Name ; Library Name ;
+----------------------------+-------------+--------------+-------------+------+--------------+--------------+-------------------+------------------+-----------------+------------+---------------------+--------------+
; |ADC_PWM                   ; 68 (0)      ; 38           ; 0           ; 19   ; 0            ; 30 (0)       ; 5 (0)             ; 33 (0)           ; 31 (0)          ; 0 (0)      ; |ADC_PWM            ;              ;
;    |PWM:u1|                ; 16 (16)     ; 8            ; 0           ; 0    ; 0            ; 8 (8)        ; 0 (0)             ; 8 (8)            ; 15 (15)         ; 0 (0)      ; |ADC_PWM|PWM:u1     ;              ;
;    |adc_1:u0|              ; 52 (52)     ; 30           ; 0           ; 0    ; 0            ; 22 (22)      ; 5 (5)             ; 25 (25)          ; 16 (16)         ; 0 (0)      ; |ADC_PWM|adc_1:u0   ;              ;
+----------------------------+-------------+--------------+-------------+------+--------------+--------------+-------------------+------------------+-----------------+------------+---------------------+--------------+
Note: For table entries with two numbers listed, the numbers in parentheses indicate the number of resources of the given type used by the specific entity alone. The numbers listed outside of parentheses indicate the total resources of the given type used by the specific entity and all of its sub-entities in the hierarchy.


Encoding Type:  One-Hot
+--------------------------------------------------------------------------------------------------------------+
; State Machine - |ADC_PWM|adc_1:u0|n_state                                                                    ;
+-------------------+------------------+----------------+-----------------+----------------+-------------------+
; Name              ; n_state.s_oe_sig ; n_state.s_wait ; n_state.s_start ; n_state.s_idle ; n_state.s_capture ;
+-------------------+------------------+----------------+-----------------+----------------+-------------------+
; n_state.s_idle    ; 0                ; 0              ; 0               ; 0              ; 0                 ;
; n_state.s_start   ; 0                ; 0              ; 1               ; 1              ; 0                 ;
; n_state.s_wait    ; 0                ; 1              ; 0               ; 1              ; 0                 ;
; n_state.s_oe_sig  ; 1                ; 0              ; 0               ; 1              ; 0                 ;
; n_state.s_capture ; 0                ; 0              ; 0               ; 1              ; 1                 ;
+-------------------+------------------+----------------+-----------------+----------------+-------------------+


Encoding Type:  One-Hot
+--------------------------------------------------------------------------------------------------------------+
; State Machine - |ADC_PWM|adc_1:u0|c_state                                                                    ;
+-------------------+------------------+----------------+-----------------+----------------+-------------------+
; Name              ; c_state.s_oe_sig ; c_state.s_wait ; c_state.s_start ; c_state.s_idle ; c_state.s_capture ;
+-------------------+------------------+----------------+-----------------+----------------+-------------------+
; c_state.s_idle    ; 0                ; 0              ; 0               ; 0              ; 0                 ;
; c_state.s_start   ; 0                ; 0              ; 1               ; 1              ; 0                 ;
; c_state.s_wait    ; 0                ; 1              ; 0               ; 1              ; 0                 ;
; c_state.s_oe_sig  ; 1                ; 0              ; 0               ; 1              ; 0                 ;
; c_state.s_capture ; 0                ; 0              ; 0               ; 1              ; 1                 ;
+-------------------+------------------+----------------+-----------------+----------------+-------------------+


+--------------------------------------------------------------------------------+
; Registers Removed During Synthesis                                             ;
+---------------------------------------+----------------------------------------+
; Register name                         ; Reason for Removal                     ;
+---------------------------------------+----------------------------------------+
; adc_1:u0|addr[1,2]                    ; Merged with adc_1:u0|addr[0]           ;
; adc_1:u0|addr[0]                      ; Stuck at GND due to stuck port data_in ;
; adc_1:u0|n_state~2                    ; Lost fanout                            ;
; adc_1:u0|n_state~3                    ; Lost fanout                            ;
; adc_1:u0|c_state~4                    ; Lost fanout                            ;
; adc_1:u0|c_state~5                    ; Lost fanout                            ;
; Total Number of Removed Registers = 7 ;                                        ;
+---------------------------------------+----------------------------------------+


+------------------------------------------------------+
; General Register Statistics                          ;
+----------------------------------------------+-------+
; Statistic                                    ; Value ;
+----------------------------------------------+-------+
; Total registers                              ; 38    ;
; Number of registers using Synchronous Clear  ; 16    ;
; Number of registers using Synchronous Load   ; 0     ;
; Number of registers using Asynchronous Clear ; 33    ;
; Number of registers using Asynchronous Load  ; 0     ;
; Number of registers using Clock Enable       ; 0     ;
; Number of registers using Preset             ; 0     ;
+----------------------------------------------+-------+


+-----------------------------------------------------------------------------------------------------------------------------------------------------+
; Multiplexer Restructuring Statistics (Restructuring Performed)                                                                                      ;
+--------------------+-----------+---------------+----------------------+------------------------+-----------------------+----------------------------+
; Multiplexer Inputs ; Bus Width ; Baseline Area ; Area if Restructured ; Saving if Restructured ; Registered            ; Example Multiplexer Output ;
+--------------------+-----------+---------------+----------------------+------------------------+-----------------------+----------------------------+
; 5:1                ; 2 bits    ; 6 LEs         ; 6 LEs                ; 0 LEs                  ; |ADC_PWM|adc_1:u0|ale ;                            ;
+--------------------+-----------+---------------+----------------------+------------------------+-----------------------+----------------------------+


+-------------------------------------------------------+
; Parameter Settings for User Entity Instance: adc_1:u0 ;
+----------------+-------+------------------------------+
; Parameter Name ; Value ; Type                         ;
+----------------+-------+------------------------------+
; s_idle         ; 000   ; Unsigned Binary              ;
; s_start        ; 001   ; Unsigned Binary              ;
; s_wait         ; 010   ; Unsigned Binary              ;
; s_oe_sig       ; 011   ; Unsigned Binary              ;
; s_capture      ; 100   ; Unsigned Binary              ;
+----------------+-------+------------------------------+
Note: In order to hide this table in the UI and the text report file, please set the "Show Parameter Settings in Synthesis Report" option in "Analysis and Synthesis Settings -> More Settings" to "Off".


+-------------------------------------------------------------------------------------------------------------------------------------+
; Port Connectivity Checks: "adc_1:u0"                                                                                                ;
+------+--------+----------+----------------------------------------------------------------------------------------------------------+
; Port ; Type   ; Severity ; Details                                                                                                  ;
+------+--------+----------+----------------------------------------------------------------------------------------------------------+
; led  ; Output ; Warning  ; Declared by entity but not connected by instance. Logic that only feeds a dangling port will be removed. ;
+------+--------+----------+----------------------------------------------------------------------------------------------------------+


+-------------------------------+
; Elapsed Time Per Partition    ;
+----------------+--------------+
; Partition Name ; Elapsed Time ;
+----------------+--------------+
; Top            ; 00:00:00     ;
+----------------+--------------+


+-------------------------------+
; Analysis & Synthesis Messages ;
+-------------------------------+
Info: *******************************************************************
Info: Running Quartus II Analysis & Synthesis
    Info: Version 11.0 Build 208 07/03/2011 Service Pack 1 SJ Web Edition
    Info: Processing started: Tue Jun 28 10:34:35 2016
Info: Command: quartus_map --read_settings_files=on --write_settings_files=off ADC_PWM -c ADC_PWM
Warning: Parallel compilation is not licensed and has been disabled
Info: Found 1 design units, including 1 entities, in source file /users/user/desktop/pwm/pwm.v
    Info: Found entity 1: PWM
Info: Found 1 design units, including 1 entities, in source file f:/digital_circuit_design/adc/adc_1/adc_1.v
    Info: Found entity 1: adc_1
Info: Found 1 design units, including 1 entities, in source file adc_pwm.v
    Info: Found entity 1: ADC_PWM
Info: Elaborating entity "ADC_PWM" for the top level hierarchy
Info: Elaborating entity "adc_1" for hierarchy "adc_1:u0"
Warning (10230): Verilog HDL assignment warning at adc_1.v(27): truncated value with size 32 to match size of target (8)
Warning (10230): Verilog HDL assignment warning at adc_1.v(34): truncated value with size 32 to match size of target (8)
Info (10264): Verilog HDL Case Statement information at adc_1.v(44): all case item expressions in this case statement are onehot
Info: Elaborating entity "PWM" for hierarchy "PWM:u1"
Warning (10230): Verilog HDL assignment warning at PWM.v(12): truncated value with size 32 to match size of target (8)
Warning: 1 hierarchies have connectivity warnings - see the Connectivity Checks report folder
Warning: Output pins are stuck at VCC or GND
    Warning (13410): Pin "addr[0]" is stuck at GND
    Warning (13410): Pin "addr[1]" is stuck at GND
    Warning (13410): Pin "addr[2]" is stuck at GND
Info: 4 registers lost all their fanouts during netlist optimizations. The first 4 are displayed below.
    Info: Register "adc_1:u0|n_state~2" lost all its fanouts during netlist optimizations.
    Info: Register "adc_1:u0|n_state~3" lost all its fanouts during netlist optimizations.
    Info: Register "adc_1:u0|c_state~4" lost all its fanouts during netlist optimizations.
    Info: Register "adc_1:u0|c_state~5" lost all its fanouts during netlist optimizations.
Info: Generated suppressed messages file C:/Users/user/Desktop/ADC_PWM/ADC_PWM.map.smsg
Info: Generating hard_block partition "hard_block:auto_generated_inst"
Info: Implemented 87 device resources after synthesis - the final resource count might be different
    Info: Implemented 11 input pins
    Info: Implemented 8 output pins
    Info: Implemented 68 logic cells
Info: Quartus II Analysis & Synthesis was successful. 0 errors, 9 warnings
    Info: Peak virtual memory: 248 megabytes
    Info: Processing ended: Tue Jun 28 10:34:36 2016
    Info: Elapsed time: 00:00:01
    Info: Total CPU time (on all processors): 00:00:01


+------------------------------------------+
; Analysis & Synthesis Suppressed Messages ;
+------------------------------------------+
The suppressed messages can be found in C:/Users/user/Desktop/ADC_PWM/ADC_PWM.map.smsg.


